therion 5.4.4+19919fc (2020-10-19)
  - using Proj 6.3.1, compiled against 6.3.1
initialization file: /home/ben/.therion/therion.ini
reading ... done
checking optional fonts csr10 csti10 csbx10 csss10 csssi10 ... OK
checking optional fonts cmcyr10 cmcti10 cmcbx10 cmcss10 cmcssi10 ... OK
configuration file: thconfig
reading ... done
reading source files ... done
preprocessing database ... done
scanning centreline tree ... done
searching for centerline loops ... done
calculating station coordinates ... done
average loop error: 0.12%
processing survey data ... 
####################### cavern log file ########################
 1> Survex 1.2.42
 2> Copyright © 1990-2018 Olly Betts
 3> Survey has no fixed points. Therefore I’ve fixed 1 at (0,0,0)
 4> 
 5> Survey contains 239 survey stations, joined by 238 legs.
 6> There is 1 loop.
 7> Survey has 2 connected components.
 8> Total length of survey legs =    0.00m (   0.00m adjusted)
 9> Total plan length of survey legs =    0.00m
10> Total vertical length of survey legs =    0.00m
11> Vertical range = 110.48m (from 36 at 21.40m to 238 at -89.08m)
12> North-South range = 331.45m (from 10 at 20.50m to 217 at -310.94m)
13> East-West range = 445.16m (from 11 at 15.60m to 233 at -429.57m)
14>  188 1-nodes.
15>    3 2-nodes.
16>    2 3-nodes.
17>    5 4-nodes.
18>   10 5-nodes.
19>   20 6-nodes.
20>    9 7-nodes.
21>    1 10-node.
22>    1 13-node.
23> 
######################### transcription ########################
 3> 1 : 1@af_leap_in_time
 5> 239 : 52@af_leap_in_time -- 238 : -@af_leap_in_time
 6> 1 : 1@af_leap_in_time
 7> 2 : -@af_leap_in_time
11> 36 : -@af_leap_in_time -- 238 : -@af_leap_in_time
12> 10 : -@af_leap_in_time -- 217 : -@af_leap_in_time
13> 11 : -@af_leap_in_time -- 233 : -@af_leap_in_time
14> 188 : -@af_leap_in_time
15> 3 : -@af_leap_in_time
16> 2 : -@af_leap_in_time
17> 5 : -@af_leap_in_time
18> 10 : -@af_leap_in_time
19> 20 : -@af_leap_in_time
20> 9 : -@af_leap_in_time
21> 1 : 1@af_leap_in_time
22> 1 : 1@af_leap_in_time
#################### end of cavern log file ####################
done
calculating basic statistics ... done
processing extended elevation ... done
processing references ... 
therion: warning -- ../../../../../layouts/mulu_layouts.thc [30] -- source layout not found -- LayoutScale20000
done
selecting export objects ... done
writing af_leap_in_time.3d ... done
writing af_leap_in_time.lox ...
processing projection plan ... done
 done


############### export maps & scraps selection #################
S      nan  @ ()
########## end of export maps & scraps selection ###############
writing af_leap_in_time.pdf ...
####################### metapost log file ########################
This is MetaPost, version 2.00 (TeX Live 2019/Debian) (kpathsea version 6.3.1)  5 MAR 2021 21:27
**data.mp
(/usr/share/texlive/texmf-dist/metapost/base/mpost.mp
(/usr/share/texlive/texmf-dist/metapost/base/plain.mp
Preloading the plain mem file, version 1.005) ) (./data.mp
{randomseed:=42}
 [4001] [4002] [4003] [4004] [4005] [4006] [4007] [4008] [4009] [4010] [4011] [
4012] [4013] [4014]
[4015] [4016] [4017] [1] [2] (./mptextmp.mp) [3] [4] [5] [6] [7] [8] [9] [10]
[11] [12] )
 
Here is how much of MetaPost's memory you used:
 2364 strings using 49520 characters
 3408712 bytes of node memory
 1893 symbolic tokens
 8i,82n,11p,312b,4f stack positions out of 16i,98n,12p,312b,6f
29 output files written: data.1 .. data.4017


#################### end of metapost log file ####################
converting scraps ... done
making map ... done
######################## pdftex log file #########################
This is pdfTeX, Version 3.14159265-2.6-1.40.20 (TeX Live 2019/Debian) (preloaded format=pdftex 2021.3.1)  5 MAR 2021 21:27
entering extended mode
 restricted \write18 enabled.
 %&-line parsing enabled.
**data.tex
(./data.tex (./th_enc.tex) (./th_texts.tex) (./th_resources.tex
(/usr/share/texlive/texmf-dist/tex/generic/pdftex/glyphtounicode.tex))
(./th_fontdef.tex{/var/lib/texmf/fonts/map/pdftex/updmap/pdftex.map})
(./th_formdef.tex) (./th_pagedef.tex) (./th_pages.tex)
 59 numeric registers used out of 32768
 [1] ) 
Here is how much of TeX's memory you used:
 254 strings out of 495031
 2596 string characters out of 6159438
 47529 words of memory out of 5000000
 1856 multiletter control sequences out of 15000+600000
 16503 words of font info for 54 fonts, out of 8000000 for 9000
 1141 hyphenation exceptions out of 8191
 7i,5n,6p,238b,36s stack positions out of 5000i,500n,10000p,200000b,80000s
</usr/share/texlive/texmf-dist/fonts/type1/public/amsfonts/cm/cmmi10.pfb>
</usr/share/texlive/texmf-dist/fonts/type1/public/amsfonts/cm/cmr10.pfb></usr/s
hare/texlive/texmf-dist/fonts/type1/public/amsfonts/cm/cmss10.pfb></usr/share/t
exlive/texmf-dist/fonts/type1/public/amsfonts/cm/cmsy10.pfb>
Output written on data.pdf (1 page, 47623 bytes).
PDF statistics:
 64 PDF objects out of 1000 (max. 8388607)
 37 compressed objects within 1 object stream
 0 named destinations out of 1000 (max. 500000)
 115 words of extra memory for PDF output out of 10000 (max. 10000000)


##################### end of pdftex log file #####################
done
compilation time: 1 sec


######################### loop errors ##########################
REL-ERR ABS-ERR TOTAL-L STS X-ERROR Y-ERROR Z-ERROR STATIONS
  0.12%    0.0m   38.3m   2    0.0m   -0.0m    0.0m [2@af_leap_in_time - 3 - 2]
##################### end of loop errors #######################
