therion 6.0.1 (2021-07-25)
  - using Proj 5.1.0, compiled against 5.1.0
initialization file: C:\Program Files (x86)\Therion/therion.ini
reading ... done
configuration file: thconfig
reading ... done
reading source files ... done
preprocessing database ... done
scanning centreline tree ... done
searching for centerline loops ... done
calculating station coordinates ... done
average loop error: 1.16%
processing survey data ... 
####################### cavern log file ########################
 1> Survex 1.2.44
 2> Copyright ¸ 1990-2021 Olly Betts
 3> C:\Users\Rob\AppData\Local\Temp\th41088\data.svx:10442: warning: Unused fixed point "8961"
 4> 
 5> Survey contains 8961 survey stations, joined by 9109 legs.
 6> There are 151 loops.
 7> Survey has 3 connected components.
 8> Total length of survey legs = 92909.04m (92879.88m adjusted)
 9> Total plan length of survey legs = 87693.20m
10> Total vertical length of survey legs = 18981.26m
11> Vertical range = 521.59m (from 4984 at 537.20m to 4792 at 15.61m)
12> North-South range = 4186.99m (from 873 at 452933.14m to 6889 at 448746.15m)
13> East-West range = 3423.85m (from 5275 at 262583.15m to 6655 at 259159.30m)
14>    1 0-node.
15> 5317 1-nodes.
16> 2428 2-nodes.
17>  329 3-nodes.
18>  138 4-nodes.
19>   43 5-nodes.
20>  348 6-nodes.
21>  115 7-nodes.
22>   48 8-nodes.
23>   22 9-nodes.
24>   30 10-nodes.
25>   23 11-nodes.
26>   17 12-nodes.
27>   12 13-nodes.
28>   11 14-nodes.
29>   11 15-nodes.
30>   12 16-nodes.
31>    8 17-nodes.
32>    6 18-nodes.
33>    4 19-nodes.
34>    8 20-nodes.
35>    2 21-nodes.
36>    2 22-nodes.
37>    4 23-nodes.
38>    4 24-nodes.
39>    1 25-node.
40>    2 28-nodes.
41>    1 29-node.
42>    2 30-nodes.
43>    3 33-nodes.
44>    1 34-node.
45>    2 36-nodes.
46>    2 38-nodes.
47>    2 41-nodes.
48>    1 48-node.
49>    1 57-node.
50> There were 1 warning(s).
51> 
######################### transcription ########################
 3> input:10442 -- clearwater_master.th [208]
 3> 8961 : clearwater_cave_fake.0@clearwater_master
 5> 8961 : clearwater_cave_fake.0@clearwater_master
 6> 151 : 123@armistice_north.clearwater_master
 7> 3 : 3@snow_slopes.clearwater_master
11> 4984 : 22c@highandmighty.clearwater_master -- 4792 : 16s3@cowarchclimb.clearwater_master
12> 873 : 443@clearwater_cave_fake.clearwater_master -- 6889 : 108@eureka_matt.clearwater_master
13> 5275 : 67e@eastern.clearwater_master -- 6655 : 44@4.wind_cave.clearwater_master
14> 1 : 1@snow_slopes.clearwater_master
15> 5317 : 78b@eastern.clearwater_master
16> 2428 : 186@jetstream.clearwater_master
17> 329 : 162@alexandra_palace.clearwater_master
18> 138 : 136@armistice_north.clearwater_master
19> 43 : 44@snow_slopes.clearwater_master
20> 348 : 33@alexandra_palace.clearwater_master
21> 115 : 94@armistice_north.clearwater_master
22> 48 : 49@snow_slopes.clearwater_master
23> 22 : 22@snow_slopes.clearwater_master
24> 30 : 30@snow_slopes.clearwater_master
25> 23 : 23@snow_slopes.clearwater_master
26> 17 : 17@snow_slopes.clearwater_master
27> 12 : 12@snow_slopes.clearwater_master
28> 11 : 11@snow_slopes.clearwater_master
29> 11 : 11@snow_slopes.clearwater_master
30> 12 : 12@snow_slopes.clearwater_master
31> 8 : 8@snow_slopes.clearwater_master
32> 6 : 6@snow_slopes.clearwater_master
33> 4 : 4@snow_slopes.clearwater_master
34> 8 : 8@snow_slopes.clearwater_master
35> 2 : 2@snow_slopes.clearwater_master
36> 2 : 2@snow_slopes.clearwater_master
37> 4 : 4@snow_slopes.clearwater_master
38> 4 : 4@snow_slopes.clearwater_master
39> 1 : 1@snow_slopes.clearwater_master
40> 2 : 2@snow_slopes.clearwater_master
41> 1 : 1@snow_slopes.clearwater_master
42> 2 : 2@snow_slopes.clearwater_master
43> 3 : 3@snow_slopes.clearwater_master
44> 1 : 1@snow_slopes.clearwater_master
45> 2 : 2@snow_slopes.clearwater_master
46> 2 : 2@snow_slopes.clearwater_master
47> 2 : 2@snow_slopes.clearwater_master
48> 1 : 1@snow_slopes.clearwater_master
49> 1 : 1@snow_slopes.clearwater_master
50> 1 : 1@snow_slopes.clearwater_master
#################### end of cavern log file ####################
done
calculating basic statistics ... done
processing extended elevation ... done
processing references ... done
selecting export objects ... done
writing clearwater_master.3d ... done
processing projection plan ... done
average distortion: 2.60%


############### export maps & scraps selection #################
M    67.38 Clearwater_l1_m@clearwater_master ()
M    31.05 eureka_sump_map@eureka_matt.clearwater_master ()
S    39.97 EurekaSumpSP1@eureka_matt.clearwater_master ()
S    22.14 EurekaSumpSP2@eureka_matt.clearwater_master ()
M     -.-- cowarchclimb_m@cowarchclimb.clearwater_master ()
S     -.-- CowArchClimbSP1@cowarchclimb.clearwater_master ()
M    44.86 fally_m@fally.clearwater_master ()
S    44.86 FallySP1@fally.clearwater_master ()
M    33.94 snakechimney_m@snakechimney.clearwater_master ()
S    20.01 SnakeChimneySP1@snakechimney.clearwater_master ()
S    47.86 SnakeChimneySP2@snakechimney.clearwater_master ()
M   103.72 lower_series_m@clearwater_cave_fake.clearwater_master ()
S   134.08 LowerSeriesSP1@clearwater_cave_fake.clearwater_master ()
S   117.80 LowerSeriesSP4@clearwater_cave_fake.clearwater_master ()
S   123.29 LowerSeriesSP6@clearwater_cave_fake.clearwater_master ()
S    73.43 LowerSeriesSP3@clearwater_cave_fake.clearwater_master ()
S    92.50 LowerSeriesSP5@clearwater_cave_fake.clearwater_master ()
S    81.21 LowerSeriesSP2@clearwater_cave_fake.clearwater_master ()
M    34.25 clearwater_III_m@clearwater_cave_fake.clearwater_master (Clearwater III)
S    34.25 clearwater_III_s1@clearwater_cave_fake.clearwater_master ()
S    34.25 clearwater_III_s2@clearwater_cave_fake.clearwater_master ()
M    50.86 clearwater_II_m@clearwater_cave_fake.clearwater_master (Clearwater II)
S    74.56 clearwater_II_s1@clearwater_cave_fake.clearwater_master ()
S    30.30 clearwater_II_s4@clearwater_cave_fake.clearwater_master ()
S    31.13 clearwater_II_s2@clearwater_cave_fake.clearwater_master ()
S    67.43 clearwater_II_s3@clearwater_cave_fake.clearwater_master ()
M    35.36 clearwater_I_m@clearwater_cave_fake.clearwater_master ()
S    44.96 balcony_s1@clearwater_cave_fake.clearwater_master ()
S    22.41 clearwater_river_s4@clearwater_cave_fake.clearwater_master ()
S    53.66 richards_passage_s1@clearwater_cave_fake.clearwater_master ()
S    21.64 goldwater_s1@clearwater_cave_fake.clearwater_master ()
S    27.40 clearwater_river_s1@clearwater_cave_fake.clearwater_master ()
S    22.28 clearwater_river_s2@clearwater_cave_fake.clearwater_master ()
S    66.11 clearwater_river_s3@clearwater_cave_fake.clearwater_master ()
S    24.41 ClearwaterOneSP5@clearwater_cave_fake.clearwater_master ()
M    17.41 cotw_fake_river_m@clearwater_cave_fake.clearwater_master ()
S    17.58 ClayHallSP3@clearwater_cave_fake.clearwater_master ()
S    16.41 WindCaveRiverSP1@clearwater_cave_fake.clearwater_master ()
S    17.33 WindCaveRiverSP2@clearwater_cave_fake.clearwater_master ()
S    18.31 WindCaveRiverSP3@clearwater_cave_fake.clearwater_master ()
M    52.60 clearwater_5_m@clearwater_5.clearwater_master ()
S    52.60 clearwater_5_s1@clearwater_5.clearwater_master ()
M    64.82 alans_clearwater_5_m@alans_clearwater_5.clearwater_master ()
S    64.82 alans_clearwater_5_s1@alans_clearwater_5.clearwater_master ()
M    70.90 clearwater_6_7_m@clearwater_6_7.clearwater_master ()
S    74.49 clearwater_7_s1@clearwater_6_7.clearwater_master ()
S    71.58 clearwater_6_s1@clearwater_6_7.clearwater_master ()
S    66.64 clearwater_6_s2@clearwater_6_7.clearwater_master ()
M   185.97 the_cairn_farm_m@the_cairn_farm.clearwater_master ()
S   185.42 cairn_farm_s1@the_cairn_farm.clearwater_master ()
S   175.76 cairn_farm_s2@the_cairn_farm.clearwater_master ()
S   196.72 cairn_farm_s3@the_cairn_farm.clearwater_master ()
M    73.70 rampage_m@rampage.clearwater_master (Rampage)
S    73.70 RampageSP1@rampage.clearwater_master ()
M    67.61 alexandra_palace_m@alexandra_palace.clearwater_master ()
S    67.61 AlexandraPalaceSP1@alexandra_palace.clearwater_master ()
M   111.94 Clearwater_l2_m@clearwater_master ()
M    41.25 scientific_method_ii_m@scientific_method_ii.clearwater_master ()
S    38.24 SciMethodIISP2@scientific_method_ii.clearwater_master ()
S    44.26 SciMethodIISP1@scientific_method_ii.clearwater_master ()
M    46.15 scientific_method_m@scientific_method.clearwater_master ()
S    53.23 EastInletSP1@scientific_method.clearwater_master ()
S    40.04 ScientificMethodSP1@scientific_method.clearwater_master ()
S    45.17 HypothesisNorthSP1@scientific_method.clearwater_master ()
M    45.93 hypothesis_south_m@hypothesis_south.clearwater_master ()
S    45.93 HypothesisSP1@hypothesis_south.clearwater_master ()
M   125.01 chinashop_m@chinashop.clearwater_master ()
S   104.56 ChinaShopSP1@chinashop.clearwater_master ()
S   145.47 ChinaShopSP2@chinashop.clearwater_master ()
M   182.17 far_from_home_m@far_from_home.clearwater_master ()
S   182.17 far_from_home_s1@far_from_home.clearwater_master ()
M   184.29 the_big_uee_m@the_big_uee.clearwater_master ()
S   181.25 BigUEESP1@the_big_uee.clearwater_master ()
S   187.33 BigUEESP2@the_big_uee.clearwater_master ()
M   227.77 armistice_north_m@armistice_north.clearwater_master ()
S   266.57 armistice_s1@armistice_north.clearwater_master ()
S   243.79 armistice_s2@armistice_north.clearwater_master ()
S   215.10 armistice_s3@armistice_north.clearwater_master ()
S   185.60 armistice_s4@armistice_north.clearwater_master ()
M   237.20 armistice_south_m@armistice_south.clearwater_master ()
S   241.29 ArmisticeSouthSP1@armistice_south.clearwater_master ()
S   233.12 ArmisticeSouth1SP1@armistice_south.clearwater_master ()
M   125.20 edwins_long_cut_m@edwins_long_cut.clearwater_master (Edwins Long Cut)
S   137.67 edwins_long_cut_s4@edwins_long_cut.clearwater_master ()
S   109.94 edwins_long_cut_s1@edwins_long_cut.clearwater_master ()
S   115.51 edwins_long_cut_s2@edwins_long_cut.clearwater_master ()
S   137.67 edwins_long_cut_s3@edwins_long_cut.clearwater_master ()
M   190.07 snow_slopes_m@snow_slopes.clearwater_master (Snow Slopes)
S   192.61 snow_slopes_s1@snow_slopes.clearwater_master ()
S   187.53 snow_slopes_s2@snow_slopes.clearwater_master ()
M    77.36 bloodsweatandfear_m@bloodsweatandfear.clearwater_master ()
S    77.79 bsfSP1@bloodsweatandfear.clearwater_master ()
S    73.94 bsfSP2@bloodsweatandfear.clearwater_master ()
S    80.35 bsfSP3@bloodsweatandfear.clearwater_master ()
M    67.22 eureka_main_map@eureka_matt.clearwater_master (Eureka Main Passage)
S    83.61 EurekaNorthSP1@eureka_matt.clearwater_master ()
S    66.65 EurekaSP2@eureka_matt.clearwater_master ()
S    59.93 EurekaSP1@eureka_matt.clearwater_master ()
S    72.13 EurekaSP3@eureka_matt.clearwater_master ()
S    60.41 EurekaSouthStrikeSP1@eureka_matt.clearwater_master ()
S    69.68 EurekaSouthStrikeSP2@eureka_matt.clearwater_master ()
S    58.12 EurekaSouthStrikeSP3@eureka_matt.clearwater_master ()
M    59.13 clay_hall_map@eureka_matt.clearwater_master (Clay Hall)
S    59.13 ClayHallSP1@eureka_matt.clearwater_master ()
M    37.93 cotw_entrance_redraw_m@cotw_entrance_redraw.clearwater_master ()
S    39.84 COTWEntranceSP1@cotw_entrance_redraw.clearwater_master ()
S    36.01 COTWEntranceSP2@cotw_entrance_redraw.clearwater_master ()
M   133.41 ronnies_delight_m@clearwater_cave_fake.clearwater_master ()
S   133.41 ronnies_delight_s1@clearwater_cave_fake.clearwater_master ()
M   141.96 beckoning_finger_m@clearwater_cave_fake.clearwater_master ()
S   141.96 BeckoningFingerSP1@clearwater_cave_fake.clearwater_master ()
M    70.96 dune_m@clearwater_cave_fake.clearwater_master (Dune Series)
S    73.46 dune_s1@clearwater_cave_fake.clearwater_master ()
S    68.46 dune_s2@clearwater_cave_fake.clearwater_master ()
M    78.75 farnorth_m@clearwater_cave_fake.clearwater_master ()
S    85.46 WestPassageSP1@clearwater_cave_fake.clearwater_master ()
S    66.46 GreatWallChamberSP1@clearwater_cave_fake.clearwater_master ()
S    58.96 EastPassageSP1@clearwater_cave_fake.clearwater_master ()
S   106.46 GnomeOxbowSP1@clearwater_cave_fake.clearwater_master ()
S    85.46 TrollCavernSP1@clearwater_cave_fake.clearwater_master ()
S    79.46 GnomeOxbowSP2@clearwater_cave_fake.clearwater_master ()
S    68.96 KingsLoopSP1@clearwater_cave_fake.clearwater_master ()
M    89.65 revival_m@clearwater_cave_fake.clearwater_master (Revival)
S    81.96 revival_s1@clearwater_cave_fake.clearwater_master ()
S   109.52 revival_s4@clearwater_cave_fake.clearwater_master ()
S    77.46 revival_s3@clearwater_cave_fake.clearwater_master ()
M    91.92 clearwater_maindrag_m@clearwater_cave_fake.clearwater_master ()
S   110.51 IIDSP1@clearwater_cave_fake.clearwater_master ()
S    94.52 IIDSP2@clearwater_cave_fake.clearwater_master ()
S    49.21 InflationSP1@clearwater_cave_fake.clearwater_master ()
S    88.11 HyperspaceSP1@clearwater_cave_fake.clearwater_master ()
S   141.76 ConnectionToLowerSP1@clearwater_cave_fake.clearwater_master ()
S    67.43 KingSethsMazeSP1@clearwater_cave_fake.clearwater_master ()
M    67.43 volcano_m@clearwater_cave_fake.clearwater_master (Volcano)
S    67.43 volcano_s1@clearwater_cave_fake.clearwater_master ()
S    67.43 volcano_s2@clearwater_cave_fake.clearwater_master ()
S    67.43 JunctionCavernSP1@clearwater_cave_fake.clearwater_master ()
M    41.21 sheer_delight_m@clearwater_cave_fake.clearwater_master ()
S    52.96 revival_s2@clearwater_cave_fake.clearwater_master ()
S    29.46 SheerDelightSP1@clearwater_cave_fake.clearwater_master ()
M    65.96 cotw_fake_m@clearwater_cave_fake.clearwater_master ()
S    60.61 COTWSP4@clearwater_cave_fake.clearwater_master ()
S    50.11 COTWSP1@clearwater_cave_fake.clearwater_master ()
S   121.94 COTWSP2@clearwater_cave_fake.clearwater_master ()
S   111.61 COTWSP3@clearwater_cave_fake.clearwater_master ()
S    78.61 WanWaySP1@clearwater_cave_fake.clearwater_master ()
S    20.33 ClayHallSP1@clearwater_cave_fake.clearwater_master ()
S    18.50 ClayHallSP2@clearwater_cave_fake.clearwater_master ()
M    57.62 lost_in_translation_m@lost_in_translation.clearwater_master ()
S    69.17 lost_in_translation_s1@lost_in_translation.clearwater_master ()
S    46.07 lost_in_translation_s2@lost_in_translation.clearwater_master ()
M   196.59 Clearwater_l3_m@clearwater_master ()
M   447.87 highNoonPlan@high_noon.clearwater_master (High Noon, Clearwater Cave)
S   448.24 surface@high_noon.clearwater_master ()
S   451.94 high_noon_s1@high_noon.clearwater_master ()
S   439.26 high_noon_s2@high_noon.clearwater_master ()
S   440.17 high_noon_s4@high_noon.clearwater_master ()
S   459.76 high_noon_s3@high_noon.clearwater_master ()
M   422.43 jetstreamPlan@jetstream.clearwater_master (Jetstream, Clearwater Cave)
S   416.67 jetstream_s1@jetstream.clearwater_master ()
S   432.51 jetstream_s2@jetstream.clearwater_master ()
S   438.14 jetstream_s3@jetstream.clearwater_master ()
S   439.41 jetstream_s4@jetstream.clearwater_master ()
S   432.54 jetstream_s5@jetstream.clearwater_master ()
S   440.41 jetstream_s6@jetstream.clearwater_master ()
S   357.33 jetstream_s0@jetstream.clearwater_master ()
M   428.89 andFinallyPlan@and_finally.clearwater_master ()
S   447.71 and_finally_s1@and_finally.clearwater_master ()
S   424.42 and_finally_s2@and_finally.clearwater_master ()
S   416.24 and_finally_s3@and_finally.clearwater_master ()
S   427.17 and_finally_s4@and_finally.clearwater_master ()
M   445.83 crucibleOffsetPlan@crucible_offset.clearwater_master (Crucible, Clearwater Cave)
S   445.83 crucible_offset_s1@crucible_offset.clearwater_master ()
M   422.39 creedencePlan@creedence.clearwater_master (Creedence, Clearwater Cave)
S   443.04 creedence_s1@creedence.clearwater_master ()
S   433.44 creedence_s2@creedence.clearwater_master ()
S   428.94 creedence_s4@creedence.clearwater_master ()
S   389.03 creedence_s3@creedence.clearwater_master ()
S   429.91 creedence_s5@creedence.clearwater_master ()
S   405.51 creedence_s6@creedence.clearwater_master ()
S   426.85 creedence_s7@creedence.clearwater_master ()
M   159.03 quattroFormaggioPlan@quattro_formaggio.clearwater_master (Quattro Formaggio)
S   156.30 quattro_formaggio_s5@quattro_formaggio.clearwater_master ()
S   119.24 quattro-formaggio_s4@quattro_formaggio.clearwater_master ()
S   165.27 quattro_formaggio_s1@quattro_formaggio.clearwater_master ()
S   200.57 quattro_formaggio_s3@quattro_formaggio.clearwater_master ()
S   153.76 quattro_formaggio_s2@quattro_formaggio.clearwater_master ()
M   439.22 ginpalacePlan@ginpalace.clearwater_master (Ginpalace, Clearwater Cave)
S   439.22 ginpalace_s0@ginpalace.clearwater_master ()
M   323.71 upskirt_m@upskirt.clearwater_master ()
S   330.97 upskirt_s1@upskirt.clearwater_master ()
S   316.44 upskirt_s2@upskirt.clearwater_master ()
M   308.81 upskirtLowerPlan@upskirt_lower.clearwater_master ()
S   290.21 upskirt_lower_s1@upskirt_lower.clearwater_master ()
S   327.42 upskirt_lower_s2@upskirt_lower.clearwater_master ()
M   317.23 helicPlan@helic.clearwater_master ()
S   317.23 helic_s1@helic.clearwater_master ()
M   240.33 boom_boom_m@boom_boom.clearwater_master ()
S   213.72 boom_boom_s1@boom_boom.clearwater_master ()
S   239.83 boom_boom_s2@boom_boom.clearwater_master ()
S   267.44 boom_boom_s3@boom_boom.clearwater_master ()
M   178.57 nesters_m@nesters.clearwater_master (Nesters Cave<br>Clearwater<br>Gunung Api<br>Mulu<br>Sarawak)
S   219.49 nesters_s1@nesters.clearwater_master ()
S   194.48 nesters_s2@nesters.clearwater_master ()
S   185.34 nesters_s3@nesters.clearwater_master ()
S   181.11 nesters_s4@nesters.clearwater_master ()
S   158.23 nesters_s5@nesters.clearwater_master ()
S   132.78 nesters_s6@nesters.clearwater_master ()
M    75.59 eureka_hl_map@eureka_matt.clearwater_master (Eureka High Level Series)
S    80.81 EurekaHLSP4@eureka_matt.clearwater_master ()
S    76.95 EurekaHLSP3@eureka_matt.clearwater_master ()
S    76.13 EurekaHLSP2@eureka_matt.clearwater_master ()
S    68.49 EurekaHLSP1@eureka_matt.clearwater_master ()
M   172.56 clearwater_upper_m@clearwater_cave_fake.clearwater_master ()
S   287.10 HeavensGateSP1@clearwater_cave_fake.clearwater_master ()
S   218.37 SecretGardenSP1@clearwater_cave_fake.clearwater_master ()
S   117.82 SecretGardenSP2@clearwater_cave_fake.clearwater_master ()
S    67.43 DonutSP2@clearwater_cave_fake.clearwater_master ()
S   172.10 UpperSeriesConnectionSP1@clearwater_cave_fake.clearwater_master ()
M    44.37 Clearwater_l4_m@clearwater_master ()
M    67.43 rmaf_m@clearwater_cave_fake.clearwater_master (RMAF)
S    67.43 rmaf_s1@clearwater_cave_fake.clearwater_master ()
M    21.31 cleartop_m@clearwater_cave_fake.clearwater_master ()
S    21.31 cleartop_s1@clearwater_cave_fake.clearwater_master ()
########## end of export maps & scraps selection ###############
writing clearwater_master.pdf ...
####################### metapost log file ########################
This is MetaPost, version 2.00 (TeX Live 2020/W32TeX) (kpathsea version 6.3.2)  1 NOV 2022 20:16
**data.mp
(c:/Program Files (x86)/Therion/texmf/mpost/mpost.mp
(c:/Program Files (x86)/Therion/texmf/mpost/plain.mp
Preloading the plain mem file, version 1.005) ) (./data.mp
{randomseed:=42}
 [1] [2] [3] [4]
[5] [6] [7] [8] [9] [10] [11] [12] [13] [14]
[15] [16] [17]
[Error: area borders l18-1503--653 and l17-1506--614 don't intersect in scrap E
urekaSumpSP2@eureka_matt.clearwater_master (file eureka_matt/eureka_sump.th2 [1
08])] [1] [2] [3] [4] [5] [6] [7] [8] [9] [10] [11] [12]
[Warning: scrap outline intersects itself in scrap LowerSeriesSP2@clearwater_ca
ve_fake.clearwater_master] [13] [14] [15] [16]
[Warning: scrap outline intersects itself in scrap LowerSeriesSP3@clearwater_ca
ve_fake.clearwater_master] [17] [18]
[Warning: scrap outline intersects itself in scrap LowerSeriesSP6@clearwater_ca
ve_fake.clearwater_master] [19] [20]
[Warning: scrap outline intersects itself in scrap LowerSeriesSP4@clearwater_ca
ve_fake.clearwater_master] [21] [22] [23] [24] [25] [26] [27] [28] [29] [30]
[31] [32] [33] [34] [35] [36] [37] [38]
[Warning: scrap outline intersects itself in scrap clearwater_II_s2@clearwater_
cave_fake.clearwater_master] [39] [40] [41] [42] [43] [44] [45] [46] [47] [48]
[Warning: scrap outline intersects itself in scrap ClearwaterOneSP5@clearwater_
cave_fake.clearwater_master] [49] [50] [51] [52] [53] [54] [55] [56] [57] [58]
[59] [60] [61] [62] [63]
[Warning: scrap outline intersects itself in scrap goldwater_s1@clearwater_cave
_fake.clearwater_master] [64] [65] [66]
[Warning: scrap outline intersects itself in scrap richards_passage_s1@clearwat
er_cave_fake.clearwater_master] [67] [68] [69]
[Warning: scrap outline intersects itself in scrap clearwater_river_s4@clearwat
er_cave_fake.clearwater_master] [70] [71] [72]
[Warning: scrap outline intersects itself in scrap balcony_s1@clearwater_cave_f
ake.clearwater_master] [73] [74] [75] [76] [77] [78] [79] [80] [81] [82] [83]
[84] [85] [86] [87] [88] [89] [90] [91] [92]
[Warning: scrap outline intersects itself in scrap clearwater_6_s1@clearwater_6
_7.clearwater_master] [93] [94] [95] [96] [97] [98] [99] [100] [101] [102]
[103] [104] [105] [106] [107] [108] [109]
[Warning: scrap outline intersects itself in scrap AlexandraPalaceSP1@alexandra
_palace.clearwater_master] [110] [111] [112] [113] [114]
[Warning: scrap outline intersects itself in scrap SciMethodIISP2@scientific_me
thod_ii.clearwater_master] [115] [116]
[Error: area borders l56-1280--1230 and l96-1664--1044 don't intersect in scrap
 HypothesisNorthSP1@scientific_method.clearwater_master (file scientific_method
/scientific_method.th2 [634])] [117] [118] [119] [120]
[Error: area borders l21-1186--534 and l67-652--758 don't intersect in scrap Sc
ientificMethodSP1@scientific_method.clearwater_master (file scientific_method/s
cientific_method.th2 [273])]
[Error: area borders l20-501--796 and l21-1186--534 don't intersect in scrap Sc
ientificMethodSP1@scientific_method.clearwater_master (file scientific_method/s
cientific_method.th2 [273])]
[Error: area borders l24-1349--1108 and l20-501--796 don't intersect in scrap S
cientificMethodSP1@scientific_method.clearwater_master (file scientific_method/
scientific_method.th2 [273])]
[Error: area borders l69-1116--1020 and l24-1349--1108 don't intersect in scrap
 ScientificMethodSP1@scientific_method.clearwater_master (file scientific_metho
d/scientific_method.th2 [273])]
[Error: area borders l68-1090--890 and l69-1116--1020 don't intersect in scrap 
ScientificMethodSP1@scientific_method.clearwater_master (file scientific_method
/scientific_method.th2 [273])]
[Error: area borders l70-986--812 and l68-1090--890 don't intersect in scrap Sc
ientificMethodSP1@scientific_method.clearwater_master (file scientific_method/s
cientific_method.th2 [273])]
[Error: area borders l66-800--746 and l70-986--812 don't intersect in scrap Sci
entificMethodSP1@scientific_method.clearwater_master (file scientific_method/sc
ientific_method.th2 [273])]
[Error: area borders l67-652--758 and l66-800--746 don't intersect in scrap Sci
entificMethodSP1@scientific_method.clearwater_master (file scientific_method/sc
ientific_method.th2 [273])] [121] [122] [123]
[Error: area borders l8-368--691 and l6-325--837 don't intersect in scrap EastI
nletSP1@scientific_method.clearwater_master (file scientific_method/scientific_
method.th2 [50])] [124] [125] [126]
[Warning: text scaled down to fit the path in scrap EastInletSP1@scientific_met
hod.clearwater_master] [127]
[Error: area borders l32-462-2346 and l55-1292-1084 don't intersect in scrap Hy
pothesisSP1@hypothesis_south.clearwater_master (file hypothesis_south/hypothesi
s_south.th2 [18])]
[Error: area borders l55-1292-1084 and l60-796-1768 don't intersect in scrap Hy
pothesisSP1@hypothesis_south.clearwater_master (file hypothesis_south/hypothesi
s_south.th2 [18])] [128]
[Warning: scrap outline intersects itself in scrap HypothesisSP1@hypothesis_sou
th.clearwater_master] [129] [130] [131] [132] [133] [134] [135] [136] [137]
[138] [139] [140] [141] [142] [143] [144] [145] [146] [147] [148] [149] [150]
[151] [152] [153] [154] [155] [156] [157] [158] [159] [160] [161] [162] [163]
[164] [165]
[Warning: scrap outline intersects itself in scrap ArmisticeSouthSP1@armistice_
south.clearwater_master] [166] [167] [168] [169] [170] [171] [172] [173] [174]
[175] [176] [177] [178] [179] [180] [181] [182] [183] [184] [185] [186] [187]
[Warning: scrap outline intersects itself in scrap snow_slopes_s1@snow_slopes.c
learwater_master] [188] [189] [190] [191] [192] [193] [194] [195] [196] [197]
[198] [199]
[Warning: scrap outline intersects itself in scrap EurekaSouthStrikeSP3@eureka_
matt.clearwater_master] [200] [201] [202] [203]
[Error: area borders l52-844--1804 and l12-186--2348 don't intersect in scrap E
urekaSouthStrikeSP1@eureka_matt.clearwater_master (file eureka_matt/eureka_sout
h_strike.th2 [155])]
[Error: area borders l13-248--2082 and l14-446--1918 don't intersect in scrap E
urekaSouthStrikeSP1@eureka_matt.clearwater_master (file eureka_matt/eureka_sout
h_strike.th2 [155])] [204] [205] [206] [207] [208] [209] [210] [211] [212]
[213]
[Warning: scrap outline intersects itself in scrap EurekaSP2@eureka_matt.clearw
ater_master] [214] [215]
[Error: area borders l39-1940--1006 and l5-128--438 don't intersect in scrap Eu
rekaNorthSP1@eureka_matt.clearwater_master (file eureka_matt/eureka_north.th2 [
105])]
[Error: area borders l41-2110--410 and l40-2234--418 don't intersect in scrap E
urekaNorthSP1@eureka_matt.clearwater_master (file eureka_matt/eureka_north.th2 
[105])]
[Error: area borders l4-130--296 and l6-138--324 don't intersect in scrap Eurek
aNorthSP1@eureka_matt.clearwater_master (file eureka_matt/eureka_north.th2 [105
])]
[Error: area borders l5-128--438 and l4-130--296 don't intersect in scrap Eurek
aNorthSP1@eureka_matt.clearwater_master (file eureka_matt/eureka_north.th2 [105
])] [216]
[Warning: scrap outline intersects itself in scrap EurekaNorthSP1@eureka_matt.c
learwater_master] [217] [218] [219] [220] [221] [222] [223] [224] [225] [226]
[227]
[Warning: scrap outline intersects itself in scrap ronnies_delight_s1@clearwate
r_cave_fake.clearwater_master] [228] [229] [230]
[Warning: scrap outline intersects itself in scrap BeckoningFingerSP1@clearwate
r_cave_fake.clearwater_master] [231] [232] [233] [234] [235] [236] [237] [238]
[239] [240] [241] [242] [243] [244] [245] [246] [247] [248] [249] [250] [251]
[252] [253] [254] [255] [256] [257] [258] [259] [260] [261] [262] [263] [264]
[265] [266] [267] [268] [269] [270] [271] [272] [273] [274] [275] [276] [277]
[278] [279] [280] [281] [282] [283] [284] [285] [286] [287] [288] [289] [290]
[291] [292] [293] [294] [295] [296] [297] [298] [299] [300] [301] [302] [303]
[304] [305] [306] [307]
[Warning: scrap outline intersects itself in scrap COTWSP1@clearwater_cave_fake
.clearwater_master] [308] [309] [310] [311] [312] [313] [314] [315] [316] [317]
[318]
[Warning: scrap outline intersects itself in scrap high_noon_s3@high_noon.clear
water_master] [319] [320] [321] [322] [323] [324] [325]
[Warning: text scaled down to fit the path in scrap high_noon_s2@high_noon.clea
rwater_master]
[Warning: text scaled down to fit the path in scrap high_noon_s2@high_noon.clea
rwater_master] [326] [327]
[Warning: scrap outline intersects itself in scrap high_noon_s1@high_noon.clear
water_master] [328] [329]
[Warning: text scaled down to fit the path in scrap high_noon_s1@high_noon.clea
rwater_master] [330] [331] [332] [333] [334] [335] [336] [337] [338] [339]
[340] [341] [342] [343] [344] [345] [346] [347]
[Warning: text scaled down to fit the path in scrap jetstream_s3@jetstream.clea
rwater_master] [348] [349] [350] [351] [352] [353] [354] [355] [356] [357]
[358] [359] [360] [361] [362] [363] [364]
[Warning: scrap outline intersects itself in scrap and_finally_s1@and_finally.c
learwater_master] [365] [366]
[Warning: text scaled down to fit the path in scrap and_finally_s1@and_finally.
clearwater_master]
[Warning: text scaled down to fit the path in scrap and_finally_s1@and_finally.
clearwater_master] [367] [368] [369] [370]
[Warning: text scaled down to fit the path in scrap crucible_offset_s1@crucible
_offset.clearwater_master] [371] [372] [373] [374] [375] [376] [377] [378]
[379] [380] [381]
[Warning: text scaled down to fit the path in scrap creedence_s3@creedence.clea
rwater_master] [382] [383] [384] [385]
[Warning: text scaled down to fit the path in scrap creedence_s4@creedence.clea
rwater_master]
[Warning: text scaled down to fit the path in scrap creedence_s4@creedence.clea
rwater_master] [386] [387] [388] [389] [390] [391] [392] [393] [394] [395]
[396] [397] [398] [399] [400] [401] [402] [403] [404] [405] [406] [407]
[Warning: text scaled down to fit the path in scrap quattro-formaggio_s4@quattr
o_formaggio.clearwater_master] [408] [409] [410] [411]
[Warning: scrap outline intersects itself in scrap ginpalace_s0@ginpalace.clear
water_master] [412] [413] [414] [415]
[Warning: scrap outline intersects itself in scrap upskirt_s2@upskirt.clearwate
r_master] [416] [417] [418] [419]
[Warning: scrap outline intersects itself in scrap upskirt_s1@upskirt.clearwate
r_master] [420] [421]
[Warning: text scaled down to fit the path in scrap upskirt_s1@upskirt.clearwat
er_master]
[Warning: text scaled down to fit the path in scrap upskirt_s1@upskirt.clearwat
er_master] [422] [423] [424] [425]
[Warning: text scaled down to fit the path in scrap upskirt_lower_s2@upskirt_lo
wer.clearwater_master]
[Warning: text scaled down to fit the path in scrap upskirt_lower_s2@upskirt_lo
wer.clearwater_master]
[Warning: text scaled down to fit the path in scrap upskirt_lower_s2@upskirt_lo
wer.clearwater_master] [426] [427] [428] [429] [430] [431] [432] [433] [434]
[435] [436] [437] [438] [439] [440] [441] [442] [443] [444] [445] [446] [447]
[448] [449] [450] [451] [452] [453] [454] [455] [456]
[Warning: scrap outline intersects itself in scrap nesters_s3@nesters.clearwate
r_master] [457] [458] [459]
[Warning: scrap outline intersects itself in scrap nesters_s2@nesters.clearwate
r_master] [460] [461] [462] [463] [464] [465] [466] [467] [468] [469] [470]
[471] [472] [473] [474] [475] [476] [477]
[Warning: scrap outline intersects itself in scrap UpperSeriesConnectionSP1@cle
arwater_cave_fake.clearwater_master] [478] [479] [480] [481] [482] [483]
[Warning: scrap outline intersects itself in scrap SecretGardenSP2@clearwater_c
ave_fake.clearwater_master] [484] [485] [486] [487] [488] [489] [490] [491]
[492] [493] [494] [495] [496] [497] [498] [499] [500] [501] (./mptextmp.mp)
[502] [503] [504] [505] [506] [507] [508] [509] [510] [511] [512] [513] [514]
[515] [516] [517] [518] [519] [520] [521] [522] [523] [524] [525] [526] [527]
[528] [529] [530] [531] [532] [533] [534] [535] [536] [537] [538] [539] [540]
[541] [542] [543] [544] [545] [546] [547] [548] [549] [550] [551] [552] [553]
[554] [555] [556] [557] [558] [559] [560] [561] [562] [563] [564] [565] )
 
Here is how much of MetaPost's memory you used:
 353368 strings using 8488051 characters
 20477936 bytes of node memory
 1929 symbolic tokens
 11i,82n,16p,456b,5f stack positions out of 16i,98n,20p,487b,6f
582 output files written: data-patt.1 .. data.565


#################### end of metapost log file ####################
converting scraps ... done
making map ... done
######################## pdftex log file #########################
This is pdfTeX, Version 3.14159265-2.6-1.40.21 (TeX Live 2020/W32TeX) (preloaded format=pdftex 2020.6.19)  1 NOV 2022 20:17
entering extended mode
**data.tex
(./data.tex (./th_enc.tex) (./th_texts.tex) (./th_resources.tex
(c:/Program Files (x86)/Therion/texmf/tex/glyphtounicode.tex))
(./th_fontdef.tex{c:/Program Files (x86)/Therion/texmf/fonts/pdftex.map})
(./th_formdef.tex
Normal \count register pool exhausted, switching to extended pool.)
(./th_pagedef.tex) (./th_pages.tex)
 253 numeric registers used out of 32768
 [1] ) 
Here is how much of TeX's memory you used:
 1646 strings out of 94623
 20795 string characters out of 1150079
 2542854 words of memory out of 7000000
 3297 multiletter control sequences out of 15000+50000
 20080 words of font info for 63 fonts, out of 1000000 for 2000
 1416 hyphenation exceptions out of 5000
 9i,5n,9p,321b,56s stack positions out of 5000i,500n,10000p,200000b,50000s
<c:/Program Files (x86)/Therion/texmf/fonts/type1/cmmi10.pfb><c:/Program 
Files (x86)/Therion/texmf/fonts/type1/cmr10.pfb><c:/Program Files (x86)/Therion
/texmf/fonts/type1/cmss10.pfb><c:/Program Files (x86)/Therion/texmf/fonts/type1
/cmssi10.pfb>
Output written on data.pdf (1 page, 6770652 bytes).
PDF statistics:
 2979 PDF objects out of 2984 (max. 8388607)
 1487 compressed objects within 15 object streams
 0 named destinations out of 1000 (max. 500000)
 8825 words of extra memory for PDF output out of 10000 (max. 10000000)


##################### end of pdftex log file #####################
done
writing xtherion file ... done
compilation time: 38 sec


######################### loop errors ##########################
REL-ERR ABS-ERR TOTAL-L STS X-ERROR Y-ERROR Z-ERROR STATIONS
 94.32%   13.6m   14.4m   2    6.4m   11.1m   -4.5m [6@chinashop.clearwater_master - 6a - 6]
 32.89%    8.3m   25.2m   2    4.4m    2.9m    6.4m [10@chinashop.clearwater_master - 10bj - 10]
 31.67%    8.0m   25.3m   2    5.3m    0.9m    6.0m [10@chinashop.clearwater_master - 10bk - 10]
 12.75%    2.3m   17.9m   2    1.3m   -0.7m   -1.8m [6@chinashop.clearwater_master - 6ba - 6]
  7.67%   42.4m  552.6m  14   40.1m  -12.9m    4.2m [47@snakechim2entrance.clearwater_master - 11 - 10 - 9 - 8 - 7 - 6 - 5 - 4 - 3 - 2 - 1 = 3@clearwater_cave_fake.clearwater_master - 2 - 1 - 0 = 47@snakechim2entrance.clearwater_master]
  7.23%    0.7m    9.1m   2    0.5m   -0.1m   -0.4m [100@downdraughtsnowslope.clearwater_master - 101 - 100]
  3.91%    1.6m   41.8m   7   -1.1m   -0.1m    1.2m [5@quatermass2.clearwater_master - 59 - 58 - 54 - 53 - 52 - 51 - 5]
  3.72%   45.7m 1227.3m  54    0.7m   44.6m    9.8m [r9@elevationsurveycheck1.clearwater_master - r10 - r11 = r11@elevationsurveycheck2.clearwater_master - d26 - d25 - d24 - d23 - d22 - d21 - d20 - d19 - d18 - d17 - d16 - d15 - d14 - d13 - d12 - d11 - d10 - d9 - d8 - d7 - d6 - d5 - d4 - d3 - d2 - d1 = 1@snow_slopes.clearwater_master - 2 - 3 - 4 - 5 - 6 - 7 - 8 - 9 - 10 - 11 - 12 - 13 - 14 - 15 - 16 - 17 - 18 - 19 - 20 - 21 - 22 - 23 - 24 - 25 - 26 - 27 = r9@elevationsurveycheck1.clearwater_master]
  3.04%    0.8m   27.3m   2   -0.7m    0.4m    0.0m [1@cotw_centreline.clearwater_master - 0 - 1]
  2.86%    3.1m  107.5m  12    1.0m    0.9m   -2.8m [5523@eureka_matt.clearwater_master - 5528 - 556 - 557 - 558 - 559 - 5510 - 5511 - 5519 - 5520 - 5521 - 5522 - 5523]
  2.67%    8.3m  311.6m  10    3.6m    1.8m    7.3m [71@clearwater_6_7.clearwater_master - a8 - a7 - a6 - a5 - a4 - a3 - a2 - a1 - 72 - 71]
  2.48%    0.6m   22.5m   2   -0.3m   -0.5m    0.1m [67@surface_cotw_to_clearwater.clearwater_master - 68 - 67]
  2.29%    7.2m  312.5m  19    0.6m   -7.1m    0.7m [23@nesters.clearwater_master - 45 - 44 - 43 - 42 - 41 - 39 - 38 - 37 - 36 - 35 - 33 - 32 - 31 - 30 - 29 - 28 - 27 - 26 - 23]
  2.23%    0.6m   26.3m   2    0.1m   -0.6m    0.0m [65@surface_cotw_to_clearwater.clearwater_master - 66 - 65]
  1.92%    0.3m   17.8m   2   -0.3m    0.1m    0.0m [66@surface_cotw_to_clearwater.clearwater_master - 67 - 66]
  1.81%    6.6m  362.2m  40   -0.3m    4.7m   -4.6m [3@eureka_matt.clearwater_master - 7766 - 7765 - 7764 - 7763 - 7762 - 7761 - 7770 - 7771 - 7776 - 7778 - 7752 - 7751 - 5527 - 5526 - 5525 - 5524 - 5523 - 5528 - 556 - 553 - 552 - 21 - 20 - 19 - 18 - 17 - 16 - 15 - 14 - 13 - 12 - 11 - 10 - 9 - 8 - 7 - 6 - 5 - 4 - 3]
  1.67%    0.3m   15.9m   2    0.2m   -0.1m   -0.0m [64@surface_cotw_to_clearwater.clearwater_master - 65 - 64]
  1.63%    6.6m  405.9m  32    3.4m    5.2m   -2.3m [32@eastern.clearwater_master - 40 - 41 - 42 - 43 - 75 - 76 - 77 - 78 - 79 - 83 - 84 - 85 - 86 - 87 - 88 - 89 - 129 - 128 - 127 - 126 - 125 - 124 - 123 - 122 - 121 - 120 - 37 - 36 - 35 - 34 - 33 - 32]
  1.53%    0.3m   18.2m   2    0.1m    0.2m   -0.1m [15@clay_hall_2_streamway.clearwater_master - 14 - 15]
  1.38%   74.6m 5416.7m 178   -3.5m   69.2m   27.6m [908@clearwater_cave_fake.clearwater_master - 909 - 910 - 911 - 912 - 913 - 914 - 915 = cw4@rampage.clearwater_master - 23 - 22 - 21 - 20 - 19 - 18 - 17 - 16 - 10 - 09 - 08 - 07 - 06 - 05 - 04 - 03 - 02 - 01 = 383@the_big_uee.clearwater_master - 382 - 381 - 380 - 377 - 376 - 375 - 374 - 373 - 372 = 372@armistice_south.clearwater_master - 371 - 370 - 369 - 368 - 367 - 366 - 365 - 364 - 363 - 362 - 361 - 348 - 347 - 346 - 345 - 344 - 343 - 342 - 341 - 340 - 339 - 338 - 337 - 336 - 335 - 321 = 321@armistice_north.clearwater_master - 322 - 323 - 324 - 325 - 326 - 327 - 328 - 329 - 330 - 331 - 332 - 333 - 334 = r9@elevationsurveycheck1.clearwater_master - r10 - r11 = r11@elevationsurveycheck2.clearwater_master - d26 - d25 - d24 - d23 - d22 - d21 - d20 - d19 - d18 - d17 - d16 - d15 - d14 - d13 - d12 - d11 - d10 - d9 - d8 - d7 - d6 - d5 - d4 - d3 - d2 - d1 = d1@elevationsurveycheck3.clearwater_master - m2 - m3 - m4 - m5 - m6 - m7 - m8 - m9 - m10 - m11 - m12 - m13 - m14 - m15 = m15@elevationsurveycheck4.clearwater_master - v1 - v2 - v3 - v4 - v5 - v6 - v7 - v8 - v9 - v10 - v11 - v12 - v13 - v14 - v15 - v16 - v17 - v18 = v18@elevationsurveycheck5.clearwater_master - g2 - g3 = g3@elevationsurveycheck6.clearwater_master - g4 - g5 - g6 - g7 - g8 - g9 - g10 - g11 - g12 - g13 - g14 - g15 - g16 - g17 - g18 - g19 - g20 - g21 - g22 - r13 = r13@elevationsurveycheck7.clearwater_master - r14 - r15 - r16 - r17 - r18 - r19 - r20 - r21 - r22 = 596@clearwater_cave_fake.clearwater_master - 895 - 896 - 897 - 898 - 899 - 900 - 901 - 902 - 903 - 904 - 905 - 906 - 907 - 908]
  1.37%    3.5m  255.3m   9   -1.3m    1.9m    2.7m [507@the_cairn_farm.clearwater_master - 516 - 515 - 514 - 512 - 511 - 510 - 509 - 508 - 507]
  1.25%    2.1m  168.9m  10    1.1m    0.0m   -1.8m [10@edwins_long_cut.clearwater_master - 9 - 8 - 7 - 3 - 2 - 1 - 13 - 12 - 11 - 10]
  1.20%    0.2m   12.5m   2    0.1m    0.0m    0.1m [14@surface_cotw_to_clearwater.clearwater_master - 17 - 14]
  1.20%   39.4m 3294.7m  88   -4.3m   24.6m  -30.5m [290@clearwater_cave_fake.clearwater_master - 500 - 501 - 502 - 503 - 504 = d1@elevationsurveycheck3.clearwater_master - m2 - m3 - m4 - m5 - m6 - m7 - m8 - m9 - m10 - m11 - m12 - m13 - m14 - m15 = m15@elevationsurveycheck4.clearwater_master - v1 - v2 - v3 - v4 - v5 - v6 - v7 - v8 - v9 - v10 - v11 - v12 - v13 - v14 - v15 - v16 - v17 - v18 = v18@elevationsurveycheck5.clearwater_master - g2 - g3 = g3@elevationsurveycheck6.clearwater_master - g4 - g5 - g6 - g7 - g8 - g9 - g10 - g11 - g12 - g13 - g14 - g15 - g16 - g17 - g18 - g19 - g20 - g21 - g22 - r13 = r13@elevationsurveycheck7.clearwater_master - r14 - r15 - r16 - r17 - r18 - r19 - r20 - r21 - r22 = 596@clearwater_cave_fake.clearwater_master - 597 - 598 - 599 - 600 - 601 - 602 - 603 - 604 - 605 - 280 - 281 - 282 - 283 - 284 - 285 - 286 - 287 - 288 - 289 - 290]
  1.17%   39.4m 3354.8m  89   -4.3m   24.6m  -30.5m [d1@elevationsurveycheck3.clearwater_master - m2 - m3 - m4 - m5 - m6 - m7 - m8 - m9 - m10 - m11 - m12 - m13 - m14 - m15 = m15@elevationsurveycheck4.clearwater_master - v1 - v2 - v3 - v4 - v5 - v6 - v7 - v8 - v9 - v10 - v11 - v12 - v13 - v14 - v15 - v16 - v17 - v18 = v18@elevationsurveycheck5.clearwater_master - g2 - g3 = g3@elevationsurveycheck6.clearwater_master - g4 - g5 - g6 - g7 - g8 - g9 - g10 - g11 - g12 - g13 - g14 - g15 - g16 - g17 - g18 - g19 - g20 - g21 - g22 - r13 = r13@elevationsurveycheck7.clearwater_master - r14 - r15 - r16 - r17 - r18 - r19 - r20 - r21 - r22 = 596@clearwater_cave_fake.clearwater_master - 597 - 598 - 599 - 600 - 601 - 602 - 603 - 604 - 605 - 280 - 281 - 282 - 283 - 565 - 553 - 572 - 571 - 570 - 546 - 545 - 290 - 500 - 501 - 502 - 503 - 504 = d1@elevationsurveycheck3.clearwater_master]
  1.09%    0.2m   17.3m   2    0.1m   -0.1m    0.0m [13@surface_cotw_to_clearwater.clearwater_master - 14 - 13]
  0.97%    0.1m    8.3m   2    0.1m   -0.0m    0.0m [30@surface_cotw_to_clearwater.clearwater_master - 31 - 30]
  0.88%    0.2m   19.6m   2    0.1m   -0.1m    0.1m [38@surface_cotw_to_clearwater.clearwater_master - 39 - 38]
  0.87%    0.2m   24.5m   2    0.1m   -0.2m    0.0m [60@surface_cotw_to_clearwater.clearwater_master - 61 - 60]
  0.84%    0.1m    9.1m   2   -0.1m   -0.0m   -0.0m [47@surface_cotw_to_clearwater.clearwater_master - 48 - 47]
  0.77%    0.1m   11.7m   2   -0.1m   -0.0m    0.0m [53@surface_cotw_to_clearwater.clearwater_master - 54 - 53]
  0.72%    0.1m   15.8m   2    0.1m   -0.0m    0.0m [42@surface_cotw_to_clearwater.clearwater_master - 43 - 42]
  0.70%    0.1m   13.5m   2   -0.1m   -0.0m    0.0m [17@surface_cotw_to_clearwater.clearwater_master - 18 - 17]
  0.69%    0.2m   25.4m   2    0.1m   -0.1m   -0.0m [58@surface_cotw_to_clearwater.clearwater_master - 59 - 58]
  0.68%    0.2m   22.3m   2   -0.1m    0.0m   -0.1m [11@surface_cotw_to_clearwater.clearwater_master - 12 - 11]
  0.67%    0.1m   19.3m   2    0.1m   -0.1m    0.0m [40@surface_cotw_to_clearwater.clearwater_master - 41 - 40]
  0.64%    5.2m  812.5m  62   -2.3m   -4.5m    0.9m [9@squeezy_bypass.clearwater_master - 8 - 7 - 6 - 5 - 4 - 3 - 2 - 1 = 43@boom_boom.clearwater_master - 42 - 41 - 40 - 39 - 13 - 12 - 11 - 10 - 9 - 8 - 7 - 6 - 5 - 4 - 3 - 2 - 1 - 0 = 106@quattro_formaggio.clearwater_master - 105 - 104 - 103 - 102 - 101 - 83 - 82 - 81 - 80 - 79 - 78 - 77 - 76 - 75 - 74 - 73 - 72 - 66 - 65 - 63 - 62 - 61 - 60 - 26 - 25 - 24 - 23 - 22 - 21 - 20 - 19 - 18 - 17 - 16 - 15 - 14 = 9@squeezy_bypass.clearwater_master]
  0.63%    0.2m   24.8m   2    0.1m   -0.1m   -0.0m [59@surface_cotw_to_clearwater.clearwater_master - 60 - 59]
  0.62%    0.1m   12.2m   2    0.1m    0.0m   -0.0m [69@surface_cotw_to_clearwater.clearwater_master - 70 - 69]
  0.60%    0.1m   17.0m   2    0.1m   -0.0m    0.0m [5@surface_cotw_to_clearwater.clearwater_master - 6 - 5]
  0.56%    0.0m    7.1m   2   -0.0m   -0.0m    0.0m [48@surface_cotw_to_clearwater.clearwater_master - 49 - 48]
  0.52%    0.1m   16.7m   2   -0.1m   -0.0m   -0.1m [63@surface_cotw_to_clearwater.clearwater_master - 64 - 63]
  0.52%    0.1m   13.4m   2   -0.1m   -0.0m   -0.0m [3@surface_cotw_to_clearwater.clearwater_master - 4 - 3]
  0.49%    0.1m   16.0m   2    0.1m   -0.0m   -0.0m [26@surface_cotw_to_clearwater.clearwater_master - 27 - 26]
  0.48%    0.0m    6.7m   2    0.0m   -0.0m   -0.0m [52@surface_cotw_to_clearwater.clearwater_master - 53 - 52]
  0.47%    0.1m   13.8m   2   -0.1m   -0.0m   -0.0m [45@surface_cotw_to_clearwater.clearwater_master - 46 - 45]
  0.47%    0.1m   17.5m   2    0.1m    0.0m    0.1m [12@eureka_crawl.clearwater_master - 13 - 12]
  0.47%    0.1m   21.5m   2   -0.0m    0.0m   -0.1m [62@surface_cotw_to_clearwater.clearwater_master - 63 - 62]
  0.46%    0.1m   13.4m   2    0.0m   -0.0m   -0.0m [50@surface_cotw_to_clearwater.clearwater_master - 51 - 50]
  0.44%    0.1m   20.2m   2    0.1m   -0.0m   -0.0m [44@surface_cotw_to_clearwater.clearwater_master - 45 - 44]
  0.44%    0.0m    5.7m   2   -0.0m   -0.0m   -0.0m [101@eureka_matt.clearwater_master - 102 - 101]
  0.42%    0.1m   18.7m   2   -0.1m   -0.0m   -0.0m [9@surface_cotw_to_clearwater.clearwater_master - 10 - 9]
  0.42%    0.1m   20.5m   2   -0.0m    0.0m   -0.1m [662@eureka_matt.clearwater_master - 663 - 662]
  0.41%    0.1m   17.8m   2    0.1m    0.0m    0.0m [29@surface_cotw_to_clearwater.clearwater_master - 30 - 29]
  0.41%    0.2m   39.8m   2   -0.0m   -0.1m   -0.1m [25@4.wind_cave.clearwater_master - 24 - 25]
  0.41%    0.0m    9.4m   2   -0.0m    0.0m    0.0m [46@surface_cotw_to_clearwater.clearwater_master - 47 - 46]
  0.40%    0.1m   24.8m   2    0.1m   -0.1m   -0.0m [57@surface_cotw_to_clearwater.clearwater_master - 58 - 57]
  0.40%    0.1m   30.0m   2   -0.1m    0.0m    0.0m [19@surface_cotw_to_clearwater.clearwater_master - 20 - 19]
  0.39%    0.1m   26.2m   2   -0.1m   -0.1m    0.0m [33@surface_cotw_to_clearwater.clearwater_master - 34 - 33]
  0.37%    0.1m   15.8m   2    0.1m   -0.0m   -0.0m [8@surface_cotw_to_clearwater.clearwater_master - 9 - 8]
  0.35%    0.0m    8.7m   2    0.0m   -0.0m    0.0m [70@surface_cotw_to_clearwater.clearwater_master - 71 - 70]
  0.35%    0.0m   11.4m   2    0.0m   -0.0m    0.0m [552@eureka_matt.clearwater_master - 21 - 552]
  0.35%    0.0m   12.6m   2    0.0m   -0.0m    0.0m [20@surface_cotw_to_clearwater.clearwater_master - 21 - 20]
  0.34%    0.1m   24.0m   2    0.1m   -0.0m    0.1m [24@surface_cotw_to_clearwater.clearwater_master - 25 - 24]
  0.34%    0.1m   16.8m   2   -0.0m   -0.0m   -0.0m [0@surface_cotw_to_clearwater.clearwater_master - 2 - 0]
  0.34%    0.0m   10.0m   2   -0.0m   -0.0m   -0.0m [2@surface_cotw_to_clearwater.clearwater_master - 3 - 2]
  0.32%    0.1m   23.1m   2    0.1m    0.0m   -0.0m [6@surface_cotw_to_clearwater.clearwater_master - 7 - 6]
  0.32%    0.1m   25.9m   2   -0.1m   -0.0m    0.0m [35@surface_cotw_to_clearwater.clearwater_master - 37 - 35]
  0.31%    0.0m   14.2m   2    0.0m    0.0m   -0.0m [7@surface_cotw_to_clearwater.clearwater_master - 8 - 7]
  0.30%    0.0m   12.1m   2   -0.0m    0.0m    0.0m [54@surface_cotw_to_clearwater.clearwater_master - 55 - 54]
  0.30%    0.0m   12.7m   2   -0.0m    0.0m    0.0m [51@surface_cotw_to_clearwater.clearwater_master - 52 - 51]
  0.29%    0.1m   19.7m   2   -0.1m    0.0m    0.0m [23@surface_cotw_to_clearwater.clearwater_master - 24 - 23]
  0.29%    0.1m   30.9m   5    0.1m   -0.0m   -0.1m [7763@eureka_matt.clearwater_master - 7768 - 7769 - 7761 - 7762 - 7763]
  0.26%    0.0m   16.8m   2   -0.0m   -0.0m    0.0m [12@surface_cotw_to_clearwater.clearwater_master - 13 - 12]
  0.24%    0.0m   15.9m   2    0.0m   -0.0m    0.0m [22@surface_cotw_to_clearwater.clearwater_master - 23 - 22]
  0.23%    0.1m   27.3m   2    0.0m    0.0m    0.0m [34@surface_cotw_to_clearwater.clearwater_master - 35 - 34]
  0.23%    0.7m  301.0m  19   -0.2m    0.6m   -0.0m [13@eureka_matt.clearwater_master - 9936 - 9935 - 9934 - 9933 - 9932 - 9924 - 9917 - 9916 - 9912 - 9911 - 9910 - 993 - 992 - 8 - 9 - 10 - 11 - 12 - 13]
  0.23%    0.1m   61.0m   2    0.0m   -0.1m    0.1m [71@clearwater_stream_to_sump_1.clearwater_master - 73 - 71]
  0.21%    0.0m   18.3m   2   -0.0m    0.0m    0.0m [25@surface_cotw_to_clearwater.clearwater_master - 26 - 25]
  0.18%    0.0m   20.2m   2   -0.0m    0.0m    0.0m [68@surface_cotw_to_clearwater.clearwater_master - 69 - 68]
  0.17%    0.4m  201.7m  13    0.3m    0.0m    0.2m [9917@eureka_matt.clearwater_master - 9918 - 9919 - 9920 - 997 - 996 - 995 - 994 - 993 - 9910 - 9911 - 9912 - 9916 - 9917]
  0.17%    0.0m    7.6m   2   -0.0m   -0.0m    0.0m [6@scientific_method.clearwater_master - 5 - 6]
  0.17%    0.0m   12.1m   2   -0.0m    0.0m   -0.0m [49@surface_cotw_to_clearwater.clearwater_master - 50 - 49]
  0.17%    0.0m   17.7m   2   -0.0m    0.0m   -0.0m [55@surface_cotw_to_clearwater.clearwater_master - 56 - 55]
  0.17%    0.0m   23.2m   2    0.0m    0.0m    0.0m [39@surface_cotw_to_clearwater.clearwater_master - 40 - 39]
  0.16%    0.0m   17.4m   2   -0.0m   -0.0m   -0.0m [61@surface_cotw_to_clearwater.clearwater_master - 62 - 61]
  0.16%    0.0m   10.1m   2   -0.0m   -0.0m    0.0m [41@surface_cotw_to_clearwater.clearwater_master - 42 - 41]
  0.15%    0.0m   19.6m   2   -0.0m    0.0m    0.0m [32@surface_cotw_to_clearwater.clearwater_master - 33 - 32]
  0.15%    0.0m   12.4m   2    0.0m   -0.0m    0.0m [31@surface_cotw_to_clearwater.clearwater_master - 32 - 31]
  0.14%    0.0m   27.9m   2    0.0m    0.0m   -0.0m [10@surface_cotw_to_clearwater.clearwater_master - 11 - 10]
  0.13%    0.0m   27.9m   2   -0.0m   -0.0m    0.0m [27@surface_cotw_to_clearwater.clearwater_master - 28 - 27]
  0.13%    0.0m   34.6m   2   -0.0m    0.0m    0.0m [1@af_camp_to_clearwater.clearwater_master - 2 - 1]
  0.13%    0.0m   14.7m   2    0.0m    0.0m    0.0m [4@surface_cotw_to_clearwater.clearwater_master - 5 - 4]
  0.12%    0.0m   11.5m   2   -0.0m   -0.0m    0.0m [5532@eureka_matt.clearwater_master - 5533 - 5532]
  0.12%    0.0m   19.6m   2    0.0m   -0.0m   -0.0m [21@scientific_method.clearwater_master - 20 - 21]
  0.12%    0.0m   38.3m   2   -0.0m    0.0m   -0.0m [3@af_leap_in_time.clearwater_master - 2 - 3]
  0.12%    0.0m   14.6m   2   -0.0m   -0.0m   -0.0m [18@surface_cotw_to_clearwater.clearwater_master - 19 - 18]
  0.12%    0.1m   86.1m  11    0.0m   -0.1m   -0.1m [7761@eureka_matt.clearwater_master - 7770 - 7771 - 7776 - 7778 - 7752 - 7753 - 7754 - 7758 - 7759 - 7760 - 7761]
  0.11%    0.0m   18.8m   2   -0.0m   -0.0m    0.0m [21@surface_cotw_to_clearwater.clearwater_master - 22 - 21]
  0.11%    0.0m   31.1m   2   -0.0m   -0.0m   -0.0m [56@surface_cotw_to_clearwater.clearwater_master - 57 - 56]
  0.10%    0.0m   19.6m   2    0.0m    0.0m   -0.0m [20@scientific_method.clearwater_master - 21 - 20]
  0.10%    0.0m   23.5m   2    0.0m   -0.0m    0.0m [37@surface_cotw_to_clearwater.clearwater_master - 38 - 37]
  0.05%    0.0m   16.2m   2    0.0m   -0.0m   -0.0m [43@surface_cotw_to_clearwater.clearwater_master - 44 - 43]
  0.04%    0.0m   27.3m   2   -0.0m    0.0m    0.0m [0@cotw_centreline.clearwater_master - 1 - 0]
  0.04%    0.0m   14.8m   2   -0.0m    0.0m    0.0m [28@surface_cotw_to_clearwater.clearwater_master - 29 - 28]
  0.00%    0.0m  589.0m   7    0.0m   -0.0m    0.0m [305@clearwater_cave_fake.clearwater_master - 322 - 321 - 320 - 302 - 303 - 304 - 305]
  0.00%    0.0m 1820.4m  27    0.0m    0.0m    0.0m [275@clearwater_cave_fake.clearwater_master - 276 - 277 - 278 - 279 - 280 - 605 - 604 - 603 - 602 - 601 - 600 - 599 - 598 - 597 - 596 - 595 - 594 - 593 - 592 - 591 - 590 - 270 - 271 - 272 - 273 - 274 - 275]
  0.00%    0.0m 1745.7m  23    0.0m   -0.0m    0.0m [966@clearwater_cave_fake.clearwater_master - 965 - 903 - 904 - 905 - 906 - 907 - 908 - 920 - 921 - 922 - 923 - 924 - 1005 - 1006 - 1007 - 1008 - 1009 - 1010 - 1011 - 997 - 996 - 995 - 966]
  0.00%    0.0m  205.4m   4   -0.0m    0.0m    0.0m [286@clearwater_cave_fake.clearwater_master - 670 - 647 - 287 - 286]
  0.00%    0.0m 1336.8m  23    0.0m    0.0m    0.0m [302@clearwater_cave_fake.clearwater_master - 405 - 406 - 407 - 408 - 409 - 410 - 411 - 412 - 413 - 414 - 415 - 416 - 375 - 367 - 366 - 365 - 364 - 363 - 362 - 361 - 360 - 303 - 302]
  0.00%    0.0m  176.1m   4   -0.0m   -0.0m    0.0m [782@clearwater_cave_fake.clearwater_master - 790 - 784 - 783 - 782]
  0.00%    0.0m 1032.9m  16   -0.0m   -0.0m    0.0m [967@clearwater_cave_fake.clearwater_master - 1030 - 1031 - 1032 - 1033 - 1034 - 1035 - 1036 - 1001 - 1000 - 999 - 998 - 997 - 996 - 995 - 966 - 967]
  0.00%    0.0m  476.4m  12    0.0m    0.0m    0.0m [784@clearwater_cave_fake.clearwater_master - 762 - 761 - 770 - 771 - 772 - 724 - 725 - 780 - 781 - 782 - 790 - 784]
  0.00%    0.0m  353.0m   5   -0.0m   -0.0m    0.0m [762@clearwater_cave_fake.clearwater_master - 765 - 766 - 767 - 761 - 762]
  0.00%    0.0m  830.6m  15    0.0m    0.0m    0.0m [682@clearwater_cave_fake.clearwater_master - 683 - 274 - 273 - 272 - 271 - 699 - 698 - 697 - 696 - 695 - 691 - 690 - 680 - 681 - 682]
  0.00%    0.0m  537.8m  12    0.0m    0.0m    0.0m [5@clearwater_cave_fake.clearwater_master - 30 - 31 - 32 - 33 - 34 - 35 - 36 - 37 - 8 - 7 - 6 - 5]
  0.00%    0.0m  347.4m   7   -0.0m   -0.0m    0.0m [718@clearwater_cave_fake.clearwater_master - 736 - 735 - 714 - 715 - 716 - 717 - 718]
  0.00%    0.0m  800.0m  11    0.0m    0.0m    0.0m [285@clearwater_cave_fake.clearwater_master - 286 - 287 - 288 - 289 - 290 - 545 - 546 - 570 - 571 - 572 - 285]
  0.00%    0.0m  201.3m   4    0.0m   -0.0m    0.0m [30@clearwater_cave_fake.clearwater_master - 45 - 32 - 31 - 30]
  0.00%    0.0m  184.2m   3    0.0m    0.0m    0.0m [557@clearwater_cave_fake.clearwater_master - 559 - 558 - 557]
  0.00%    0.0m  392.8m   6   -0.0m    0.0m    0.0m [178@clearwater_cave_fake.clearwater_master - 241 - 240 - 175 - 176 - 177 - 178]
  0.00%    0.0m  382.1m   6    0.0m    0.0m    0.0m [59@clearwater_cave_fake.clearwater_master - 170 - 171 - 172 - 173 - 60 - 59]
  0.00%    0.0m  394.3m   8    0.0m    0.0m    0.0m [761@clearwater_cave_fake.clearwater_master - 770 - 771 - 772 - 724 - 723 - 722 - 760 - 761]
  0.00%    0.0m  384.7m   9   -0.0m   -0.0m    0.0m [446@clearwater_cave_fake.clearwater_master - 455 - 456 - 457 - 458 - 459 - 460 - 461 - 447 - 446]
  0.00%    0.0m  469.1m   9   -0.0m    0.0m    0.0m [434@clearwater_cave_fake.clearwater_master - 478 - 477 - 476 - 475 - 438 - 437 - 436 - 435 - 434]
  0.00%    0.0m  329.1m   8   -0.0m   -0.0m    0.0m [727@clearwater_cave_fake.clearwater_master - 796 - 795 - 782 - 781 - 780 - 725 - 726 - 727]
  0.00%    0.0m 1386.5m  20    0.0m    0.0m    0.0m [296@clearwater_cave_fake.clearwater_master - 341 - 340 - 339 - 338 - 337 - 336 - 335 - 308 - 307 - 306 - 305 - 304 - 303 - 302 - 301 - 300 - 299 - 298 - 297 - 296]
  0.00%    0.0m 2564.7m  36   -0.0m    0.0m    0.0m [273@clearwater_cave_fake.clearwater_master - 705 - 706 - 850 - 851 - 852 - 853 - 854 - 855 - 856 - 857 - 858 - 859 - 860 - 861 - 862 - 863 - 864 - 865 - 866 - 180 - 181 - 182 - 183 - 184 - 185 - 186 - 187 - 188 - 189 - 190 - 191 - 192 - 270 - 271 - 272 - 273]
  0.00%    0.0m 1103.4m  20    0.0m    0.0m    0.0m [425@clearwater_cave_fake.clearwater_master - 480 - 481 - 482 - 483 - 484 - 485 - 486 - 487 - 488 - 489 - 490 - 433 - 432 - 431 - 430 - 429 - 428 - 427 - 426 - 425]
  0.00%    0.0m  311.8m   6   -0.0m    0.0m    0.0m [965@clearwater_cave_fake.clearwater_master - 987 - 986 - 985 - 904 - 903 - 965]
  0.00%    0.0m  227.4m  11   -0.0m   -0.0m    0.0m [35@clearwater_cave_fake.clearwater_master - 15 - 14 - 13 - 12 - 11 - 10 - 9 - 8 - 37 - 36 - 35]
  0.00%    0.0m  638.8m  11    0.0m    0.0m    0.0m [546@clearwater_cave_fake.clearwater_master - 570 - 571 - 572 - 553 - 552 - 551 - 550 - 549 - 548 - 547 - 546]
  0.00%    0.0m  360.0m   5    0.0m    0.0m    0.0m [282@clearwater_cave_fake.clearwater_master - 555 - 556 - 557 - 281 - 282]
  0.00%    0.0m  372.0m   6    0.0m    0.0m    0.0m [606@clearwater_cave_fake.clearwater_master - 607 - 282 - 281 - 280 - 605 - 606]
  0.00%    0.0m  756.1m  12    0.0m    0.0m    0.0m [710@clearwater_cave_fake.clearwater_master - 745 - 724 - 723 - 722 - 721 - 720 - 719 - 718 - 736 - 735 - 711 - 710]
  0.00%    0.0m  419.6m   7    0.0m    0.0m    0.0m [284@clearwater_cave_fake.clearwater_master - 620 - 611 - 610 - 609 - 608 - 283 - 284]
  0.00%    0.0m  434.6m   6   -0.0m    0.0m    0.0m [553@clearwater_cave_fake.clearwater_master - 572 - 285 - 284 - 283 - 565 - 553]
  0.00%    0.0m  228.4m   4   -0.0m    0.0m    0.0m [997@clearwater_cave_fake.clearwater_master - 1011 - 1012 - 996 - 997]
  0.00%    0.0m  234.2m   3   -0.0m    0.0m    0.0m [683@clearwater_cave_fake.clearwater_master - 275 - 274 - 683]
  0.00%    0.0m  179.6m   4    0.0m    0.0m    0.0m [812@clearwater_cave_fake.clearwater_master - 820 - 814 - 813 - 812]
  0.00%    0.0m  431.6m   8    0.0m    0.0m    0.0m [762@clearwater_cave_fake.clearwater_master - 785 - 786 - 787 - 778 - 777 - 776 - 775 - 762]
  0.00%    0.0m  305.6m   5    0.0m    0.0m    0.0m [287@clearwater_cave_fake.clearwater_master - 288 - 645 - 646 - 647 - 287]
  0.00%    0.0m  263.6m   6    0.0m   -0.0m    0.0m [63@clearwater_cave_fake.clearwater_master - 685 - 686 - 682 - 681 - 680 - 63]
  0.00%    0.0m 2345.3m  33   -0.0m   -0.0m    0.0m [277@clearwater_cave_fake.clearwater_master - 710 - 973 - 972 - 971 - 970 - 969 - 968 - 967 - 966 - 965 - 903 - 902 - 901 - 900 - 899 - 898 - 897 - 896 - 895 - 596 - 597 - 598 - 599 - 600 - 601 - 602 - 603 - 604 - 605 - 280 - 279 - 278 - 277]
  0.00%    0.0m  470.0m   4   -0.0m    0.0m    0.0m [130@clearwater_cave_fake.clearwater_master - 145 - 132 - 131 - 130]
  0.00%    0.0m  241.9m   5    0.0m   -0.0m    0.0m [923@clearwater_cave_fake.clearwater_master - 960 - 961 - 962 - 924 - 923]
  0.00%    0.0m  246.9m   5    0.0m   -0.0m    0.0m [745@clearwater_cave_fake.clearwater_master - 746 - 726 - 725 - 724 - 745]
  0.00%    0.0m  297.4m   4    0.0m    0.0m    0.0m [602@clearwater_cave_fake.clearwater_master - 675 - 676 - 603 - 602]
  0.00%    0.0m    7.6m   2    0.0m    0.0m    0.0m [5@scientific_method.clearwater_master - 6 - 5]
  0.00%    0.0m  462.2m   6    0.0m    0.0m    0.0m [555@clearwater_cave_fake.clearwater_master - 554 - 553 - 565 - 283 - 282 - 555]
  0.00%    0.0m  248.2m   4    0.0m    0.0m    0.0m [607@clearwater_cave_fake.clearwater_master - 282 - 283 - 608 - 607]
  0.00%    0.0m  247.0m   5    0.0m    0.0m    0.0m [735@clearwater_cave_fake.clearwater_master - 714 - 713 - 712 - 711 - 735]
  0.00%    0.0m  187.0m   5    0.0m    0.0m    0.0m [722@clearwater_cave_fake.clearwater_master - 742 - 741 - 740 - 721 - 722]
  0.00%    0.0m  163.3m   5    0.0m    0.0m    0.0m [500@clearwater_cave_fake.clearwater_master - 535 - 536 - 540 - 501 - 500]
  0.00%    0.0m  285.6m   4    0.0m    0.0m    0.0m [746@clearwater_cave_fake.clearwater_master - 726 - 727 - 747 - 746]
  0.00%    0.0m  232.9m   3    0.0m    0.0m    0.0m [288@clearwater_cave_fake.clearwater_master - 645 - 289 - 288]
  0.00%    0.0m  161.3m   4    0.0m    0.0m    0.0m [740@clearwater_cave_fake.clearwater_master - 721 - 720 - 719 - 740]
  0.00%    0.0m  222.5m   4    0.0m    0.0m    0.0m [605@clearwater_cave_fake.clearwater_master - 630 - 631 - 606 - 605]
##################### end of loop errors #######################


###################### scrap distortions #######################
 PROJECTION: plan
 AVERAGE  MAXIMAL  SCRAP
   7.43%  100.00%  ArmisticeSouthSP1@armistice_south.clearwater_master
   6.27%  100.00%  jetstream_s4@jetstream.clearwater_master
  76.28%   93.90%  dune_s2@clearwater_cave_fake.clearwater_master
   6.73%   89.28%  ginpalace_s0@ginpalace.clearwater_master
  34.22%   87.17%  WanWaySP1@clearwater_cave_fake.clearwater_master
  63.06%   84.18%  KingSethToWanWay@clearwater_cave_fake.clearwater_master
   4.00%   81.78%  COTWEntranceSP2@cotw_entrance_redraw.clearwater_master
   0.41%   81.76%  volcano_s1@clearwater_cave_fake.clearwater_master
  20.70%   78.48%  armistice_s3@armistice_north.clearwater_master
   9.38%   75.42%  EurekaSouthStrikeSP2@eureka_matt.clearwater_master
   6.44%   75.09%  clearwater_II_s4@clearwater_cave_fake.clearwater_master
  12.69%   74.67%  ClayHallSP1@eureka_matt.clearwater_master
  14.00%   73.75%  nesters_s3@nesters.clearwater_master
  14.42%   69.92%  SnakeChimneySP2@snakechimney.clearwater_master
   1.81%   69.86%  EurekaSP3@eureka_matt.clearwater_master
   4.45%   68.20%  EurekaHLSP1@eureka_matt.clearwater_master
   1.08%   66.07%  LowerSeriesSP3@clearwater_cave_fake.clearwater_master
   1.30%   65.46%  cairn_farm_s1@the_cairn_farm.clearwater_master
  11.00%   63.81%  revival_s1@clearwater_cave_fake.clearwater_master
   5.96%   63.44%  BigUEESP1@the_big_uee.clearwater_master
   8.50%   62.90%  snake_track_s1@snaketrack_resurvey.clearwater_master
   6.13%   62.06%  SecretGardenSP1@clearwater_cave_fake.clearwater_master
   5.98%   62.05%  GreatWallChamberSP1@clearwater_cave_fake.clearwater_master
  11.03%   61.26%  LowerSeriesSP5@clearwater_cave_fake.clearwater_master
   2.65%   60.04%  WindCaveRiverSP3@clearwater_cave_fake.clearwater_master
   6.51%   58.98%  EurekaSP2@eureka_matt.clearwater_master
   0.75%   57.67%  EurekaHLSP3@eureka_matt.clearwater_master
   3.33%   57.62%  GnomeOxbowSP1@clearwater_cave_fake.clearwater_master
  18.18%   57.57%  WindCaveRiverSP2@clearwater_cave_fake.clearwater_master
   5.73%   56.26%  clearwater_5_s1@clearwater_5.clearwater_master
   6.75%   56.17%  richards_passage_s1@clearwater_cave_fake.clearwater_master
   1.26%   55.87%  armistice_s2@armistice_north.clearwater_master
   3.58%   55.66%  EurekaSouthStrikeSP3@eureka_matt.clearwater_master
   5.03%   52.91%  snow_slopes_s1@snow_slopes.clearwater_master
   4.40%   52.09%  boom_boom_s1@boom_boom.clearwater_master
   3.77%   50.59%  clearwater_river_s1@clearwater_cave_fake.clearwater_master
   5.29%   49.16%  clearwater_II_s1@clearwater_cave_fake.clearwater_master
  12.19%   48.70%  ClayHallSP1@clearwater_cave_fake.clearwater_master
   8.65%   47.08%  ClearwaterOneSP5@clearwater_cave_fake.clearwater_master
   6.17%   46.82%  AlexandraPalaceSP1@alexandra_palace.clearwater_master
   2.23%   45.53%  COTWEntranceSP1@cotw_entrance_redraw.clearwater_master
   2.40%   45.53%  EurekaHLSP2@eureka_matt.clearwater_master
   6.85%   45.35%  WindCaveRiverSP1@clearwater_cave_fake.clearwater_master
   5.30%   44.52%  clearwater_6_s2@clearwater_6_7.clearwater_master
   3.58%   43.81%  COTWSP1@clearwater_cave_fake.clearwater_master
   9.73%   42.07%  ArmisticeSouth1SP1@armistice_south.clearwater_master
   1.63%   41.16%  clearwater_river_s2@clearwater_cave_fake.clearwater_master
   5.39%   40.10%  clearwater_II_s2@clearwater_cave_fake.clearwater_master
   8.89%   39.26%  LowerSeriesSP2@clearwater_cave_fake.clearwater_master
   7.91%   39.16%  ClayHallSP2@clearwater_cave_fake.clearwater_master
   2.11%   38.35%  and_finally_s1@and_finally.clearwater_master
   8.18%   37.70%  HyperspaceSP1@clearwater_cave_fake.clearwater_master
   1.84%   37.65%  balcony_s1@clearwater_cave_fake.clearwater_master
   1.26%   37.58%  EurekaNorthSP1@eureka_matt.clearwater_master
   1.08%   37.56%  boom_boom_s2@boom_boom.clearwater_master
   3.55%   37.29%  EastPassageSP1@clearwater_cave_fake.clearwater_master
   1.32%   35.04%  LowerSeriesSP1@clearwater_cave_fake.clearwater_master
   3.85%   34.75%  InflationSP1@clearwater_cave_fake.clearwater_master
   3.02%   34.09%  BeckoningFingerSP1@clearwater_cave_fake.clearwater_master
   5.87%   33.74%  IIDSP1@clearwater_cave_fake.clearwater_master
   2.20%   33.50%  RampageSP1@rampage.clearwater_master
   9.70%   33.32%  WestPassageSP1@clearwater_cave_fake.clearwater_master
   2.83%   33.32%  armistice_s1@armistice_north.clearwater_master
   2.24%   32.77%  ronnies_delight_s1@clearwater_cave_fake.clearwater_master
   5.10%   32.59%  ConnectionToLowerSP1@clearwater_cave_fake.clearwater_master
   1.96%   32.46%  revival_s4@clearwater_cave_fake.clearwater_master
   2.55%   31.50%  clearwater_6_s1@clearwater_6_7.clearwater_master
   1.79%   30.66%  BerangsSP3@berangs_to_inflation.clearwater_master
   0.79%   28.88%  clearwater_III_s1@clearwater_cave_fake.clearwater_master
   2.48%   28.66%  COTWSP3@clearwater_cave_fake.clearwater_master
   2.42%   28.07%  cairn_farm_s3@the_cairn_farm.clearwater_master
   0.63%   26.25%  clearwater_III_s2@clearwater_cave_fake.clearwater_master
   0.17%   25.86%  jetstream_s3@jetstream.clearwater_master
   2.34%   25.11%  nesters_s1@nesters.clearwater_master
   1.04%   22.93%  SheerDelightSP1@clearwater_cave_fake.clearwater_master
   1.42%   22.69%  BerangsSP2@berangs_to_inflation.clearwater_master
   1.15%   22.41%  quattro_formaggio_s2@quattro_formaggio.clearwater_master
   2.95%   22.12%  goldwater_s1@clearwater_cave_fake.clearwater_master
   4.75%   21.83%  LowerSeriesSP6@clearwater_cave_fake.clearwater_master
   0.97%   19.97%  quattro_formaggio_s1@quattro_formaggio.clearwater_master
   0.95%   18.98%  UpperSeriesConnectionSP1@clearwater_cave_fake.clearwater_master
   8.85%   18.77%  revival_s3@clearwater_cave_fake.clearwater_master
   7.97%   18.26%  BerangsSP1@berangs_to_inflation.clearwater_master
   3.01%   17.97%  IIDSP2@clearwater_cave_fake.clearwater_master
   1.31%   17.78%  upskirt_s1@upskirt.clearwater_master
   3.03%   17.52%  COTWSP2@clearwater_cave_fake.clearwater_master
   2.63%   17.36%  revival_s2@clearwater_cave_fake.clearwater_master
   2.15%   16.82%  quattro_formaggio_s3@quattro_formaggio.clearwater_master
   1.19%   16.76%  dune_s1@clearwater_cave_fake.clearwater_master
   2.04%   16.30%  LowerSeriesSP4@clearwater_cave_fake.clearwater_master
   1.32%   15.80%  nesters_s2@nesters.clearwater_master
   1.65%   15.68%  BerangsSP6@berangs_to_inflation.clearwater_master
   5.78%   15.67%  ClayHallSP3@clearwater_cave_fake.clearwater_master
   0.51%   15.26%  SciMethodIISP3@scientific_method_ii.clearwater_master
   2.51%   14.82%  JunctionCavernSP1@clearwater_cave_fake.clearwater_master
   1.14%   14.52%  nesters_s4@nesters.clearwater_master
   1.57%   13.17%  quattro-formaggio_s4@quattro_formaggio.clearwater_master
   0.97%   10.31%  nesters_s5@nesters.clearwater_master
   1.57%   10.06%  StraplessSP1@strapless.clearwater_master
   1.01%   10.05%  armistice_s4@armistice_north.clearwater_master
   1.28%    9.21%  clearwater_river_s3@clearwater_cave_fake.clearwater_master
   0.46%    9.01%  boom_boom_s3@boom_boom.clearwater_master
   0.11%    8.97%  DuneChinashopSP1@chinashop.clearwater_master
   3.71%    8.58%  clearwater_II_s3@clearwater_cave_fake.clearwater_master
   0.73%    7.69%  ChinaShopSP2@chinashop.clearwater_master
   1.29%    7.57%  SecretGardenSP2@clearwater_cave_fake.clearwater_master
   1.01%    7.56%  edwins_long_cut_s2@edwins_long_cut.clearwater_master
   0.37%    7.33%  EurekaSouthStrikeSP1@eureka_matt.clearwater_master
   0.30%    7.12%  upskirt_lower_s2@upskirt_lower.clearwater_master
   1.66%    6.99%  KingsLoopSP1@clearwater_cave_fake.clearwater_master
   0.03%    6.35%  nesters_s6@nesters.clearwater_master
   1.37%    6.22%  DonutSP2@clearwater_cave_fake.clearwater_master
   1.76%    6.20%  BigUEESP2@the_big_uee.clearwater_master
   0.88%    6.16%  snow_slopes_s2@snow_slopes.clearwater_master
   0.31%    6.09%  HeavensGateSP1@clearwater_cave_fake.clearwater_master
   0.18%    6.04%  SciMethodIISP2@scientific_method_ii.clearwater_master
   0.24%    5.86%  upskirt_lower_s1@upskirt_lower.clearwater_master
   0.32%    5.62%  upskirt_s2@upskirt.clearwater_master
   1.24%    5.43%  SciMethodIISP1@scientific_method_ii.clearwater_master
   1.77%    4.35%  edwins_long_cut_s3@edwins_long_cut.clearwater_master
   0.95%    4.15%  EurekaSumpSP1@eureka_matt.clearwater_master
   0.80%    4.12%  TrollCavernSP1@clearwater_cave_fake.clearwater_master
   2.74%    3.98%  clearwater_ii_old@clearwater_cave_fake.clearwater_master
   0.32%    3.95%  ChinaShopSP1@chinashop.clearwater_master
   0.11%    3.64%  cairn_farm_s2@the_cairn_farm.clearwater_master
   0.45%    3.35%  KingSethsMazeSP1@clearwater_cave_fake.clearwater_master
   0.33%    2.82%  EurekaSumpSP2@eureka_matt.clearwater_master
   0.23%    2.65%  HypothesisNorthSP1@scientific_method.clearwater_master
   0.56%    2.42%  edwins_long_cut_s4@edwins_long_cut.clearwater_master
   0.21%    2.03%  ScientificMethodSP1@scientific_method.clearwater_master
   0.12%    1.33%  EurekaSP1@eureka_matt.clearwater_master
   0.14%    1.32%  EurekaHLSP4@eureka_matt.clearwater_master
   0.36%    1.17%  quattro_formaggio_s5@quattro_formaggio.clearwater_master
   0.22%    1.09%  clearwater_river_s4@clearwater_cave_fake.clearwater_master
   0.31%    0.75%  edwins_long_cut_s1@edwins_long_cut.clearwater_master
   0.05%    0.64%  bsfSP1@bloodsweatandfear.clearwater_master
   0.08%    0.60%  bsfSP3@bloodsweatandfear.clearwater_master
   0.02%    0.51%  creedence_s4@creedence.clearwater_master
   0.02%    0.50%  and_finally_s2@and_finally.clearwater_master
   0.03%    0.43%  high_noon_s1@high_noon.clearwater_master
   0.01%    0.39%  lost_in_translation_s2@lost_in_translation.clearwater_master
   0.06%    0.38%  high_noon_s3@high_noon.clearwater_master
   0.02%    0.36%  crucible_offset_s1@crucible_offset.clearwater_master
   0.03%    0.33%  HypothesisSP1@hypothesis_south.clearwater_master
   0.09%    0.32%  bsfSP2@bloodsweatandfear.clearwater_master
   0.01%    0.31%  creedence_s1@creedence.clearwater_master
   0.05%    0.26%  helic_s1@helic.clearwater_master
   0.01%    0.24%  creedence_s2@creedence.clearwater_master
   0.02%    0.23%  EastInletSP1@scientific_method.clearwater_master
   0.00%    0.20%  jetstream_s6@jetstream.clearwater_master
   0.04%    0.16%  creedence_s7@creedence.clearwater_master
   0.01%    0.16%  jetstream_s0@jetstream.clearwater_master
   0.03%    0.16%  jetstream_s1@jetstream.clearwater_master
   0.04%    0.15%  creedence_s5@creedence.clearwater_master
   0.01%    0.15%  creedence_s3@creedence.clearwater_master
   0.02%    0.14%  jetstream_s5@jetstream.clearwater_master
   0.00%    0.13%  alans_clearwater_5_s1@alans_clearwater_5.clearwater_master
   0.01%    0.10%  jetstream_s2@jetstream.clearwater_master
   0.00%    0.06%  volcano_s2@clearwater_cave_fake.clearwater_master
   0.00%    0.05%  clearwater_7_s1@clearwater_6_7.clearwater_master
   0.00%    0.05%  lost_in_translation_s1@lost_in_translation.clearwater_master
   0.00%    0.04%  high_noon_s2@high_noon.clearwater_master
   0.00%    0.01%  and_finally_s4@and_finally.clearwater_master
   0.00%    0.01%  clearwater_II_s5@clearwater_cave_fake.clearwater_master
   0.00%    0.00%  far_from_home_s1@far_from_home.clearwater_master
   0.00%    0.00%  and_finally_s3@and_finally.clearwater_master
   0.00%    0.00%  high_noon_s4@high_noon.clearwater_master
   0.00%    0.00%  creedence_s6@creedence.clearwater_master
   0.00%    0.00%  COTWSP4@clearwater_cave_fake.clearwater_master
   0.00%    0.00%  SnakeChimneySP1@snakechimney.clearwater_master
   0.00%    0.00%  cleartop_s1@clearwater_cave_fake.clearwater_master
   0.00%    0.00%  surface@high_noon.clearwater_master
   0.00%    0.00%  rmaf_s1@clearwater_cave_fake.clearwater_master
   0.00%    0.00%  GnomeOxbowSP2@clearwater_cave_fake.clearwater_master
   0.00%    0.00%  FallySP1@fally.clearwater_master
   0.00%    0.00%  CowArchClimbSP1@cowarchclimb.clearwater_master
   0.00%    0.00%  WindCaveSP1@wind_cave.clearwater_master
################### end of scrap distortions ###################
