therion 6.0.1 (2021-07-25)
  - using Proj 5.1.0, compiled against 5.1.0
initialization file: C:\Program Files (x86)\Therion/therion.ini
reading ... done
configuration file: thconfig
reading ... done
reading source files ... done
preprocessing database ... done
scanning centreline tree ... done
searching for centerline loops ... done
calculating station coordinates ... done
processing survey data ... 
####################### cavern log file ########################
 1> Survex 1.2.44
 2> Copyright ¸ 1990-2021 Olly Betts
 3> Survey has no fixed points. Therefore I've fixed 1 at (0,0,0)
 4> 
 5> Survey contains 108 survey stations, joined by 107 legs.
 6> There are 0 loops.
 7> Total length of survey legs = 2185.40m (2185.40m adjusted)
 8> Total plan length of survey legs = 2091.71m
 9> Total vertical length of survey legs =  455.04m
10> Vertical range = 124.31m (from 84 at 101.85m to 61 at -22.46m)
11> North-South range = 957.33m (from 62 at 867.82m to 14 at -89.51m)
12> East-West range = 424.71m (from 108 at 392.89m to 3 at -31.82m)
13>    8 1-nodes.
14>   95 2-nodes.
15>    4 3-nodes.
16>    1 4-node.
17> 
######################### transcription ########################
 3> 1 : 334@armistice_north
 5> 108 : 114@armistice_north -- 107 : 115@armistice_north
10> 84 : 107@armistice_north -- 61 : 71@armistice_north
11> 62 : 70@armistice_north -- 14 : 321@armistice_north
12> 108 : 114@armistice_north -- 3 : 332@armistice_north
13> 8 : 327@armistice_north
14> 95 : 127@armistice_north
15> 4 : 331@armistice_north
16> 1 : 334@armistice_north
#################### end of cavern log file ####################
done
calculating basic statistics ... done
processing extended elevation ... done
processing references ... done
selecting export objects ... done
writing armistice_north.3d ... done
writing armistice_north.lox ...
processing projection plan ... done
average distortion: 4.88%
.
C:\Program Files (x86)\Therion\therion.exe: warning -- armistice_s1@armistice_north -- multiple scrap outer outlines not supported yet
... done


############### export maps & scraps selection #################
M    28.74 armistice_north_m@armistice_north ()
S    67.55 armistice_s1@armistice_north ()
S    44.76 armistice_s2@armistice_north ()
S    16.08 armistice_s3@armistice_north ()
S   -13.43 armistice_s4@armistice_north ()
########## end of export maps & scraps selection ###############
writing armistice_north.pdf ...
####################### metapost log file ########################
This is MetaPost, version 2.00 (TeX Live 2020/W32TeX) (kpathsea version 6.3.2)  31 OCT 2022 14:12
**data.mp
(c:/Program Files (x86)/Therion/texmf/mpost/mpost.mp
(c:/Program Files (x86)/Therion/texmf/mpost/plain.mp
Preloading the plain mem file, version 1.005) ) (./data.mp
{randomseed:=42}
 [1] [2] [3] [4]
[5] [6] [7] [8] [9] [10] [11] [12] [13] [14]
[15] [16] [17] [1] [2] [3] [4] [5] [6] [7] [8] [9] [10] [11] [12] [13] [14]
[15] (./mptextmp.mp) [16] [17] [18] [19] [20] [21] [22] [23] [24] [25] [26]
[27] [28] [29] [30] [31] [32] [33] [34] [35] [36] [37] )
 
Here is how much of MetaPost's memory you used:
 14337 strings using 348377 characters
 3788164 bytes of node memory
 1915 symbolic tokens
 11i,82n,14p,319b,5f stack positions out of 16i,98n,15p,390b,6f
54 output files written: data-patt.1 .. data.37


#################### end of metapost log file ####################
converting scraps ... done
making map ... done
######################## pdftex log file #########################
This is pdfTeX, Version 3.14159265-2.6-1.40.21 (TeX Live 2020/W32TeX) (preloaded format=pdftex 2020.6.19)  31 OCT 2022 14:12
entering extended mode
**data.tex
(./data.tex (./th_enc.tex) (./th_texts.tex) (./th_resources.tex
(c:/Program Files (x86)/Therion/texmf/tex/glyphtounicode.tex))
(./th_fontdef.tex{c:/Program Files (x86)/Therion/texmf/fonts/pdftex.map})
(./th_formdef.tex) (./th_pagedef.tex) (./th_pages.tex)
 93 numeric registers used out of 32768
 [1] ) 
Here is how much of TeX's memory you used:
 315 strings out of 94623
 4249 string characters out of 1150079
 474579 words of memory out of 5402322
 1966 multiletter control sequences out of 15000+50000
 20080 words of font info for 63 fonts, out of 1000000 for 2000
 1416 hyphenation exceptions out of 5000
 9i,5n,6p,274b,56s stack positions out of 5000i,500n,10000p,200000b,50000s
<c:/Program Files (x86)/Therion/texmf/fonts/type1/cmmi10.pfb><c:/Program 
Files (x86)/Therion/texmf/fonts/type1/cmr10.pfb><c:/Program Files (x86)/Therion
/texmf/fonts/type1/cmss10.pfb><c:/Program Files (x86)/Therion/texmf/fonts/type1
/cmssi10.pfb><c:/Program Files (x86)/Therion/texmf/fonts/type1/cmsy10.pfb>
Output written on data.pdf (1 page, 217654 bytes).
PDF statistics:
 136 PDF objects out of 1000 (max. 8388607)
 73 compressed objects within 1 object stream
 0 named destinations out of 1000 (max. 500000)
 317 words of extra memory for PDF output out of 10000 (max. 10000000)


##################### end of pdftex log file #####################
done
writing xtherion file ... done
compilation time: 3 sec


###################### scrap distortions #######################
 PROJECTION: plan
 AVERAGE  MAXIMAL  SCRAP
  20.70%   78.49%  armistice_s3@armistice_north
   1.26%   55.86%  armistice_s2@armistice_north
   2.83%   33.32%  armistice_s1@armistice_north
   1.00%   10.05%  armistice_s4@armistice_north
################### end of scrap distortions ###################
