therion 6.1.3 (2022-11-26)
  - using Proj 9.1.0, compiled against 9.1.0
initialization file: C:\Program Files (x86)\Therion/therion.ini
reading ... done
configuration file: thconfig
reading ... done
reading source files ... done
preprocessing database ... done
scanning centreline tree ... done
searching for centerline loops ... done
calculating station coordinates ... done
processing survey data ... 
####################### cavern log file ########################
 1> Survex 1.2.44
 2> Copyright ¸ 1990-2021 Olly Betts
 3> Survey has no fixed points. Therefore I've fixed 1 at (0,0,0)
 4> 
 5> Survey contains 78 survey stations, joined by 77 legs.
 6> There is 1 loop.
 7> Survey has 2 connected components.
 8> Total length of survey legs =   64.08m (  64.08m adjusted)
 9> Total plan length of survey legs =   48.42m
10> Total vertical length of survey legs =   35.00m
11> Vertical range = 32.43m (from 4 at 26.90m to 8 at -5.53m)
12> North-South range = 22.61m (from 25 at 10.24m to 65 at -12.37m)
13> East-West range = 50.30m (from 8 at 37.26m to 24 at -13.04m)
14>   72 1-nodes.
15>    1 5-node.
16>    1 9-node.
17>    1 11-node.
18>    1 17-node.
19>    1 19-node.
20>    1 21-node.
21> 
######################### transcription ########################
 3> 1 : 0@20221121AGa
 5> 78 : 9@20221121AGa -- 77 : .@20221121AGa
 6> 1 : 0@20221121AGa
 7> 2 : .@20221121AGa
11> 4 : .@20221121AGa -- 8 : .@20221121AGa
12> 25 : .@20221121AGa -- 65 : .@20221121AGa
13> 8 : .@20221121AGa -- 24 : .@20221121AGa
14> 72 : .@20221121AGa
15> 1 : 0@20221121AGa
16> 1 : 0@20221121AGa
17> 1 : 0@20221121AGa
18> 1 : 0@20221121AGa
19> 1 : 0@20221121AGa
20> 1 : 0@20221121AGa
#################### end of cavern log file ####################
done
calculating basic statistics ... done
processing extended elevation ... done
processing references ... done
selecting export objects ... done
writing 20221121AGa.3d ... done
processing projection plan ... done
average distortion: 0.06%


############### export maps & scraps selection #################
S     8.61 20221121AGaSP1@20221121AGa ()
S     6.79 20221121AGaSP2@20221121AGa ()
########## end of export maps & scraps selection ###############
writing 20221121AGa_Plan.pdf ...
####################### metapost log file ########################
This is MetaPost, version 2.01 (TeX Live 2021/W32TeX) (kpathsea version 6.3.3)  6 JAN 2023 15:28
**data.mp
(c:/Program Files (x86)/Therion/texmf/mpost/mpost.mp
(c:/Program Files (x86)/Therion/texmf/mpost/plain.mp
Preloading the plain mem file, version 1.005) ) (./data.mp
{randomseed:=42}
 [1] [2] [3] [4]
[5] [6] [7] [8] [9] [10] [11] [12] [13] [14]
[15] [16] [17] [1] [2] [3] [4] [5] [6] [7] [8] [9] (./mptextmp.mp) [10] [11]
[12] [13] [14] [15] [16] [17] [18] [19] [20] [21] [22] [23] [24] [25] [26]
[27] )
 
Here is how much of MetaPost's memory you used:
 4081 strings using 96027 characters
 2424084 bytes of node memory
 1918 symbolic tokens
 8i,82n,16p,312b,5f stack positions out of 16i,98n,20p,312b,6f
44 output files written: data-patt.1 .. data.27


#################### end of metapost log file ####################
converting scraps ... done
making map ... done
######################## pdftex log file #########################
This is pdfTeX, Version 3.141592653-2.6-1.40.22 (TeX Live 2021/W32TeX) (preloaded format=pdftex 2021.6.19)  6 JAN 2023 15:28
entering extended mode
**data.tex
(./data.tex (./th_enc.tex) (./th_texts.tex) (./th_resources.tex
(c:/Program Files (x86)/Therion/texmf/tex/glyphtounicode.tex))
(./th_fontdef.tex{c:/Program Files (x86)/Therion/texmf/fonts/pdftex.map})
(./th_formdef.tex) (./th_pagedef.tex) (./th_pages.tex)
 78 numeric registers used out of 32768
 [1] ) 
Here is how much of TeX's memory you used:
 301 strings out of 94604
 4100 string characters out of 1142524
 21241 words of memory out of 5006969
 1956 multiletter control sequences out of 15000+50000
 20080 words of font info for 63 fonts, out of 1000000 for 2000
 1416 hyphenation exceptions out of 5000
 9i,5n,6p,229b,56s stack positions out of 5000i,500n,10000p,200000b,50000s
<c:/Program Files (x86)/Therion/texmf/fonts/type1/cmss10.pfb><c:/Program 
Files (x86)/Therion/texmf/fonts/type1/cmssi10.pfb>
Output written on data.pdf (1 page, 40748 bytes).
PDF statistics:
 94 PDF objects out of 1000 (max. 8388607)
 51 compressed objects within 1 object stream
 0 named destinations out of 1000 (max. 500000)
 235 words of extra memory for PDF output out of 10000 (max. 10000000)


##################### end of pdftex log file #####################
done
processing projection extended ... done
average distortion: 0.03%


############### export maps & scraps selection #################
S     0.00 20221121AGaSE2@20221121AGa ()
S     0.00 20221121AGaSE1@20221121AGa ()
########## end of export maps & scraps selection ###############
writing 20221121AGa_Extended.pdf ...
####################### metapost log file ########################
This is MetaPost, version 2.01 (TeX Live 2021/W32TeX) (kpathsea version 6.3.3)  6 JAN 2023 15:28
**data.mp
(c:/Program Files (x86)/Therion/texmf/mpost/mpost.mp
(c:/Program Files (x86)/Therion/texmf/mpost/plain.mp
Preloading the plain mem file, version 1.005) ) (./data.mp
{randomseed:=42}
 [1] [2] [3] [4]
[5] [6] [7] [8] [9] [10] [11] [12] [13] [14]
[15] [16] [17] [1] [2] [3] [4] [5] [6] [7] (./mptextmp.mp) [8] [9] [10] [11]
[12] [13] [14] [15] [16] [17] [18] [19] [20] [21] )
 
Here is how much of MetaPost's memory you used:
 3602 strings using 86105 characters
 2417352 bytes of node memory
 1916 symbolic tokens
 8i,82n,11p,312b,4f stack positions out of 16i,98n,12p,312b,6f
38 output files written: data-patt.1 .. data.21


#################### end of metapost log file ####################
converting scraps ... done
making map ... done
######################## pdftex log file #########################
This is pdfTeX, Version 3.141592653-2.6-1.40.22 (TeX Live 2021/W32TeX) (preloaded format=pdftex 2021.6.19)  6 JAN 2023 15:28
entering extended mode
**data.tex
(./data.tex (./th_enc.tex) (./th_texts.tex) (./th_resources.tex
(c:/Program Files (x86)/Therion/texmf/tex/glyphtounicode.tex))
(./th_fontdef.tex{c:/Program Files (x86)/Therion/texmf/fonts/pdftex.map})
(./th_formdef.tex) (./th_pagedef.tex) (./th_pages.tex)
 72 numeric registers used out of 32768
 [1] ) 
Here is how much of TeX's memory you used:
 294 strings out of 94604
 4046 string characters out of 1142524
 20616 words of memory out of 5006344
 1949 multiletter control sequences out of 15000+50000
 20080 words of font info for 63 fonts, out of 1000000 for 2000
 1416 hyphenation exceptions out of 5000
 9i,5n,6p,229b,56s stack positions out of 5000i,500n,10000p,200000b,50000s
<c:/Program Files (x86)/Therion/texmf/fonts/type1/cmss10.pfb><c:/Program 
Files (x86)/Therion/texmf/fonts/type1/cmssi10.pfb>
Output written on data.pdf (1 page, 35628 bytes).
PDF statistics:
 82 PDF objects out of 1000 (max. 8388607)
 45 compressed objects within 1 object stream
 0 named destinations out of 1000 (max. 500000)
 199 words of extra memory for PDF output out of 10000 (max. 10000000)


##################### end of pdftex log file #####################
done
processing projection elevation ... done
average distortion: 0.00%
writing 20221121AGa-elevation021.xvi ... done


############### export maps & scraps selection #################
M    -3.45 20221121AGaML21@20221121AGa ()
S    -8.03 20221121AGaSL3@20221121AGa ()
S    -1.46 20221121AGaSL1@20221121AGa ()
S    -5.29 20221121AGaSL2@20221121AGa ()
S     0.95 20221121AGaSL4@20221121AGa ()
########## end of export maps & scraps selection ###############
writing 20221121AGa_Side021.pdf ...
####################### metapost log file ########################
This is MetaPost, version 2.01 (TeX Live 2021/W32TeX) (kpathsea version 6.3.3)  6 JAN 2023 15:28
**data.mp
(c:/Program Files (x86)/Therion/texmf/mpost/mpost.mp
(c:/Program Files (x86)/Therion/texmf/mpost/plain.mp
Preloading the plain mem file, version 1.005) ) (./data.mp
{randomseed:=42}
 [1] [2] [3] [4]
[5] [6] [7] [8] [9] [10] [11] [12] [13] [14]
[15] [16] [17] [1] [2] [3] [4] [5] [6] [7] [8] [9] [10] [11] [12]
(./mptextmp.mp) [13] [14] [15] [16] [17] [18] [19] [20] [21] [22] [23] [24]
[25] [26] )
 
Here is how much of MetaPost's memory you used:
 3614 strings using 86151 characters
 2406376 bytes of node memory
 1916 symbolic tokens
 8i,82n,11p,312b,4f stack positions out of 16i,98n,12p,312b,6f
43 output files written: data-patt.1 .. data.26


#################### end of metapost log file ####################
converting scraps ... done
making map ... done
######################## pdftex log file #########################
This is pdfTeX, Version 3.141592653-2.6-1.40.22 (TeX Live 2021/W32TeX) (preloaded format=pdftex 2021.6.19)  6 JAN 2023 15:29
entering extended mode
**data.tex
(./data.tex (./th_enc.tex) (./th_texts.tex) (./th_resources.tex
(c:/Program Files (x86)/Therion/texmf/tex/glyphtounicode.tex))
(./th_fontdef.tex{c:/Program Files (x86)/Therion/texmf/fonts/pdftex.map})
(./th_formdef.tex) (./th_pagedef.tex) (./th_pages.tex)
 81 numeric registers used out of 32768
 [1] ) 
Here is how much of TeX's memory you used:
 303 strings out of 94604
 4158 string characters out of 1142524
 19081 words of memory out of 5004809
 1958 multiletter control sequences out of 15000+50000
 20080 words of font info for 63 fonts, out of 1000000 for 2000
 1416 hyphenation exceptions out of 5000
 9i,5n,6p,229b,56s stack positions out of 5000i,500n,10000p,200000b,50000s
<c:/Program Files (x86)/Therion/texmf/fonts/type1/cmss10.pfb><c:/Program 
Files (x86)/Therion/texmf/fonts/type1/cmssi10.pfb>
Output written on data.pdf (1 page, 37947 bytes).
PDF statistics:
 102 PDF objects out of 1000 (max. 8388607)
 55 compressed objects within 1 object stream
 0 named destinations out of 1000 (max. 500000)
 259 words of extra memory for PDF output out of 10000 (max. 10000000)


##################### end of pdftex log file #####################
done
writing xtherion file ... done
compilation time: 2 sec


###################### scrap distortions #######################
 PROJECTION: plan
 AVERAGE  MAXIMAL  SCRAP
   0.09%    1.00%  20221121AGaSP1@20221121AGa
   0.00%    0.00%  20221121AGaSP2@20221121AGa
################### end of scrap distortions ###################


###################### scrap distortions #######################
 PROJECTION: extended
 AVERAGE  MAXIMAL  SCRAP
   0.04%    0.54%  20221121AGaSE1@20221121AGa
   0.02%    0.07%  20221121AGaSE2@20221121AGa
################### end of scrap distortions ###################


###################### scrap distortions #######################
 PROJECTION: elevation
 AVERAGE  MAXIMAL  SCRAP
   0.00%    0.00%  20221121AGaSL3@20221121AGa
   0.00%    0.00%  20221121AGaSL1@20221121AGa
   0.00%    0.00%  20221121AGaSL2@20221121AGa
   0.00%    0.00%  20221121AGaSL4@20221121AGa
################### end of scrap distortions ###################
