therion 5.4.4 (2019-05-01)
initialization file: C:\Users\reavis\AppData\Local\Therion/therion.ini
reading ... done
configuration file: thconfig
reading ... done
reading source files ... done
preprocessing database ... done
scanning centreline tree ... done
searching for centerline loops ... done
calculating station coordinates ... done
average loop error: 1.16%
processing survey data ... 
####################### cavern log file ########################
 1> Survex 1.2.41
 2> Copyright ¸ 1990-2018 Olly Betts
 3> C:\Users\reavis\AppData\Local\Temp\th37008\data.svx:9036: warning: Unused fixed point "8961"
 4> 
 5> Survey contains 8998 survey stations, joined by 9143 legs.
 6> There are 151 loops.
 7> Survey has 6 connected components.
 8> Total length of survey legs = 156398.96m (156362.88m adjusted)
 9> Total plan length of survey legs = 139290.34m
10> Total vertical length of survey legs = 44086.06m
11> Vertical range = 521.59m (from 4984 at 537.20m to 4792 at 15.61m)
12> North-South range = 4186.99m (from 873 at 452933.14m to 6889 at 448746.15m)
13> East-West range = 3429.85m (from 5275 at 262583.15m to 7648 at 259153.29m)
14>    1 0-node.
15> 5327 1-nodes.
16> 2451 2-nodes.
17>  333 3-nodes.
18>  138 4-nodes.
19>   43 5-nodes.
20>  348 6-nodes.
21>  115 7-nodes.
22>   48 8-nodes.
23>   22 9-nodes.
24>   30 10-nodes.
25>   23 11-nodes.
26>   17 12-nodes.
27>   12 13-nodes.
28>   11 14-nodes.
29>   11 15-nodes.
30>   12 16-nodes.
31>    8 17-nodes.
32>    6 18-nodes.
33>    4 19-nodes.
34>    8 20-nodes.
35>    2 21-nodes.
36>    2 22-nodes.
37>    4 23-nodes.
38>    4 24-nodes.
39>    1 25-node.
40>    2 28-nodes.
41>    1 29-node.
42>    2 30-nodes.
43>    3 33-nodes.
44>    1 34-node.
45>    2 36-nodes.
46>    2 38-nodes.
47>    2 41-nodes.
48>    1 48-node.
49>    1 57-node.
50> There were 1 warning(s).
51> 
######################### transcription ########################
 3> input:9036 -- clearwater_cave/clearwater_master.th [208]
 3> 8961 : clearwater_cave_fake.0@clearwater_master
 5> 8998 : 4@solo.solo_master
 6> 151 : 123@armistice_north.clearwater_master
 7> 6 : 6@snow_slopes.clearwater_master
11> 4984 : 22c@highandmighty.clearwater_master -- 4792 : 16s3@cowarchclimb.clearwater_master
12> 873 : 443@clearwater_cave_fake.clearwater_master -- 6889 : 108@eureka_matt.clearwater_master
13> 5275 : 67e@eastern.clearwater_master -- 7648 : 4@surface_cotw_to_clearwater.clearwater_master
14> 1 : 1@snow_slopes.clearwater_master
15> 5327 : 80b@eastern.clearwater_master
16> 2451 : -@jetstream.clearwater_master
17> 333 : 158@alexandra_palace.clearwater_master
18> 138 : 136@armistice_north.clearwater_master
19> 43 : 44@snow_slopes.clearwater_master
20> 348 : 33@alexandra_palace.clearwater_master
21> 115 : 94@armistice_north.clearwater_master
22> 48 : 49@snow_slopes.clearwater_master
23> 22 : 22@snow_slopes.clearwater_master
24> 30 : 30@snow_slopes.clearwater_master
25> 23 : 23@snow_slopes.clearwater_master
26> 17 : 17@snow_slopes.clearwater_master
27> 12 : 12@snow_slopes.clearwater_master
28> 11 : 11@snow_slopes.clearwater_master
29> 11 : 11@snow_slopes.clearwater_master
30> 12 : 12@snow_slopes.clearwater_master
31> 8 : 8@snow_slopes.clearwater_master
32> 6 : 6@snow_slopes.clearwater_master
33> 4 : 4@snow_slopes.clearwater_master
34> 8 : 8@snow_slopes.clearwater_master
35> 2 : 2@snow_slopes.clearwater_master
36> 2 : 2@snow_slopes.clearwater_master
37> 4 : 4@snow_slopes.clearwater_master
38> 4 : 4@snow_slopes.clearwater_master
39> 1 : 1@snow_slopes.clearwater_master
40> 2 : 2@snow_slopes.clearwater_master
41> 1 : 1@snow_slopes.clearwater_master
42> 2 : 2@snow_slopes.clearwater_master
43> 3 : 3@snow_slopes.clearwater_master
44> 1 : 1@snow_slopes.clearwater_master
45> 2 : 2@snow_slopes.clearwater_master
46> 2 : 2@snow_slopes.clearwater_master
47> 2 : 2@snow_slopes.clearwater_master
48> 1 : 1@snow_slopes.clearwater_master
49> 1 : 1@snow_slopes.clearwater_master
50> 1 : 1@snow_slopes.clearwater_master
#################### end of cavern log file ####################
done
calculating basic statistics ... done
processing extended elevatio