therion 6.0.1 (2021-07-25)
  - using Proj 5.1.0, compiled against 5.1.0
initialization file: C:\Program Files (x86)\Therion/therion.ini
reading ... done
configuration file: thconfig
reading ... done
reading source files ... done
preprocessing database ... done
scanning centreline tree ... done
searching for centerline loops ... done
calculating station coordinates ... done
average loop error: 0.00%
processing survey data ... 
####################### cavern log file ########################
 1> Survex 1.2.44
 2> Copyright ¸ 1990-2021 Olly Betts
 3> 
 4> Survey contains 684 survey stations, joined by 735 legs.
 5> There are 52 loops.
 6> Total length of survey legs = 43956.65m (43956.65m adjusted)
 7> Total plan length of survey legs = 42017.27m
 8> Total vertical length of survey legs = 6731.50m
 9> Vertical range = 440.00m (from 542 at 460.00m to 584 at 20.00m)
10> North-South range = 4108.37m (from 295 at 452920.12m to 23 at 448811.75m)
11> East-West range = 2939.71m (from 311 at 262103.71m to 1 at 259164.00m)
12>   90 1-nodes.
13>  435 2-nodes.
14>  129 3-nodes.
15>   28 4-nodes.
16>    1 5-node.
17>    1 6-node.
18> 
######################### transcription ########################
 4> 684 : 1045@clearwater_cave_fake
 5> 52 : 71@clearwater_cave_fake
 9> 542 : 835@clearwater_cave_fake -- 584 : 900@clearwater_cave_fake
10> 295 : 443@clearwater_cave_fake -- 23 : 25@clearwater_cave_fake
11> 311 : 472@clearwater_cave_fake -- 1 : 0@clearwater_cave_fake
12> 90 : 150@clearwater_cave_fake
13> 435 : 665@clearwater_cave_fake
14> 129 : 207@clearwater_cave_fake
15> 28 : 34@clearwater_cave_fake
16> 1 : 0@clearwater_cave_fake
17> 1 : 0@clearwater_cave_fake
#################### end of cavern log file ####################
done
calculating basic statistics ... done
processing extended elevation ... done
processing references ... done
selecting export objects ... done
writing clearwater_cave_fake.3d ... done
processing projection plan ... done
average distortion: 3.68%


############### export maps & scraps selection #################
M    46.21 clearwater_fake_l1_m@clearwater_cave_fake ()
M    96.00 lower_series_m@clearwater_cave_fake ()
S   127.50 LowerSeriesSP1@clearwater_cave_fake ()
S   108.50 LowerSeriesSP4@clearwater_cave_fake ()
S   116.50 LowerSeriesSP6@clearwater_cave_fake ()
S    64.00 LowerSeriesSP3@clearwater_cave_fake ()
S    85.50 LowerSeriesSP5@clearwater_cave_fake ()
S    74.00 LowerSeriesSP2@clearwater_cave_fake ()
M    26.00 clearwater_III_m@clearwater_cave_fake (Clearwater III)
S    26.00 clearwater_III_s1@clearwater_cave_fake ()
S    26.00 clearwater_III_s2@clearwater_cave_fake ()
M    52.00 clearwater_II_m@clearwater_cave_fake (Clearwater II)
S    77.00 clearwater_II_s1@clearwater_cave_fake ()
S    29.00 clearwater_II_s4@clearwater_cave_fake ()
S    31.50 clearwater_II_s2@clearwater_cave_fake ()
S    70.50 clearwater_II_s3@clearwater_cave_fake ()
M    36.07 clearwater_I_m@clearwater_cave_fake ()
S    45.67 balcony_s1@clearwater_cave_fake ()
S    23.00 clearwater_river_s4@clearwater_cave_fake ()
S    54.25 richards_passage_s1@clearwater_cave_fake ()
S    22.33 goldwater_s1@clearwater_cave_fake ()
S    28.06 clearwater_river_s1@clearwater_cave_fake ()
S    22.90 clearwater_river_s2@clearwater_cave_fake ()
S    67.50 clearwater_river_s3@clearwater_cave_fake ()
S    24.83 ClearwaterOneSP5@clearwater_cave_fake ()
M    21.00 cotw_fake_river_m@clearwater_cave_fake ()
S    21.75 ClayHallSP3@clearwater_cave_fake ()
S    20.58 WindCaveRiverSP1@clearwater_cave_fake ()
S    21.50 WindCaveRiverSP2@clearwater_cave_fake ()
S    20.17 WindCaveRiverSP3@clearwater_cave_fake ()
M   100.00 clearwater_fake_l2_m@clearwater_cave_fake ()
M   161.35 ronnies_delight_m@clearwater_cave_fake ()
S   161.35 ronnies_delight_s1@clearwater_cave_fake ()
M   158.50 beckoning_finger_m@clearwater_cave_fake ()
S   158.50 BeckoningFingerSP1@clearwater_cave_fake ()
M    87.50 dune_m@clearwater_cave_fake (Dune Series)
S    90.00 dune_s1@clearwater_cave_fake ()
S    85.00 dune_s2@clearwater_cave_fake ()
M    95.29 farnorth_m@clearwater_cave_fake ()
S   102.00 WestPassageSP1@clearwater_cave_fake ()
S    83.00 GreatWallChamberSP1@clearwater_cave_fake ()
S    75.50 EastPassageSP1@clearwater_cave_fake ()
S   123.00 GnomeOxbowSP1@clearwater_cave_fake ()
S   102.00 TrollCavernSP1@clearwater_cave_fake ()
S    96.00 GnomeOxbowSP2@clearwater_cave_fake ()
S    85.50 KingsLoopSP1@clearwater_cave_fake ()
M   106.94 revival_m@clearwater_cave_fake (Revival)
S    98.50 revival_s1@clearwater_cave_fake ()
S   128.33 revival_s4@clearwater_cave_fake ()
S    94.00 revival_s3@clearwater_cave_fake ()
M    94.07 clearwater_maindrag_m@clearwater_cave_fake ()
S   112.75 IIDSP1@clearwater_cave_fake ()
S   100.50 IIDSP2@clearwater_cave_fake ()
S    50.67 InflationSP1@clearwater_cave_fake ()
S    90.20 HyperspaceSP1@clearwater_cave_fake ()
S   139.80 ConnectionToLowerSP1@clearwater_cave_fake ()
S    70.50 KingSethsMazeSP1@clearwater_cave_fake ()
M    70.50 volcano_m@clearwater_cave_fake (Volcano)
S    70.50 volcano_s1@clearwater_cave_fake ()
S    70.50 volcano_s2@clearwater_cave_fake ()
S    70.50 JunctionCavernSP1@clearwater_cave_fake ()
M    57.75 sheer_delight_m@clearwater_cave_fake ()
S    69.50 revival_s2@clearwater_cave_fake ()
S    46.00 SheerDelightSP1@clearwater_cave_fake ()
M    68.14 cotw_fake_m@clearwater_cave_fake ()
S    62.00 COTWSP4@clearwater_cave_fake ()
S    51.50 COTWSP1@clearwater_cave_fake ()
S   123.33 COTWSP2@clearwater_cave_fake ()
S   113.00 COTWSP3@clearwater_cave_fake ()
S    80.00 WanWaySP1@clearwater_cave_fake ()
S    24.50 ClayHallSP1@clearwater_cave_fake ()
S    22.67 ClayHallSP2@clearwater_cave_fake ()
M   174.59 clearwater_fake_l3_m@clearwater_cave_fake ()
M   174.59 clearwater_upper_m@clearwater_cave_fake ()
S   288.50 HeavensGateSP1@clearwater_cave_fake ()
S   220.10 SecretGardenSP1@clearwater_cave_fake ()
S   120.33 SecretGardenSP2@clearwater_cave_fake ()
S    70.50 DonutSP2@clearwater_cave_fake ()
S   173.50 UpperSeriesConnectionSP1@clearwater_cave_fake ()
########## end of export maps & scraps selection ###############
writing clearwater_cave_fake.pdf ...
####################### metapost log file ########################
This is MetaPost, version 2.00 (TeX Live 2020/W32TeX) (kpathsea version 6.3.2)  31 OCT 2022 16:40
**data.mp
(c:/Program Files (x86)/Therion/texmf/mpost/mpost.mp
(c:/Program Files (x86)/Therion/texmf/mpost/plain.mp
Preloading the plain mem file, version 1.005) ) (./data.mp
{randomseed:=42}
 [1] [2] [3] [4]
[5] [6] [7] [8] [9] [10] [11] [12] [13] [14]
[15] [16] [17]
[Warning: scrap outline intersects itself in scrap LowerSeriesSP2@clearwater_ca
ve_fake] [1] [2] [3] [4]
[Warning: scrap outline intersects itself in scrap LowerSeriesSP3@clearwater_ca
ve_fake] [5] [6]
[Warning: scrap outline intersects itself in scrap LowerSeriesSP6@clearwater_ca
ve_fake] [7] [8]
[Warning: scrap outline intersects itself in scrap LowerSeriesSP4@clearwater_ca
ve_fake] [9] [10] [11] [12] [13] [14] [15] [16] [17] [18] [19] [20] [21] [22]
[23] [24] [25] [26]
[Warning: scrap outline intersects itself in scrap clearwater_II_s2@clearwater_
cave_fake] [27] [28] [29] [30] [31] [32] [33] [34] [35] [36]
[Warning: scrap outline intersects itself in scrap ClearwaterOneSP5@clearwater_
cave_fake] [37] [38] [39] [40] [41] [42] [43] [44] [45] [46] [47] [48] [49]
[50] [51]
[Warning: scrap outline intersects itself in scrap goldwater_s1@clearwater_cave
_fake] [52] [53] [54]
[Warning: scrap outline intersects itself in scrap richards_passage_s1@clearwat
er_cave_fake] [55] [56] [57]
[Warning: scrap outline intersects itself in scrap clearwater_river_s4@clearwat
er_cave_fake] [58] [59] [60]
[Warning: scrap outline intersects itself in scrap balcony_s1@clearwater_cave_f
ake] [61] [62] [63] [64] [65] [66] [67] [68] [69] [70] [71]
[Warning: scrap outline intersects itself in scrap ronnies_delight_s1@clearwate
r_cave_fake] [72] [73] [74]
[Warning: scrap outline intersects itself in scrap BeckoningFingerSP1@clearwate
r_cave_fake] [75] [76] [77] [78] [79] [80] [81] [82] [83] [84] [85] [86] [87]
[88] [89] [90] [91] [92] [93] [94] [95] [96] [97] [98] [99] [100] [101] [102]
[103] [104] [105] [106] [107] [108] [109] [110] [111] [112] [113] [114] [115]
[116] [117] [118] [119] [120] [121] [122] [123] [124] [125] [126] [127] [128]
[129] [130] [131] [132] [133] [134] [135] [136] [137] [138] [139] [140] [141]
[142] [143] [144] [145] [146] [147] [148] [149] [150] [151] [152] [153] [154]
[155] [156]
[Warning: scrap outline intersects itself in scrap UpperSeriesConnectionSP1@cle
arwater_cave_fake] [157] [158] [159] [160] [161] [162]
[Warning: scrap outline intersects itself in scrap SecretGardenSP2@clearwater_c
ave_fake] [163] [164] [165] [166] [167] [168] [169] [170] [171] [172] [173]
(./mptextmp.mp) [174] [175] [176] [177] [178] [179] [180] [181] [182] [183]
[184] [185] [186] [187] [188] [189] [190] [191] [192] [193] [194] [195] [196]
[197] [198] [199] [200] [201] [202] [203] [204] [205] [206] [207] [208] [209]
[210] [211] [212] [213] )
 
Here is how much of MetaPost's memory you used:
 160427 strings using 3784531 characters
 13212360 bytes of node memory
 1923 symbolic tokens
 11i,82n,16p,450b,5f stack positions out of 16i,98n,17p,487b,6f
230 output files written: data-patt.1 .. data.213


#################### end of metapost log file ####################
converting scraps ... done
making map ... done
######################## pdftex log file #########################
This is pdfTeX, Version 3.14159265-2.6-1.40.21 (TeX Live 2020/W32TeX) (preloaded format=pdftex 2020.6.19)  31 OCT 2022 16:40
entering extended mode
**data.tex
(./data.tex (./th_enc.tex) (./th_texts.tex) (./th_resources.tex
(c:/Program Files (x86)/Therion/texmf/tex/glyphtounicode.tex))
(./th_fontdef.tex{c:/Program Files (x86)/Therion/texmf/fonts/pdftex.map})
(./th_formdef.tex
Normal \count register pool exhausted, switching to extended pool.)
(./th_pagedef.tex) (./th_pages.tex)
 253 numeric registers used out of 32768
 [1] ) 
Here is how much of TeX's memory you used:
 793 strings out of 94623
 10198 string characters out of 1150079
 2203579 words of memory out of 6928322
 2444 multiletter control sequences out of 15000+50000
 20080 words of font info for 63 fonts, out of 1000000 for 2000
 1416 hyphenation exceptions out of 5000
 9i,5n,9p,309b,56s stack positions out of 5000i,500n,10000p,200000b,50000s
<c:/Program Files (x86)/Therion/texmf/fonts/type1/cmmi10.pfb><c:/Program 
Files (x86)/Therion/texmf/fonts/type1/cmr10.pfb><c:/Program Files (x86)/Therion
/texmf/fonts/type1/cmss10.pfb><c:/Program Files (x86)/Therion/texmf/fonts/type1
/cmssi10.pfb>
Output written on data.pdf (1 page, 2598819 bytes).
PDF statistics:
 1157 PDF objects out of 1200 (max. 8388607)
 580 compressed objects within 6 object streams
 0 named destinations out of 1000 (max. 500000)
 3385 words of extra memory for PDF output out of 10000 (max. 10000000)


##################### end of pdftex log file #####################
done
writing xtherion file ... done
compilation time: 14 sec


######################### loop errors ##########################
REL-ERR ABS-ERR TOTAL-L STS X-ERROR Y-ERROR Z-ERROR STATIONS
  0.00%    0.0m  589.0m   7    0.0m   -0.0m    0.0m [305@clearwater_cave_fake - 322 - 321 - 320 - 302 - 303 - 304 - 305]
  0.00%    0.0m 1820.4m  27    0.0m    0.0m    0.0m [275@clearwater_cave_fake - 276 - 277 - 278 - 279 - 280 - 605 - 604 - 603 - 602 - 601 - 600 - 599 - 598 - 597 - 596 - 595 - 594 - 593 - 592 - 591 - 590 - 270 - 271 - 272 - 273 - 274 - 275]
  0.00%    0.0m 1745.7m  23    0.0m   -0.0m    0.0m [966@clearwater_cave_fake - 965 - 903 - 904 - 905 - 906 - 907 - 908 - 920 - 921 - 922 - 923 - 924 - 1005 - 1006 - 1007 - 1008 - 1009 - 1010 - 1011 - 997 - 996 - 995 - 966]
  0.00%    0.0m  205.4m   4   -0.0m    0.0m    0.0m [286@clearwater_cave_fake - 670 - 647 - 287 - 286]
  0.00%    0.0m 1336.8m  23    0.0m    0.0m    0.0m [302@clearwater_cave_fake - 405 - 406 - 407 - 408 - 409 - 410 - 411 - 412 - 413 - 414 - 415 - 416 - 375 - 367 - 366 - 365 - 364 - 363 - 362 - 361 - 360 - 303 - 302]
  0.00%    0.0m  176.1m   4   -0.0m   -0.0m    0.0m [782@clearwater_cave_fake - 790 - 784 - 783 - 782]
  0.00%    0.0m 1032.9m  16   -0.0m   -0.0m    0.0m [967@clearwater_cave_fake - 1030 - 1031 - 1032 - 1033 - 1034 - 1035 - 1036 - 1001 - 1000 - 999 - 998 - 997 - 996 - 995 - 966 - 967]
  0.00%    0.0m  476.4m  12    0.0m    0.0m    0.0m [784@clearwater_cave_fake - 762 - 761 - 770 - 771 - 772 - 724 - 725 - 780 - 781 - 782 - 790 - 784]
  0.00%    0.0m  353.0m   5   -0.0m   -0.0m    0.0m [762@clearwater_cave_fake - 765 - 766 - 767 - 761 - 762]
  0.00%    0.0m  830.6m  15    0.0m    0.0m    0.0m [682@clearwater_cave_fake - 683 - 274 - 273 - 272 - 271 - 699 - 698 - 697 - 696 - 695 - 691 - 690 - 680 - 681 - 682]
  0.00%    0.0m  537.8m  12    0.0m    0.0m    0.0m [5@clearwater_cave_fake - 30 - 31 - 32 - 33 - 34 - 35 - 36 - 37 - 8 - 7 - 6 - 5]
  0.00%    0.0m  347.4m   7   -0.0m   -0.0m    0.0m [718@clearwater_cave_fake - 736 - 735 - 714 - 715 - 716 - 717 - 718]
  0.00%    0.0m  800.0m  11    0.0m    0.0m    0.0m [285@clearwater_cave_fake - 286 - 287 - 288 - 289 - 290 - 545 - 546 - 570 - 571 - 572 - 285]
  0.00%    0.0m  201.3m   4    0.0m   -0.0m    0.0m [30@clearwater_cave_fake - 45 - 32 - 31 - 30]
  0.00%    0.0m  184.2m   3    0.0m    0.0m    0.0m [557@clearwater_cave_fake - 559 - 558 - 557]
  0.00%    0.0m  392.8m   6   -0.0m    0.0m    0.0m [178@clearwater_cave_fake - 241 - 240 - 175 - 176 - 177 - 178]
  0.00%    0.0m  382.1m   6    0.0m    0.0m    0.0m [59@clearwater_cave_fake - 170 - 171 - 172 - 173 - 60 - 59]
  0.00%    0.0m  394.3m   8    0.0m    0.0m    0.0m [761@clearwater_cave_fake - 770 - 771 - 772 - 724 - 723 - 722 - 760 - 761]
  0.00%    0.0m  384.7m   9   -0.0m   -0.0m    0.0m [446@clearwater_cave_fake - 455 - 456 - 457 - 458 - 459 - 460 - 461 - 447 - 446]
  0.00%    0.0m  469.1m   9   -0.0m    0.0m    0.0m [434@clearwater_cave_fake - 478 - 477 - 476 - 475 - 438 - 437 - 436 - 435 - 434]
  0.00%    0.0m  329.1m   8   -0.0m   -0.0m    0.0m [727@clearwater_cave_fake - 796 - 795 - 782 - 781 - 780 - 725 - 726 - 727]
  0.00%    0.0m 1386.5m  20    0.0m    0.0m    0.0m [296@clearwater_cave_fake - 341 - 340 - 339 - 338 - 337 - 336 - 335 - 308 - 307 - 306 - 305 - 304 - 303 - 302 - 301 - 300 - 299 - 298 - 297 - 296]
  0.00%    0.0m 2564.7m  36   -0.0m    0.0m    0.0m [273@clearwater_cave_fake - 705 - 706 - 850 - 851 - 852 - 853 - 854 - 855 - 856 - 857 - 858 - 859 - 860 - 861 - 862 - 863 - 864 - 865 - 866 - 180 - 181 - 182 - 183 - 184 - 185 - 186 - 187 - 188 - 189 - 190 - 191 - 192 - 270 - 271 - 272 - 273]
  0.00%    0.0m 1103.4m  20    0.0m    0.0m    0.0m [425@clearwater_cave_fake - 480 - 481 - 482 - 483 - 484 - 485 - 486 - 487 - 488 - 489 - 490 - 433 - 432 - 431 - 430 - 429 - 428 - 427 - 426 - 425]
  0.00%    0.0m  311.8m   6   -0.0m    0.0m    0.0m [965@clearwater_cave_fake - 987 - 986 - 985 - 904 - 903 - 965]
  0.00%    0.0m  227.4m  11   -0.0m   -0.0m    0.0m [35@clearwater_cave_fake - 15 - 14 - 13 - 12 - 11 - 10 - 9 - 8 - 37 - 36 - 35]
  0.00%    0.0m  638.8m  11    0.0m    0.0m    0.0m [546@clearwater_cave_fake - 570 - 571 - 572 - 553 - 552 - 551 - 550 - 549 - 548 - 547 - 546]
  0.00%    0.0m  360.0m   5    0.0m    0.0m    0.0m [282@clearwater_cave_fake - 555 - 556 - 557 - 281 - 282]
  0.00%    0.0m  372.0m   6    0.0m    0.0m    0.0m [606@clearwater_cave_fake - 607 - 282 - 281 - 280 - 605 - 606]
  0.00%    0.0m  756.1m  12    0.0m    0.0m    0.0m [710@clearwater_cave_fake - 745 - 724 - 723 - 722 - 721 - 720 - 719 - 718 - 736 - 735 - 711 - 710]
  0.00%    0.0m  419.6m   7    0.0m    0.0m    0.0m [284@clearwater_cave_fake - 620 - 611 - 610 - 609 - 608 - 283 - 284]
  0.00%    0.0m  434.6m   6   -0.0m    0.0m    0.0m [553@clearwater_cave_fake - 572 - 285 - 284 - 283 - 565 - 553]
  0.00%    0.0m  228.4m   4   -0.0m    0.0m    0.0m [997@clearwater_cave_fake - 1011 - 1012 - 996 - 997]
  0.00%    0.0m  234.2m   3   -0.0m    0.0m    0.0m [683@clearwater_cave_fake - 275 - 274 - 683]
  0.00%    0.0m  179.6m   4    0.0m    0.0m    0.0m [812@clearwater_cave_fake - 820 - 814 - 813 - 812]
  0.00%    0.0m  431.6m   8    0.0m    0.0m    0.0m [762@clearwater_cave_fake - 785 - 786 - 787 - 778 - 777 - 776 - 775 - 762]
  0.00%    0.0m  305.6m   5    0.0m    0.0m    0.0m [287@clearwater_cave_fake - 288 - 645 - 646 - 647 - 287]
  0.00%    0.0m  263.6m   6    0.0m   -0.0m    0.0m [63@clearwater_cave_fake - 685 - 686 - 682 - 681 - 680 - 63]
  0.00%    0.0m 2345.3m  33   -0.0m   -0.0m    0.0m [277@clearwater_cave_fake - 710 - 973 - 972 - 971 - 970 - 969 - 968 - 967 - 966 - 965 - 903 - 902 - 901 - 900 - 899 - 898 - 897 - 896 - 895 - 596 - 597 - 598 - 599 - 600 - 601 - 602 - 603 - 604 - 605 - 280 - 279 - 278 - 277]
  0.00%    0.0m  470.0m   4   -0.0m    0.0m    0.0m [130@clearwater_cave_fake - 145 - 132 - 131 - 130]
  0.00%    0.0m  241.9m   5    0.0m   -0.0m    0.0m [923@clearwater_cave_fake - 960 - 961 - 962 - 924 - 923]
  0.00%    0.0m  246.9m   5    0.0m   -0.0m    0.0m [745@clearwater_cave_fake - 746 - 726 - 725 - 724 - 745]
  0.00%    0.0m  187.0m   5    0.0m    0.0m    0.0m [722@clearwater_cave_fake - 742 - 741 - 740 - 721 - 722]
  0.00%    0.0m  161.3m   4    0.0m    0.0m    0.0m [740@clearwater_cave_fake - 721 - 720 - 719 - 740]
  0.00%    0.0m  285.6m   4    0.0m    0.0m    0.0m [746@clearwater_cave_fake - 726 - 727 - 747 - 746]
  0.00%    0.0m  248.2m   4    0.0m    0.0m    0.0m [607@clearwater_cave_fake - 282 - 283 - 608 - 607]
  0.00%    0.0m  222.5m   4    0.0m    0.0m    0.0m [605@clearwater_cave_fake - 630 - 631 - 606 - 605]
  0.00%    0.0m  297.4m   4    0.0m    0.0m    0.0m [602@clearwater_cave_fake - 675 - 676 - 603 - 602]
  0.00%    0.0m  163.3m   5    0.0m    0.0m    0.0m [500@clearwater_cave_fake - 535 - 536 - 540 - 501 - 500]
  0.00%    0.0m  232.9m   3    0.0m    0.0m    0.0m [288@clearwater_cave_fake - 645 - 289 - 288]
  0.00%    0.0m  247.0m   5    0.0m    0.0m    0.0m [735@clearwater_cave_fake - 714 - 713 - 712 - 711 - 735]
  0.00%    0.0m  462.2m   6    0.0m    0.0m    0.0m [555@clearwater_cave_fake - 554 - 553 - 565 - 283 - 282 - 555]
##################### end of loop errors #######################


###################### scrap distortions #######################
 PROJECTION: plan
 AVERAGE  MAXIMAL  SCRAP
  76.27%   93.90%  dune_s2@clearwater_cave_fake
  34.22%   87.24%  WanWaySP1@clearwater_cave_fake
  63.06%   84.18%  KingSethToWanWay@clearwater_cave_fake
   0.35%   69.19%  volcano_s1@clearwater_cave_fake
  11.00%   63.81%  revival_s1@clearwater_cave_fake
   5.82%   63.40%  clearwater_II_s4@clearwater_cave_fake
   6.09%   62.12%  SecretGardenSP1@clearwater_cave_fake
   5.97%   62.05%  GreatWallChamberSP1@clearwater_cave_fake
  11.07%   61.62%  LowerSeriesSP5@clearwater_cave_fake
   3.33%   57.62%  GnomeOxbowSP1@clearwater_cave_fake
  18.18%   57.57%  WindCaveRiverSP2@clearwater_cave_fake
   6.75%   56.15%  richards_passage_s1@clearwater_cave_fake
   3.74%   50.55%  clearwater_river_s1@clearwater_cave_fake
  12.91%   50.40%  ClayHallSP1@clearwater_cave_fake
   4.80%   49.61%  clearwater_II_s1@clearwater_cave_fake
   9.48%   49.37%  LowerSeriesSP2@clearwater_cave_fake
   8.66%   47.09%  ClearwaterOneSP5@clearwater_cave_fake
   6.85%   45.42%  WindCaveRiverSP1@clearwater_cave_fake
   1.64%   41.18%  clearwater_river_s2@clearwater_cave_fake
   5.33%   40.13%  clearwater_II_s2@clearwater_cave_fake
   0.91%   39.91%  LowerSeriesSP3@clearwater_cave_fake
   7.92%   39.19%  ClayHallSP2@clearwater_cave_fake
   8.28%   38.02%  HyperspaceSP1@clearwater_cave_fake
   1.79%   37.62%  balcony_s1@clearwater_cave_fake
   3.55%   37.28%  EastPassageSP1@clearwater_cave_fake
   1.34%   34.89%  LowerSeriesSP1@clearwater_cave_fake
   3.02%   34.10%  BeckoningFingerSP1@clearwater_cave_fake
   3.08%   33.65%  COTWSP1@clearwater_cave_fake
   3.81%   33.47%  InflationSP1@clearwater_cave_fake
   9.70%   33.32%  WestPassageSP1@clearwater_cave_fake
   5.15%   32.91%  ConnectionToLowerSP1@clearwater_cave_fake
   2.06%   32.74%  revival_s4@clearwater_cave_fake
   2.28%   32.65%  ronnies_delight_s1@clearwater_cave_fake
   0.45%   29.36%  clearwater_III_s1@clearwater_cave_fake
   5.14%   29.02%  IIDSP1@clearwater_cave_fake
   2.48%   28.67%  COTWSP3@clearwater_cave_fake
   2.65%   26.53%  clearwater_III_s2@clearwater_cave_fake
   1.04%   22.93%  SheerDelightSP1@clearwater_cave_fake
   2.95%   22.11%  goldwater_s1@clearwater_cave_fake
   4.74%   21.99%  LowerSeriesSP6@clearwater_cave_fake
   0.95%   19.00%  UpperSeriesConnectionSP1@clearwater_cave_fake
   8.85%   18.78%  revival_s3@clearwater_cave_fake
   3.03%   17.51%  COTWSP2@clearwater_cave_fake
   2.63%   17.36%  revival_s2@clearwater_cave_fake
   1.19%   16.76%  dune_s1@clearwater_cave_fake
   2.09%   16.64%  LowerSeriesSP4@clearwater_cave_fake
   5.78%   15.63%  ClayHallSP3@clearwater_cave_fake
   2.59%   13.84%  IIDSP2@clearwater_cave_fake
   1.96%   11.82%  JunctionCavernSP1@clearwater_cave_fake
   1.17%    9.94%  clearwater_river_s3@clearwater_cave_fake
   1.33%    8.54%  SecretGardenSP2@clearwater_cave_fake
   3.21%    8.45%  clearwater_II_s3@clearwater_cave_fake
   1.72%    7.43%  DonutSP2@clearwater_cave_fake
   1.44%    7.20%  WindCaveRiverSP3@clearwater_cave_fake
   1.66%    6.99%  KingsLoopSP1@clearwater_cave_fake
   0.31%    5.80%  HeavensGateSP1@clearwater_cave_fake
   0.80%    4.12%  TrollCavernSP1@clearwater_cave_fake
   2.34%    3.57%  clearwater_ii_old@clearwater_cave_fake
   0.32%    2.52%  KingSethsMazeSP1@clearwater_cave_fake
   0.22%    1.09%  clearwater_river_s4@clearwater_cave_fake
   0.00%    0.05%  volcano_s2@clearwater_cave_fake
   0.00%    0.01%  clearwater_II_s5@clearwater_cave_fake
   0.00%    0.00%  cleartop_s1@clearwater_cave_fake
   0.00%    0.00%  COTWSP4@clearwater_cave_fake
   0.00%    0.00%  rmaf_s1@clearwater_cave_fake
   0.00%    0.00%  GnomeOxbowSP2@clearwater_cave_fake
################### end of scrap distortions ###################
