therion 5.4.4+4cb2921 (2020-04-05)
initialization file: /home/ben/.therion/therion.ini
reading ... done
checking optional fonts csr10 csti10 csbx10 csss10 csssi10 ... OK
checking optional fonts cmcyr10 cmcti10 cmcbx10 cmcss10 cmcssi10 ... OK
configuration file: thconfig
reading ... done
reading source files ... done
preprocessing database ... done
scanning centreline tree ... done
searching for centerline loops ... done
calculating station coordinates ... done
average loop error: 0.39%
processing survey data ... 
####################### cavern log file ########################
 1> Survex 1.2.43
 2> Copyright © 1990-2020 Olly Betts
 3> Survey has no fixed points. Therefore I’ve fixed 1 at (0,0,0)
 4> cavern: error: Survey not all connected to fixed stations
 5> The following survey stations are not attached to a fixed point:
 6> 85
 7> 
######################### transcription ########################
 3> 1 : 0@1.cotw_clearwater_surface
 6> 85 : 99@1.cotw_clearwater_surface
#################### end of cavern log file ####################

therion: warning -- cavern exit code -- 256
calculating basic statistics ... done
processing extended elevation ... done
processing references ... done
selecting export objects ... done
writing cotw_clearwater_surface.3d ... done
writing cotw_clearwater_surface.lox ...
processing projection plan ... done
 done


############### export maps & scraps selection #################
S      nan  @ ()
########## end of export maps & scraps selection ###############
writing cotw_clearwater_surface.pdf ...
####################### metapost log file ########################
This is MetaPost, version 2.000 (TeX Live 2017/Debian) (kpathsea version 6.2.3)  11 APR 2020 20:17
**data.mp
(/usr/share/texlive/texmf-dist/metapost/base/mpost.mp
(/usr/share/texlive/texmf-dist/metapost/base/plain.mp
Preloading the plain mem file, version 1.005) ) (./data.mp
{randomseed:=42}
 [4001] [4002] [4003] [4004] [4005] [4006] [4007] [4008] [4009] [4010] [4011] [
4012] [4013] [4014]
[1] [2] (./mptextmp.mp) [3] )
 
Here is how much of MetaPost's memory you used:
 1374 strings using 32072 characters
 3401128 bytes of node memory
 1657 symbolic tokens
 8i,81n,11p,312b,4f stack positions out of 16i,96n,12p,312b,6f
17 output files written: data.1 .. data.4014


#################### end of metapost log file ####################
converting scraps ... done
making map ... done
######################## pdftex log file #########################
This is pdfTeX, Version 3.14159265-2.6-1.40.18 (TeX Live 2017/Debian) (preloaded format=pdfetex 2019.12.12)  11 APR 2020 20:17
entering extended mode
 restricted \write18 enabled.
 %&-line parsing enabled.
**data.tex
(./data.tex (./th_enc.tex) (./th_texts.tex) (./th_resources.tex
(/usr/share/texlive/texmf-dist/tex/generic/pdftex/glyphtounicode.tex))
(./th_fontdef.tex{/var/lib/texmf/fonts/map/pdftex/updmap/pdftex.map})
(./th_formdef.tex) (./th_pagedef.tex) (./th_pages.tex)
 50 numeric registers used out of 32768
 [1] ) 
Here is how much of TeX's memory you used:
 247 strings out of 495042
 2540 string characters out of 6159509
 79666 words of memory out of 5000000
 1842 multiletter control sequences out of 15000+600000
 18931 words of font info for 60 fonts, out of 8000000 for 9000
 1141 hyphenation exceptions out of 8191
 9i,5n,8p,238b,58s stack positions out of 5000i,500n,10000p,200000b,80000s
</usr/share/texlive/texmf-dist/fonts/type1/public/amsfonts/cm/cmss10.pfb>
</usr/share/texlive/texmf-dist/fonts/type1/public/amsfonts/cm/cmssi10.pfb>
Output written on data.pdf (1 page, 34382 bytes).
PDF statistics:
 36 PDF objects out of 1000 (max. 8388607)
 22 compressed objects within 1 object stream
 0 named destinations out of 1000 (max. 500000)
 61 words of extra memory for PDF output out of 10000 (max. 10000000)


##################### end of pdftex log file #####################
done
compilation time: 0 sec


######################### loop errors ##########################
REL-ERR ABS-ERR TOTAL-L STS X-ERROR Y-ERROR Z-ERROR STATIONS
  1.20%    0.2m   12.5m   2    0.1m    0.0m    0.1m [14@1.cotw_clearwater_surface - 17 - 14]
  1.09%    0.2m   17.3m   2    0.1m   -0.1m    0.0m [13@1.cotw_clearwater_surface - 14 - 13]
  0.97%    0.1m    8.3m   2    0.1m   -0.0m    0.0m [30@1.cotw_clearwater_surface - 31 - 30]
  0.88%    0.2m   19.6m   2    0.1m   -0.1m    0.1m [38@1.cotw_clearwater_surface - 39 - 38]
  0.70%    0.1m   13.5m   2   -0.1m   -0.0m    0.0m [17@1.cotw_clearwater_surface - 18 - 17]
  0.68%    0.2m   22.3m   2   -0.1m    0.0m   -0.1m [11@1.cotw_clearwater_surface - 12 - 11]
  0.67%    0.1m   19.3m   2    0.1m   -0.1m    0.0m [40@1.cotw_clearwater_surface - 41 - 40]
  0.60%    0.1m   17.0m   2    0.1m   -0.0m    0.0m [5@1.cotw_clearwater_surface - 6 - 5]
  0.52%    0.1m   13.4m   2   -0.1m   -0.0m   -0.0m [3@1.cotw_clearwater_surface - 4 - 3]
  0.49%    0.1m   16.0m   2    0.1m   -0.0m   -0.0m [26@1.cotw_clearwater_surface - 27 - 26]
  0.42%    0.1m   18.7m   2   -0.1m   -0.0m   -0.0m [9@1.cotw_clearwater_surface - 10 - 9]
  0.41%    0.1m   17.8m   2    0.1m    0.0m    0.0m [29@1.cotw_clearwater_surface - 30 - 29]
  0.40%    0.1m   30.0m   2   -0.1m    0.0m    0.0m [19@1.cotw_clearwater_surface - 20 - 19]
  0.39%    0.1m   26.2m   2   -0.1m   -0.1m    0.0m [33@1.cotw_clearwater_surface - 34 - 33]
  0.37%    0.1m   15.8m   2    0.1m   -0.0m   -0.0m [8@1.cotw_clearwater_surface - 9 - 8]
  0.35%    0.0m   12.6m   2    0.0m   -0.0m    0.0m [20@1.cotw_clearwater_surface - 21 - 20]
  0.34%    0.1m   24.0m   2    0.1m   -0.0m    0.1m [24@1.cotw_clearwater_surface - 25 - 24]
  0.34%    0.1m   16.8m   2   -0.0m   -0.0m   -0.0m [0@1.cotw_clearwater_surface - 2 - 0]
  0.34%    0.0m   10.0m   2   -0.0m   -0.0m   -0.0m [2@1.cotw_clearwater_surface - 3 - 2]
  0.32%    0.1m   23.1m   2    0.1m    0.0m   -0.0m [6@1.cotw_clearwater_surface - 7 - 6]
  0.32%    0.1m   25.9m   2   -0.1m   -0.0m    0.0m [36@1.cotw_clearwater_surface - 37 - 36]
  0.31%    0.0m   14.2m   2    0.0m    0.0m   -0.0m [7@1.cotw_clearwater_surface - 8 - 7]
  0.29%    0.1m   19.7m   2   -0.1m    0.0m    0.0m [23@1.cotw_clearwater_surface - 24 - 23]
  0.26%    0.0m   16.8m   2   -0.0m   -0.0m    0.0m [12@1.cotw_clearwater_surface - 13 - 12]
  0.24%    0.0m   15.9m   2    0.0m   -0.0m    0.0m [22@1.cotw_clearwater_surface - 23 - 22]
  0.21%    0.0m   18.3m   2   -0.0m    0.0m    0.0m [25@1.cotw_clearwater_surface - 26 - 25]
  0.17%    0.0m   23.2m   2    0.0m    0.0m    0.0m [39@1.cotw_clearwater_surface - 40 - 39]
  0.16%    0.0m   10.1m   2   -0.0m   -0.0m    0.0m [41@1.cotw_clearwater_surface - 42 - 41]
  0.15%    0.0m   19.6m   2   -0.0m    0.0m    0.0m [32@1.cotw_clearwater_surface - 33 - 32]
  0.15%    0.0m   12.4m   2    0.0m   -0.0m    0.0m [31@1.cotw_clearwater_surface - 32 - 31]
  0.14%    0.0m   27.9m   2    0.0m    0.0m   -0.0m [10@1.cotw_clearwater_surface - 11 - 10]
  0.13%    0.0m   27.9m   2   -0.0m   -0.0m    0.0m [27@1.cotw_clearwater_surface - 28 - 27]
  0.13%    0.0m   14.7m   2    0.0m    0.0m    0.0m [4@1.cotw_clearwater_surface - 5 - 4]
  0.12%    0.0m   14.6m   2   -0.0m   -0.0m   -0.0m [18@1.cotw_clearwater_surface - 19 - 18]
  0.11%    0.0m   18.8m   2   -0.0m   -0.0m    0.0m [21@1.cotw_clearwater_surface - 22 - 21]
  0.10%    0.0m   23.5m   2    0.0m   -0.0m    0.0m [37@1.cotw_clearwater_surface - 38 - 37]
  0.04%    0.0m   14.8m   2   -0.0m    0.0m    0.0m [28@1.cotw_clearwater_surface - 29 - 28]
##################### end of loop errors #######################
