therion 5.4.4+4cb2921 (2020-04-05)
initialization file: /home/ben/.therion/therion.ini
reading ... done
checking optional fonts csr10 csti10 csbx10 csss10 csssi10 ... OK
checking optional fonts cmcyr10 cmcti10 cmcbx10 cmcss10 cmcssi10 ... OK
configuration file: thconfig
reading ... done
reading source files ... done
preprocessing database ... done
scanning centreline tree ... done
searching for centerline loops ... done
calculating station coordinates ... done
processing survey data ... 
####################### cavern log file ########################
 1> Survex 1.2.43
 2> Copyright © 1990-2020 Olly Betts
 3> Survey has no fixed points. Therefore I’ve fixed 1 at (0,0,0)
 4> 
 5> Survey contains 9 survey stations, joined by 8 legs.
 6> There are 0 loops.
 7> Total length of survey legs =   56.51m (  56.51m adjusted)
 8> Total plan length of survey legs =   48.23m
 9> Total vertical length of survey legs =   26.71m
10> Vertical range = 26.71m (from 8 at 26.71m to 1 at 0.00m)
11> North-South range = 17.07m (from 3 at 17.07m to 1 at 0.00m)
12> East-West range = 24.57m (from 9 at 21.28m to 3 at -3.29m)
13>    3 1-nodes.
14>    5 2-nodes.
15>    1 3-node.
16> 
######################### transcription ########################
 3> 1 : 0@skylight_pitch
 5> 9 : 6a@skylight_pitch -- 8 : 6@skylight_pitch
10> 8 : 6@skylight_pitch -- 1 : 0@skylight_pitch
11> 3 : 2@skylight_pitch -- 1 : 0@skylight_pitch
12> 9 : 6a@skylight_pitch -- 3 : 2@skylight_pitch
13> 3 : 2@skylight_pitch
14> 5 : 3a@skylight_pitch
15> 1 : 0@skylight_pitch
#################### end of cavern log file ####################
done
calculating basic statistics ... done
processing extended elevation ... done
processing references ... done
selecting export objects ... done
writing skylight_pitch.3d ... done
writing skylight_pitch.lox ...
processing projection plan ... done
 done
writing skylight_pitch.pdf ... done
compilation time: 0 sec
