therion 6.1.3 (2022-11-26)
  - using Proj 9.1.0, compiled against 9.1.0
initialization file: C:\Program Files (x86)\Therion/therion.ini
reading ... done
configuration file: thconfig
reading ... done
reading source files ... done
preprocessing database ... done
scanning centreline tree ... done
searching for centerline loops ... done
calculating station coordinates ... done
processing survey data ... 
####################### cavern log file ########################
 1> Survex 1.2.44
 2> Copyright ¸ 1990-2021 Olly Betts
 3> Survey has no fixed points. Therefore I've fixed 1 at (0,0,0)
 4> 
 5> Survey contains 113 survey stations, joined by 112 legs.
 6> There is 1 loop.
 7> Survey has 2 connected components.
 8> Total length of survey legs =  124.06m ( 124.06m adjusted)
 9> Total plan length of survey legs =  107.14m
10> Total vertical length of survey legs =   52.38m
11> Vertical range = 46.86m (from 103 at 45.93m to 18 at -0.93m)
12> North-South range = 48.94m (from 112 at 48.11m to 3 at -0.83m)
13> East-West range = 34.04m (from 35 at 21.20m to 109 at -12.84m)
14>  106 1-nodes.
15>    1 10-node.
16>    1 14-node.
17>    1 16-node.
18>    1 17-node.
19>    1 19-node.
20>    2 21-nodes.
21> 
######################### transcription ########################
 3> 1 : 0@20221125AGc
 5> 113 : 11@20221125AGc -- 112 : 10@20221125AGc
 6> 1 : 0@20221125AGc
 7> 2 : .@20221125AGc
11> 103 : .@20221125AGc -- 18 : .@20221125AGc
12> 112 : 10@20221125AGc -- 3 : .@20221125AGc
13> 35 : .@20221125AGc -- 109 : .@20221125AGc
14> 106 : .@20221125AGc
15> 1 : 0@20221125AGc
16> 1 : 0@20221125AGc
17> 1 : 0@20221125AGc
18> 1 : 0@20221125AGc
19> 1 : 0@20221125AGc
20> 2 : .@20221125AGc
#################### end of cavern log file ####################
done
calculating basic statistics ... done
processing extended elevation ... done
processing references ... done
selecting export objects ... done
writing 20221125AGc.3d ... done
processing projection plan ... done
average distortion: 0.03%


############### export maps & scraps selection #################
S    22.90 20221125AGcSP1@20221125AGc ()
########## end of export maps & scraps selection ###############
writing 20221125AGc_Plan.pdf ...
####################### metapost log file ########################
This is MetaPost, version 2.01 (TeX Live 2021/W32TeX) (kpathsea version 6.3.3)  6 JAN 2023 15:30
**data.mp
(c:/Program Files (x86)/Therion/texmf/mpost/mpost.mp
(c:/Program Files (x86)/Therion/texmf/mpost/plain.mp
Preloading the plain mem file, version 1.005) ) (./data.mp
{randomseed:=42}
 [1] [2] [3] [4]
[5] [6] [7] [8] [9] [10] [11] [12] [13] [14]
[15] [16] [17] [1] [2] [3] [4] [5] (./mptextmp.mp) [6] [7] [8] [9] [10] [11]
[12] [13] [14] [15] [16] [17] [18] [19] [20] [21] [22] [23] )
 
Here is how much of MetaPost's memory you used:
 3874 strings using 92467 characters
 2448652 bytes of node memory
 1918 symbolic tokens
 8i,82n,16p,326b,5f stack positions out of 16i,98n,20p,390b,6f
40 output files written: data-patt.1 .. data.23


#################### end of metapost log file ####################
converting scraps ... done
making map ... done
######################## pdftex log file #########################
This is pdfTeX, Version 3.141592653-2.6-1.40.22 (TeX Live 2021/W32TeX) (preloaded format=pdftex 2021.6.19)  6 JAN 2023 15:30
entering extended mode
**data.tex
(./data.tex (./th_enc.tex) (./th_texts.tex) (./th_resources.tex
(c:/Program Files (x86)/Therion/texmf/tex/glyphtounicode.tex))
(./th_fontdef.tex{c:/Program Files (x86)/Therion/texmf/fonts/pdftex.map})
(./th_formdef.tex) (./th_pagedef.tex) (./th_pages.tex)
 72 numeric registers used out of 32768
 [1] ) 
Here is how much of TeX's memory you used:
 295 strings out of 94604
 4028 string characters out of 1142524
 23493 words of memory out of 5009221
 1950 multiletter control sequences out of 15000+50000
 20080 words of font info for 63 fonts, out of 1000000 for 2000
 1416 hyphenation exceptions out of 5000
 9i,5n,6p,229b,56s stack positions out of 5000i,500n,10000p,200000b,50000s
<c:/Program Files (x86)/Therion/texmf/fonts/type1/cmss10.pfb><c:/Program 
Files (x86)/Therion/texmf/fonts/type1/cmssi10.pfb>
Output written on data.pdf (1 page, 38602 bytes).
PDF statistics:
 80 PDF objects out of 1000 (max. 8388607)
 44 compressed objects within 1 object stream
 0 named destinations out of 1000 (max. 500000)
 193 words of extra memory for PDF output out of 10000 (max. 10000000)


##################### end of pdftex log file #####################
done
processing projection extended ... done
average distortion: 0.02%


############### export maps & scraps selection #################
S     0.00 20221125AGcSE1@20221125AGc ()
########## end of export maps & scraps selection ###############
writing 20221125AGc_Extended.pdf ...
####################### metapost log file ########################
This is MetaPost, version 2.01 (TeX Live 2021/W32TeX) (kpathsea version 6.3.3)  6 JAN 2023 15:30
**data.mp
(c:/Program Files (x86)/Therion/texmf/mpost/mpost.mp
(c:/Program Files (x86)/Therion/texmf/mpost/plain.mp
Preloading the plain mem file, version 1.005) ) (./data.mp
{randomseed:=42}
 [1] [2] [3] [4]
[5] [6] [7] [8] [9] [10] [11] [12] [13] [14]
[15] [16] [17] [1] [2] [3] [4] (./mptextmp.mp) [5] [6] [7] [8] [9] [10] [11]
[12] [13] [14] [15] [16] [17] [18] [19] )
 
Here is how much of MetaPost's memory you used:
 3951 strings using 93209 characters
 2454820 bytes of node memory
 1916 symbolic tokens
 8i,82n,11p,312b,4f stack positions out of 16i,98n,12p,312b,6f
36 output files written: data-patt.1 .. data.19


#################### end of metapost log file ####################
converting scraps ... done
making map ... done
######################## pdftex log file #########################
This is pdfTeX, Version 3.141592653-2.6-1.40.22 (TeX Live 2021/W32TeX) (preloaded format=pdftex 2021.6.19)  6 JAN 2023 15:30
entering extended mode
**data.tex
(./data.tex (./th_enc.tex) (./th_texts.tex) (./th_resources.tex
(c:/Program Files (x86)/Therion/texmf/tex/glyphtounicode.tex))
(./th_fontdef.tex{c:/Program Files (x86)/Therion/texmf/fonts/pdftex.map})
(./th_formdef.tex) (./th_pagedef.tex) (./th_pages.tex)
 68 numeric registers used out of 32768
 [1] ) 
Here is how much of TeX's memory you used:
 290 strings out of 94604
 3992 string characters out of 1142524
 24194 words of memory out of 5009922
 1945 multiletter control sequences out of 15000+50000
 20080 words of font info for 63 fonts, out of 1000000 for 2000
 1416 hyphenation exceptions out of 5000
 9i,5n,6p,229b,56s stack positions out of 5000i,500n,10000p,200000b,50000s
<c:/Program Files (x86)/Therion/texmf/fonts/type1/cmss10.pfb><c:/Program 
Files (x86)/Therion/texmf/fonts/type1/cmssi10.pfb>
Output written on data.pdf (1 page, 36080 bytes).
PDF statistics:
 72 PDF objects out of 1000 (max. 8388607)
 40 compressed objects within 1 object stream
 0 named destinations out of 1000 (max. 500000)
 169 words of extra memory for PDF output out of 10000 (max. 10000000)


##################### end of pdftex log file #####################
done
processing projection elevation ... done
average distortion: 0.00%
writing 20221125AGc-elevation115.xvi ... done


############### export maps & scraps selection #################
S    12.21 scrap1@20221125AGc ()
########## end of export maps & scraps selection ###############
writing 20221125AGc_Side115.pdf ...
####################### metapost log file ########################
This is MetaPost, version 2.01 (TeX Live 2021/W32TeX) (kpathsea version 6.3.3)  6 JAN 2023 15:30
**data.mp
(c:/Program Files (x86)/Therion/texmf/mpost/mpost.mp
(c:/Program Files (x86)/Therion/texmf/mpost/plain.mp
Preloading the plain mem file, version 1.005) ) (./data.mp
{randomseed:=42}
 [1] [2] [3] [4]
[5] [6] [7] [8] [9] [10] [11] [12] [13] [14]
[15] [16] [17] [1] [2] [3] (./mptextmp.mp) [4] [5] [6] [7] [8] [9] [10] [11]
[12] [13] [14] [15] )
 
Here is how much of MetaPost's memory you used:
 3195 strings using 78320 characters
 2412724 bytes of node memory
 1916 symbolic tokens
 8i,82n,11p,312b,4f stack positions out of 16i,98n,12p,312b,6f
32 output files written: data-patt.1 .. data-patt.17


#################### end of metapost log file ####################
converting scraps ... done
making map ... done
######################## pdftex log file #########################
This is pdfTeX, Version 3.141592653-2.6-1.40.22 (TeX Live 2021/W32TeX) (preloaded format=pdftex 2021.6.19)  6 JAN 2023 15:30
entering extended mode
**data.tex
(./data.tex (./th_enc.tex) (./th_texts.tex) (./th_resources.tex
(c:/Program Files (x86)/Therion/texmf/tex/glyphtounicode.tex))
(./th_fontdef.tex{c:/Program Files (x86)/Therion/texmf/fonts/pdftex.map})
(./th_formdef.tex) (./th_pagedef.tex) (./th_pages.tex)
 64 numeric registers used out of 32768
 [1] ) 
Here is how much of TeX's memory you used:
 286 strings out of 94604
 3961 string characters out of 1142524
 21532 words of memory out of 5007260
 1941 multiletter control sequences out of 15000+50000
 20080 words of font info for 63 fonts, out of 1000000 for 2000
 1416 hyphenation exceptions out of 5000
 9i,5n,6p,229b,56s stack positions out of 5000i,500n,10000p,200000b,50000s
<c:/Program Files (x86)/Therion/texmf/fonts/type1/cmss10.pfb><c:/Program 
Files (x86)/Therion/texmf/fonts/type1/cmssi10.pfb>
Output written on data.pdf (1 page, 30678 bytes).
PDF statistics:
 64 PDF objects out of 1000 (max. 8388607)
 36 compressed objects within 1 object stream
 0 named destinations out of 1000 (max. 500000)
 145 words of extra memory for PDF output out of 10000 (max. 10000000)


##################### end of pdftex log file #####################
done
writing xtherion file ... done
compilation time: 2 sec


###################### scrap distortions #######################
 PROJECTION: plan
 AVERAGE  MAXIMAL  SCRAP
   0.03%    0.16%  20221125AGcSP1@20221125AGc
################### end of scrap distortions ###################


###################### scrap distortions #######################
 PROJECTION: extended
 AVERAGE  MAXIMAL  SCRAP
   0.02%    0.11%  20221125AGcSE1@20221125AGc
################### end of scrap distortions ###################


###################### scrap distortions #######################
 PROJECTION: elevation
 AVERAGE  MAXIMAL  SCRAP
   0.00%    0.01%  scrap1@20221125AGc
################### end of scrap distortions ###################
