therion 5.4.4+19919fc (2020-10-19)
  - using Proj 6.3.1, compiled against 6.3.1
initialization file: /home/ben/.therion/therion.ini
reading ... done
checking optional fonts csr10 csti10 csbx10 csss10 csssi10 ... OK
checking optional fonts cmcyr10 cmcti10 cmcbx10 cmcss10 cmcssi10 ... OK
configuration file: thconfig
reading ... done
reading source files ... done
preprocessing database ... done
scanning centreline tree ... done
searching for centerline loops ... done
calculating station coordinates ... done
processing survey data ... 
####################### cavern log file ########################

therion: warning -- can't open cavern log file for input
calculating basic statistics ... done
processing extended elevation ... done
processing references ... done
selecting export objects ... done
writing upskirt.3d ... done
writing upskirt.lox ...
processing projection plan ... done
average distortion: 0.82%
..
therion: warning -- upskirt_s2@upskirt -- invalid scrap outline
 done


############### export maps & scraps selection #################
M    27.19 upskirt_map@upskirt ()
S    34.45  upskirt_s1@upskirt ()
S    19.92  upskirt_s2@upskirt ()
########## end of export maps & scraps selection ###############
writing upskirt.pdf ...
####################### metapost log file ########################
This is MetaPost, version 2.00 (TeX Live 2019/Debian) (kpathsea version 6.3.1)  2 NOV 2020 21:24
**data.mp
(/usr/share/texlive/texmf-dist/metapost/base/mpost.mp
(/usr/share/texlive/texmf-dist/metapost/base/plain.mp
Preloading the plain mem file, version 1.005) ) (./data.mp
{randomseed:=42}
 [4001] [4002] [4003] [4004] [4005] [4006] [4007] [4008] [4009] [4010] [4011] [
4012] [4013] [4014]
[1]
[Warning: scrap outline intersects itself in scrap upskirt_s2@upskirt] [2]
[3] [4] [5]
[Warning: scrap outline intersects itself in scrap upskirt_s1@upskirt] [6]
[7] [8] [9] (./mptextmp.mp) [10] )
 
Here is how much of MetaPost's memory you used:
 19034 strings using 483482 characters
 3611904 bytes of node memory
 1666 symbolic tokens
 11i,82n,14p,403b,5f stack positions out of 16i,98n,17p,487b,6f
24 output files written: data.1 .. data.4014


#################### end of metapost log file ####################
converting scraps ... done
making map ... done
######################## pdftex log file #########################
This is pdfTeX, Version 3.14159265-2.6-1.40.20 (TeX Live 2019/Debian) (preloaded format=pdftex 2020.10.6)  2 NOV 2020 21:24
entering extended mode
 restricted \write18 enabled.
 %&-line parsing enabled.
**data.tex
(./data.tex (./th_enc.tex) (./th_texts.tex) (./th_resources.tex
(/usr/share/texlive/texmf-dist/tex/generic/pdftex/glyphtounicode.tex))
(./th_fontdef.tex{/var/lib/texmf/fonts/map/pdftex/updmap/pdftex.map})
(./th_formdef.tex) (./th_pagedef.tex) (./th_pages.tex)
 59 numeric registers used out of 32768
 [1] ) 
Here is how much of TeX's memory you used:
 256 strings out of 495031
 2637 string characters out of 6159437
 89865 words of memory out of 5000000
 1856 multiletter control sequences out of 15000+600000
 20080 words of font info for 63 fonts, out of 8000000 for 9000
 1141 hyphenation exceptions out of 8191
 9i,5n,8p,276b,58s stack positions out of 5000i,500n,10000p,200000b,80000s
</usr/share/texlive/texmf-dist/fonts/type1/public/amsfonts/cm/cmss10.pfb>
</usr/share/texlive/texmf-dist/fonts/type1/public/amsfonts/cm/cmssi10.pfb>
Output written on data.pdf (1 page, 116757 bytes).
PDF statistics:
 54 PDF objects out of 1000 (max. 8388607)
 31 compressed objects within 1 object stream
 0 named destinations out of 1000 (max. 500000)
 115 words of extra memory for PDF output out of 10000 (max. 10000000)


##################### end of pdftex log file #####################
done
writing xtherion file ... done
compilation time: 2 sec


###################### scrap distortions #######################
 PROJECTION: plan
 AVERAGE  MAXIMAL  SCRAP
   1.31%   17.81%  upskirt_s1@upskirt
   0.32%    5.53%  upskirt_s2@upskirt
################### end of scrap distortions ###################
