therion 6.1.3 (2022-11-26)
  - using Proj 9.1.0, compiled against 9.1.0
initialization file: C:\Program Files (x86)\Therion/therion.ini
reading ... done
configuration file: serve_cool_houblon.thconfig
reading ... done
reading source files ... done
preprocessing database ... done
scanning centreline tree ... done
searching for centerline loops ... done
calculating station coordinates ... done
processing survey data ... 
####################### cavern log file ########################
 1> Survex 1.2.44
 2> Copyright ¸ 1990-2021 Olly Betts
 3> Survey has no fixed points. Therefore I've fixed 282 at (0,0,0)
 4> 
 5> Survey contains 662 survey stations, joined by 661 legs.
 6> There are 2 loops.
 7> Survey has 3 connected components.
 8> Total length of survey legs =  706.58m ( 706.58m adjusted)
 9> Total plan length of survey legs =  626.36m
10> Total vertical length of survey legs =  273.51m
11> Vertical range = 148.25m (from 614 at 67.77m to 507 at -80.48m)
12> North-South range = 389.00m (from 3 at 185.73m to 546 at -203.27m)
13> East-West range = 221.97m (from 55 at 58.83m to 540 at -163.14m)
14>  588 1-nodes.
15>    1 2-node.
16>    1 5-node.
17>    4 6-nodes.
18>    4 7-nodes.
19>    9 8-nodes.
20>   13 9-nodes.
21>   13 10-nodes.
22>   16 11-nodes.
23>    2 12-nodes.
24>    5 13-nodes.
25>    1 14-node.
26>    4 15-nodes.
27>    1 17-node.
28> 
######################### transcription ########################
 3> 282 : 31@20221122REb.serve_cool_houblon
 5> 662 : .@20221121REa.serve_cool_houblon -- 661 : .@20221121REa.serve_cool_houblon
 6> 2 : 0@20221122REb.serve_cool_houblon
 7> 3 : .@20221122REb.serve_cool_houblon
11> 614 : .@20221121REa.serve_cool_houblon -- 507 : .@20221121REa.serve_cool_houblon
12> 3 : .@20221122REb.serve_cool_houblon -- 546 : .@20221121REa.serve_cool_houblon
13> 55 : .@20221122REb.serve_cool_houblon -- 540 : .@20221121REa.serve_cool_houblon
14> 588 : .@20221121REa.serve_cool_houblon
15> 1 : 1@20221122REb.serve_cool_houblon
16> 1 : 1@20221122REb.serve_cool_houblon
17> 4 : .@20221122REb.serve_cool_houblon
18> 4 : .@20221122REb.serve_cool_houblon
19> 9 : .@20221122REb.serve_cool_houblon
20> 13 : .@20221122REb.serve_cool_houblon
21> 13 : .@20221122REb.serve_cool_houblon
22> 16 : .@20221122REb.serve_cool_houblon
23> 2 : 0@20221122REb.serve_cool_houblon
24> 5 : .@20221122REb.serve_cool_houblon
25> 1 : 1@20221122REb.serve_cool_houblon
26> 4 : .@20221122REb.serve_cool_houblon
27> 1 : 1@20221122REb.serve_cool_houblon
#################### end of cavern log file ####################
done
calculating basic statistics ... done
processing extended elevation ... done
processing references ... done
selecting export objects ... done
writing serve_cool_houblon.3d ... done
processing projection plan ... done
average distortion: 0.08%


############### export maps & scraps selection #################
M   -15.20 m1p@20221122REb.serve_cool_houblon ()
S   -15.20 20221122REb-1p@20221122REb.serve_cool_houblon ()
M    -9.19 m1p@20221121REa.serve_cool_houblon ()
S   -35.02 20221121REa-1p2@20221121REa.serve_cool_houblon ()
S    29.70 20221121REa-1p1@20221121REa.serve_cool_houblon ()
S   -22.26 20221121REa-1p@20221121REa.serve_cool_houblon ()
########## end of export maps & scraps selection ###############
writing serve_cool_houblon_plan.pdf ...
####################### metapost log file ########################
This is MetaPost, version 2.01 (TeX Live 2021/W32TeX) (kpathsea version 6.3.3)  13 JAN 2023 13:39
**data.mp
(c:/Program Files (x86)/Therion/texmf/mpost/mpost.mp
(c:/Program Files (x86)/Therion/texmf/mpost/plain.mp
Preloading the plain mem file, version 1.005) ) (./data.mp
{randomseed:=42}
 [1] [2] [3] [4]
[5] [6] [7] [8] [9] [10] [11] [12] [13] [14]
[15] [16] [17] [1] [2] [3] [4] [5]
[Warning: scrap outline intersects itself in scrap 20221121REa-1p@20221121REa.s
erve_cool_houblon] [6] [7] [8] [9] [10] [11] [12] [13]
[Warning: scrap outline intersects itself in scrap 20221121REa-1p2@20221121REa.
serve_cool_houblon] [14] [15] [16] [17] (./mptextmp.mp) [18] [19] [20] [21]
[22] [23] [24] [25] [26] [27] [28] [29] [30] [31] [32] [33] [34] [35] [36]
[37] [38] [39] [40] [41] [42] )
 
Here is how much of MetaPost's memory you used:
 10480 strings using 243406 characters
 2923788 bytes of node memory
 1919 symbolic tokens
 11i,82n,16p,322b,5f stack positions out of 16i,98n,17p,390b,6f
59 output files written: data-patt.1 .. data.42


#################### end of metapost log file ####################
converting scraps ... done
making map ... done
######################## pdftex log file #########################
This is pdfTeX, Version 3.141592653-2.6-1.40.22 (TeX Live 2021/W32TeX) (preloaded format=pdftex 2021.6.19)  13 JAN 2023 13:39
entering extended mode
**data.tex
(./data.tex (./th_enc.tex) (./th_texts.tex) (./th_resources.tex
(c:/Program Files (x86)/Therion/texmf/tex/glyphtounicode.tex))
(./th_fontdef.tex{c:/Program Files (x86)/Therion/texmf/fonts/pdftex.map})
(./th_formdef.tex) (./th_pagedef.tex) (./th_pages.tex)
 98 numeric registers used out of 32768
 [1] ) 
Here is how much of TeX's memory you used:
 321 strings out of 94604
 4306 string characters out of 1142524
 186212 words of memory out of 5151940
 1976 multiletter control sequences out of 15000+50000
 20080 words of font info for 63 fonts, out of 1000000 for 2000
 1416 hyphenation exceptions out of 5000
 9i,5n,6p,555b,60s stack positions out of 5000i,500n,10000p,200000b,50000s
<c:/Program Files (x86)/Therion/texmf/fonts/type1/cmss10.pfb><c:/Program 
Files (x86)/Therion/texmf/fonts/type1/cmssi10.pfb>
Output written on data.pdf (1 page, 114057 bytes).
PDF statistics:
 139 PDF objects out of 1000 (max. 8388607)
 74 compressed objects within 1 object stream
 0 named destinations out of 1000 (max. 500000)
 371 words of extra memory for PDF output out of 10000 (max. 10000000)


##################### end of pdftex log file #####################
done


############### export maps & scraps selection #################
M   -15.20 m1p@20221122REb.serve_cool_houblon ()
S   -15.20 20221122REb-1p@20221122REb.serve_cool_houblon ()
M    -9.19 m1p@20221121REa.serve_cool_houblon ()
S   -35.02 20221121REa-1p2@20221121REa.serve_cool_houblon ()
S    29.70 20221121REa-1p1@20221121REa.serve_cool_houblon ()
S   -22.26 20221121REa-1p@20221121REa.serve_cool_houblon ()
########## end of export maps & scraps selection ###############
writing serve_cool_houblon.pdf ...
####################### metapost log file ########################
This is MetaPost, version 2.01 (TeX Live 2021/W32TeX) (kpathsea version 6.3.3)  13 JAN 2023 13:39
**data.mp
(c:/Program Files (x86)/Therion/texmf/mpost/mpost.mp
(c:/Program Files (x86)/Therion/texmf/mpost/plain.mp
Preloading the plain mem file, version 1.005) ) (./data.mp
{randomseed:=42}
 [1] [2] [3] [4]
[5] [6] [7] [8] [9] [10] [11] [12] [13] [14]
[15] [16] [17] [1] [2] [3] [4] [5]
[Warning: scrap outline intersects itself in scrap 20221121REa-1p@20221121REa.s
erve_cool_houblon] [6] [7] [8] [9] [10] [11] [12] [13]
[Warning: scrap outline intersects itself in scrap 20221121REa-1p2@20221121REa.
serve_cool_houblon] [14] [15] [16] [17] (./mptextmp.mp) [18] [19] [20] [21]
[22] [23] [24] [25] [26] [27] [28] [29] [30] [31] [32] [33] [34] [35] [36]
[37] [38] [39] [40] [41] [42] )
 
Here is how much of MetaPost's memory you used:
 10480 strings using 243406 characters
 2923788 bytes of node memory
 1919 symbolic tokens
 11i,82n,16p,322b,5f stack positions out of 16i,98n,17p,390b,6f
59 output files written: data-patt.1 .. data.42


#################### end of metapost log file ####################
converting scraps ... done
making map ... done
######################## pdftex log file #########################
This is pdfTeX, Version 3.141592653-2.6-1.40.22 (TeX Live 2021/W32TeX) (preloaded format=pdftex 2021.6.19)  13 JAN 2023 13:39
entering extended mode
**data.tex
(./data.tex (./th_enc.tex) (./th_texts.tex) (./th_resources.tex
(c:/Program Files (x86)/Therion/texmf/tex/glyphtounicode.tex))
(./th_fontdef.tex{c:/Program Files (x86)/Therion/texmf/fonts/pdftex.map})
(./th_formdef.tex) (./th_pagedef.tex <d:/GitHub/mulu-therion/api_master/clearwa
ter_system/clearwater_area/clearwater_cave/serve_cool_houblon/serve_cool_houblo
n_side.pdf>) (./th_pages.tex)
 98 numeric registers used out of 32768
 [1] ) 
Here is how much of TeX's memory you used:
 321 strings out of 94604
 4306 string characters out of 1142524
 186358 words of memory out of 5152086
 1976 multiletter control sequences out of 15000+50000
 20080 words of font info for 63 fonts, out of 1000000 for 2000
 1416 hyphenation exceptions out of 5000
 10i,5n,7p,555b,60s stack positions out of 5000i,500n,10000p,200000b,50000s
<c:/Program Files (x86)/Therion/texmf/fonts/type1/cmss10.pfb><c:/Program 
Files (x86)/Therion/texmf/fonts/type1/cmssi10.pfb>
Output written on data.pdf (1 page, 177298 bytes).
PDF statistics:
 209 PDF objects out of 1000 (max. 8388607)
 111 compressed objects within 2 object streams
 0 named destinations out of 1000 (max. 500000)
 376 words of extra memory for PDF output out of 10000 (max. 10000000)


##################### end of pdftex log file #####################
done
processing projection elevation ... done
average distortion: 0.07%


############### export maps & scraps selection #################
M   201.38 m1s@20221122REb.serve_cool_houblon ()
S   201.38 20221122REb-1s@20221122REb.serve_cool_houblon ()
M   207.46 m2s@20221121REa.serve_cool_houblon ()
S   216.49 20221121REa-2s1@20221121REa.serve_cool_houblon ()
S   198.44 20221121REa-2s@20221121REa.serve_cool_houblon ()
########## end of export maps & scraps selection ###############
writing serve_cool_houblon_side.pdf ...
####################### metapost log file ########################
This is MetaPost, version 2.01 (TeX Live 2021/W32TeX) (kpathsea version 6.3.3)  13 JAN 2023 13:39
**data.mp
(c:/Program Files (x86)/Therion/texmf/mpost/mpost.mp
(c:/Program Files (x86)/Therion/texmf/mpost/plain.mp
Preloading the plain mem file, version 1.005) ) (./data.mp
{randomseed:=42}
 [1] [2] [3] [4]
[5] [6] [7] [8] [9] [10] [11] [12] [13] [14]
[15] [16] [17] [1] [2] [3] [4] [5] [6] [7] [8] [9] [10] [11] [12]
(./mptextmp.mp) [13] [14] [15] [16] [17] [18] [19] [20] [21] [22] [23] [24]
[25] [26] [27] [28] [29] [30] [31] [32] [33] [34] [35] [36] )
 
Here is how much of MetaPost's memory you used:
 6996 strings using 165901 characters
 2725976 bytes of node memory
 1918 symbolic tokens
 8i,82n,16p,312b,5f stack positions out of 16i,98n,20p,312b,6f
53 output files written: data-patt.1 .. data.36


#################### end of metapost log file ####################
converting scraps ... done
making map ... done
######################## pdftex log file #########################
This is pdfTeX, Version 3.141592653-2.6-1.40.22 (TeX Live 2021/W32TeX) (preloaded format=pdftex 2021.6.19)  13 JAN 2023 13:39
entering extended mode
**data.tex
(./data.tex (./th_enc.tex) (./th_texts.tex) (./th_resources.tex
(c:/Program Files (x86)/Therion/texmf/tex/glyphtounicode.tex))
(./th_fontdef.tex{c:/Program Files (x86)/Therion/texmf/fonts/pdftex.map})
(./th_formdef.tex) (./th_pagedef.tex) (./th_pages.tex)
 90 numeric registers used out of 32768
 [1] ) 
Here is how much of TeX's memory you used:
 311 strings out of 94604
 4202 string characters out of 1142524
 136030 words of memory out of 5108758
 1968 multiletter control sequences out of 15000+50000
 17652 words of font info for 57 fonts, out of 1000000 for 2000
 1416 hyphenation exceptions out of 5000
 8i,5n,6p,249b,51s stack positions out of 5000i,500n,10000p,200000b,50000s
<c:/Program Files (x86)/Therion/texmf/fonts/type1/cmss10.pfb>
Output written on data.pdf (1 page, 76352 bytes).
PDF statistics:
 116 PDF objects out of 1000 (max. 8388607)
 62 compressed objects within 1 object stream
 0 named destinations out of 1000 (max. 500000)
 317 words of extra memory for PDF output out of 10000 (max. 10000000)


##################### end of pdftex log file #####################
done
writing serve_cool_houblon_plan.3d ... done
writing xtherion file ... done
compilation time: 3 sec


###################### scrap distortions #######################
 PROJECTION: plan
 AVERAGE  MAXIMAL  SCRAP
   0.02%   10.58%  20221121REa-1p@20221121REa.serve_cool_houblon
   0.07%    5.35%  20221122REb-1p@20221122REb.serve_cool_houblon
   0.87%    4.12%  20221121REa-1p2@20221121REa.serve_cool_houblon
   0.03%    0.20%  20221121REa-1p1@20221121REa.serve_cool_houblon
################### end of scrap distortions ###################


###################### scrap distortions #######################
 PROJECTION: elevation
 AVERAGE  MAXIMAL  SCRAP
   0.04%   20.10%  20221121REa-2s@20221121REa.serve_cool_houblon
   0.10%   16.28%  20221122REb-1s@20221122REb.serve_cool_houblon
   0.05%    0.19%  20221121REa-2s1@20221121REa.serve_cool_houblon
################### end of scrap distortions ###################
