therion 5.4.4+4cb2921 (2020-04-05)
initialization file: /home/ben/.therion/therion.ini
reading ... done
checking optional fonts csr10 csti10 csbx10 csss10 csssi10 ... OK
checking optional fonts cmcyr10 cmcti10 cmcbx10 cmcss10 cmcssi10 ... OK
configuration file: thconfig
reading ... done
reading source files ... done
preprocessing database ... done
scanning centreline tree ... done
searching for centerline loops ... done
calculating station coordinates ... done
processing survey data ... 
####################### cavern log file ########################
 1> Survex 1.2.43
 2> Copyright © 1990-2020 Olly Betts
 3> Survey has no fixed points. Therefore I’ve fixed 1 at (0,0,0)
 4> 
 5> Survey contains 41 survey stations, joined by 40 legs.
 6> There are 0 loops.
 7> Total length of survey legs =    0.00m (   0.00m adjusted)
 8> Total plan length of survey legs =    0.00m
 9> Total vertical length of survey legs =    0.00m
10> Vertical range = 31.68m (from 28 at 10.46m to 21 at -21.22m)
11> North-South range = 188.94m (from 21 at 188.94m to 1 at 0.00m)
12> East-West range = 207.81m (from 41 at 200.46m to 2 at -7.35m)
13>    4 1-nodes.
14>   35 2-nodes.
15>    2 3-nodes.
16> 
######################### transcription ########################
 3> 1 : 0@cotw_entrance_redraw
 5> 41 : 40@cotw_entrance_redraw -- 40 : 39@cotw_entrance_redraw
10> 28 : 27@cotw_entrance_redraw -- 21 : 20@cotw_entrance_redraw
11> 21 : 20@cotw_entrance_redraw -- 1 : 0@cotw_entrance_redraw
12> 41 : 40@cotw_entrance_redraw -- 2 : 1@cotw_entrance_redraw
13> 4 : 3@cotw_entrance_redraw
14> 35 : 34@cotw_entrance_redraw
15> 2 : 1@cotw_entrance_redraw
#################### end of cavern log file ####################
done
calculating basic statistics ... done
processing extended elevation ... done
processing references ... done
selecting export objects ... done
writing cotw_entrance_redraw.3d ... done
writing cotw_entrance_redraw.lox ...
processing projection plan ... done
average distortion: 2.08%
.. done


############### export maps & scraps selection #################
S    -4.19  COTWEntranceSP1@cotw_entrance_redraw ()
S    -8.02  COTWEntranceSP2@cotw_entrance_redraw ()
########## end of export maps & scraps selection ###############
writing cotw_entrance_redraw.pdf ...
####################### metapost log file ########################
This is MetaPost, version 2.000 (TeX Live 2017/Debian) (kpathsea version 6.2.3)  13 APR 2020 10:46
**data.mp
(/usr/share/texlive/texmf-dist/metapost/base/mpost.mp
(/usr/share/texlive/texmf-dist/metapost/base/plain.mp
Preloading the plain mem file, version 1.005) ) (./data.mp
{randomseed:=42}
 [4001] [4002] [4003] [4004] [4005] [4006] [4007] [4008] [4009] [4010] [4011] [
4012] [4013] [4014]
[1] [2] [3] [4] [5] [6] [7] (./mptextmp.mp) [8] )
 
Here is how much of MetaPost's memory you used:
 3761 strings using 86162 characters
 3213576 bytes of node memory
 1657 symbolic tokens
 8i,81n,11p,312b,4f stack positions out of 16i,96n,12p,312b,6f
22 output files written: data.1 .. data.4014


#################### end of metapost log file ####################
converting scraps ... done
making map ... done
######################## pdftex log file #########################
This is pdfTeX, Version 3.14159265-2.6-1.40.18 (TeX Live 2017/Debian) (preloaded format=pdfetex 2019.12.12)  13 APR 2020 10:46
entering extended mode
 restricted \write18 enabled.
 %&-line parsing enabled.
**data.tex
(./data.tex (./th_enc.tex) (./th_texts.tex) (./th_resources.tex
(/usr/share/texlive/texmf-dist/tex/generic/pdftex/glyphtounicode.tex))
(./th_fontdef.tex{/var/lib/texmf/fonts/map/pdftex/updmap/pdftex.map})
(./th_formdef.tex) (./th_pagedef.tex) (./th_pages.tex)
 57 numeric registers used out of 32768
 [1] ) 
Here is how much of TeX's memory you used:
 254 strings out of 495042
 2615 string characters out of 6159509
 32302 words of memory out of 5000000
 1849 multiletter control sequences out of 15000+600000
 20080 words of font info for 63 fonts, out of 8000000 for 9000
 1141 hyphenation exceptions out of 8191
 9i,5n,8p,238b,58s stack positions out of 5000i,500n,10000p,200000b,80000s
</usr/share/texlive/texmf-dist/fonts/type1/public/amsfonts/cm/cmss10.pfb>
</usr/share/texlive/texmf-dist/fonts/type1/public/amsfonts/cm/cmssi10.pfb>
Output written on data.pdf (1 page, 42043 bytes).
PDF statistics:
 52 PDF objects out of 1000 (max. 8388607)
 30 compressed objects within 1 object stream
 0 named destinations out of 1000 (max. 500000)
 109 words of extra memory for PDF output out of 10000 (max. 10000000)


##################### end of pdftex log file #####################
done
compilation time: 1 sec


###################### scrap distortions #######################
 PROJECTION: plan
 AVERAGE  MAXIMAL  SCRAP
   4.00%   81.72%  COTWEntranceSP2@cotw_entrance_redraw
   0.80%   10.43%  COTWEntranceSP1@cotw_entrance_redraw
################### end of scrap distortions ###################
