therion 5.4.4+4cb2921 (2020-04-05)
initialization file: /home/ben/.therion/therion.ini
reading ... done
checking optional fonts csr10 csti10 csbx10 csss10 csssi10 ... OK
checking optional fonts cmcyr10 cmcti10 cmcbx10 cmcss10 cmcssi10 ... OK
configuration file: thconfig
reading ... done
reading source files ... done
preprocessing database ... done
scanning centreline tree ... done
searching for centerline loops ... done
calculating station coordinates ... done
processing survey data ... 
####################### cavern log file ########################
 1> Survex 1.2.43
 2> Copyright © 1990-2020 Olly Betts
 3> Survey has no fixed points. Therefore I’ve fixed 1 at (0,0,0)
 4> 
 5> Survey contains 113 survey stations, joined by 112 legs.
 6> There are 0 loops.
 7> Total length of survey legs = 3101.55m (3101.55m adjusted)
 8> Total plan length of survey legs = 3042.60m
 9> Total vertical length of survey legs =  339.80m
10> Vertical range = 106.04m (from 77 at 53.22m to 113 at -52.82m)
11> North-South range = 910.44m (from 95 at 910.44m to 1 at 0.00m)
12> East-West range = 774.01m (from 35 at 391.48m to 113 at -382.53m)
13>    3 1-nodes.
14>  109 2-nodes.
15>    1 3-node.
16> 
######################### transcription ########################
 3> 1 : 0@berangs_to_inflation
 5> 113 : 330@berangs_to_inflation -- 112 : 329@berangs_to_inflation
10> 77 : 208@berangs_to_inflation -- 113 : 330@berangs_to_inflation
11> 95 : 312a@berangs_to_inflation -- 1 : 0@berangs_to_inflation
12> 35 : 53@berangs_to_inflation -- 113 : 330@berangs_to_inflation
13> 3 : 2@berangs_to_inflation
14> 109 : 326@berangs_to_inflation
15> 1 : 0@berangs_to_inflation
#################### end of cavern log file ####################
done
calculating basic statistics ... done
processing extended elevation ... done
processing references ... done
selecting export objects ... done
writing berangs_to_inflation.lox ...
processing projection plan ... done
average distortion: 2.15%
.
therion: warning -- BerangsSP1@berangs_to_inflation -- multiple scrap outer outlines not supported yet
.
therion: warning -- BerangsSP2@berangs_to_inflation -- multiple scrap outer outlines not supported yet
..
therion: warning -- BerangsSP4@berangs_to_inflation -- invalid scrap outline
.
therion: warning -- BerangsSP5@berangs_to_inflation -- multiple scrap outer outlines not supported yet
therion: warning -- BerangsSP5@berangs_to_inflation -- invalid scrap outline
. done
writing berangs_to_inflation.3d ... done


############### export maps & scraps selection #################
M    -3.58 berangs_to_inflation_m@berangs_to_inflation ()
S   -11.86  BerangsSP1@berangs_to_inflation ()
S   -21.84  BerangsSP2@berangs_to_inflation ()
S   -12.28  BerangsSP3@berangs_to_inflation ()
S    31.66  BerangsSP6@berangs_to_inflation ()
########## end of export maps & scraps selection ###############
writing berangs_to_inflation.pdf ...
####################### metapost log file ########################
This is MetaPost, version 2.000 (TeX Live 2017/Debian) (kpathsea version 6.2.3)  13 APR 2020 20:37
**data.mp
(/usr/share/texlive/texmf-dist/metapost/base/mpost.mp
(/usr/share/texlive/texmf-dist/metapost/base/plain.mp
Preloading the plain mem file, version 1.005) ) (./data.mp
{randomseed:=42}
 [4001] [4002] [4003] [4004] [4005] [4006] [4007] [4008] [4009] [4010] [4011] [
4012] [4013] [4014]
[1] [2] [3] [4] [5] [6] [7] [8] [9] [10] [11] [12] [13] (./mptextmp.mp) [14] )
 
Here is how much of MetaPost's memory you used:
 7465 strings using 171062 characters
 3275472 bytes of node memory
 1657 symbolic tokens
 8i,81n,11p,312b,4f stack positions out of 16i,96n,12p,312b,6f
28 output files written: data.1 .. data.4014


#################### end of metapost log file ####################
converting scraps ... done
making map ... done
######################## pdftex log file #########################
This is pdfTeX, Version 3.14159265-2.6-1.40.18 (TeX Live 2017/Debian) (preloaded format=pdfetex 2019.12.12)  13 APR 2020 20:37
entering extended mode
 restricted \write18 enabled.
 %&-line parsing enabled.
**data.tex
(./data.tex (./th_enc.tex) (./th_texts.tex) (./th_resources.tex
(/usr/share/texlive/texmf-dist/tex/generic/pdftex/glyphtounicode.tex))
(./th_fontdef.tex{/var/lib/texmf/fonts/map/pdftex/updmap/pdftex.map})
(./th_formdef.tex) (./th_pagedef.tex) (./th_pages.tex)
 65 numeric registers used out of 32768
 [1] ) 
Here is how much of TeX's memory you used:
 262 strings out of 495042
 2701 string characters out of 6159509
 22674 words of memory out of 5000000
 1857 multiletter control sequences out of 15000+600000
 20080 words of font info for 63 fonts, out of 8000000 for 9000
 1141 hyphenation exceptions out of 8191
 9i,5n,8p,238b,58s stack positions out of 5000i,500n,10000p,200000b,80000s
</usr/share/texlive/texmf-dist/fonts/type1/public/amsfonts/cm/cmss10.pfb>
</usr/share/texlive/texmf-dist/fonts/type1/public/amsfonts/cm/cmssi10.pfb>
Output written on data.pdf (1 page, 56614 bytes).
PDF statistics:
 66 PDF objects out of 1000 (max. 8388607)
 37 compressed objects within 1 object stream
 0 named destinations out of 1000 (max. 500000)
 151 words of extra memory for PDF output out of 10000 (max. 10000000)


##################### end of pdftex log file #####################
done
compilation time: 1 sec


###################### scrap distortions #######################
 PROJECTION: plan
 AVERAGE  MAXIMAL  SCRAP
   1.79%   30.66%  BerangsSP3@berangs_to_inflation
   1.42%   22.69%  BerangsSP2@berangs_to_inflation
   7.97%   18.26%  BerangsSP1@berangs_to_inflation
   1.65%   15.68%  BerangsSP6@berangs_to_inflation
   0.00%    0.00%  BerangsSP4@berangs_to_inflation
   0.00%    0.00%  BerangsSP5@berangs_to_inflation
################### end of scrap distortions ###################
