therion 5.4.4+4cb2921 (2020-04-05)
initialization file: /home/ben/.therion/therion.ini
reading ... done
checking optional fonts csr10 csti10 csbx10 csss10 csssi10 ... OK
checking optional fonts cmcyr10 cmcti10 cmcbx10 cmcss10 cmcssi10 ... OK
configuration file: thconfig
reading ... done
reading source files ... done
preprocessing database ... done
scanning centreline tree ... done
searching for centerline loops ... done
calculating station coordinates ... done
processing survey data ... 
####################### cavern log file ########################
 1> Survex 1.2.43
 2> Copyright © 1990-2020 Olly Betts
 3> Survey has no fixed points. Therefore I’ve fixed 1 at (0,0,0)
 4> 
 5> Survey contains 17 survey stations, joined by 16 legs.
 6> There are 0 loops.
 7> Total length of survey legs =  169.56m ( 169.56m adjusted)
 8> Total plan length of survey legs =  149.38m
 9> Total vertical length of survey legs =   69.92m
10> Vertical range = 17.45m (from 1 at 0.00m to 10 at -17.45m)
11> North-South range = 58.20m (from 7 at 58.20m to 1 at 0.00m)
12> East-West range = 27.89m (from 6 at 21.70m to 11 at -6.19m)
13>    3 1-nodes.
14>   13 2-nodes.
15>    1 3-node.
16> 
######################### transcription ########################
 3> 1 : 22@scientific_method_ii
 5> 17 : 38@scientific_method_ii -- 16 : 37@scientific_method_ii
10> 1 : 22@scientific_method_ii -- 10 : 31@scientific_method_ii
11> 7 : 28@scientific_method_ii -- 1 : 22@scientific_method_ii
12> 6 : 27@scientific_method_ii -- 11 : 32@scientific_method_ii
13> 3 : 24@scientific_method_ii
14> 13 : 34@scientific_method_ii
15> 1 : 22@scientific_method_ii
#################### end of cavern log file ####################
done
calculating basic statistics ... done
processing extended elevation ... done
processing references ... done
selecting export objects ... done
writing scientific_method_ii.3d ... done
writing scientific_method_ii.lox ...
processing projection plan ... done
average distortion: 0.34%
.
therion: warning -- SciMethodIISP2@scientific_method_ii -- multiple scrap outer outlines not supported yet
.. done


############### export maps & scraps selection #################
S    -4.92  SciMethodIISP3@scientific_method_ii ()
S    -5.62  SciMethodIISP1@scientific_method_ii ()
S   -11.65  SciMethodIISP2@scientific_method_ii ()
########## end of export maps & scraps selection ###############
writing scientific_method_ii.pdf ...
####################### metapost log file ########################
This is MetaPost, version 2.000 (TeX Live 2017/Debian) (kpathsea version 6.2.3)  13 APR 2020 13:41
**data.mp
(/usr/share/texlive/texmf-dist/metapost/base/mpost.mp
(/usr/share/texlive/texmf-dist/metapost/base/plain.mp
Preloading the plain mem file, version 1.005) ) (./data.mp
{randomseed:=42}
 [4001] [4002] [4003] [4004] [4005] [4006] [4007] [4008] [4009] [4010] [4011] [
4012] [4013] [4014]
[Error: area borders l37-728--294 and l40-786--536 don't intersect in scrap Sci
MethodIISP2@scientific_method_ii (file scientific_method_ii.th2 [311])]
[Error: area borders l60-576--394 and l37-728--294 don't intersect in scrap Sci
MethodIISP2@scientific_method_ii (file scientific_method_ii.th2 [311])]
[Error: area borders l57-138--952 and l32-134--858 don't intersect in scrap Sci
MethodIISP2@scientific_method_ii (file scientific_method_ii.th2 [311])]
[Error: area borders l13-176--1178 and l31-192--968 don't intersect in scrap Sc
iMethodIISP2@scientific_method_ii (file scientific_method_ii.th2 [311])]
[Error: area borders l40-786--536 and l13-176--1178 don't intersect in scrap Sc
iMethodIISP2@scientific_method_ii (file scientific_method_ii.th2 [311])] [1]
[Warning: scrap outline intersects itself in scrap SciMethodIISP2@scientific_me
thod_ii] [2] [3] [4] [5] [6] [7] [8] [9] [10] (./mptextmp.mp) [11] )
 
Here is how much of MetaPost's memory you used:
 5040 strings using 114299 characters
 3313816 bytes of node memory
 1659 symbolic tokens
 11i,81n,14p,312b,4f stack positions out of 16i,96n,17p,312b,6f
25 output files written: data.1 .. data.4014


#################### end of metapost log file ####################
converting scraps ... done
making map ... done
######################## pdftex log file #########################
This is pdfTeX, Version 3.14159265-2.6-1.40.18 (TeX Live 2017/Debian) (preloaded format=pdfetex 2019.12.12)  13 APR 2020 13:41
entering extended mode
 restricted \write18 enabled.
 %&-line parsing enabled.
**data.tex
(./data.tex (./th_enc.tex) (./th_texts.tex) (./th_resources.tex
(/usr/share/texlive/texmf-dist/tex/generic/pdftex/glyphtounicode.tex))
(./th_fontdef.tex{/var/lib/texmf/fonts/map/pdftex/updmap/pdftex.map})
(./th_formdef.tex) (./th_pagedef.tex) (./th_pages.tex)
 61 numeric registers used out of 32768
 [1] ) 
Here is how much of TeX's memory you used:
 258 strings out of 495042
 2658 string characters out of 6159509
 57454 words of memory out of 5000000
 1853 multiletter control sequences out of 15000+600000
 20080 words of font info for 63 fonts, out of 8000000 for 9000
 1141 hyphenation exceptions out of 8191
 9i,5n,8p,238b,58s stack positions out of 5000i,500n,10000p,200000b,80000s
</usr/share/texlive/texmf-dist/fonts/type1/public/amsfonts/cm/cmss10.pfb>
</usr/share/texlive/texmf-dist/fonts/type1/public/amsfonts/cm/cmssi10.pfb>
Output written on data.pdf (1 page, 63688 bytes).
PDF statistics:
 62 PDF objects out of 1000 (max. 8388607)
 35 compressed objects within 1 object stream
 0 named destinations out of 1000 (max. 500000)
 139 words of extra memory for PDF output out of 10000 (max. 10000000)


##################### end of pdftex log file #####################
done
compilation time: 1 sec


###################### scrap distortions #######################
 PROJECTION: plan
 AVERAGE  MAXIMAL  SCRAP
   0.49%   15.32%  SciMethodIISP3@scientific_method_ii
   0.19%    5.99%  SciMethodIISP2@scientific_method_ii
   1.23%    5.38%  SciMethodIISP1@scientific_method_ii
################### end of scrap distortions ###################
