therion 6.1.3 (2022-11-26)
  - using Proj 9.1.0, compiled against 9.1.0
initialization file: C:\Program Files (x86)\Therion/therion.ini
reading ... done
configuration file: thconfig
reading ... done
reading source files ... done
preprocessing database ... done
scanning centreline tree ... done
searching for centerline loops ... done
calculating station coordinates ... done
processing survey data ... 
####################### cavern log file ########################
 1> Survex 1.2.44
 2> Copyright ¸ 1990-2021 Olly Betts
 3> Survey has no fixed points. Therefore I've fixed 1 at (0,0,0)
 4> 
 5> Survey contains 164 survey stations, joined by 163 legs.
 6> There is 1 loop.
 7> Survey has 2 connected components.
 8> Total length of survey legs =  103.38m ( 103.38m adjusted)
 9> Total plan length of survey legs =   89.84m
10> Total vertical length of survey legs =   44.06m
11> Vertical range = 76.90m (from 35 at 42.83m to 158 at -34.07m)
12> North-South range = 80.90m (from 146 at 63.48m to 14 at -17.42m)
13> East-West range = 28.13m (from 8 at 8.66m to 164 at -19.47m)
14>  151 1-nodes.
15>    2 6-nodes.
16>    1 8-node.
17>    1 9-node.
18>    2 11-nodes.
19>    1 14-node.
20>    1 16-node.
21>    3 17-nodes.
22>    1 20-node.
23>    1 23-node.
24> 
######################### transcription ########################
 3> 1 : 0@20221122AGb
 5> 164 : 14@20221122AGb -- 163 : .@20221122AGb
 6> 1 : 0@20221122AGb
 7> 2 : .@20221122AGb
11> 35 : .@20221122AGb -- 158 : .@20221122AGb
12> 146 : .@20221122AGb -- 14 : .@20221122AGb
13> 8 : .@20221122AGb -- 164 : 14@20221122AGb
14> 151 : .@20221122AGb
15> 2 : .@20221122AGb
16> 1 : 0@20221122AGb
17> 1 : 0@20221122AGb
18> 2 : .@20221122AGb
19> 1 : 0@20221122AGb
20> 1 : 0@20221122AGb
21> 3 : .@20221122AGb
22> 1 : 0@20221122AGb
23> 1 : 0@20221122AGb
#################### end of cavern log file ####################
done
calculating basic statistics ... done
processing extended elevation ... done
processing references ... done
selecting export objects ... done
writing 20221122AGb.3d ... done
processing projection plan ... done
average distortion: 0.03%


############### export maps & scraps selection #################
S    -0.52 scrap0@20221122AGb ()
S   -13.66 scrap1@20221122AGb ()
S   -30.55 scrap2@20221122AGb ()
########## end of export maps & scraps selection ###############
writing 20221122AGb_Plan.pdf ...
####################### metapost log file ########################
This is MetaPost, version 2.01 (TeX Live 2021/W32TeX) (kpathsea version 6.3.3)  6 JAN 2023 15:29
**data.mp
(c:/Program Files (x86)/Therion/texmf/mpost/mpost.mp
(c:/Program Files (x86)/Therion/texmf/mpost/plain.mp
Preloading the plain mem file, version 1.005) ) (./data.mp
{randomseed:=42}
 [1] [2] [3] [4]
[5] [6] [7] [8] [9] [10] [11] [12] [13] [14]
[15] [16] [17] [1] [2] [3] [4] [5] [6] [7] [8] [9] (./mptextmp.mp) [10] [11]
[12] [13] [14] [15] [16] [17] [18] [19] [20] [21] [22] [23] [24] [25] [26] )
 
Here is how much of MetaPost's memory you used:
 4653 strings using 106552 characters
 2438644 bytes of node memory
 1918 symbolic tokens
 8i,82n,16p,312b,5f stack positions out of 16i,98n,20p,312b,6f
43 output files written: data-patt.1 .. data.26


#################### end of metapost log file ####################
converting scraps ... done
making map ... done
######################## pdftex log file #########################
This is pdfTeX, Version 3.141592653-2.6-1.40.22 (TeX Live 2021/W32TeX) (preloaded format=pdftex 2021.6.19)  6 JAN 2023 15:29
entering extended mode
**data.tex
(./data.tex (./th_enc.tex) (./th_texts.tex) (./th_resources.tex
(c:/Program Files (x86)/Therion/texmf/tex/glyphtounicode.tex))
(./th_fontdef.tex{c:/Program Files (x86)/Therion/texmf/fonts/pdftex.map})
(./th_formdef.tex) (./th_pagedef.tex) (./th_pages.tex)
 77 numeric registers used out of 32768
 [1] ) 
Here is how much of TeX's memory you used:
 300 strings out of 94604
 4093 string characters out of 1142524
 22886 words of memory out of 5008614
 1955 multiletter control sequences out of 15000+50000
 20080 words of font info for 63 fonts, out of 1000000 for 2000
 1416 hyphenation exceptions out of 5000
 9i,5n,6p,229b,56s stack positions out of 5000i,500n,10000p,200000b,50000s
<c:/Program Files (x86)/Therion/texmf/fonts/type1/cmss10.pfb><c:/Program 
Files (x86)/Therion/texmf/fonts/type1/cmssi10.pfb>
Output written on data.pdf (1 page, 43244 bytes).
PDF statistics:
 94 PDF objects out of 1000 (max. 8388607)
 51 compressed objects within 1 object stream
 0 named destinations out of 1000 (max. 500000)
 235 words of extra memory for PDF output out of 10000 (max. 10000000)


##################### end of pdftex log file #####################
done
processing projection extended ... done
average distortion: 0.02%


############### export maps & scraps selection #################
S     0.00 20221122AGbSE2@20221122AGb ()
S     0.00 20221122AGbSE1@20221122AGb ()
########## end of export maps & scraps selection ###############
writing 20221122AGb_Extended.pdf ...
####################### metapost log file ########################
This is MetaPost, version 2.01 (TeX Live 2021/W32TeX) (kpathsea version 6.3.3)  6 JAN 2023 15:29
**data.mp
(c:/Program Files (x86)/Therion/texmf/mpost/mpost.mp
(c:/Program Files (x86)/Therion/texmf/mpost/plain.mp
Preloading the plain mem file, version 1.005) ) (./data.mp
{randomseed:=42}
 [1] [2] [3] [4]
[5] [6] [7] [8] [9] [10] [11] [12] [13] [14]
[15] [16] [17] [1] [2] [3] [4] [5] [6] [7] (./mptextmp.mp) [8] [9] [10] [11]
[12] [13] [14] [15] [16] [17] [18] [19] [20] [21] )
 
Here is how much of MetaPost's memory you used:
 4753 strings using 109476 characters
 2473428 bytes of node memory
 1916 symbolic tokens
 8i,82n,11p,312b,4f stack positions out of 16i,98n,12p,312b,6f
38 output files written: data-patt.1 .. data.21


#################### end of metapost log file ####################
converting scraps ... done
making map ... done
######################## pdftex log file #########################
This is pdfTeX, Version 3.141592653-2.6-1.40.22 (TeX Live 2021/W32TeX) (preloaded format=pdftex 2021.6.19)  6 JAN 2023 15:29
entering extended mode
**data.tex
(./data.tex (./th_enc.tex) (./th_texts.tex) (./th_resources.tex
(c:/Program Files (x86)/Therion/texmf/tex/glyphtounicode.tex))
(./th_fontdef.tex{c:/Program Files (x86)/Therion/texmf/fonts/pdftex.map})
(./th_formdef.tex) (./th_pagedef.tex) (./th_pages.tex)
 72 numeric registers used out of 32768
 [1] ) 
Here is how much of TeX's memory you used:
 294 strings out of 94604
 4046 string characters out of 1142524
 27373 words of memory out of 5012101
 1949 multiletter control sequences out of 15000+50000
 20080 words of font info for 63 fonts, out of 1000000 for 2000
 1416 hyphenation exceptions out of 5000
 9i,5n,6p,229b,56s stack positions out of 5000i,500n,10000p,200000b,50000s
<c:/Program Files (x86)/Therion/texmf/fonts/type1/cmss10.pfb><c:/Program 
Files (x86)/Therion/texmf/fonts/type1/cmssi10.pfb>
Output written on data.pdf (1 page, 41302 bytes).
PDF statistics:
 82 PDF objects out of 1000 (max. 8388607)
 45 compressed objects within 1 object stream
 0 named destinations out of 1000 (max. 500000)
 199 words of extra memory for PDF output out of 10000 (max. 10000000)


##################### end of pdftex log file #####################
done
processing projection elevation ... done
average distortion: 0.00%
writing 20221122AGb-elevation115.xvi ... done


############### export maps & scraps selection #################
S    18.70 20221122AGbSL1@20221122AGb ()
########## end of export maps & scraps selection ###############
writing 20221122AGb_Side115.pdf ...
####################### metapost log file ########################
This is MetaPost, version 2.01 (TeX Live 2021/W32TeX) (kpathsea version 6.3.3)  6 JAN 2023 15:29
**data.mp
(c:/Program Files (x86)/Therion/texmf/mpost/mpost.mp
(c:/Program Files (x86)/Therion/texmf/mpost/plain.mp
Preloading the plain mem file, version 1.005) ) (./data.mp
{randomseed:=42}
 [1] [2] [3] [4]
[5] [6] [7] [8] [9] [10] [11] [12] [13] [14]
[15] [16] [17] [1] [2] [3] [4] [5] (./mptextmp.mp) [6] [7] [8] [9] [10] [11]
[12] [13] [14] [15] [16] [17] [18] [19] [20] [21] )
 
Here is how much of MetaPost's memory you used:
 3936 strings using 95534 characters
 2442796 bytes of node memory
 1918 symbolic tokens
 8i,82n,16p,312b,5f stack positions out of 16i,98n,20p,312b,6f
38 output files written: data-patt.1 .. data.21


#################### end of metapost log file ####################
converting scraps ... done
making map ... done
######################## pdftex log file #########################
This is pdfTeX, Version 3.141592653-2.6-1.40.22 (TeX Live 2021/W32TeX) (preloaded format=pdftex 2021.6.19)  6 JAN 2023 15:29
entering extended mode
**data.tex
(./data.tex (./th_enc.tex) (./th_texts.tex) (./th_resources.tex
(c:/Program Files (x86)/Therion/texmf/tex/glyphtounicode.tex))
(./th_fontdef.tex{c:/Program Files (x86)/Therion/texmf/fonts/pdftex.map})
(./th_formdef.tex) (./th_pagedef.tex) (./th_pages.tex)
 70 numeric registers used out of 32768
 [1] ) 
Here is how much of TeX's memory you used:
 293 strings out of 94604
 4014 string characters out of 1142524
 27788 words of memory out of 5012516
 1948 multiletter control sequences out of 15000+50000
 20080 words of font info for 63 fonts, out of 1000000 for 2000
 1416 hyphenation exceptions out of 5000
 9i,5n,6p,229b,56s stack positions out of 5000i,500n,10000p,200000b,50000s
<c:/Program Files (x86)/Therion/texmf/fonts/type1/cmss10.pfb><c:/Program 
Files (x86)/Therion/texmf/fonts/type1/cmssi10.pfb>
Output written on data.pdf (1 page, 37002 bytes).
PDF statistics:
 76 PDF objects out of 1000 (max. 8388607)
 42 compressed objects within 1 object stream
 0 named destinations out of 1000 (max. 500000)
 181 words of extra memory for PDF output out of 10000 (max. 10000000)


##################### end of pdftex log file #####################
done
writing xtherion file ... done
compilation time: 3 sec


###################### scrap distortions #######################
 PROJECTION: plan
 AVERAGE  MAXIMAL  SCRAP
   0.06%    0.27%  scrap2@20221122AGb
   0.01%    0.09%  scrap1@20221122AGb
   0.00%    0.00%  scrap0@20221122AGb
################### end of scrap distortions ###################


###################### scrap distortions #######################
 PROJECTION: extended
 AVERAGE  MAXIMAL  SCRAP
   0.03%    0.14%  20221122AGbSE1@20221122AGb
   0.00%    0.00%  20221122AGbSE2@20221122AGb
################### end of scrap distortions ###################


###################### scrap distortions #######################
 PROJECTION: elevation
 AVERAGE  MAXIMAL  SCRAP
   0.00%    0.01%  20221122AGbSL1@20221122AGb
################### end of scrap distortions ###################
