therion 5.4.4 (2019-05-01)
initialization file: C:\Users\reavis\AppData\Local\Therion/therion.ini
reading ... done
configuration file: thconfig
reading ... done
reading source files ... done
preprocessing database ... done
scanning centreline tree ... done
searching for centerline loops ... done
calculating station coordinates ... done
processing survey data ... 
####################### cavern log file ########################
 1> Survex 1.2.41
 2> Copyright ¸ 1990-2018 Olly Betts
 3> Survey has no fixed points. Therefore I've fixed 1 at (0,0,0)
 4> 
 5> Survey contains 94 survey stations, joined by 93 legs.
 6> There are 0 loops.
 7> Total length of survey legs =  890.82m ( 890.82m adjusted)
 8> Total plan length of survey legs =  776.28m
 9> Total vertical length of survey legs =  288.88m
10> Vertical range = 88.72m (from 72 at 82.65m to 11 at -6.08m)
11> North-South range = 231.47m (from 1 at 0.00m to 72 at -231.47m)
12> East-West range = 141.06m (from 32 at 97.13m to 48 at -43.92m)
13>   53 1-nodes.
14>   28 2-nodes.
15>    5 3-nodes.
16>    1 6-node.
17>    4 7-nodes.
18>    2 9-nodes.
19>    1 10-node.
20> 
######################### transcription ########################
 3> 1 : 0@boom_boom
 5> 94 : -@boom_boom -- 93 : -@boom_boom
10> 72 : -@boom_boom -- 11 : 88@boom_boom
11> 1 : 0@boom_boom -- 72 : -@boom_boom
12> 32 : 28@boom_boom -- 48 : 43@boom_boom
13> 53 : -@boom_boom
14> 28 : 24@boom_boom
15> 5 : 4@boom_boom
16> 1 : 0@boom_boom
17> 4 : 3@boom_boom
18> 2 : 1@boom_boom
19> 1 : 0@boom_boom
#################### end of cavern log file ####################
done
calculating basic statistics ... done
processing extended elevation ... done
processing references ... done
selecting export objects ... done
writing boom_boom.lox ...
processing projection plan ... done
average distortion: 1.53%
... done
writing boom_boom.3d ... done
writing boom_boom.pdf ...
processing projection none ... done
####################### metapost log file ########################
This is MetaPost, version 1.209 (kpathsea version 5.1.0) (mem=mpost 2010.01.31)  25 MAR 2021 11:18
**data.mp
(./data.mp
{randomseed:=42}
 [4001] [4002] [4003] [4004] [4005] [4006] [4007] [4008] [4009] [4010] [4011] [
4012] [4013]
[1] [2] [3] [4] [5] [6] [7] [8] [9] [10] [11] [12] [13] [14] [15] [16] [17]
[18] [19] [20] [21] [22] [23] [24] [25] (./mptextmp.mp) [26] )
 
Here is how much of MetaPost's memory you used:
 1248 strings out of 1638
 14047 string characters out of 26823
 131600 words of memory out of 1500000
 1405 symbolic tokens out of 16384
 11i,75n,14p,344b,5f stack positions out of 300i,84n,5000p,390b,15f
 231 string compactions (moved 3060769 characters, 256137 strings)
39 output files written: data.1 .. data.4013

#################### end of metapost log file ####################
converting scraps ... done
making map ... done
######################## pdftex log file #########################
This is pdfTeX, Version 3.1415926-1.40.10 (Web2C 2009) (format=pdftex 2010.1.2)  25 MAR 2021 11:19
entering extended mode
**data.tex
(./data.tex (./th_enc.tex) (./th_texts.tex) (./th_resources.tex
(c:/Users/reavis/AppData/Local/Therion/texmf/tex/glyphtounicode.tex))
(./th_fontdef.tex{c:/Users/reavis/AppData/Local/Therion/texmf/fonts/pdftex.map}
)
(./th_formdef.tex) (./th_pagedef.tex) (./th_pages.tex)
 84 numeric registers used out of 32768
 [1] ) 
Here is how much of TeX's memory you used:
 281 strings out of 95617
 2883 string characters out of 1171098
 154446 words of memory out of 1628424
 1694 multiletter control sequences out of 15000+50000
 20080 words of font info for 63 fonts, out of 1000000 for 2000
 849 hyphenation exceptions out of 1000
 9i,5n,8p,276b,58s stack positions out of 5000i,500n,10000p,200000b,50000s
<c:/Users/reavis/AppData/Local/Therion/texmf/fonts/type1/cmss10.pfb><c:/U
sers/reavis/AppData/Local/Therion/texmf/fonts/type1/cmssi10.pfb>
Output written on data.pdf (1 page, 116504 bytes).
PDF statistics:
 100 PDF objects out of 1000 (max. 8388607)
 0 named destinations out of 1000 (max. 500000)
 261 words of extra memory for PDF output out of 10000 (max. 10000000)


##################### end of pdftex log file #####################
done
writing xtherion file ... done
compilation time: 2 sec


###################### scrap distortions #######################
 PROJECTION: plan
 AVERAGE  MAXIMAL  SCRAP
   4.42%   52.12%  boom_boom_s1@boom_boom
   1.07%   20.62%  boom_boom_s2@boom_boom
   0.46%    9.01%  boom_boom_s3@boom_boom
################### end of scrap distortions ###################
