therion 5.4.4+4cb2921 (2020-04-05)
initialization file: /home/ben/.therion/therion.ini
reading ... done
checking optional fonts csr10 csti10 csbx10 csss10 csssi10 ... OK
checking optional fonts cmcyr10 cmcti10 cmcbx10 cmcss10 cmcssi10 ... OK
configuration file: thconfig
reading ... done
reading source files ... done
preprocessing database ... done
scanning centreline tree ... done
searching for centerline loops ... done
calculating station coordinates ... done
average loop error: 0.23%
processing survey data ... 
####################### cavern log file ########################
 1> Survex 1.2.43
 2> Copyright © 1990-2020 Olly Betts
 3> Survey has no fixed points. Therefore I’ve fixed 1 at (0,0,0)
 4> 
 5> Survey contains 738 survey stations, joined by 738 legs.
 6> There is 1 loop.
 7> Total length of survey legs = 1645.34m (1645.34m adjusted)
 8> Total plan length of survey legs = 1619.29m
 9> Total vertical length of survey legs =  153.50m
10> Vertical range = 38.71m (from 1 at 0.00m to 84 at -38.71m)
11> North-South range = 623.54m (from 662 at 623.54m to 1 at 0.00m)
12> East-West range = 796.79m (from 690 at 790.78m to 11 at -6.00m)
13>  677 1-nodes.
14>   21 2-nodes.
15>    1 3-node.
16>    3 4-nodes.
17>    1 5-node.
18>    2 6-nodes.
19>    1 7-node.
20>    2 8-nodes.
21>    1 10-node.
22>    2 12-nodes.
23>    2 13-nodes.
24>    3 14-nodes.
25>    3 16-nodes.
26>    4 17-nodes.
27>    1 18-node.
28>    1 21-node.
29>    1 23-node.
30>    2 24-nodes.
31>    1 28-node.
32>    1 29-node.
33>    3 33-nodes.
34>    2 36-nodes.
35>    1 41-node.
36>    1 48-node.
37>    1 57-node.
38> 
######################### transcription ########################
 3> 1 : 71@clearwater_stream_to_sump_1
 5> 738 : 144i@clearwater_stream_to_sump_1 -- 738 : 144i@clearwater_stream_to_sump_1
 6> 1 : 71@clearwater_stream_to_sump_1
10> 1 : 71@clearwater_stream_to_sump_1 -- 84 : 113@clearwater_stream_to_sump_1
11> 662 : 140i@clearwater_stream_to_sump_1 -- 1 : 71@clearwater_stream_to_sump_1
12> 690 : 141i@clearwater_stream_to_sump_1 -- 11 : 78@clearwater_stream_to_sump_1
13> 677 : 140x@clearwater_stream_to_sump_1
14> 21 : 85c@clearwater_stream_to_sump_1
15> 1 : 71@clearwater_stream_to_sump_1
16> 3 : 74@clearwater_stream_to_sump_1
17> 1 : 71@clearwater_stream_to_sump_1
18> 2 : 73@clearwater_stream_to_sump_1
19> 1 : 71@clearwater_stream_to_sump_1
20> 2 : 73@clearwater_stream_to_sump_1
21> 1 : 71@clearwater_stream_to_sump_1
22> 2 : 73@clearwater_stream_to_sump_1
23> 2 : 73@clearwater_stream_to_sump_1
24> 3 : 74@clearwater_stream_to_sump_1
25> 3 : 74@clearwater_stream_to_sump_1
26> 4 : 74a@clearwater_stream_to_sump_1
27> 1 : 71@clearwater_stream_to_sump_1
28> 1 : 71@clearwater_stream_to_sump_1
29> 1 : 71@clearwater_stream_to_sump_1
30> 2 : 73@clearwater_stream_to_sump_1
31> 1 : 71@clearwater_stream_to_sump_1
32> 1 : 71@clearwater_stream_to_sump_1
33> 3 : 74@clearwater_stream_to_sump_1
34> 2 : 73@clearwater_stream_to_sump_1
35> 1 : 71@clearwater_stream_to_sump_1
36> 1 : 71@clearwater_stream_to_sump_1
37> 1 : 71@clearwater_stream_to_sump_1
#################### end of cavern log file ####################
done
calculating basic statistics ... done
processing extended elevation ... done
processing references ... done
selecting export objects ... done
writing clearwater_stream_to_sump_1.3d ... done
writing clearwater_stream_to_sump_1.lox ...
processing projection plan ... done
 done


############### export maps & scraps selection #################
S      nan  @ ()
########## end of export maps & scraps selection ###############
writing clearwater_stream_to_sump_1.pdf ...
####################### metapost log file ########################
This is MetaPost, version 2.000 (TeX Live 2017/Debian) (kpathsea version 6.2.3)  11 APR 2020 20:14
**data.mp
(/usr/share/texlive/texmf-dist/metapost/base/mpost.mp
(/usr/share/texlive/texmf-dist/metapost/base/plain.mp
Preloading the plain mem file, version 1.005) ) (./data.mp
{randomseed:=42}
 [4001] [4002] [4003] [4004] [4005] [4006] [4007] [4008] [4009] [4010] [4011] [
4012] [4013] [4014]
[1] [2] (./mptextmp.mp) [3] )
 
Here is how much of MetaPost's memory you used:
 1374 strings using 32072 characters
 4426240 bytes of node memory
 1658 symbolic tokens
 8i,81n,11p,312b,4f stack positions out of 16i,96n,12p,312b,6f
17 output files written: data.1 .. data.4014


#################### end of metapost log file ####################
converting scraps ... done
making map ... done
######################## pdftex log file #########################
This is pdfTeX, Version 3.14159265-2.6-1.40.18 (TeX Live 2017/Debian) (preloaded format=pdfetex 2019.12.12)  11 APR 2020 20:14
entering extended mode
 restricted \write18 enabled.
 %&-line parsing enabled.
**data.tex
(./data.tex (./th_enc.tex) (./th_texts.tex) (./th_resources.tex
(/usr/share/texlive/texmf-dist/tex/generic/pdftex/glyphtounicode.tex))
(./th_fontdef.tex{/var/lib/texmf/fonts/map/pdftex/updmap/pdftex.map})
(./th_formdef.tex) (./th_pagedef.tex) (./th_pages.tex)
 50 numeric registers used out of 32768
 [1] ) 
Here is how much of TeX's memory you used:
 247 strings out of 495042
 2540 string characters out of 6159509
 706869 words of memory out of 5000000
 1842 multiletter control sequences out of 15000+600000
 18931 words of font info for 60 fonts, out of 8000000 for 9000
 1141 hyphenation exceptions out of 8191
 9i,5n,8p,238b,58s stack positions out of 5000i,500n,10000p,200000b,80000s
</usr/share/texlive/texmf-dist/fonts/type1/public/amsfonts/cm/cmss10.pfb>
</usr/share/texlive/texmf-dist/fonts/type1/public/amsfonts/cm/cmssi10.pfb>
Output written on data.pdf (1 page, 166120 bytes).
PDF statistics:
 36 PDF objects out of 1000 (max. 8388607)
 22 compressed objects within 1 object stream
 0 named destinations out of 1000 (max. 500000)
 61 words of extra memory for PDF output out of 10000 (max. 10000000)


##################### end of pdftex log file #####################
done
compilation time: 1 sec


######################### loop errors ##########################
REL-ERR ABS-ERR TOTAL-L STS X-ERROR Y-ERROR Z-ERROR STATIONS
  0.23%    0.1m   61.0m   2    0.0m   -0.1m    0.1m [71@clearwater_stream_to_sump_1 - 73 - 71]
##################### end of loop errors #######################
