therion 5.4.4+19919fc (2020-10-19)
  - using Proj 6.3.1, compiled against 6.3.1
initialization file: /home/ben/.therion/therion.ini
reading ... done
checking optional fonts csr10 csti10 csbx10 csss10 csssi10 ... OK
checking optional fonts cmcyr10 cmcti10 cmcbx10 cmcss10 cmcssi10 ... OK
configuration file: thconfig
reading ... done
reading source files ... done
preprocessing database ... done
scanning centreline tree ... done
searching for centerline loops ... done
calculating station coordinates ... done
processing survey data ... 
####################### cavern log file ########################
 1> Survex 1.2.42
 2> Copyright © 1990-2018 Olly Betts
 3> 
 4> Survey contains 12 survey stations, joined by 11 legs.
 5> There are 0 loops.
 6> Total length of survey legs =  347.83m ( 347.83m adjusted)
 7> Total plan length of survey legs =  307.44m
 8> Total vertical length of survey legs =  111.00m
 9> Vertical range = 92.00m (from 10 at 460.00m to 2 at 368.00m)
10> North-South range = 138.55m (from 9 at 450034.62m to 12 at 449896.07m)
11> East-West range = 186.74m (from 11 at 261176.02m to 2 at 260989.27m)
12>    5 1-nodes.
13>    4 2-nodes.
14>    3 3-nodes.
15> 
######################### transcription ########################
 4> 12 : 845@nilongs_cave_fake.nilongs_master -- 11 : 840@nilongs_cave_fake.nilongs_master
 9> 10 : 835@nilongs_cave_fake.nilongs_master -- 2 : 825@nilongs_cave_fake.nilongs_master
10> 9 : 832@nilongs_cave_fake.nilongs_master -- 12 : 845@nilongs_cave_fake.nilongs_master
11> 11 : 840@nilongs_cave_fake.nilongs_master -- 2 : 825@nilongs_cave_fake.nilongs_master
12> 5 : 828@nilongs_cave_fake.nilongs_master
13> 4 : 827@nilongs_cave_fake.nilongs_master
14> 3 : 826@nilongs_cave_fake.nilongs_master
#################### end of cavern log file ####################
done
calculating basic statistics ... done
processing extended elevation ... done
processing references ... done
selecting export objects ... done
processing projection plan ... done
average distortion: 3.84%


############### export maps & scraps selection #################
M   400.67 nilongs_cave_m@nilongs_cave_fake.nilongs_master ()
S   400.67  NilongsSP1@nilongs_cave_fake.nilongs_master ()
########## end of export maps & scraps selection ###############
writing nilongs_master.pdf ...
####################### metapost log file ########################
This is MetaPost, version 2.00 (TeX Live 2019/Debian) (kpathsea version 6.3.1)  20 DEC 2020 21:20
**data.mp
(/usr/share/texlive/texmf-dist/metapost/base/mpost.mp
(/usr/share/texlive/texmf-dist/metapost/base/plain.mp
Preloading the plain mem file, version 1.005) ) (./data.mp
{randomseed:=42}
 [4001] [4002] [4003] [4004] [4005] [4006] [4007] [4008] [4009] [4010] [4011] [
4012] [4013] [4014]
[1] [2] [3] [4] (./mptextmp.mp) [5] )
 
Here is how much of MetaPost's memory you used:
 3431 strings using 78376 characters
 3240576 bytes of node memory
 1658 symbolic tokens
 8i,82n,11p,312b,4f stack positions out of 16i,98n,12p,312b,6f
19 output files written: data.1 .. data.4014


#################### end of metapost log file ####################
converting scraps ... done
making map ... done
######################## pdftex log file #########################
This is pdfTeX, Version 3.14159265-2.6-1.40.20 (TeX Live 2019/Debian) (preloaded format=pdftex 2020.10.6)  20 DEC 2020 21:20
entering extended mode
 restricted \write18 enabled.
 %&-line parsing enabled.
**data.tex
(./data.tex (./th_enc.tex) (./th_texts.tex) (./th_resources.tex
(/usr/share/texlive/texmf-dist/tex/generic/pdftex/glyphtounicode.tex))
(./th_fontdef.tex{/var/lib/texmf/fonts/map/pdftex/updmap/pdftex.map})
(./th_formdef.tex) (./th_pagedef.tex) (./th_pages.tex)
 53 numeric registers used out of 32768
 [1] ) 
Here is how much of TeX's memory you used:
 250 strings out of 495031
 2572 string characters out of 6159437
 22351 words of memory out of 5000000
 1850 multiletter control sequences out of 15000+600000
 20080 words of font info for 63 fonts, out of 8000000 for 9000
 1141 hyphenation exceptions out of 8191
 9i,5n,8p,238b,58s stack positions out of 5000i,500n,10000p,200000b,80000s
</usr/share/texlive/texmf-dist/fonts/type1/public/amsfonts/cm/cmss10.pfb>
</usr/share/texlive/texmf-dist/fonts/type1/public/amsfonts/cm/cmssi10.pfb>
Output written on data.pdf (1 page, 35970 bytes).
PDF statistics:
 42 PDF objects out of 1000 (max. 8388607)
 25 compressed objects within 1 object stream
 0 named destinations out of 1000 (max. 500000)
 79 words of extra memory for PDF output out of 10000 (max. 10000000)


##################### end of pdftex log file #####################
done
writing nilongs_master.3d ... done
compilation time: 1 sec


###################### scrap distortions #######################
 PROJECTION: plan
 AVERAGE  MAXIMAL  SCRAP
   3.84%   15.19%  NilongsSP1@nilongs_cave_fake.nilongs_master
################### end of scrap distortions ###################
