therion 5.4.4+4cb2921 (2020-04-05)
initialization file: /home/ben/.therion/therion.ini
reading ... done
checking optional fonts csr10 csti10 csbx10 csss10 csssi10 ... OK
checking optional fonts cmcyr10 cmcti10 cmcbx10 cmcss10 cmcssi10 ... OK
configuration file: thconfig
reading ... done
reading source files ... done
preprocessing database ... done
scanning centreline tree ... done
searching for centerline loops ... done
calculating station coordinates ... done
processing survey data ... 
####################### cavern log file ########################
 1> Survex 1.2.43
 2> Copyright © 1990-2020 Olly Betts
 3> Survey has no fixed points. Therefore I’ve fixed 1 at (0,0,0)
 4> 
 5> Survey contains 96 survey stations, joined by 95 legs.
 6> There are 0 loops.
 7> Total length of survey legs =  702.65m ( 702.65m adjusted)
 8> Total plan length of survey legs =  635.91m
 9> Total vertical length of survey legs =  252.72m
10> Vertical range = 79.59m (from 79 at 61.18m to 14 at -18.41m)
11> North-South range = 205.18m (from 49 at 193.71m to 4 at -11.47m)
12> East-West range = 317.39m (from 54 at 310.82m to 93 at -6.57m)
13>   50 1-nodes.
14>   35 2-nodes.
15>    3 3-nodes.
16>    1 4-node.
17>    1 6-node.
18>    4 7-nodes.
19>    1 8-node.
20>    1 15-node.
21> 
######################### transcription ########################
 3> 1 : 44@upskirt_lower
 5> 96 : -@upskirt_lower -- 95 : -@upskirt_lower
10> 79 : -@upskirt_lower -- 14 : 56@upskirt_lower
11> 49 : 81@upskirt_lower -- 4 : 46@upskirt_lower
12> 54 : 86@upskirt_lower -- 93 : -@upskirt_lower
13> 50 : 82@upskirt_lower
14> 35 : 67@upskirt_lower
15> 3 : 45@upskirt_lower
16> 1 : 44@upskirt_lower
17> 1 : 44@upskirt_lower
18> 4 : 46@upskirt_lower
19> 1 : 44@upskirt_lower
20> 1 : 44@upskirt_lower
#################### end of cavern log file ####################
done
calculating basic statistics ... done
processing extended elevation ... done
processing references ... done
selecting export objects ... done
writing upskirt_lower.3d ... done
writing upskirt_lower.lox ...
processing projection plan ... done
average distortion: 0.28%
.
therion: warning -- upskirt_lower_s1@upskirt_lower -- invalid scrap outline
. done


############### export maps & scraps selection #################
M    12.29 upskirtLowerPlan@upskirt_lower ()
S    -6.31  upskirt_lower_s1@upskirt_lower ()
S    30.89  upskirt_lower_s2@upskirt_lower ()
########## end of export maps & scraps selection ###############
writing upskirt_lower.pdf ...
####################### metapost log file ########################
This is MetaPost, version 2.000 (TeX Live 2017/Debian) (kpathsea version 6.2.3)  12 APR 2020 15:05
**data.mp
(/usr/share/texlive/texmf-dist/metapost/base/mpost.mp
(/usr/share/texlive/texmf-dist/metapost/base/plain.mp
Preloading the plain mem file, version 1.005) ) (./data.mp
{randomseed:=42}
 [4001] [4002] [4003] [4004] [4005] [4006] [4007] [4008] [4009] [4010] [4011] [
4012] [4013] [4014]
[1] [2] [3] [4] [5] [6] [7] [8] [9] (./mptextmp.mp) [10] )
 
Here is how much of MetaPost's memory you used:
 16021 strings using 411854 characters
 3400920 bytes of node memory
 1665 symbolic tokens
 11i,81n,14p,395b,5f stack positions out of 16i,96n,17p,487b,6f
24 output files written: data.1 .. data.4014


#################### end of metapost log file ####################
converting scraps ... done
making map ... done
######################## pdftex log file #########################
This is pdfTeX, Version 3.14159265-2.6-1.40.18 (TeX Live 2017/Debian) (preloaded format=pdfetex 2019.12.12)  12 APR 2020 15:05
entering extended mode
 restricted \write18 enabled.
 %&-line parsing enabled.
**data.tex
(./data.tex (./th_enc.tex) (./th_texts.tex) (./th_resources.tex
(/usr/share/texlive/texmf-dist/tex/generic/pdftex/glyphtounicode.tex))
(./th_fontdef.tex{/var/lib/texmf/fonts/map/pdftex/updmap/pdftex.map})
(./th_formdef.tex) (./th_pagedef.tex) (./th_pages.tex)
 59 numeric registers used out of 32768
 [1] ) 
Here is how much of TeX's memory you used:
 256 strings out of 495042
 2637 string characters out of 6159509
 61654 words of memory out of 5000000
 1851 multiletter control sequences out of 15000+600000
 20080 words of font info for 63 fonts, out of 8000000 for 9000
 1141 hyphenation exceptions out of 8191
 9i,5n,8p,276b,58s stack positions out of 5000i,500n,10000p,200000b,80000s
</usr/share/texlive/texmf-dist/fonts/type1/public/amsfonts/cm/cmss10.pfb>
</usr/share/texlive/texmf-dist/fonts/type1/public/amsfonts/cm/cmssi10.pfb>
Output written on data.pdf (1 page, 90498 bytes).
PDF statistics:
 54 PDF objects out of 1000 (max. 8388607)
 31 compressed objects within 1 object stream
 0 named destinations out of 1000 (max. 500000)
 115 words of extra memory for PDF output out of 10000 (max. 10000000)


##################### end of pdftex log file #####################
done
compilation time: 1 sec


###################### scrap distortions #######################
 PROJECTION: plan
 AVERAGE  MAXIMAL  SCRAP
   0.30%    7.12%  upskirt_lower_s2@upskirt_lower
   0.24%    5.63%  upskirt_lower_s1@upskirt_lower
################### end of scrap distortions ###################
