therion 6.0.1 (2021-07-25)
  - using Proj 5.1.0, compiled against 5.1.0
initialization file: C:\Program Files (x86)\Therion/therion.ini
reading ... done
configuration file: thconfig
reading ... done
reading source files ... done
preprocessing database ... done
scanning centreline tree ... done
searching for centerline loops ... done
calculating station coordinates ... done
processing survey data ... 
####################### cavern log file ########################
 1> Survex 1.2.44
 2> Copyright ¸ 1990-2021 Olly Betts
 3> Survey has no fixed points. Therefore I've fixed 1 at (0,0,0)
 4> 
 5> Survey contains 775 survey stations, joined by 774 legs.
 6> There are 0 loops.
 7> Total length of survey legs = 2060.46m (2060.46m adjusted)
 8> Total plan length of survey legs = 1944.46m
 9> Total vertical length of survey legs =  475.42m
10> Vertical range = 140.97m (from 337 at 140.97m to 1 at 0.00m)
11> North-South range = 734.83m (from 773 at 668.26m to 146 at -66.57m)
12> East-West range = 430.60m (from 773 at 407.82m to 82 at -22.78m)
13>  669 1-nodes.
14>    4 2-nodes.
15>    1 5-node.
16>   58 6-nodes.
17>   15 7-nodes.
18>    9 8-nodes.
19>    3 9-nodes.
20>    1 10-node.
21>    2 14-nodes.
22>    1 15-node.
23>    1 16-node.
24>    2 17-nodes.
25>    1 18-node.
26>    2 19-nodes.
27>    1 20-node.
28>    1 22-node.
29>    1 23-node.
30>    1 24-node.
31>    1 28-node.
32>    1 38-node.
33> 
######################### transcription ########################
 3> 1 : 111@jetstream
 5> 775 : -@jetstream -- 774 : -@jetstream
10> 337 : -@jetstream -- 1 : 111@jetstream
11> 773 : -@jetstream -- 146 : -@jetstream
12> 773 : -@jetstream -- 82 : -@jetstream
13> 669 : -@jetstream
14> 4 : -@jetstream
15> 1 : 111@jetstream
16> 58 : 170@jetstream
17> 15 : -@jetstream
18> 9 : -@jetstream
19> 3 : -@jetstream
20> 1 : 111@jetstream
21> 2 : 163@jetstream
22> 1 : 111@jetstream
23> 1 : 111@jetstream
24> 2 : 163@jetstream
25> 1 : 111@jetstream
26> 2 : 163@jetstream
27> 1 : 111@jetstream
28> 1 : 111@jetstream
29> 1 : 111@jetstream
30> 1 : 111@jetstream
31> 1 : 111@jetstream
32> 1 : 111@jetstream
#################### end of cavern log file ####################
done
calculating basic statistics ... done
processing extended elevation ... done
processing references ... done
selecting export objects ... done
writing jetstream.lox ...
processing projection plan ... done
average distortion: 1.14%
....... done
writing jetstream.3d ... done


############### export maps & scraps selection #################
M    88.23 jetstreamPlan@jetstream (Jetstream, Clearwater Cave)
S    82.47 jetstream_s1@jetstream ()
S    98.31 jetstream_s2@jetstream ()
S   103.94 jetstream_s3@jetstream ()
S   105.21 jetstream_s4@jetstream ()
S    98.34 jetstream_s5@jetstream ()
S   106.21 jetstream_s6@jetstream ()
S    23.13 jetstream_s0@jetstream ()
########## end of export maps & scraps selection ###############
writing jetstream.pdf ...
####################### metapost log file ########################
This is MetaPost, version 2.00 (TeX Live 2020/W32TeX) (kpathsea version 6.3.2)  1 NOV 2022 19:37
**data.mp
(c:/Program Files (x86)/Therion/texmf/mpost/mpost.mp
(c:/Program Files (x86)/Therion/texmf/mpost/plain.mp
Preloading the plain mem file, version 1.005) ) (./data.mp
{randomseed:=42}
 [1] [2] [3] [4]
[5] [6] [7] [8] [9] [10] [11] [12] [13] [14]
[15] [16] [17] [1] [2] [3] [4] [5] [6] [7] [8] [9] [10] [11] [12] [13] [14]
[15] [16]
[Warning: text scaled down to fit the path in scrap jetstream_s3@jetstream]
[17] [18] [19] [20] [21] [22] [23] [24] (./mptextmp.mp) [25] [26] [27] [28]
[29] [30] [31] [32] [33] [34] [35] [36] [37] [38] [39] [40] [41] [42] [43]
[44] [45] [46] [47] [48] [49] [50] )
 
Here is how much of MetaPost's memory you used:
 15426 strings using 316151 characters
 2722860 bytes of node memory
 1915 symbolic tokens
 11i,82n,14p,312b,5f stack positions out of 16i,98n,17p,312b,6f
67 output files written: data-patt.1 .. data.50


#################### end of metapost log file ####################
converting scraps ... done
making map ... done
######################## pdftex log file #########################
This is pdfTeX, Version 3.14159265-2.6-1.40.21 (TeX Live 2020/W32TeX) (preloaded format=pdftex 2020.6.19)  1 NOV 2022 19:37
entering extended mode
**data.tex
(./data.tex (./th_enc.tex) (./th_texts.tex) (./th_resources.tex
(c:/Program Files (x86)/Therion/texmf/tex/glyphtounicode.tex))
(./th_fontdef.tex{c:/Program Files (x86)/Therion/texmf/fonts/pdftex.map})
(./th_formdef.tex) (./th_pagedef.tex) (./th_pages.tex)
 114 numeric registers used out of 32768
 [1] ) 
Here is how much of TeX's memory you used:
 336 strings out of 94623
 4468 string characters out of 1150079
 70122 words of memory out of 5049865
 1987 multiletter control sequences out of 15000+50000
 20080 words of font info for 63 fonts, out of 1000000 for 2000
 1416 hyphenation exceptions out of 5000
 9i,5n,6p,308b,56s stack positions out of 5000i,500n,10000p,200000b,50000s
<c:/Program Files (x86)/Therion/texmf/fonts/type1/cmmi10.pfb><c:/Program 
Files (x86)/Therion/texmf/fonts/type1/cmr10.pfb><c:/Program Files (x86)/Therion
/texmf/fonts/type1/cmss10.pfb><c:/Program Files (x86)/Therion/texmf/fonts/type1
/cmssi10.pfb><c:/Program Files (x86)/Therion/texmf/fonts/type1/cmsy10.pfb>
Output written on data.pdf (1 page, 170379 bytes).
PDF statistics:
 178 PDF objects out of 1000 (max. 8388607)
 93 compressed objects within 1 object stream
 0 named destinations out of 1000 (max. 500000)
 445 words of extra memory for PDF output out of 10000 (max. 10000000)


##################### end of pdftex log file #####################
done
writing xtherion file ... done
compilation time: 9 sec


###################### scrap distortions #######################
 PROJECTION: plan
 AVERAGE  MAXIMAL  SCRAP
   6.09%  100.00%  jetstream_s4@jetstream
   0.04%    7.94%  jetstream_s3@jetstream
   0.01%    0.20%  jetstream_s6@jetstream
   0.02%    0.19%  jetstream_s5@jetstream
   0.01%    0.16%  jetstream_s0@jetstream
   0.03%    0.16%  jetstream_s1@jetstream
   0.01%    0.09%  jetstream_s2@jetstream
################### end of scrap distortions ###################
