therion 6.0.1 (2021-07-25)
  - using Proj 5.1.0, compiled against 5.1.0
initialization file: C:\Program Files (x86)\Therion/therion.ini
reading ... done
configuration file: thconfig
reading ... done
reading source files ... done
preprocessing database ... done
scanning centreline tree ... done
searching for centerline loops ... done
calculating station coordinates ... done
processing survey data ... 
####################### cavern log file ########################
 1> Survex 1.2.44
 2> Copyright ¸ 1990-2021 Olly Betts
 3> Survey has no fixed points. Therefore I've fixed 1 at (0,0,0)
 4> 
 5> Survey contains 16 survey stations, joined by 15 legs.
 6> There are 0 loops.
 7> Total length of survey legs =  170.70m ( 170.70m adjusted)
 8> Total plan length of survey legs =  162.41m
 9> Total vertical length of survey legs =   41.47m
10> Vertical range = 16.74m (from 16 at 14.96m to 12 at -1.78m)
11> North-South range = 116.08m (from 1 at 0.00m to 15 at -116.08m)
12> East-West range = 42.98m (from 16 at 25.36m to 15 at -17.62m)
13>    4 1-nodes.
14>   10 2-nodes.
15>    2 3-nodes.
16> 
######################### transcription ########################
 3> 1 : 0@ginpalace
 5> 16 : 15@ginpalace -- 15 : 14@ginpalace
10> 16 : 15@ginpalace -- 12 : 11@ginpalace
11> 1 : 0@ginpalace -- 15 : 14@ginpalace
12> 16 : 15@ginpalace -- 15 : 14@ginpalace
13> 4 : 3@ginpalace
14> 10 : 9@ginpalace
15> 2 : 1@ginpalace
#################### end of cavern log file ####################
done
calculating basic statistics ... done
processing extended elevation ... done
processing references ... done
selecting export objects ... done
writing ginpalace.3d ... done
processing projection plan ... done
average distortion: 7.13%


############### export maps & scraps selection #################
M     5.54 ginpalacePlan@ginpalace (Ginpalace, Clearwater Cave)
S     5.54 ginpalace_s0@ginpalace ()
########## end of export maps & scraps selection ###############
writing ginpalace.pdf ...
####################### metapost log file ########################
This is MetaPost, version 2.00 (TeX Live 2020/W32TeX) (kpathsea version 6.3.2)  1 NOV 2022 20:16
**data.mp
(c:/Program Files (x86)/Therion/texmf/mpost/mpost.mp
(c:/Program Files (x86)/Therion/texmf/mpost/plain.mp
Preloading the plain mem file, version 1.005) ) (./data.mp
{randomseed:=42}
 [1] [2] [3] [4]
[5] [6] [7] [8] [9] [10] [11] [12] [13] [14]
[15] [16] [17] [1]
[Warning: scrap outline intersects itself in scrap ginpalace_s0@ginpalace]
[2] [3] [4] [5] (./mptextmp.mp) [6] [7] [8] [9] [10] [11] [12] [13] [14] [15]
[16] [17] [18] [19] [20] )
 
Here is how much of MetaPost's memory you used:
 3835 strings using 84751 characters
 2435128 bytes of node memory
 1915 symbolic tokens
 8i,82n,16p,312b,5f stack positions out of 16i,98n,20p,312b,6f
37 output files written: data-patt.1 .. data.20


#################### end of metapost log file ####################
converting scraps ... done
making map ... done
######################## pdftex log file #########################
This is pdfTeX, Version 3.14159265-2.6-1.40.21 (TeX Live 2020/W32TeX) (preloaded format=pdftex 2020.6.19)  1 NOV 2022 20:16
entering extended mode
**data.tex
(./data.tex (./th_enc.tex) (./th_texts.tex) (./th_resources.tex
(c:/Program Files (x86)/Therion/texmf/tex/glyphtounicode.tex))
(./th_fontdef.tex{c:/Program Files (x86)/Therion/texmf/fonts/pdftex.map})
(./th_formdef.tex) (./th_pagedef.tex) (./th_pages.tex)
 69 numeric registers used out of 32768
 [1] ) 
Here is how much of TeX's memory you used:
 289 strings out of 94623
 3987 string characters out of 1150079
 23841 words of memory out of 5008584
 1942 multiletter control sequences out of 15000+50000
 17652 words of font info for 57 fonts, out of 1000000 for 2000
 1416 hyphenation exceptions out of 5000
 8i,5n,6p,229b,43s stack positions out of 5000i,500n,10000p,200000b,50000s
<c:/Program Files (x86)/Therion/texmf/fonts/type1/cmmi10.pfb><c:/Program 
Files (x86)/Therion/texmf/fonts/type1/cmr10.pfb><c:/Program Files (x86)/Therion
/texmf/fonts/type1/cmss10.pfb><c:/Program Files (x86)/Therion/texmf/fonts/type1
/cmsy10.pfb>
Output written on data.pdf (1 page, 50656 bytes).
PDF statistics:
 84 PDF objects out of 1000 (max. 8388607)
 47 compressed objects within 1 object stream
 0 named destinations out of 1000 (max. 500000)
 175 words of extra memory for PDF output out of 10000 (max. 10000000)


##################### end of pdftex log file #####################
done
writing xtherion file ... done
compilation time: 1 sec


###################### scrap distortions #######################
 PROJECTION: plan
 AVERAGE  MAXIMAL  SCRAP
   7.13%   89.46%  ginpalace_s0@ginpalace
################### end of scrap distortions ###################
