therion 5.4.4+19919fc (2020-10-19)
  - using Proj 6.3.1, compiled against 6.3.1
initialization file: /home/ben/.therion/therion.ini
reading ... done
checking optional fonts csr10 csti10 csbx10 csss10 csssi10 ... OK
checking optional fonts cmcyr10 cmcti10 cmcbx10 cmcss10 cmcssi10 ... OK
configuration file: thconfig
reading ... done
reading source files ... done
preprocessing database ... done
scanning centreline tree ... done
searching for centerline loops ... done
calculating station coordinates ... done
processing survey data ... 
####################### cavern log file ########################
 1> Survex 1.2.42
 2> Copyright © 1990-2018 Olly Betts
 3> 
 4> Survey contains 20 survey stations, joined by 19 legs.
 5> There are 0 loops.
 6> Total length of survey legs =  940.73m ( 940.73m adjusted)
 7> Total plan length of survey legs =  937.67m
 8> Total vertical length of survey legs =   41.00m
 9> Vertical range = 11.00m (from 2 at 82.00m to 6 at 71.00m)
10> North-South range = 244.09m (from 10 at 450124.22m to 20 at 449880.13m)
11> East-West range = 456.69m (from 6 at 262010.86m to 19 at 261554.17m)
12>    3 1-nodes.
13>   16 2-nodes.
14>    1 3-node.
15> 
######################### transcription ########################
 4> 20 : 25@drunkenforest_cave_fake.drunken_forest_master -- 19 : 19@drunkenforest_cave_fake.drunken_forest_master
 9> 2 : 2@drunkenforest_cave_fake.drunken_forest_master -- 6 : 6@drunkenforest_cave_fake.drunken_forest_master
10> 10 : 10@drunkenforest_cave_fake.drunken_forest_master -- 20 : 25@drunkenforest_cave_fake.drunken_forest_master
11> 6 : 6@drunkenforest_cave_fake.drunken_forest_master -- 19 : 19@drunkenforest_cave_fake.drunken_forest_master
12> 3 : 3@drunkenforest_cave_fake.drunken_forest_master
13> 16 : 16@drunkenforest_cave_fake.drunken_forest_master
14> 1 : 1@drunkenforest_cave_fake.drunken_forest_master
#################### end of cavern log file ####################
done
calculating basic statistics ... done
processing extended elevation ... done
processing references ... done
selecting export objects ... done
writing drunken_forest_master.3d ... done
processing projection plan ... done
average distortion: 5.58%


############### export maps & scraps selection #################
M      nan drunken_forest_master_m@drunken_forest_master ()
S    76.00  DrunkenForestSP1@drunkenforest_cave_fake.drunken_forest_master ()
S    74.00  DrunkenForestSP2@drunkenforest_cave_fake.drunken_forest_master ()
S    74.00  DrunkenForestSP3@drunkenforest_cave_fake.drunken_forest_master ()
########## end of export maps & scraps selection ###############
writing drunken_forest_master.pdf ...
####################### metapost log file ########################
This is MetaPost, version 2.00 (TeX Live 2019/Debian) (kpathsea version 6.3.1)  20 DEC 2020 21:04
**data.mp
(/usr/share/texlive/texmf-dist/metapost/base/mpost.mp
(/usr/share/texlive/texmf-dist/metapost/base/plain.mp
Preloading the plain mem file, version 1.005) ) (./data.mp
{randomseed:=42}
 [4001] [4002] [4003] [4004] [4005] [4006] [4007] [4008] [4009] [4010] [4011] [
4012] [4013] [4014]
[1] [2] [3] [4] [5] [6] [7] [8] [9] [10] (./mptextmp.mp) [11] )
 
Here is how much of MetaPost's memory you used:
 7524 strings using 175649 characters
 3250384 bytes of node memory
 1658 symbolic tokens
 8i,82n,11p,312b,4f stack positions out of 16i,98n,12p,312b,6f
25 output files written: data.1 .. data.4014


#################### end of metapost log file ####################
converting scraps ... done
making map ... done
######################## pdftex log file #########################
This is pdfTeX, Version 3.14159265-2.6-1.40.20 (TeX Live 2019/Debian) (preloaded format=pdftex 2020.10.6)  20 DEC 2020 21:04
entering extended mode
 restricted \write18 enabled.
 %&-line parsing enabled.
**data.tex
(./data.tex (./th_enc.tex) (./th_texts.tex) (./th_resources.tex
(/usr/share/texlive/texmf-dist/tex/generic/pdftex/glyphtounicode.tex))
(./th_fontdef.tex{/var/lib/texmf/fonts/map/pdftex/updmap/pdftex.map})
(./th_formdef.tex) (./th_pagedef.tex) (./th_pages.tex)
 61 numeric registers used out of 32768
 [1] ) 
Here is how much of TeX's memory you used:
 258 strings out of 495031
 2658 string characters out of 6159437
 22861 words of memory out of 5000000
 1858 multiletter control sequences out of 15000+600000
 20080 words of font info for 63 fonts, out of 8000000 for 9000
 1141 hyphenation exceptions out of 8191
 9i,5n,8p,243b,58s stack positions out of 5000i,500n,10000p,200000b,80000s
</usr/share/texlive/texmf-dist/fonts/type1/public/amsfonts/cm/cmss10.pfb>
</usr/share/texlive/texmf-dist/fonts/type1/public/amsfonts/cm/cmssi10.pfb>
Output written on data.pdf (1 page, 55901 bytes).
PDF statistics:
 58 PDF objects out of 1000 (max. 8388607)
 33 compressed objects within 1 object stream
 0 named destinations out of 1000 (max. 500000)
 127 words of extra memory for PDF output out of 10000 (max. 10000000)


##################### end of pdftex log file #####################
done
compilation time: 1 sec


###################### scrap distortions #######################
 PROJECTION: plan
 AVERAGE  MAXIMAL  SCRAP
   7.29%   45.90%  DrunkenForestSP3@drunkenforest_cave_fake.drunken_forest_master
   8.50%   22.04%  DrunkenForestSP2@drunkenforest_cave_fake.drunken_forest_master
   1.56%    9.90%  DrunkenForestSP1@drunkenforest_cave_fake.drunken_forest_master
################### end of scrap distortions ###################
