therion 5.4.4 (2019-05-01)
initialization file: C:\Users\reavis\AppData\Local\Therion/therion.ini
reading ... done
configuration file: thconfig
reading ... done
reading source files ... done
preprocessing database ... done
scanning centreline tree ... done
searching for centerline loops ... done
calculating station coordinates ... done
processing survey data ... 
####################### cavern log file ########################
 1> Survex 1.2.41
 2> Copyright ¸ 1990-2018 Olly Betts
 3> Survey has no fixed points. Therefore I've fixed 1 at (0,0,0)
 4> 
 5> Survey contains 58 survey stations, joined by 57 legs.
 6> There are 0 loops.
 7> Total length of survey legs = 1365.60m (1365.60m adjusted)
 8> Total plan length of survey legs = 1301.71m
 9> Total vertical length of survey legs =  347.68m
10> Vertical range = 103.98m (from 53 at 63.00m to 31 at -40.98m)
11> North-South range = 463.49m (from 1 at 0.00m to 43 at -463.49m)
12> East-West range = 327.06m (from 53 at 116.81m to 58 at -210.25m)
13>    7 1-nodes.
14>   46 2-nodes.
15>    5 3-nodes.
16> 
######################### transcription ########################
 3> 1 : 321@armistice_south
 5> 58 : 704@armistice_south -- 57 : 703@armistice_south
10> 53 : 138@armistice_south -- 31 : 360a@armistice_south
11> 1 : 321@armistice_south -- 43 : 372@armistice_south
12> 53 : 138@armistice_south -- 58 : 704@armistice_south
13> 7 : 340@armistice_south
14> 46 : 145@armistice_south
15> 5 : 338@armistice_south
#################### end of cavern log file ####################
done
calculating basic statistics ... done
processing extended elevation ... done
processing references ... 
C:\Users\reavis\AppData\Local\Therion\therion.exe: warning -- ../../../../../layouts/mulu_layouts.thc [30] -- source layout not found -- LayoutScale20000
done
selecting export objects ... done
writing armistice_south.3d ... done
writing armistice_south.lox ...
processing projection plan ... done
average distortion: 8.07%
.
C:\Users\reavis\AppData\Local\Therion\therion.exe: warning -- ArmisticeSouthSP1@armistice_south -- multiple scrap outer outlines not supported yet
. done
writing armistice_south.pdf ...
####################### metapost log file ########################
This is MetaPost, version 1.209 (kpathsea version 5.1.0) (mem=mpost 2010.01.31)  25 MAR 2021 11:21
**data.mp
(./data.mp
{randomseed:=42}
 [4001] [4002] [4003] [4004] [4005] [4006] [4007] [4008] [4009] [4010] [4011] [
4012] [4013]
[4014] [4015] [4016] [1] [2] [3] [4] [5] [6] [7] [8] (./mptextmp.mp) [9] [10]
[11] [12] [13] [14] [15] [16] [17] [18] [19] [20] [21] [22] [23] [24] [25]
[26] [27] [28] [29] )
 
Here is how much of MetaPost's memory you used:
 1478 strings out of 1638
 18063 string characters out of 26823
 235304 words of memory out of 1500000
 1579 symbolic tokens out of 16384
 11i,75n,14p,315b,5f stack positions out of 300i,84n,5000p,390b,15f
 58 string compactions (moved 787019 characters, 65033 strings)
45 output files written: data.1 .. data.4016

#################### end of metapost log file ####################
converting scraps ... done
making map ... done
######################## pdftex log file #########################
This is pdfTeX, Version 3.1415926-1.40.10 (Web2C 2009) (format=pdftex 2010.1.2)  25 MAR 2021 11:21
entering extended mode
**data.tex
(./data.tex (./th_enc.tex) (./th_texts.tex) (./th_resources.tex
(c:/Users/reavis/AppData/Local/Therion/texmf/tex/glyphtounicode.tex))
(./th_fontdef.tex{c:/Users/reavis/AppData/Local/Therion/texmf/fonts/pdftex.map}
)
(./th_formdef.tex) (./th_pagedef.tex) (./th_pages.tex)
 78 numeric registers used out of 32768
 [1] ) 
Here is how much of TeX's memory you used:
 275 strings out of 95617
 2760 string characters out of 1171098
 363159 words of memory out of 1804137
 1688 multiletter control sequences out of 15000+50000
 20080 words of font info for 63 fonts, out of 1000000 for 2000
 849 hyphenation exceptions out of 1000
 9i,5n,6p,238b,56s stack positions out of 5000i,500n,10000p,200000b,50000s
<c:/Users/reavis/AppData/Local/Therion/texmf/fonts/type1/cmmi10.pfb><c:/U
sers/reavis/AppData/Local/Therion/texmf/fonts/type1/cmr10.pfb><c:/Users/reavis/
AppData/Local/Therion/texmf/fonts/type1/cmss10.pfb><c:/Users/reavis/AppData/Loc
al/Therion/texmf/fonts/type1/cmssi10.pfb><c:/Users/reavis/AppData/Local/Therion
/texmf/fonts/type1/cmsy10.pfb>
Output written on data.pdf (1 page, 105810 bytes).
PDF statistics:
 105 PDF objects out of 1000 (max. 8388607)
 0 named destinations out of 1000 (max. 500000)
 229 words of extra memory for PDF output out of 10000 (max. 10000000)


##################### end of pdftex log file #####################
done
writing xtherion file ... done
compilation time: 1 sec


###################### scrap distortions #######################
 PROJECTION: plan
 AVERAGE  MAXIMAL  SCRAP
   7.43%  100.00%  ArmisticeSouthSP1@armistice_south
   9.72%   42.08%  ArmisticeSouth1SP1@armistice_south
################### end of scrap distortions ###################
