therion 5.4.4+4cb2921 (2020-04-05)
initialization file: /home/ben/.therion/therion.ini
reading ... done
checking optional fonts csr10 csti10 csbx10 csss10 csssi10 ... OK
checking optional fonts cmcyr10 cmcti10 cmcbx10 cmcss10 cmcssi10 ... OK
configuration file: thconfig
reading ... done
reading source files ... done
preprocessing database ... done
scanning centreline tree ... done
searching for centerline loops ... done
calculating station coordinates ... done
processing survey data ... 
####################### cavern log file ########################
 1> Survex 1.2.43
 2> Copyright © 1990-2020 Olly Betts
 3> Survey has no fixed points. Therefore I’ve fixed 1 at (0,0,0)
 4> 
 5> Survey contains 44 survey stations, joined by 43 legs.
 6> There is 1 loop.
 7> Survey has 2 connected components.
 8> Total length of survey legs =  141.98m ( 141.98m adjusted)
 9> Total plan length of survey legs =  126.89m
10> Total vertical length of survey legs =   55.48m
11> Vertical range = 26.87m (from 43 at 20.44m to 44 at -6.43m)
12> North-South range = 85.58m (from 1 at 0.00m to 43 at -85.58m)
13> East-West range = 28.34m (from 43 at 24.20m to 3 at -4.13m)
14>   36 1-nodes.
15>    7 6-nodes.
16>    1 8-node.
17> 
######################### transcription ########################
 3> 1 : 1.263@crucible-hopper
 5> 44 : -@crucible-hopper -- 43 : 1.402@crucible-hopper
 6> 1 : 1.263@crucible-hopper
 7> 2 : -@crucible-hopper
11> 43 : 1.402@crucible-hopper -- 44 : -@crucible-hopper
12> 1 : 1.263@crucible-hopper -- 43 : 1.402@crucible-hopper
13> 43 : 1.402@crucible-hopper -- 3 : -@crucible-hopper
14> 36 : -@crucible-hopper
15> 7 : -@crucible-hopper
16> 1 : 1.263@crucible-hopper
#################### end of cavern log file ####################
done
calculating basic statistics ... done
processing extended elevation ... done
processing references ... done
selecting export objects ... done
writing crucible-hopper.lox ...
processing projection plan ... done
average distortion: 0.02%
. done
writing crucible-hopper.3d ... done


############### export maps & scraps selection #################
M     7.15 cruciblePlan@crucible-hopper (Crucible, Clearwater Cave)
S     7.15  crucible_s1@crucible-hopper ()
########## end of export maps & scraps selection ###############
writing crucible-hopper.pdf ...
####################### metapost log file ########################
This is MetaPost, version 2.000 (TeX Live 2017/Debian) (kpathsea version 6.2.3)  12 APR 2020 12:55
**data.mp
(/usr/share/texlive/texmf-dist/metapost/base/mpost.mp
(/usr/share/texlive/texmf-dist/metapost/base/plain.mp
Preloading the plain mem file, version 1.005) ) (./data.mp
{randomseed:=42}
 [4001] [4002] [4003] [4004] [4005] [4006] [4007] [4008] [4009] [4010] [4011] [
4012] [4013] [4014]
[1] [2] [3] [4] [5] (./mptextmp.mp) [6] )
 
Here is how much of MetaPost's memory you used:
 5320 strings using 121903 characters
 3380584 bytes of node memory
 1659 symbolic tokens
 11i,81n,14p,312b,5f stack positions out of 16i,96n,17p,312b,6f
20 output files written: data.1 .. data.4014


#################### end of metapost log file ####################
converting scraps ... done
making map ... done
######################## pdftex log file #########################
This is pdfTeX, Version 3.14159265-2.6-1.40.18 (TeX Live 2017/Debian) (preloaded format=pdfetex 2019.12.12)  12 APR 2020 12:55
entering extended mode
 restricted \write18 enabled.
 %&-line parsing enabled.
**data.tex
(./data.tex (./th_enc.tex) (./th_texts.tex) (./th_resources.tex
(/usr/share/texlive/texmf-dist/tex/generic/pdftex/glyphtounicode.tex))
(./th_fontdef.tex{/var/lib/texmf/fonts/map/pdftex/updmap/pdftex.map})
(./th_formdef.tex) (./th_pagedef.tex) (./th_pages.tex)
 54 numeric registers used out of 32768
 [1] ) 
Here is how much of TeX's memory you used:
 251 strings out of 495042
 2583 string characters out of 6159509
 52357 words of memory out of 5000000
 1846 multiletter control sequences out of 15000+600000
 20080 words of font info for 63 fonts, out of 8000000 for 9000
 1141 hyphenation exceptions out of 8191
 9i,5n,8p,276b,58s stack positions out of 5000i,500n,10000p,200000b,80000s
</usr/share/texlive/texmf-dist/fonts/type1/public/amsfonts/cm/cmss10.pfb>
</usr/share/texlive/texmf-dist/fonts/type1/public/amsfonts/cm/cmssi10.pfb>
Output written on data.pdf (1 page, 51510 bytes).
PDF statistics:
 44 PDF objects out of 1000 (max. 8388607)
 26 compressed objects within 1 object stream
 0 named destinations out of 1000 (max. 500000)
 85 words of extra memory for PDF output out of 10000 (max. 10000000)


##################### end of pdftex log file #####################
done
compilation time: 1 sec


###################### scrap distortions #######################
 PROJECTION: plan
 AVERAGE  MAXIMAL  SCRAP
   0.02%    0.36%  crucible_s1@crucible-hopper
################### end of scrap distortions ###################
