therion 5.4.4+4cb2921 (2020-04-05)
initialization file: /home/ben/.therion/therion.ini
reading ... done
checking optional fonts csr10 csti10 csbx10 csss10 csssi10 ... OK
checking optional fonts cmcyr10 cmcti10 cmcbx10 cmcss10 cmcssi10 ... OK
configuration file: thconfig
reading ... done
reading source files ... done
preprocessing database ... done
scanning centreline tree ... done
searching for centerline loops ... done
calculating station coordinates ... done
processing survey data ... 
####################### cavern log file ########################
 1> Survex 1.2.43
 2> Copyright © 1990-2020 Olly Betts
 3> Survey has no fixed points. Therefore I’ve fixed 1 at (0,0,0)
 4> 
 5> Survey contains 205 survey stations, joined by 204 legs.
 6> There are 0 loops.
 7> Total length of survey legs =  258.38m ( 258.38m adjusted)
 8> Total plan length of survey legs =  236.33m
 9> Total vertical length of survey legs =   85.50m
10> Vertical range = 49.91m (from 7 at 9.55m to 139 at -40.36m)
11> North-South range = 102.44m (from 204 at 86.76m to 7 at -15.68m)
12> East-West range = 127.02m (from 11 at 5.52m to 205 at -121.50m)
13>  175 1-nodes.
14>    3 2-nodes.
15>   15 6-nodes.
16>    5 7-nodes.
17>    1 10-node.
18>    1 11-node.
19>    1 12-node.
20>    1 13-node.
21>    1 16-node.
22>    2 20-nodes.
23> 
######################### transcription ########################
 3> 1 : 0@lost_in_translation
 5> 205 : -@lost_in_translation -- 204 : -@lost_in_translation
10> 7 : -@lost_in_translation -- 139 : -@lost_in_translation
11> 204 : -@lost_in_translation -- 7 : -@lost_in_translation
12> 11 : -@lost_in_translation -- 205 : -@lost_in_translation
13> 175 : -@lost_in_translation
14> 3 : -@lost_in_translation
15> 15 : -@lost_in_translation
16> 5 : -@lost_in_translation
17> 1 : 0@lost_in_translation
18> 1 : 0@lost_in_translation
19> 1 : 0@lost_in_translation
20> 1 : 0@lost_in_translation
21> 1 : 0@lost_in_translation
22> 2 : 1@lost_in_translation
#################### end of cavern log file ####################
done
calculating basic statistics ... done
processing extended elevation ... done
processing references ... done
selecting export objects ... done
writing lost_in_translation.lox ...
processing projection plan ... done
average distortion: 0.01%
.. done
writing lost_in_translation.3d ... done


############### export maps & scraps selection #################
M   -15.99 lostInTranslationPlan@lost_in_translation (Lost In Translation)
S    -4.44  lost_in_translation_s1@lost_in_translation ()
S   -27.54  lost_in_translation_s2@lost_in_translation ()
########## end of export maps & scraps selection ###############
writing lost_in_translation.pdf ...
####################### metapost log file ########################
This is MetaPost, version 2.000 (TeX Live 2017/Debian) (kpathsea version 6.2.3)  12 APR 2020 14:08
**data.mp
(/usr/share/texlive/texmf-dist/metapost/base/mpost.mp
(/usr/share/texlive/texmf-dist/metapost/base/plain.mp
Preloading the plain mem file, version 1.005) ) (./data.mp
{randomseed:=42}
 [4001] [4002] [4003] [4004] [4005] [4006] [4007] [4008] [4009] [4010] [4011] [
4012] [4013] [4014]
[1] [2] [3] [4] [5] [6] [7] (./mptextmp.mp) [8] )
 
Here is how much of MetaPost's memory you used:
 4822 strings using 112992 characters
 3329344 bytes of node memory
 1657 symbolic tokens
 8i,81n,13p,312b,4f stack positions out of 16i,96n,16p,312b,6f
22 output files written: data.1 .. data.4014


#################### end of metapost log file ####################
converting scraps ... done
making map ... done
######################## pdftex log file #########################
This is pdfTeX, Version 3.14159265-2.6-1.40.18 (TeX Live 2017/Debian) (preloaded format=pdfetex 2019.12.12)  12 APR 2020 14:08
entering extended mode
 restricted \write18 enabled.
 %&-line parsing enabled.
**data.tex
(./data.tex (./th_enc.tex) (./th_texts.tex) (./th_resources.tex
(/usr/share/texlive/texmf-dist/tex/generic/pdftex/glyphtounicode.tex))
(./th_fontdef.tex{/var/lib/texmf/fonts/map/pdftex/updmap/pdftex.map})
(./th_formdef.tex) (./th_pagedef.tex) (./th_pages.tex)
 57 numeric registers used out of 32768
 [1] ) 
Here is how much of TeX's memory you used:
 254 strings out of 495042
 2615 string characters out of 6159509
 45524 words of memory out of 5000000
 1849 multiletter control sequences out of 15000+600000
 20080 words of font info for 63 fonts, out of 8000000 for 9000
 1141 hyphenation exceptions out of 8191
 9i,5n,8p,276b,58s stack positions out of 5000i,500n,10000p,200000b,80000s
</usr/share/texlive/texmf-dist/fonts/type1/public/amsfonts/cm/cmss10.pfb>
</usr/share/texlive/texmf-dist/fonts/type1/public/amsfonts/cm/cmssi10.pfb>
Output written on data.pdf (1 page, 54767 bytes).
PDF statistics:
 50 PDF objects out of 1000 (max. 8388607)
 29 compressed objects within 1 object stream
 0 named destinations out of 1000 (max. 500000)
 103 words of extra memory for PDF output out of 10000 (max. 10000000)


##################### end of pdftex log file #####################
done
compilation time: 1 sec


###################### scrap distortions #######################
 PROJECTION: plan
 AVERAGE  MAXIMAL  SCRAP
   0.01%    0.24%  lost_in_translation_s2@lost_in_translation
   0.01%    0.15%  lost_in_translation_s1@lost_in_translation
################### end of scrap distortions ###################
