therion 5.4.4+4cb2921 (2020-04-05)
initialization file: /home/ben/.therion/therion.ini
reading ... done
checking optional fonts csr10 csti10 csbx10 csss10 csssi10 ... OK
checking optional fonts cmcyr10 cmcti10 cmcbx10 cmcss10 cmcssi10 ... OK
configuration file: thconfig
reading ... done
reading source files ... done
preprocessing database ... done
scanning centreline tree ... done
searching for centerline loops ... done
calculating station coordinates ... done
processing survey data ... 
####################### cavern log file ########################
 1> Survex 1.2.43
 2> Copyright © 1990-2020 Olly Betts
 3> Survey has no fixed points. Therefore I’ve fixed 1 at (0,0,0)
 4> 
 5> Survey contains 6 survey stations, joined by 5 legs.
 6> There are 0 loops.
 7> Total length of survey legs =   49.92m (  49.92m adjusted)
 8> Total plan length of survey legs =   40.34m
 9> Total vertical length of survey legs =   18.69m
10> Vertical range = 13.18m (from 2 at 5.32m to 5 at -7.86m)
11> North-South range = 12.68m (from 6 at 10.81m to 4 at -1.88m)
12> East-West range = 12.92m (from 3 at 8.99m to 2 at -3.93m)
13>    3 1-nodes.
14>    2 2-nodes.
15>    1 3-node.
16> 
######################### transcription ########################
 3> 1 : 0@cowarchclimb
 5> 6 : 16s4@cowarchclimb -- 5 : 16s3@cowarchclimb
10> 2 : 1@cowarchclimb -- 5 : 16s3@cowarchclimb
11> 6 : 16s4@cowarchclimb -- 4 : 16s2@cowarchclimb
12> 3 : 16s1@cowarchclimb -- 2 : 1@cowarchclimb
13> 3 : 16s1@cowarchclimb
14> 2 : 1@cowarchclimb
15> 1 : 0@cowarchclimb
#################### end of cavern log file ####################
done
calculating basic statistics ... done
processing extended elevation ... done
processing references ... done
selecting export objects ... done
writing cowarchclimb.lox ...
processing projection plan ... done
.. done
writing cowarchclimb.3d ... done


############### export maps & scraps selection #################
S      nan  cowarchclimb_s2@cowarchclimb ()
S      nan  cowarchclimb_s1@cowarchclimb ()
########## end of export maps & scraps selection ###############
writing cowarchclimb.pdf ...
####################### metapost log file ########################
This is MetaPost, version 2.000 (TeX Live 2017/Debian) (kpathsea version 6.2.3)  11 APR 2020 20:22
**data.mp
(/usr/share/texlive/texmf-dist/metapost/base/mpost.mp
(/usr/share/texlive/texmf-dist/metapost/base/plain.mp
Preloading the plain mem file, version 1.005) ) (./data.mp
{randomseed:=42}
 [4001] [4002] [4003] [4004] [4005] [4006] [4007] [4008] [4009] [4010] [4011] [
4012] [4013] [4014]
[1] (./mptextmp.mp) [2] )
 
Here is how much of MetaPost's memory you used:
 1377 strings using 32156 characters
 3048184 bytes of node memory
 1657 symbolic tokens
 8i,81n,11p,312b,4f stack positions out of 16i,96n,12p,312b,6f
16 output files written: data.1 .. data.4014


#################### end of metapost log file ####################
converting scraps ... done
making map ... done
######################## pdftex log file #########################
This is pdfTeX, Version 3.14159265-2.6-1.40.18 (TeX Live 2017/Debian) (preloaded format=pdfetex 2019.12.12)  11 APR 2020 20:22
entering extended mode
 restricted \write18 enabled.
 %&-line parsing enabled.
**data.tex
(./data.tex (./th_enc.tex) (./th_texts.tex) (./th_resources.tex
(/usr/share/texlive/texmf-dist/tex/generic/pdftex/glyphtounicode.tex))
(./th_fontdef.tex{/var/lib/texmf/fonts/map/pdftex/updmap/pdftex.map})
(./th_formdef.tex) (./th_pagedef.tex
! Missing number, treated as zero.
<to be read again> 
                   i
l.2 \hsize=-i
             nfbp
A number should have been here; I inserted `0'.
(If you can't figure out why I needed to see a number,
look up `weird error' in the index to The TeXbook.)

! Missing number, treated as zero.
<to be read again> 
                   i
l.3 \vsize=-i
             nfbp
A number should have been here; I inserted `0'.
(If you can't figure out why I needed to see a number,
look up `weird error' in the index to The TeXbook.)

! Missing number, treated as zero.
<to be read again> 
                   i
l.10 \newdimen\x \x=-i
                      nfbp
A number should have been here; I inserted `0'.
(If you can't figure out why I needed to see a number,
look up `weird error' in the index to The TeXbook.)

! Missing number, treated as zero.
<to be read again> 
                   i
l.11 \newdimen\y \y=-i
                      nfbp
A number should have been here; I inserted `0'.
(If you can't figure out why I needed to see a number,
look up `weird error' in the index to The TeXbook.)

! Missing number, treated as zero.
<to be read again> 
                   i
l.44 \adjustedHS=-i
                   nfbp\advance\adjustedHS by \extraE\advance\adjustedHS by ...
A number should have been here; I inserted `0'.
(If you can't figure out why I needed to see a number,
look up `weird error' in the index to The TeXbook.)

! Missing number, treated as zero.
<to be read again> 
                   i
l.45 \adjustedVS=-i
                   nfbp\advance\adjustedVS by \extraN\advance\adjustedVS by ...
A number should have been here; I inserted `0'.
(If you can't figure out why I needed to see a number,
look up `weird error' in the index to The TeXbook.)

! Number too big.
<argument> -17976931348
                       62315708145274237317043567980705675258449965989174768...

\calibrX #1->\tmpdimen =#1
                          \advance \tmpdimen by\overlap \advance \tmpdimen b...
l.46 ...9299881250404026184124858368.0000000000bp}
                                                  \tmpdimenX=\tmpdimen
I can only go up to 2147483647='17777777777="7FFFFFFF,
so I'm using that number instead of yours.

! Dimension too large.
<to be read again> 
                   \advance 
\calibrX #1->\tmpdimen =#1\advance 
                                   \tmpdimen by\overlap \advance \tmpdimen b...
l.46 ...9299881250404026184124858368.0000000000bp}
                                                  \tmpdimenX=\tmpdimen
I can't work with sizes bigger than about 19 feet.
Continue and I'll use the largest value I can.

! Number too big.
<argument> -17976931348
                       62315708145274237317043567980705675258449965989174768...

\calibrY #1->\tmpdimen =#1
                          \advance \tmpdimen by\overlap \advance \tmpdimen b...
l.47 ...9299881250404026184124858368.0000000000bp}
                                                  \tmpdimenY=\tmpdimen
I can only go up to 2147483647='17777777777="7FFFFFFF,
so I'm using that number instead of yours.

! Dimension too large.
<to be read again> 
                   \advance 
\calibrY #1->\tmpdimen =#1\advance 
                                   \tmpdimen by\overlap \advance \tmpdimen b...
l.47 ...9299881250404026184124858368.0000000000bp}
                                                  \tmpdimenY=\tmpdimen
I can't work with sizes bigger than about 19 feet.
Continue and I'll use the largest value I can.

! Number too big.
<argument> -17976931348
                       62315708145274237317043567980705675258449965989174768...

\calibrX #1->\tmpdimen =#1
                          \advance \tmpdimen by\overlap \advance \tmpdimen b...
l.49 ...9299881250404026184124858368.0000000000bp}
                                                  \tmpdimenX=\tmpdimen
I can only go up to 2147483647='17777777777="7FFFFFFF,
so I'm using that number instead of yours.

! Dimension too large.
<to be read again> 
                   \advance 
\calibrX #1->\tmpdimen =#1\advance 
                                   \tmpdimen by\overlap \advance \tmpdimen b...
l.49 ...9299881250404026184124858368.0000000000bp}
                                                  \tmpdimenX=\tmpdimen
I can't work with sizes bigger than about 19 feet.
Continue and I'll use the largest value I can.

! Number too big.
<argument> -17976931348
                       62315708145274237317043567980705675258449965989174768...

\calibrY #1->\tmpdimen =#1
                          \advance \tmpdimen by\overlap \advance \tmpdimen b...
l.50 ...9299881250404026184124858368.0000000000bp}
                                                  \tmpdimenY=\tmpdimen
I can only go up to 2147483647='17777777777="7FFFFFFF,
so I'm using that number instead of yours.

! Dimension too large.
<to be read again> 
                   \advance 
\calibrY #1->\tmpdimen =#1\advance 
                                   \tmpdimen by\overlap \advance \tmpdimen b...
l.50 ...9299881250404026184124858368.0000000000bp}
                                                  \tmpdimenY=\tmpdimen
I can't work with sizes bigger than about 19 feet.
Continue and I'll use the largest value I can.

! Number too big.
<argument> -17976931348
                       62315708145274237317043567980705675258449965989174768...

\calibrX #1->\tmpdimen =#1
                          \advance \tmpdimen by\overlap \advance \tmpdimen b...
l.52 ...9299881250404026184124858368.0000000000bp}
                                                  \tmpdimenX=\tmpdimen
I can only go up to 2147483647='17777777777="7FFFFFFF,
so I'm using that number instead of yours.

! Dimension too large.
<to be read again> 
                   \advance 
\calibrX #1->\tmpdimen =#1\advance 
                                   \tmpdimen by\overlap \advance \tmpdimen b...
l.52 ...9299881250404026184124858368.0000000000bp}
                                                  \tmpdimenX=\tmpdimen
I can't work with sizes bigger than about 19 feet.
Continue and I'll use the largest value I can.

! Number too big.
<argument> -17976931348
                       62315708145274237317043567980705675258449965989174768...

\calibrY #1->\tmpdimen =#1
                          \advance \tmpdimen by\overlap \advance \tmpdimen b...
l.53 ...9299881250404026184124858368.0000000000bp}
                                                  \tmpdimenY=\tmpdimen
I can only go up to 2147483647='17777777777="7FFFFFFF,
so I'm using that number instead of yours.

! Dimension too large.
<to be read again> 
                   \advance 
\calibrY #1->\tmpdimen =#1\advance 
                                   \tmpdimen by\overlap \advance \tmpdimen b...
l.53 ...9299881250404026184124858368.0000000000bp}
                                                  \tmpdimenY=\tmpdimen
I can't work with sizes bigger than about 19 feet.
Continue and I'll use the largest value I can.

! Number too big.
<argument> -17976931348
                       62315708145274237317043567980705675258449965989174768...

\calibrX #1->\tmpdimen =#1
                          \advance \tmpdimen by\overlap \advance \tmpdimen b...
l.55 ...9299881250404026184124858368.0000000000bp}
                                                  \tmpdimenX=\tmpdimen
I can only go up to 2147483647='17777777777="7FFFFFFF,
so I'm using that number instead of yours.

! Dimension too large.
<to be read again> 
                   \advance 
\calibrX #1->\tmpdimen =#1\advance 
                                   \tmpdimen by\overlap \advance \tmpdimen b...
l.55 ...9299881250404026184124858368.0000000000bp}
                                                  \tmpdimenX=\tmpdimen
I can't work with sizes bigger than about 19 feet.
Continue and I'll use the largest value I can.

! Number too big.
<argument> -17976931348
                       62315708145274237317043567980705675258449965989174768...

\calibrY #1->\tmpdimen =#1
                          \advance \tmpdimen by\overlap \advance \tmpdimen b...
l.56 ...9299881250404026184124858368.0000000000bp}
                                                  \tmpdimenY=\tmpdimen
I can only go up to 2147483647='17777777777="7FFFFFFF,
so I'm using that number instead of yours.

! Dimension too large.
<to be read again> 
                   \advance 
\calibrY #1->\tmpdimen =#1\advance 
                                   \tmpdimen by\overlap \advance \tmpdimen b...
l.56 ...9299881250404026184124858368.0000000000bp}
                                                  \tmpdimenY=\tmpdimen
I can't work with sizes bigger than about 19 feet.
Continue and I'll use the largest value I can.

! Number too big.
<argument> -17976931348
                       62315708145274237317043567980705675258449965989174768...

\calibrX #1->\tmpdimen =#1
                          \advance \tmpdimen by\overlap \advance \tmpdimen b...
l.58 ...9299881250404026184124858368.0000000000bp}
                                                  \tmpdimenX=\tmpdimen
I can only go up to 2147483647='17777777777="7FFFFFFF,
so I'm using that number instead of yours.

! Dimension too large.
<to be read again> 
                   \advance 
\calibrX #1->\tmpdimen =#1\advance 
                                   \tmpdimen by\overlap \advance \tmpdimen b...
l.58 ...9299881250404026184124858368.0000000000bp}
                                                  \tmpdimenX=\tmpdimen
I can't work with sizes bigger than about 19 feet.
Continue and I'll use the largest value I can.

! Number too big.
<argument> -17976931348
                       62315708145274237317043567980705675258449965989174768...

\calibrY #1->\tmpdimen =#1
                          \advance \tmpdimen by\overlap \advance \tmpdimen b...
l.59 ...9299881250404026184124858368.0000000000bp}
                                                  \tmpdimenY=\tmpdimen
I can only go up to 2147483647='17777777777="7FFFFFFF,
so I'm using that number instead of yours.

! Dimension too large.
<to be read again> 
                   \advance 
\calibrY #1->\tmpdimen =#1\advance 
                                   \tmpdimen by\overlap \advance \tmpdimen b...
l.59 ...9299881250404026184124858368.0000000000bp}
                                                  \tmpdimenY=\tmpdimen
I can't work with sizes bigger than about 19 feet.
Continue and I'll use the largest value I can.

! Number too big.
<argument> -17976931348
                       62315708145274237317043567980705675258449965989174768...

\calibrX #1->\tmpdimen =#1
                          \advance \tmpdimen by\overlap \advance \tmpdimen b...
l.61 ...9299881250404026184124858368.0000000000bp}
                                                  \tmpdimenX=\tmpdimen
I can only go up to 2147483647='17777777777="7FFFFFFF,
so I'm using that number instead of yours.

! Dimension too large.
<to be read again> 
                   \advance 
\calibrX #1->\tmpdimen =#1\advance 
                                   \tmpdimen by\overlap \advance \tmpdimen b...
l.61 ...9299881250404026184124858368.0000000000bp}
                                                  \tmpdimenX=\tmpdimen
I can't work with sizes bigger than about 19 feet.
Continue and I'll use the largest value I can.

! Number too big.
<argument> -17976931348
                       62315708145274237317043567980705675258449965989174768...

\calibrY #1->\tmpdimen =#1
                          \advance \tmpdimen by\overlap \advance \tmpdimen b...
l.62 ...9299881250404026184124858368.0000000000bp}
                                                  \tmpdimenY=\tmpdimen
I can only go up to 2147483647='17777777777="7FFFFFFF,
so I'm using that number instead of yours.

! Dimension too large.
<to be read again> 
                   \advance 
\calibrY #1->\tmpdimen =#1\advance 
                                   \tmpdimen by\overlap \advance \tmpdimen b...
l.62 ...9299881250404026184124858368.0000000000bp}
                                                  \tmpdimenY=\tmpdimen
I can't work with sizes bigger than about 19 feet.
Continue and I'll use the largest value I can.

! Number too big.
<argument> -17976931348
                       62315708145274237317043567980705675258449965989174768...

\calibrX #1->\tmpdimen =#1
                          \advance \tmpdimen by\overlap \advance \tmpdimen b...
l.64 ...9299881250404026184124858368.0000000000bp}
                                                  \tmpdimenX=\tmpdimen
I can only go up to 2147483647='17777777777="7FFFFFFF,
so I'm using that number instead of yours.

! Dimension too large.
<to be read again> 
                   \advance 
\calibrX #1->\tmpdimen =#1\advance 
                                   \tmpdimen by\overlap \advance \tmpdimen b...
l.64 ...9299881250404026184124858368.0000000000bp}
                                                  \tmpdimenX=\tmpdimen
I can't work with sizes bigger than about 19 feet.
Continue and I'll use the largest value I can.

! Number too big.
<argument> -17976931348
                       62315708145274237317043567980705675258449965989174768...

\calibrY #1->\tmpdimen =#1
                          \advance \tmpdimen by\overlap \advance \tmpdimen b...
l.65 ...9299881250404026184124858368.0000000000bp}
                                                  \tmpdimenY=\tmpdimen
I can only go up to 2147483647='17777777777="7FFFFFFF,
so I'm using that number instead of yours.

! Dimension too large.
<to be read again> 
                   \advance 
\calibrY #1->\tmpdimen =#1\advance 
                                   \tmpdimen by\overlap \advance \tmpdimen b...
l.65 ...9299881250404026184124858368.0000000000bp}
                                                  \tmpdimenY=\tmpdimen
I can't work with sizes bigger than about 19 feet.
Continue and I'll use the largest value I can.

! Number too big.
<argument> -17976931348
                       62315708145274237317043567980705675258449965989174768...

\calibrX #1->\tmpdimen =#1
                          \advance \tmpdimen by\overlap \advance \tmpdimen b...
l.67 ...9299881250404026184124858368.0000000000bp}
                                                  \tmpdimenX=\tmpdimen
I can only go up to 2147483647='17777777777="7FFFFFFF,
so I'm using that number instead of yours.

! Dimension too large.
<to be read again> 
                   \advance 
\calibrX #1->\tmpdimen =#1\advance 
                                   \tmpdimen by\overlap \advance \tmpdimen b...
l.67 ...9299881250404026184124858368.0000000000bp}
                                                  \tmpdimenX=\tmpdimen
I can't work with sizes bigger than about 19 feet.
Continue and I'll use the largest value I can.

! Number too big.
<argument> -17976931348
                       62315708145274237317043567980705675258449965989174768...

\calibrY #1->\tmpdimen =#1
                          \advance \tmpdimen by\overlap \advance \tmpdimen b...
l.68 ...9299881250404026184124858368.0000000000bp}
                                                  \tmpdimenY=\tmpdimen
I can only go up to 2147483647='17777777777="7FFFFFFF,
so I'm using that number instead of yours.

! Dimension too large.
<to be read again> 
                   \advance 
\calibrY #1->\tmpdimen =#1\advance 
                                   \tmpdimen by\overlap \advance \tmpdimen b...
l.68 ...9299881250404026184124858368.0000000000bp}
                                                  \tmpdimenY=\tmpdimen
I can't work with sizes bigger than about 19 feet.
Continue and I'll use the largest value I can.

! Number too big.
<argument> -17976931348
                       62315708145274237317043567980705675258449965989174768...

\calibrX #1->\tmpdimen =#1
                          \advance \tmpdimen by\overlap \advance \tmpdimen b...
l.70 ...9299881250404026184124858368.0000000000bp}
                                                  \tmpdimenX=\tmpdimen
I can only go up to 2147483647='17777777777="7FFFFFFF,
so I'm using that number instead of yours.

! Dimension too large.
<to be read again> 
                   \advance 
\calibrX #1->\tmpdimen =#1\advance 
                                   \tmpdimen by\overlap \advance \tmpdimen b...
l.70 ...9299881250404026184124858368.0000000000bp}
                                                  \tmpdimenX=\tmpdimen
I can't work with sizes bigger than about 19 feet.
Continue and I'll use the largest value I can.

! Number too big.
<argument> -17976931348
                       62315708145274237317043567980705675258449965989174768...

\calibrY #1->\tmpdimen =#1
                          \advance \tmpdimen by\overlap \advance \tmpdimen b...
l.71 ...9299881250404026184124858368.0000000000bp}
                                                  \tmpdimenY=\tmpdimen
I can only go up to 2147483647='17777777777="7FFFFFFF,
so I'm using that number instead of yours.

! Dimension too large.
<to be read again> 
                   \advance 
\calibrY #1->\tmpdimen =#1\advance 
                                   \tmpdimen by\overlap \advance \tmpdimen b...
l.71 ...9299881250404026184124858368.0000000000bp}
                                                  \tmpdimenY=\tmpdimen
I can't work with sizes bigger than about 19 feet.
Continue and I'll use the largest value I can.

! Missing number, treated as zero.
<to be read again> 
                   i
l.84 \setbox\xxx=\hbox to -i
                            nfbp{%
A number should have been here; I inserted `0'.
(If you can't figure out why I needed to see a number,
look up `weird error' in the index to The TeXbook.)

! Missing { inserted.
<to be read again> 
                   f
l.84 \setbox\xxx=\hbox to -inf
                              bp{%
A left brace was mandatory here, so I've put one in.
You might want to delete and/or insert some corrections
so that I will find a matching right brace soon.
(If you're confused by all this, try typing `I}' now.)

! Missing number, treated as zero.
<to be read again> 
                   i
l.85 \hfill}\ht\xxx=-i
                      nfbp\dp\xxx=0bp
A number should have been here; I inserted `0'.
(If you can't figure out why I needed to see a number,
look up `weird error' in the index to The TeXbook.)

! pdfTeX error (ext1): \pdfxform cannot be used with a void box.
<recently read> \xxx 
                     
l.86 ...pdfxform attr{/OC \the\oca\space 0 R} \xxx
                                                  \PB{0}{0}{\pdflastxform}%

 
Here is how much of TeX's memory you used:
 240 strings out of 495042
 2468 string characters out of 6159509
 16158 words of memory out of 5000000
 1840 multiletter control sequences out of 15000+600000
 17652 words of font info for 57 fonts, out of 8000000 for 9000
 1141 hyphenation exceptions out of 8191
 8i,4n,8p,376b,45s stack positions out of 5000i,500n,10000p,200000b,80000s
!  ==> Fatal error occurred, no output PDF file produced!

##################### end of pdftex log file #####################
therion: error -- pdftex exit code -- 256
