therion 5.4.4+4cb2921 (2020-04-05)
initialization file: /home/ben/.therion/therion.ini
reading ... done
checking optional fonts csr10 csti10 csbx10 csss10 csssi10 ... OK
checking optional fonts cmcyr10 cmcti10 cmcbx10 cmcss10 cmcssi10 ... OK
configuration file: thconfig
reading ... done
reading source files ... done
preprocessing database ... done
scanning centreline tree ... done
searching for centerline loops ... done
calculating station coordinates ... done
average loop error: 7.23%
processing survey data ... 
####################### cavern log file ########################
 1> Survex 1.2.43
 2> Copyright © 1990-2020 Olly Betts
 3> Survey has no fixed points. Therefore I’ve fixed 7 at (0,0,0)
 4> 
 5> Survey contains 69 survey stations, joined by 69 legs.
 6> There are 2 loops.
 7> Survey has 2 connected components.
 8> Total length of survey legs =  320.23m ( 320.18m adjusted)
 9> Total plan length of survey legs =  267.53m
10> Total vertical length of survey legs =  147.76m
11> Vertical range = 115.31m (from 23 at 83.09m to 69 at -32.23m)
12> North-South range = 60.46m (from 22 at 48.12m to 67 at -12.34m)
13> East-West range = 117.60m (from 62 at 90.19m to 50 at -27.41m)
14>   43 1-nodes.
15>   17 2-nodes.
16>    3 3-nodes.
17>    1 6-node.
18>    1 7-node.
19>    1 8-node.
20>    1 9-node.
21>    1 10-node.
22>    1 12-node.
23> 
######################### transcription ########################
 3> 7 : 6@downdraught
 5> 69 : 105@downdraughtsnowslope -- 69 : 105@downdraughtsnowslope
 6> 2 : 1@downdraught
 7> 2 : 1@downdraught
11> 23 : 22@downdraught -- 69 : 105@downdraughtsnowslope
12> 22 : 21@downdraught -- 67 : 103@downdraughtsnowslope
13> 62 : -@downdraught -- 50 : -@downdraught
14> 43 : -@downdraught
15> 17 : 16@downdraught
16> 3 : 2@downdraught
17> 1 : 0@downdraught
18> 1 : 0@downdraught
19> 1 : 0@downdraught
20> 1 : 0@downdraught
21> 1 : 0@downdraught
22> 1 : 0@downdraught
#################### end of cavern log file ####################
done
calculating basic statistics ... done
processing extended elevation ... done
processing references ... done
selecting export objects ... done
writing downdraught.lox ...
processing projection plan ... done
 done
writing downdraught.3d ... done


############### export maps & scraps selection #################
S      nan  @ ()
########## end of export maps & scraps selection ###############
writing downdraught.pdf ...
####################### metapost log file ########################
This is MetaPost, version 2.000 (TeX Live 2017/Debian) (kpathsea version 6.2.3)  12 APR 2020 13:03
**data.mp
(/usr/share/texlive/texmf-dist/metapost/base/mpost.mp
(/usr/share/texlive/texmf-dist/metapost/base/plain.mp
Preloading the plain mem file, version 1.005) ) (./data.mp
{randomseed:=42}
 [4001] [4002] [4003] [4004] [4005] [4006] [4007] [4008] [4009] [4010] [4011] [
4012] [4013] [4014]
[1] [2] (./mptextmp.mp) [3] )
 
Here is how much of MetaPost's memory you used:
 1374 strings using 32072 characters
 3167288 bytes of node memory
 1657 symbolic tokens
 8i,81n,11p,312b,4f stack positions out of 16i,96n,12p,312b,6f
17 output files written: data.1 .. data.4014


#################### end of metapost log file ####################
converting scraps ... done
making map ... done
######################## pdftex log file #########################
This is pdfTeX, Version 3.14159265-2.6-1.40.18 (TeX Live 2017/Debian) (preloaded format=pdfetex 2019.12.12)  12 APR 2020 13:03
entering extended mode
 restricted \write18 enabled.
 %&-line parsing enabled.
**data.tex
(./data.tex (./th_enc.tex) (./th_texts.tex) (./th_resources.tex
(/usr/share/texlive/texmf-dist/tex/generic/pdftex/glyphtounicode.tex))
(./th_fontdef.tex{/var/lib/texmf/fonts/map/pdftex/updmap/pdftex.map})
(./th_formdef.tex) (./th_pagedef.tex) (./th_pages.tex)
 50 numeric registers used out of 32768
 [1] ) 
Here is how much of TeX's memory you used:
 247 strings out of 495042
 2540 string characters out of 6159509
 42560 words of memory out of 5000000
 1842 multiletter control sequences out of 15000+600000
 18931 words of font info for 60 fonts, out of 8000000 for 9000
 1141 hyphenation exceptions out of 8191
 9i,5n,8p,238b,58s stack positions out of 5000i,500n,10000p,200000b,80000s
</usr/share/texlive/texmf-dist/fonts/type1/public/amsfonts/cm/cmss10.pfb>
</usr/share/texlive/texmf-dist/fonts/type1/public/amsfonts/cm/cmssi10.pfb>
Output written on data.pdf (1 page, 31148 bytes).
PDF statistics:
 36 PDF objects out of 1000 (max. 8388607)
 22 compressed objects within 1 object stream
 0 named destinations out of 1000 (max. 500000)
 61 words of extra memory for PDF output out of 10000 (max. 10000000)


##################### end of pdftex log file #####################
done
compilation time: 1 sec


######################### loop errors ##########################
REL-ERR ABS-ERR TOTAL-L STS X-ERROR Y-ERROR Z-ERROR STATIONS
  7.23%    0.7m    9.1m   2    0.5m   -0.1m   -0.4m [100@downdraughtsnowslope - 101 - 100]
##################### end of loop errors #######################
