therion 5.4.4+4cb2921 (2020-04-05)
initialization file: /home/ben/.therion/therion.ini
reading ... done
checking optional fonts csr10 csti10 csbx10 csss10 csssi10 ... OK
checking optional fonts cmcyr10 cmcti10 cmcbx10 cmcss10 cmcssi10 ... OK
configuration file: thconfig
reading ... done
reading source files ... done
preprocessing database ... done
scanning centreline tree ... done
searching for centerline loops ... done
calculating station coordinates ... done
processing survey data ... 
####################### cavern log file ########################
 1> Survex 1.2.43
 2> Copyright © 1990-2020 Olly Betts
 3> Survey has no fixed points. Therefore I’ve fixed 1 at (0,0,0)
 4> 
 5> Survey contains 93 survey stations, joined by 92 legs.
 6> There are 0 loops.
 7> Total length of survey legs =  731.50m ( 731.50m adjusted)
 8> Total plan length of survey legs =  607.40m
 9> Total vertical length of survey legs =  327.15m
10> Vertical range = 117.64m (from 81 at 45.03m to 44 at -72.61m)
11> North-South range = 396.29m (from 92 at 396.29m to 1 at 0.00m)
12> East-West range = 216.03m (from 91 at 184.28m to 44 at -31.76m)
13>   13 1-nodes.
14>   70 2-nodes.
15>    9 3-nodes.
16>    1 4-node.
17> 
######################### transcription ########################
 3> 1 : 1@quattro_formaggio
 5> 93 : 93@quattro_formaggio -- 92 : 92@quattro_formaggio
10> 81 : 104@quattro_formaggio -- 44 : 49@quattro_formaggio
11> 92 : 92@quattro_formaggio -- 1 : 1@quattro_formaggio
12> 91 : 91@quattro_formaggio -- 44 : 49@quattro_formaggio
13> 13 : 13@quattro_formaggio
14> 70 : 76@quattro_formaggio
15> 9 : 9@quattro_formaggio
16> 1 : 1@quattro_formaggio
#################### end of cavern log file ####################
done
calculating basic statistics ... done
processing extended elevation ... done
processing references ... done
selecting export objects ... done
writing quattro_formaggio.3d ... done
writing quattro_formaggio.lox ...
processing projection plan ... done
average distortion: 1.12%
..... done


############### export maps & scraps selection #################
M   -14.60 quattroFormaggioPlan@quattro_formaggio (Quattro Formaggio)
S   -17.45  quattro_formaggio_s5@quattro_formaggio ()
S   -54.69  quattro-formaggio_s4@quattro_formaggio ()
S    -8.51  quattro_formaggio_s1@quattro_formaggio ()
S    27.35  quattro_formaggio_s3@quattro_formaggio ()
S   -19.69  quattro_formaggio_s2@quattro_formaggio ()
########## end of export maps & scraps selection ###############
writing quattro_formaggio.pdf ...
####################### metapost log file ########################
This is MetaPost, version 2.000 (TeX Live 2017/Debian) (kpathsea version 6.2.3)  12 APR 2020 14:24
**data.mp
(/usr/share/texlive/texmf-dist/metapost/base/mpost.mp
(/usr/share/texlive/texmf-dist/metapost/base/plain.mp
Preloading the plain mem file, version 1.005) ) (./data.mp
{randomseed:=42}
 [4001] [4002] [4003] [4004] [4005] [4006] [4007] [4008] [4009] [4010] [4011] [
4012] [4013] [4014]
[1] [2] [3] [4] [5] [6] [7] [8] [9] [10] [11] [12] [13] [14] [15] [16] [17]
[18] [19] (./mptextmp.mp) [20] )
 
Here is how much of MetaPost's memory you used:
 11554 strings using 288890 characters
 4168160 bytes of node memory
 1659 symbolic tokens
 11i,81n,14p,332b,5f stack positions out of 16i,96n,17p,390b,6f
34 output files written: data.1 .. data.4014


#################### end of metapost log file ####################
converting scraps ... done
making map ... done
######################## pdftex log file #########################
This is pdfTeX, Version 3.14159265-2.6-1.40.18 (TeX Live 2017/Debian) (preloaded format=pdfetex 2019.12.12)  12 APR 2020 14:25
entering extended mode
 restricted \write18 enabled.
 %&-line parsing enabled.
**data.tex
(./data.tex (./th_enc.tex) (./th_texts.tex) (./th_resources.tex
(/usr/share/texlive/texmf-dist/tex/generic/pdftex/glyphtounicode.tex))
(./th_fontdef.tex{/var/lib/texmf/fonts/map/pdftex/updmap/pdftex.map})
(./th_formdef.tex) (./th_pagedef.tex) (./th_pages.tex)
 73 numeric registers used out of 32768
 [1] ) 
Here is how much of TeX's memory you used:
 270 strings out of 495042
 2781 string characters out of 6159509
 211626 words of memory out of 5000000
 1865 multiletter control sequences out of 15000+600000
 20080 words of font info for 63 fonts, out of 8000000 for 9000
 1141 hyphenation exceptions out of 8191
 9i,5n,8p,276b,58s stack positions out of 5000i,500n,10000p,200000b,80000s
</usr/share/texlive/texmf-dist/fonts/type1/public/amsfonts/cm/cmss10.pfb>
</usr/share/texlive/texmf-dist/fonts/type1/public/amsfonts/cm/cmssi10.pfb>
Output written on data.pdf (1 page, 156461 bytes).
PDF statistics:
 83 PDF objects out of 1000 (max. 8388607)
 45 compressed objects within 1 object stream
 0 named destinations out of 1000 (max. 500000)
 203 words of extra memory for PDF output out of 10000 (max. 10000000)


##################### end of pdftex log file #####################
done
compilation time: 1 sec


###################### scrap distortions #######################
 PROJECTION: plan
 AVERAGE  MAXIMAL  SCRAP
   1.13%   22.06%  quattro_formaggio_s2@quattro_formaggio
   0.81%   20.35%  quattro_formaggio_s1@quattro_formaggio
   1.51%   15.05%  quattro_formaggio_s3@quattro_formaggio
   1.57%   13.37%  quattro-formaggio_s4@quattro_formaggio
   0.48%    1.40%  quattro_formaggio_s5@quattro_formaggio
################### end of scrap distortions ###################
