therion 5.4.4+4cb2921 (2020-04-05)
initialization file: /home/ben/.therion/therion.ini
reading ... done
checking optional fonts csr10 csti10 csbx10 csss10 csssi10 ... OK
checking optional fonts cmcyr10 cmcti10 cmcbx10 cmcss10 cmcssi10 ... OK
configuration file: thconfig
reading ... done
reading source files ... done
preprocessing database ... done
scanning centreline tree ... done
searching for centerline loops ... done
calculating station coordinates ... done
processing survey data ... 
####################### cavern log file ########################
 1> Survex 1.2.43
 2> Copyright © 1990-2020 Olly Betts
 3> Survey has no fixed points. Therefore I’ve fixed 1 at (0,0,0)
 4> 
 5> Survey contains 20 survey stations, joined by 19 legs.
 6> There are 0 loops.
 7> Total length of survey legs =  137.56m ( 137.56m adjusted)
 8> Total plan length of survey legs =  130.73m
 9> Total vertical length of survey legs =   33.75m
10> Vertical range = 21.28m (from 16 at 21.28m to 1 at 0.00m)
11> North-South range = 52.77m (from 1 at 0.00m to 15 at -52.77m)
12> East-West range = 34.89m (from 17 at 28.56m to 2 at -6.32m)
13>    5 1-nodes.
14>   12 2-nodes.
15>    3 3-nodes.
16> 
######################### transcription ########################
 3> 1 : 0@hypothesis_south
 5> 20 : 19@hypothesis_south -- 19 : 18@hypothesis_south
10> 16 : 15@hypothesis_south -- 1 : 0@hypothesis_south
11> 1 : 0@hypothesis_south -- 15 : 14@hypothesis_south
12> 17 : 16@hypothesis_south -- 2 : 1@hypothesis_south
13> 5 : 4@hypothesis_south
14> 12 : 11@hypothesis_south
15> 3 : 2@hypothesis_south
#################### end of cavern log file ####################
done
calculating basic statistics ... done
processing extended elevation ... done
processing references ... done
selecting export objects ... done
writing hypothesis_south.3d ... done
writing hypothesis_south.lox ...
processing projection plan ... done
average distortion: 0.02%
.
therion: warning -- HypothesisSP1@hypothesis_south -- multiple scrap outer outlines not supported yet
 done


############### export maps & scraps selection #################
S    11.96  HypothesisSP1@hypothesis_south ()
########## end of export maps & scraps selection ###############
writing hypothesis_south.pdf ...
####################### metapost log file ########################
This is MetaPost, version 2.000 (TeX Live 2017/Debian) (kpathsea version 6.2.3)  13 APR 2020 13:16
**data.mp
(/usr/share/texlive/texmf-dist/metapost/base/mpost.mp
(/usr/share/texlive/texmf-dist/metapost/base/plain.mp
Preloading the plain mem file, version 1.005) ) (./data.mp
{randomseed:=42}
 [4001] [4002] [4003] [4004] [4005] [4006] [4007] [4008] [4009] [4010] [4011] [
4012] [4013] [4014]
[Error: area borders l61-778-730 and l60-996-710 don't intersect in scrap Hypot
hesisSP1@hypothesis_south (file hypothesis_south.th2 [308])]
[Error: area borders l24-768-644 and l2-652-710 don't intersect in scrap Hypoth
esisSP1@hypothesis_south (file hypothesis_south.th2 [308])]
[Error: area borders l25-914-642 and l24-768-644 don't intersect in scrap Hypot
hesisSP1@hypothesis_south (file hypothesis_south.th2 [308])]
[Error: area borders l9-1192-630 and l25-914-642 don't intersect in scrap Hypot
hesisSP1@hypothesis_south (file hypothesis_south.th2 [308])]
[Error: area borders l60-996-710 and l9-1192-630 don't intersect in scrap Hypot
hesisSP1@hypothesis_south (file hypothesis_south.th2 [308])]
[Error: area borders l32-462-2346 and l60-748-2552 don't intersect in scrap Hyp
othesisSP1@hypothesis_south (file hypothesis_south.th2 [46])]
[Error: area borders l64-752-2346 and l32-462-2346 don't intersect in scrap Hyp
othesisSP1@hypothesis_south (file hypothesis_south.th2 [46])]
[Error: area borders l32-462-2346 and l55-1292-1084 don't intersect in scrap Hy
pothesisSP1@hypothesis_south (file hypothesis_south.th2 [18])]
[Error: area borders l55-1292-1084 and l60-796-1768 don't intersect in scrap Hy
pothesisSP1@hypothesis_south (file hypothesis_south.th2 [18])] [1]
[Warning: scrap outline intersects itself in scrap HypothesisSP1@hypothesis_sou
th] [2] [3] [4] (./mptextmp.mp) [5] )
 
Here is how much of MetaPost's memory you used:
 2921 strings using 71728 characters
 4016040 bytes of node memory
 1659 symbolic tokens
 11i,81n,14p,312b,4f stack positions out of 16i,96n,17p,312b,6f
19 output files written: data.1 .. data.4014


#################### end of metapost log file ####################
converting scraps ... done
making map ... done
######################## pdftex log file #########################
This is pdfTeX, Version 3.14159265-2.6-1.40.18 (TeX Live 2017/Debian) (preloaded format=pdfetex 2019.12.12)  13 APR 2020 13:16
entering extended mode
 restricted \write18 enabled.
 %&-line parsing enabled.
**data.tex
(./data.tex (./th_enc.tex) (./th_texts.tex) (./th_resources.tex
(/usr/share/texlive/texmf-dist/tex/generic/pdftex/glyphtounicode.tex))
(./th_fontdef.tex{/var/lib/texmf/fonts/map/pdftex/updmap/pdftex.map})
(./th_formdef.tex) (./th_pagedef.tex) (./th_pages.tex)
 53 numeric registers used out of 32768
 [1] ) 
Here is how much of TeX's memory you used:
 250 strings out of 495042
 2572 string characters out of 6159509
 209070 words of memory out of 5000000
 1845 multiletter control sequences out of 15000+600000
 20080 words of font info for 63 fonts, out of 8000000 for 9000
 1141 hyphenation exceptions out of 8191
 9i,5n,8p,238b,58s stack positions out of 5000i,500n,10000p,200000b,80000s
</usr/share/texlive/texmf-dist/fonts/type1/public/amsfonts/cm/cmss10.pfb>
</usr/share/texlive/texmf-dist/fonts/type1/public/amsfonts/cm/cmssi10.pfb>
Output written on data.pdf (1 page, 64897 bytes).
PDF statistics:
 42 PDF objects out of 1000 (max. 8388607)
 25 compressed objects within 1 object stream
 0 named destinations out of 1000 (max. 500000)
 79 words of extra memory for PDF output out of 10000 (max. 10000000)


##################### end of pdftex log file #####################
done
compilation time: 1 sec


###################### scrap distortions #######################
 PROJECTION: plan
 AVERAGE  MAXIMAL  SCRAP
   0.02%    0.35%  HypothesisSP1@hypothesis_south
################### end of scrap distortions ###################
