therion 5.4.4+4cb2921 (2020-04-05)
initialization file: /home/ben/.therion/therion.ini
reading ... done
checking optional fonts csr10 csti10 csbx10 csss10 csssi10 ... OK
checking optional fonts cmcyr10 cmcti10 cmcbx10 cmcss10 cmcssi10 ... OK
configuration file: thconfig
reading ... done
reading source files ... done
preprocessing database ... done
scanning centreline tree ... done
searching for centerline loops ... done
calculating station coordinates ... done
average loop error: 1.37%
processing survey data ... 
####################### cavern log file ########################
 1> Survex 1.2.43
 2> Copyright © 1990-2020 Olly Betts
 3> Survey has no fixed points. Therefore I’ve fixed 1 at (0,0,0)
 4> 
 5> Survey contains 202 survey stations, joined by 202 legs.
 6> There is 1 loop.
 7> Total length of survey legs = 4978.60m (4978.65m adjusted)
 8> Total plan length of survey legs = 4704.61m
 9> Total vertical length of survey legs = 1226.44m
10> Vertical range = 145.77m (from 1 at 0.00m to 47 at -145.77m)
11> North-South range = 973.16m (from 100 at 875.48m to 33 at -97.69m)
12> East-West range = 754.96m (from 122 at 591.10m to 47 at -163.86m)
13>   28 1-nodes.
14>  152 2-nodes.
15>   16 3-nodes.
16>    6 4-nodes.
17> 
######################### transcription ########################
 3> 1 : 315@the_cairn_farm
 5> 202 : 693@the_cairn_farm -- 202 : 693@the_cairn_farm
 6> 1 : 315@the_cairn_farm
10> 1 : 315@the_cairn_farm -- 47 : 543a@the_cairn_farm
11> 100 : 599@the_cairn_farm -- 33 : 529@the_cairn_farm
12> 122 : 621@the_cairn_farm -- 47 : 543a@the_cairn_farm
13> 28 : 524@the_cairn_farm
14> 152 : 645@the_cairn_farm
15> 16 : 512@the_cairn_farm
16> 6 : 502@the_cairn_farm
#################### end of cavern log file ####################
done
calculating basic statistics ... done
processing extended elevation ... done
processing references ... done
selecting export objects ... done
writing the_cairn_farm.3d ... done
writing the_cairn_farm.lox ...
processing projection plan ... done
average distortion: 1.31%
... done


############### export maps & scraps selection #################
S   -51.35  cairn_farm_s3@the_cairn_farm ()
S   -62.65  cairn_farm_s1@the_cairn_farm ()
S   -72.31  cairn_farm_s2@the_cairn_farm ()
########## end of export maps & scraps selection ###############
writing the_cairn_farm.pdf ...
####################### metapost log file ########################
This is MetaPost, version 2.000 (TeX Live 2017/Debian) (kpathsea version 6.2.3)  13 APR 2020 15:56
**data.mp
(/usr/share/texlive/texmf-dist/metapost/base/mpost.mp
(/usr/share/texlive/texmf-dist/metapost/base/plain.mp
Preloading the plain mem file, version 1.005) ) (./data.mp
{randomseed:=42}
 [4001] [4002] [4003] [4004] [4005] [4006] [4007] [4008] [4009] [4010] [4011] [
4012] [4013] [4014]
[1] [2] [3] [4] [5] [6] [7] [8] (./mptextmp.mp) [9] )
 
Here is how much of MetaPost's memory you used:
 15513 strings using 352127 characters
 3479752 bytes of node memory
 1661 symbolic tokens
 10i,81n,13p,312b,5f stack positions out of 16i,96n,16p,312b,6f
23 output files written: data.1 .. data.4014


#################### end of metapost log file ####################
converting scraps ... done
making map ... done
######################## pdftex log file #########################
This is pdfTeX, Version 3.14159265-2.6-1.40.18 (TeX Live 2017/Debian) (preloaded format=pdfetex 2019.12.12)  13 APR 2020 15:56
entering extended mode
 restricted \write18 enabled.
 %&-line parsing enabled.
**data.tex
(./data.tex (./th_enc.tex) (./th_texts.tex) (./th_resources.tex
(/usr/share/texlive/texmf-dist/tex/generic/pdftex/glyphtounicode.tex))
(./th_fontdef.tex{/var/lib/texmf/fonts/map/pdftex/updmap/pdftex.map})
(./th_formdef.tex) (./th_pagedef.tex) (./th_pages.tex)
 59 numeric registers used out of 32768
 [1] ) 
Here is how much of TeX's memory you used:
 256 strings out of 495042
 2639 string characters out of 6159509
 36606 words of memory out of 5000000
 1851 multiletter control sequences out of 15000+600000
 20080 words of font info for 63 fonts, out of 8000000 for 9000
 1141 hyphenation exceptions out of 8191
 9i,5n,8p,276b,58s stack positions out of 5000i,500n,10000p,200000b,80000s
</usr/share/texlive/texmf-dist/fonts/type1/public/amsfonts/cm/cmss10.pfb>
</usr/share/texlive/texmf-dist/fonts/type1/public/amsfonts/cm/cmssi10.pfb>
Output written on data.pdf (1 page, 65076 bytes).
PDF statistics:
 58 PDF objects out of 1000 (max. 8388607)
 33 compressed objects within 1 object stream
 0 named destinations out of 1000 (max. 500000)
 127 words of extra memory for PDF output out of 10000 (max. 10000000)


##################### end of pdftex log file #####################
done
compilation time: 14 sec


######################### loop errors ##########################
REL-ERR ABS-ERR TOTAL-L STS X-ERROR Y-ERROR Z-ERROR STATIONS
  1.37%    3.5m  255.3m   9   -1.3m    1.9m    2.7m [507@the_cairn_farm - 516 - 515 - 514 - 512 - 511 - 510 - 509 - 508 - 507]
##################### end of loop errors #######################


###################### scrap distortions #######################
 PROJECTION: plan
 AVERAGE  MAXIMAL  SCRAP
   1.30%   65.60%  cairn_farm_s1@the_cairn_farm
   2.42%   28.05%  cairn_farm_s3@the_cairn_farm
   0.10%    3.67%  cairn_farm_s2@the_cairn_farm
################### end of scrap distortions ###################
