therion 5.4.4+19919fc (2020-10-19)
  - using Proj 6.3.1, compiled against 6.3.1
initialization file: /home/ben/.therion/therion.ini
reading ... done
checking optional fonts csr10 csti10 csbx10 csss10 csssi10 ... OK
checking optional fonts cmcyr10 cmcti10 cmcbx10 cmcss10 cmcssi10 ... OK
configuration file: thconfig
reading ... done
reading source files ... done
preprocessing database ... done
scanning centreline tree ... done
searching for centerline loops ... done
calculating station coordinates ... done
processing survey data ... 
####################### cavern log file ########################
 1> Survex 1.2.42
 2> Copyright © 1990-2018 Olly Betts
 3> Survey has no fixed points. Therefore I’ve fixed 1 at (0,0,0)
 4> 
 5> Survey contains 103 survey stations, joined by 102 legs.
 6> There is 1 loop.
 7> Survey has 2 connected components.
 8> Total length of survey legs =  248.01m ( 248.01m adjusted)
 9> Total plan length of survey legs =  211.87m
10> Total vertical length of survey legs =  104.45m
11> Vertical range = 58.68m (from 19 at 31.77m to 78 at -26.91m)
12> North-South range = 28.29m (from 101 at 7.41m to 12 at -20.88m)
13> East-West range = 194.41m (from 100 at 184.02m to 3 at -10.39m)
14>   86 1-nodes.
15>    1 4-node.
16>    1 5-node.
17>    9 6-nodes.
18>    2 7-nodes.
19>    1 8-node.
20>    1 9-node.
21>    2 12-nodes.
22> 
######################### transcription ########################
 3> 1 : 214@and_finally
 5> 103 : -@and_finally -- 102 : -@and_finally
 6> 1 : 214@and_finally
 7> 2 : -@and_finally
11> 19 : 405@and_finally -- 78 : -@and_finally
12> 101 : 420@and_finally -- 12 : -@and_finally
13> 100 : 419@and_finally -- 3 : -@and_finally
14> 86 : -@and_finally
15> 1 : 214@and_finally
16> 1 : 214@and_finally
17> 9 : -@and_finally
18> 2 : -@and_finally
19> 1 : 214@and_finally
20> 1 : 214@and_finally
21> 2 : -@and_finally
#################### end of cavern log file ####################
done
calculating basic statistics ... done
processing extended elevation ... done
processing references ... 
therion: warning -- ../../../../../layouts/mulu_layouts.thc [30] -- source layout not found -- LayoutScale20000
done
selecting export objects ... done
writing and_finally.3d ... done
writing and_finally.lox ...
processing projection plan ... done
average distortion: 0.02%
.... done


############### export maps & scraps selection #################
M    -7.81 andFinallyPlan@and_finally ()
S    11.01  and_finally_s1@and_finally ()
S   -12.28  and_finally_s2@and_finally ()
S   -20.46  and_finally_s3@and_finally ()
S    -9.53  and_finally_s4@and_finally ()
M    -7.81 and_finally_m@and_finally ()
S    11.01  and_finally_s1@and_finally ()
S   -12.28  and_finally_s2@and_finally ()
S   -20.46  and_finally_s3@and_finally ()
S    -9.53  and_finally_s4@and_finally ()
########## end of export maps & scraps selection ###############
writing and_finally.pdf ...
####################### metapost log file ########################
This is MetaPost, version 2.00 (TeX Live 2019/Debian) (kpathsea version 6.3.1)  5 MAR 2021 21:39
**data.mp
(/usr/share/texlive/texmf-dist/metapost/base/mpost.mp
(/usr/share/texlive/texmf-dist/metapost/base/plain.mp
Preloading the plain mem file, version 1.005) ) (./data.mp
{randomseed:=42}
 [4001] [4002] [4003] [4004] [4005] [4006] [4007] [4008] [4009] [4010] [4011] [
4012] [4013] [4014]
[4015] [4016] [4017] [1] [2] [3] [4] [5] [6] [7] [8] [9] [10] [11] [12]
[Warning: text scaled down to fit the path in scrap and_finally_s1@and_finally]
[Warning: text scaled down to fit the path in scrap and_finally_s1@and_finally]
[13] [14] [15] [16] [17] [18] [19] [20] [21] [22] [23] [24] [25]
[Warning: text scaled down to fit the path in scrap and_finally_s1@and_finally]
[Warning: text scaled down to fit the path in scrap and_finally_s1@and_finally]
[26] [27] (./mptextmp.mp) [28] [29] [30] [31] [32] [33] [34] [35] [36] [37]
[38] [39] [40] [41] [42] [43] [44] [45] [46] [47] [48] [49] [50] [51] [52] )
 
Here is how much of MetaPost's memory you used:
 10990 strings using 252100 characters
 3693104 bytes of node memory
 1902 symbolic tokens
 11i,82n,14p,458b,5f stack positions out of 16i,98n,17p,487b,6f
69 output files written: data.1 .. data.4017


#################### end of metapost log file ####################
converting scraps ... done
making map ... done
######################## pdftex log file #########################
This is pdfTeX, Version 3.14159265-2.6-1.40.20 (TeX Live 2019/Debian) (preloaded format=pdftex 2021.3.1)  5 MAR 2021 21:39
entering extended mode
 restricted \write18 enabled.
 %&-line parsing enabled.
**data.tex
(./data.tex (./th_enc.tex) (./th_texts.tex) (./th_resources.tex
(/usr/share/texlive/texmf-dist/tex/generic/pdftex/glyphtounicode.tex))
(./th_fontdef.tex{/var/lib/texmf/fonts/map/pdftex/updmap/pdftex.map})
(./th_formdef.tex) (./th_pagedef.tex) (./th_pages.tex)
 108 numeric registers used out of 32768
 [1] ) 
Here is how much of TeX's memory you used:
 305 strings out of 495031
 3074 string characters out of 6159438
 35287 words of memory out of 5000000
 1905 multiletter control sequences out of 15000+600000
 20080 words of font info for 63 fonts, out of 8000000 for 9000
 1141 hyphenation exceptions out of 8191
 9i,5n,6p,276b,56s stack positions out of 5000i,500n,10000p,200000b,80000s
</usr/share/texlive/texmf-dist/fonts/type1/public/amsfonts/cm/cmmi10.pfb>
</usr/share/texlive/texmf-dist/fonts/type1/public/amsfonts/cm/cmr10.pfb></usr/s
hare/texlive/texmf-dist/fonts/type1/public/amsfonts/cm/cmss10.pfb></usr/share/t
exlive/texmf-dist/fonts/type1/public/amsfonts/cm/cmssi10.pfb></usr/share/texliv
e/texmf-dist/fonts/type1/public/amsfonts/cm/cmsy10.pfb>
Output written on data.pdf (1 page, 119501 bytes).
PDF statistics:
 170 PDF objects out of 1000 (max. 8388607)
 91 compressed objects within 1 object stream
 0 named destinations out of 1000 (max. 500000)
 419 words of extra memory for PDF output out of 10000 (max. 10000000)


##################### end of pdftex log file #####################
done
compilation time: 1 sec


###################### scrap distortions #######################
 PROJECTION: plan
 AVERAGE  MAXIMAL  SCRAP
   0.02%    0.29%  and_finally_s2@and_finally
   0.02%    0.13%  and_finally_s1@and_finally
   0.00%    0.01%  and_finally_s4@and_finally
   0.00%    0.00%  and_finally_s3@and_finally
################### end of scrap distortions ###################
