therion 5.4.4+4cb2921 (2020-04-05)
initialization file: /home/ben/.therion/therion.ini
reading ... done
checking optional fonts csr10 csti10 csbx10 csss10 csssi10 ... OK
checking optional fonts cmcyr10 cmcti10 cmcbx10 cmcss10 cmcssi10 ... OK
configuration file: thconfig
reading ... done
reading source files ... done
preprocessing database ... done
scanning centreline tree ... done
searching for centerline loops ... done
calculating station coordinates ... done
processing survey data ... 
####################### cavern log file ########################
 1> Survex 1.2.43
 2> Copyright © 1990-2020 Olly Betts
 3> Survey has no fixed points. Therefore I’ve fixed 1 at (0,0,0)
 4> 
 5> Survey contains 240 survey stations, joined by 239 legs.
 6> There is 1 loop.
 7> Survey has 2 connected components.
 8> Total length of survey legs =  334.33m ( 334.33m adjusted)
 9> Total plan length of survey legs =  317.96m
10> Total vertical length of survey legs =   81.89m
11> Vertical range = 130.00m (from 176 at 100.79m to 31 at -29.21m)
12> North-South range = 181.18m (from 226 at 128.97m to 41 at -52.21m)
13> East-West range = 376.16m (from 219 at 340.15m to 31 at -36.01m)
14>  224 1-nodes.
15>    3 2-nodes.
16>    1 9-node.
17>    1 12-node.
18>    1 14-node.
19>    1 15-node.
20>    2 16-nodes.
21>    2 18-nodes.
22>    1 20-node.
23>    1 21-node.
24>    1 23-node.
25>    1 29-node.
26>    1 37-node.
27> 
######################### transcription ########################
 3> 1 : 0@c_o_w_ent_to_scumring_mainline_1
 5> 240 : -@c_o_w_ent_to_scumring_mainline_1 -- 239 : -@c_o_w_ent_to_scumring_mainline_1
 6> 1 : 0@c_o_w_ent_to_scumring_mainline_1
 7> 2 : 1@c_o_w_ent_to_scumring_mainline_1
11> 176 : -@c_o_w_ent_to_scumring_mainline_1 -- 31 : -@c_o_w_ent_to_scumring_mainline_1
12> 226 : -@c_o_w_ent_to_scumring_mainline_1 -- 41 : -@c_o_w_ent_to_scumring_mainline_1
13> 219 : -@c_o_w_ent_to_scumring_mainline_1 -- 31 : -@c_o_w_ent_to_scumring_mainline_1
14> 224 : -@c_o_w_ent_to_scumring_mainline_1
15> 3 : 2@c_o_w_ent_to_scumring_mainline_1
16> 1 : 0@c_o_w_ent_to_scumring_mainline_1
17> 1 : 0@c_o_w_ent_to_scumring_mainline_1
18> 1 : 0@c_o_w_ent_to_scumring_mainline_1
19> 1 : 0@c_o_w_ent_to_scumring_mainline_1
20> 2 : 1@c_o_w_ent_to_scumring_mainline_1
21> 2 : 1@c_o_w_ent_to_scumring_mainline_1
22> 1 : 0@c_o_w_ent_to_scumring_mainline_1
23> 1 : 0@c_o_w_ent_to_scumring_mainline_1
24> 1 : 0@c_o_w_ent_to_scumring_mainline_1
25> 1 : 0@c_o_w_ent_to_scumring_mainline_1
26> 1 : 0@c_o_w_ent_to_scumring_mainline_1
#################### end of cavern log file ####################
done
calculating basic statistics ... done
processing extended elevation ... done
processing references ... done
selecting export objects ... done
writing c_o_w_ent_to_scumring_mainline_1.lox ...
processing projection plan ... done
 done
writing c_o_w_ent_to_scumring_mainline_1.3d ... done


############### export maps & scraps selection #################
S      nan  @ ()
########## end of export maps & scraps selection ###############
writing c_o_w_ent_to_scumring_mainline_1.pdf ...
####################### metapost log file ########################
This is MetaPost, version 2.000 (TeX Live 2017/Debian) (kpathsea version 6.2.3)  11 APR 2020 20:23
**data.mp
(/usr/share/texlive/texmf-dist/metapost/base/mpost.mp
(/usr/share/texlive/texmf-dist/metapost/base/plain.mp
Preloading the plain mem file, version 1.005) ) (./data.mp
{randomseed:=42}
 [4001] [4002] [4003] [4004] [4005] [4006] [4007] [4008] [4009] [4010] [4011] [
4012] [4013] [4014]
[1] [2] (./mptextmp.mp) [3] )
 
Here is how much of MetaPost's memory you used:
 1374 strings using 32072 characters
 3168760 bytes of node memory
 1657 symbolic tokens
 8i,81n,11p,312b,4f stack positions out of 16i,96n,12p,312b,6f
17 output files written: data.1 .. data.4014


#################### end of metapost log file ####################
converting scraps ... done
making map ... done
######################## pdftex log file #########################
This is pdfTeX, Version 3.14159265-2.6-1.40.18 (TeX Live 2017/Debian) (preloaded format=pdfetex 2019.12.12)  11 APR 2020 20:23
entering extended mode
 restricted \write18 enabled.
 %&-line parsing enabled.
**data.tex
(./data.tex (./th_enc.tex) (./th_texts.tex) (./th_resources.tex
(/usr/share/texlive/texmf-dist/tex/generic/pdftex/glyphtounicode.tex))
(./th_fontdef.tex{/var/lib/texmf/fonts/map/pdftex/updmap/pdftex.map})
(./th_formdef.tex) (./th_pagedef.tex) (./th_pages.tex)
 50 numeric registers used out of 32768
 [1] ) 
Here is how much of TeX's memory you used:
 247 strings out of 495042
 2540 string characters out of 6159509
 38478 words of memory out of 5000000
 1842 multiletter control sequences out of 15000+600000
 18931 words of font info for 60 fonts, out of 8000000 for 9000
 1141 hyphenation exceptions out of 8191
 9i,5n,8p,238b,58s stack positions out of 5000i,500n,10000p,200000b,80000s
</usr/share/texlive/texmf-dist/fonts/type1/public/amsfonts/cm/cmss10.pfb>
</usr/share/texlive/texmf-dist/fonts/type1/public/amsfonts/cm/cmssi10.pfb>
Output written on data.pdf (1 page, 26943 bytes).
PDF statistics:
 36 PDF objects out of 1000 (max. 8388607)
 22 compressed objects within 1 object stream
 0 named destinations out of 1000 (max. 500000)
 61 words of extra memory for PDF output out of 10000 (max. 10000000)


##################### end of pdftex log file #####################
done
compilation time: 1 sec
