therion 5.4.4+4cb2921 (2020-04-05)
initialization file: /home/ben/.therion/therion.ini
reading ... done
checking optional fonts csr10 csti10 csbx10 csss10 csssi10 ... OK
checking optional fonts cmcyr10 cmcti10 cmcbx10 cmcss10 cmcssi10 ... OK
configuration file: thconfig
reading ... done
reading source files ... done
preprocessing database ... done
scanning centreline tree ... done
searching for centerline loops ... done
calculating station coordinates ... done
processing survey data ... 
####################### cavern log file ########################
 1> Survex 1.2.43
 2> Copyright © 1990-2020 Olly Betts
 3> Survey has no fixed points. Therefore I’ve fixed 1 at (0,0,0)
 4> 
 5> Survey contains 30 survey stations, joined by 29 legs.
 6> There is 1 loop.
 7> Survey has 2 connected components.
 8> Total length of survey legs =   29.16m (  29.16m adjusted)
 9> Total plan length of survey legs =   25.60m
10> Total vertical length of survey legs =   13.92m
11> Vertical range = 15.06m (from 29 at 12.15m to 11 at -2.91m)
12> North-South range = 11.54m (from 22 at 6.80m to 11 at -4.74m)
13> East-West range = 15.89m (from 27 at 13.81m to 6 at -2.08m)
14>   26 1-nodes.
15>    1 5-node.
16>    2 6-nodes.
17>    1 15-node.
18> 
######################### transcription ########################
 3> 1 : 0@helic
 5> 30 : -@helic -- 29 : -@helic
 6> 1 : 0@helic
 7> 2 : -@helic
11> 29 : -@helic -- 11 : 2@helic
12> 22 : -@helic -- 11 : 2@helic
13> 27 : -@helic -- 6 : 1@helic
14> 26 : 5@helic
15> 1 : 0@helic
16> 2 : -@helic
17> 1 : 0@helic
#################### end of cavern log file ####################
done
calculating basic statistics ... done
processing extended elevation ... done
processing references ... done
selecting export objects ... done
writing helic.lox ...
processing projection plan ... done
average distortion: 0.04%
. done
writing helic.3d ... done


############### export maps & scraps selection #################
M     2.42 helicPlan@helic ()
S     2.42  helic_s1@helic ()
########## end of export maps & scraps selection ###############
writing helic.pdf ...
####################### metapost log file ########################
This is MetaPost, version 2.000 (TeX Live 2017/Debian) (kpathsea version 6.2.3)  12 APR 2020 13:48
**data.mp
(/usr/share/texlive/texmf-dist/metapost/base/mpost.mp
(/usr/share/texlive/texmf-dist/metapost/base/plain.mp
Preloading the plain mem file, version 1.005) ) (./data.mp
{randomseed:=42}
 [4001] [4002] [4003] [4004] [4005] [4006] [4007] [4008] [4009] [4010] [4011] [
4012] [4013] [4014]
[1] [2] [3] [4] (./mptextmp.mp) [5] )
 
Here is how much of MetaPost's memory you used:
 1814 strings using 40677 characters
 3128216 bytes of node memory
 1657 symbolic tokens
 11i,81n,14p,312b,4f stack positions out of 16i,96n,17p,312b,6f
19 output files written: data.1 .. data.4014


#################### end of metapost log file ####################
converting scraps ... done
making map ... done
######################## pdftex log file #########################
This is pdfTeX, Version 3.14159265-2.6-1.40.18 (TeX Live 2017/Debian) (preloaded format=pdfetex 2019.12.12)  12 APR 2020 13:48
entering extended mode
 restricted \write18 enabled.
 %&-line parsing enabled.
**data.tex
(./data.tex (./th_enc.tex) (./th_texts.tex) (./th_resources.tex
(/usr/share/texlive/texmf-dist/tex/generic/pdftex/glyphtounicode.tex))
(./th_fontdef.tex{/var/lib/texmf/fonts/map/pdftex/updmap/pdftex.map})
(./th_formdef.tex) (./th_pagedef.tex) (./th_pages.tex)
 53 numeric registers used out of 32768
 [1] ) 
Here is how much of TeX's memory you used:
 250 strings out of 495042
 2572 string characters out of 6159509
 20733 words of memory out of 5000000
 1845 multiletter control sequences out of 15000+600000
 20080 words of font info for 63 fonts, out of 8000000 for 9000
 1141 hyphenation exceptions out of 8191
 9i,5n,8p,276b,58s stack positions out of 5000i,500n,10000p,200000b,80000s
</usr/share/texlive/texmf-dist/fonts/type1/public/amsfonts/cm/cmss10.pfb>
</usr/share/texlive/texmf-dist/fonts/type1/public/amsfonts/cm/cmssi10.pfb>
Output written on data.pdf (1 page, 29114 bytes).
PDF statistics:
 42 PDF objects out of 1000 (max. 8388607)
 25 compressed objects within 1 object stream
 0 named destinations out of 1000 (max. 500000)
 79 words of extra memory for PDF output out of 10000 (max. 10000000)


##################### end of pdftex log file #####################
done
compilation time: 0 sec


###################### scrap distortions #######################
 PROJECTION: plan
 AVERAGE  MAXIMAL  SCRAP
   0.04%    0.22%  helic_s1@helic
################### end of scrap distortions ###################
