therion 5.4.4+4cb2921 (2020-04-05)
initialization file: /home/ben/.therion/therion.ini
reading ... done
checking optional fonts csr10 csti10 csbx10 csss10 csssi10 ... OK
checking optional fonts cmcyr10 cmcti10 cmcbx10 cmcss10 cmcssi10 ... OK
configuration file: thconfig
reading ... done
reading source files ... done
preprocessing database ... done
scanning centreline tree ... done
searching for centerline loops ... done
calculating station coordinates ... done
processing survey data ... 
####################### cavern log file ########################
 1> Survex 1.2.43
 2> Copyright © 1990-2020 Olly Betts
 3> Survey has no fixed points. Therefore I’ve fixed 1 at (0,0,0)
 4> 
 5> Survey contains 30 survey stations, joined by 29 legs.
 6> There are 0 loops.
 7> Total length of survey legs =  319.40m ( 319.40m adjusted)
 8> Total plan length of survey legs =  301.01m
 9> Total vertical length of survey legs =   75.75m
10> Vertical range = 25.80m (from 26 at 10.92m to 10 at -14.88m)
11> North-South range = 77.60m (from 1 at 0.00m to 30 at -77.60m)
12> East-West range = 133.95m (from 29 at 133.95m to 1 at 0.00m)
13>    3 1-nodes.
14>   26 2-nodes.
15>    1 3-node.
16> 
######################### transcription ########################
 3> 1 : 19@alexandra_palace
 5> 30 : 26@alexandra_palace -- 29 : 27@alexandra_palace
10> 26 : 30@alexandra_palace -- 10 : 156@alexandra_palace
11> 1 : 19@alexandra_palace -- 30 : 26@alexandra_palace
12> 29 : 27@alexandra_palace -- 1 : 19@alexandra_palace
13> 3 : 163@alexandra_palace
14> 26 : 30@alexandra_palace
15> 1 : 19@alexandra_palace
#################### end of cavern log file ####################
done
calculating basic statistics ... done
processing extended elevation ... done
processing references ... done
selecting export objects ... done
writing alexandra_palace.3d ... done
writing alexandra_palace.lox ...
processing projection plan ... done
average distortion: 0.00%
.
therion: warning -- AlexandraPalaceSP1@alexandra_palace -- multiple scrap outer outlines not supported yet
 done


############### export maps & scraps selection #################
M     2.31 alexandra_palace_m@alexandra_palace ()
S     2.31  AlexandraPalaceSP1@alexandra_palace ()
########## end of export maps & scraps selection ###############
writing alexandra_palace.pdf ...
####################### metapost log file ########################
This is MetaPost, version 2.000 (TeX Live 2017/Debian) (kpathsea version 6.2.3)  10 MAY 2020 20:11
**data.mp
(/usr/share/texlive/texmf-dist/metapost/base/mpost.mp
(/usr/share/texlive/texmf-dist/metapost/base/plain.mp
Preloading the plain mem file, version 1.005) ) (./data.mp
{randomseed:=42}
 [4001] [4002] [4003] [4004] [4005] [4006] [4007] [4008] [4009] [4010] [4011] [
4012] [4013] [4014]
[1]
[Warning: scrap outline intersects itself in scrap AlexandraPalaceSP1@alexandra
_palace] [2] [3] [4] (./mptextmp.mp) [5] )
 
Here is how much of MetaPost's memory you used:
 2407 strings using 55609 characters
 3148600 bytes of node memory
 1657 symbolic tokens
 8i,81n,11p,312b,4f stack positions out of 16i,96n,12p,312b,6f
19 output files written: data.1 .. data.4014


#################### end of metapost log file ####################
converting scraps ... done
making map ... done
######################## pdftex log file #########################
This is pdfTeX, Version 3.14159265-2.6-1.40.18 (TeX Live 2017/Debian) (preloaded format=pdfetex 2019.12.12)  10 MAY 2020 20:11
entering extended mode
 restricted \write18 enabled.
 %&-line parsing enabled.
**data.tex
(./data.tex (./th_enc.tex) (./th_texts.tex) (./th_resources.tex
(/usr/share/texlive/texmf-dist/tex/generic/pdftex/glyphtounicode.tex))
(./th_fontdef.tex{/var/lib/texmf/fonts/map/pdftex/updmap/pdftex.map})
(./th_formdef.tex) (./th_pagedef.tex) (./th_pages.tex)
 53 numeric registers used out of 32768
 [1] ) 
Here is how much of TeX's memory you used:
 250 strings out of 495042
 2572 string characters out of 6159509
 18898 words of memory out of 5000000
 1845 multiletter control sequences out of 15000+600000
 20080 words of font info for 63 fonts, out of 8000000 for 9000
 1141 hyphenation exceptions out of 8191
 9i,5n,8p,238b,58s stack positions out of 5000i,500n,10000p,200000b,80000s
</usr/share/texlive/texmf-dist/fonts/type1/public/amsfonts/cm/cmss10.pfb>
</usr/share/texlive/texmf-dist/fonts/type1/public/amsfonts/cm/cmssi10.pfb>
Output written on data.pdf (1 page, 28536 bytes).
PDF statistics:
 42 PDF objects out of 1000 (max. 8388607)
 25 compressed objects within 1 object stream
 0 named destinations out of 1000 (max. 500000)
 79 words of extra memory for PDF output out of 10000 (max. 10000000)


##################### end of pdftex log file #####################
done
compilation time: 1 sec


###################### scrap distortions #######################
 PROJECTION: plan
 AVERAGE  MAXIMAL  SCRAP
   0.00%    0.00%  AlexandraPalaceSP1@alexandra_palace
################### end of scrap distortions ###################
