therion 5.4.4+4cb2921 (2020-04-05)
initialization file: /home/ben/.therion/therion.ini
reading ... done
checking optional fonts csr10 csti10 csbx10 csss10 csssi10 ... OK
checking optional fonts cmcyr10 cmcti10 cmcbx10 cmcss10 cmcssi10 ... OK
configuration file: thconfig
reading ... done
reading source files ... done
preprocessing database ... done
scanning centreline tree ... done
searching for centerline loops ... done
calculating station coordinates ... done
average loop error: 1.53%
processing survey data ... 
####################### cavern log file ########################
 1> Survex 1.2.43
 2> Copyright © 1990-2020 Olly Betts
 3> Survey has no fixed points. Therefore I’ve fixed 1 at (0,0,0)
 4> 
 5> Survey contains 70 survey stations, joined by 70 legs.
 6> There is 1 loop.
 7> Total length of survey legs =   98.57m (  98.57m adjusted)
 8> Total plan length of survey legs =   87.55m
 9> Total vertical length of survey legs =   41.60m
10> Vertical range = 39.43m (from 4 at 1.67m to 62 at -37.76m)
11> North-South range = 43.09m (from 3 at 18.12m to 60 at -24.98m)
12> East-West range = 80.63m (from 1 at 0.00m to 66 at -80.63m)
13>   59 1-nodes.
14>    1 2-node.
15>    1 5-node.
16>    3 6-nodes.
17>    2 7-nodes.
18>    1 8-node.
19>    2 9-nodes.
20>    1 16-node.
21> 
######################### transcription ########################
 3> 1 : 14@clay_hall_2_streamway
 5> 70 : 25@clay_hall_2_streamway -- 70 : 25@clay_hall_2_streamway
 6> 1 : 14@clay_hall_2_streamway
10> 4 : 15b@clay_hall_2_streamway -- 62 : 24g@clay_hall_2_streamway
11> 3 : 15a@clay_hall_2_streamway -- 60 : 24e@clay_hall_2_streamway
12> 1 : 14@clay_hall_2_streamway -- 66 : 24k@clay_hall_2_streamway
13> 59 : 24d@clay_hall_2_streamway
14> 1 : 14@clay_hall_2_streamway
15> 1 : 14@clay_hall_2_streamway
16> 3 : 15a@clay_hall_2_streamway
17> 2 : 15@clay_hall_2_streamway
18> 1 : 14@clay_hall_2_streamway
19> 2 : 15@clay_hall_2_streamway
20> 1 : 14@clay_hall_2_streamway
#################### end of cavern log file ####################
done
calculating basic statistics ... done
processing extended elevation ... done
processing references ... done
selecting export objects ... done
writing clay_hall_2_streamway.3d ... done
writing clay_hall_2_streamway.lox ...
processing projection plan ... done
 done


############### export maps & scraps selection #################
S      nan  @ ()
########## end of export maps & scraps selection ###############
writing clay_hall_2_streamway.pdf ...
####################### metapost log file ########################
This is MetaPost, version 2.000 (TeX Live 2017/Debian) (kpathsea version 6.2.3)  11 APR 2020 19:57
**data.mp
(/usr/share/texlive/texmf-dist/metapost/base/mpost.mp
(/usr/share/texlive/texmf-dist/metapost/base/plain.mp
Preloading the plain mem file, version 1.005) ) (./data.mp
{randomseed:=42}
 [4001] [4002] [4003] [4004] [4005] [4006] [4007] [4008] [4009] [4010] [4011] [
4012] [4013] [4014]
[1] [2] (./mptextmp.mp) [3] )
 
Here is how much of MetaPost's memory you used:
 1374 strings using 32072 characters
 3250904 bytes of node memory
 1657 symbolic tokens
 8i,81n,11p,312b,4f stack positions out of 16i,96n,12p,312b,6f
17 output files written: data.1 .. data.4014


#################### end of metapost log file ####################
converting scraps ... done
making map ... done
######################## pdftex log file #########################
This is pdfTeX, Version 3.14159265-2.6-1.40.18 (TeX Live 2017/Debian) (preloaded format=pdfetex 2019.12.12)  11 APR 2020 19:57
entering extended mode
 restricted \write18 enabled.
 %&-line parsing enabled.
**data.tex
(./data.tex (./th_enc.tex) (./th_texts.tex) (./th_resources.tex
(/usr/share/texlive/texmf-dist/tex/generic/pdftex/glyphtounicode.tex))
(./th_fontdef.tex{/var/lib/texmf/fonts/map/pdftex/updmap/pdftex.map})
(./th_formdef.tex) (./th_pagedef.tex) (./th_pages.tex)
 50 numeric registers used out of 32768
 [1] ) 
Here is how much of TeX's memory you used:
 247 strings out of 495042
 2540 string characters out of 6159509
 74237 words of memory out of 5000000
 1842 multiletter control sequences out of 15000+600000
 18931 words of font info for 60 fonts, out of 8000000 for 9000
 1141 hyphenation exceptions out of 8191
 9i,5n,8p,238b,58s stack positions out of 5000i,500n,10000p,200000b,80000s
</usr/share/texlive/texmf-dist/fonts/type1/public/amsfonts/cm/cmss10.pfb>
</usr/share/texlive/texmf-dist/fonts/type1/public/amsfonts/cm/cmssi10.pfb>
Output written on data.pdf (1 page, 34919 bytes).
PDF statistics:
 36 PDF objects out of 1000 (max. 8388607)
 22 compressed objects within 1 object stream
 0 named destinations out of 1000 (max. 500000)
 61 words of extra memory for PDF output out of 10000 (max. 10000000)


##################### end of pdftex log file #####################
done
compilation time: 1 sec


######################### loop errors ##########################
REL-ERR ABS-ERR TOTAL-L STS X-ERROR Y-ERROR Z-ERROR STATIONS
  1.53%    0.3m   18.2m   2   -0.1m   -0.2m    0.1m [14@clay_hall_2_streamway - 15 - 14]
##################### end of loop errors #######################
