therion 5.4.4+4cb2921 (2020-04-05)
initialization file: /home/ben/.therion/therion.ini
reading ... done
checking optional fonts csr10 csti10 csbx10 csss10 csssi10 ... OK
checking optional fonts cmcyr10 cmcti10 cmcbx10 cmcss10 cmcssi10 ... OK
configuration file: thconfig
reading ... done
reading source files ... done
preprocessing database ... done
scanning centreline tree ... done
searching for centerline loops ... done
calculating station coordinates ... done
processing survey data ... 
####################### cavern log file ########################
 1> Survex 1.2.43
 2> Copyright © 1990-2020 Olly Betts
 3> Survey has no fixed points. Therefore I’ve fixed 1 at (0,0,0)
 4> 
 5> Survey contains 17 survey stations, joined by 16 legs.
 6> There are 0 loops.
 7> Total length of survey legs =   50.59m (  50.59m adjusted)
 8> Total plan length of survey legs =   48.34m
 9> Total vertical length of survey legs =   10.38m
10> Vertical range = 9.00m (from 1 at 0.00m to 17 at -9.00m)
11> North-South range = 15.70m (from 5 at 3.30m to 17 at -12.40m)
12> East-West range = 41.62m (from 1 at 0.00m to 17 at -41.62m)
13>    2 1-nodes.
14>   15 2-nodes.
15> 
######################### transcription ########################
 3> 1 : 0@bloodsweatandfear
 5> 17 : 16@bloodsweatandfear -- 16 : 15@bloodsweatandfear
10> 1 : 0@bloodsweatandfear -- 17 : 16@bloodsweatandfear
11> 5 : 4@bloodsweatandfear -- 17 : 16@bloodsweatandfear
12> 1 : 0@bloodsweatandfear -- 17 : 16@bloodsweatandfear
13> 2 : 1@bloodsweatandfear
14> 15 : 14@bloodsweatandfear
#################### end of cavern log file ####################
done
calculating basic statistics ... done
processing extended elevation ... done
processing references ... done
selecting export objects ... done
writing bloodsweatandfear.3d ... done
writing bloodsweatandfear.lox ...
processing projection plan ... done
average distortion: 0.07%
.
therion: warning -- bsfSP1@bloodsweatandfear -- invalid scrap outline
.
therion: warning -- bsfSP2@bloodsweatandfear -- multiple scrap outer outlines not supported yet
.
therion: warning -- bsfSP3@bloodsweatandfear -- multiple scrap outer outlines not supported yet
 done


############### export maps & scraps selection #################
S    -1.03  bsfSP3@bloodsweatandfear ()
S    -3.59  bsfSP1@bloodsweatandfear ()
S    -7.44  bsfSP2@bloodsweatandfear ()
########## end of export maps & scraps selection ###############
writing bloodsweatandfear.pdf ...
####################### metapost log file ########################
This is MetaPost, version 2.000 (TeX Live 2017/Debian) (kpathsea version 6.2.3)  13 APR 2020 00:54
**data.mp
(/usr/share/texlive/texmf-dist/metapost/base/mpost.mp
(/usr/share/texlive/texmf-dist/metapost/base/plain.mp
Preloading the plain mem file, version 1.005) ) (./data.mp
{randomseed:=42}
 [4001] [4002] [4003] [4004] [4005] [4006] [4007] [4008] [4009] [4010] [4011] [
4012] [4013] [4014]
[1] [2] [3]
[Error: area borders l39-248-275 and l41-265-203 don't intersect in scrap bsfSP
1@bloodsweatandfear (file bloodsweatandfear.th2 [243])] [4] [5] [6]
[Error: area borders l71-1549-544 and l70-1403-492 don't intersect in scrap bsf
SP3@bloodsweatandfear (file bloodsweatandfear.th2 [323])] [7] [8] [9] [10]
(./mptextmp.mp) [11] )
 
Here is how much of MetaPost's memory you used:
 3475 strings using 77655 characters
 3190816 bytes of node memory
 1660 symbolic tokens
 8i,81n,11p,418b,5f stack positions out of 16i,96n,12p,487b,6f
25 output files written: data.1 .. data.4014


#################### end of metapost log file ####################
converting scraps ... done
making map ... done
######################## pdftex log file #########################
This is pdfTeX, Version 3.14159265-2.6-1.40.18 (TeX Live 2017/Debian) (preloaded format=pdfetex 2019.12.12)  13 APR 2020 00:54
entering extended mode
 restricted \write18 enabled.
 %&-line parsing enabled.
**data.tex
(./data.tex (./th_enc.tex) (./th_texts.tex) (./th_resources.tex
(/usr/share/texlive/texmf-dist/tex/generic/pdftex/glyphtounicode.tex))
(./th_fontdef.tex{/var/lib/texmf/fonts/map/pdftex/updmap/pdftex.map})
(./th_formdef.tex) (./th_pagedef.tex) (./th_pages.tex)
 62 numeric registers used out of 32768
 [1] ) 
Here is how much of TeX's memory you used:
 259 strings out of 495042
 2662 string characters out of 6159509
 26092 words of memory out of 5000000
 1854 multiletter control sequences out of 15000+600000
 20080 words of font info for 63 fonts, out of 8000000 for 9000
 1141 hyphenation exceptions out of 8191
 9i,5n,8p,238b,58s stack positions out of 5000i,500n,10000p,200000b,80000s
</usr/share/texlive/texmf-dist/fonts/type1/public/amsfonts/cm/cmss10.pfb>
</usr/share/texlive/texmf-dist/fonts/type1/public/amsfonts/cm/cmssi10.pfb>
Output written on data.pdf (1 page, 41172 bytes).
PDF statistics:
 63 PDF objects out of 1000 (max. 8388607)
 35 compressed objects within 1 object stream
 0 named destinations out of 1000 (max. 500000)
 143 words of extra memory for PDF output out of 10000 (max. 10000000)


##################### end of pdftex log file #####################
done
compilation time: 1 sec


###################### scrap distortions #######################
 PROJECTION: plan
 AVERAGE  MAXIMAL  SCRAP
   0.20%    0.80%  bsfSP3@bloodsweatandfear
   0.05%    0.74%  bsfSP1@bloodsweatandfear
   0.02%    0.66%  bsfSP2@bloodsweatandfear
################### end of scrap distortions ###################
