therion 5.4.4+4cb2921 (2020-04-05)
initialization file: /home/ben/.therion/therion.ini
reading ... done
checking optional fonts csr10 csti10 csbx10 csss10 csssi10 ... OK
checking optional fonts cmcyr10 cmcti10 cmcbx10 cmcss10 cmcssi10 ... OK
configuration file: thconfig
reading ... done
reading source files ... done
preprocessing database ... done
scanning centreline tree ... done
searching for centerline loops ... done
calculating station coordinates ... done
average loop error: 1.08%
processing survey data ... 
####################### cavern log file ########################
 1> Survex 1.2.43
 2> Copyright © 1990-2020 Olly Betts
 3> Survey has no fixed points. Therefore I’ve fixed 183 at (0,0,0)
 4> 
 5> Survey contains 1478 survey stations, joined by 1487 legs.
 6> There are 11 loops.
 7> Survey has 2 connected components.
 8> Total length of survey legs = 1424.35m (1423.82m adjusted)
 9> Total plan length of survey legs = 1313.29m
10> Total vertical length of survey legs =  414.10m
11> Vertical range = 91.05m (from 1239 at 29.99m to 1364 at -61.06m)
12> North-South range = 195.16m (from 300 at 99.30m to 1365 at -95.86m)
13> East-West range = 256.96m (from 1246 at 142.32m to 1476 at -114.64m)
14> 1295 1-nodes.
15>   12 2-nodes.
16>    4 3-nodes.
17>    1 4-node.
18>   12 5-nodes.
19>   35 6-nodes.
20>   21 7-nodes.
21>   12 8-nodes.
22>   17 9-nodes.
23>   10 10-nodes.
24>   12 11-nodes.
25>    6 12-nodes.
26>    8 13-nodes.
27>    8 14-nodes.
28>    5 15-nodes.
29>    4 16-nodes.
30>    2 17-nodes.
31>    5 18-nodes.
32>    2 19-nodes.
33>    1 20-node.
34>    4 21-nodes.
35>    1 22-node.
36>    1 26-node.
37> 
######################### transcription ########################
 3> 183 : 0@2.eureka
 5> 1478 : -@11.eureka
 6> 11 : 1d@1.eureka
 7> 2 : 0a@1.eureka
11> 1239 : -@9.eureka -- 1364 : -@10.eureka
12> 300 : 13b@4.eureka -- 1365 : -@10.eureka
13> 1246 : -@9.eureka -- 1476 : -@11.eureka
14> 1295 : -@9.eureka
15> 12 : 1e@1.eureka
16> 4 : 0c@1.eureka
17> 1 : 0@1.eureka
18> 12 : 1e@1.eureka
19> 35 : 6@1.eureka
20> 21 : 3c@1.eureka
21> 12 : 1e@1.eureka
22> 17 : 2c@1.eureka
23> 10 : 1c@1.eureka
24> 12 : 1e@1.eureka
25> 6 : 0e@1.eureka
26> 8 : 1a@1.eureka
27> 8 : 1a@1.eureka
28> 5 : 0d@1.eureka
29> 4 : 0c@1.eureka
30> 2 : 0a@1.eureka
31> 5 : 0d@1.eureka
32> 2 : 0a@1.eureka
33> 1 : 0@1.eureka
34> 4 : 0c@1.eureka
35> 1 : 0@1.eureka
36> 1 : 0@1.eureka
#################### end of cavern log file ####################
done
calculating basic statistics ... done
processing extended elevation ... done
processing references ... done
selecting export objects ... done
writing eureka.3d ... done
writing eureka.lox ...
processing projection plan ... done
 done


############### export maps & scraps selection #################
S      nan  @ ()
########## end of export maps & scraps selection ###############
writing eureka.pdf ...
####################### metapost log file ########################
This is MetaPost, version 2.000 (TeX Live 2017/Debian) (kpathsea version 6.2.3)  12 APR 2020 13:31
**data.mp
(/usr/share/texlive/texmf-dist/metapost/base/mpost.mp
(/usr/share/texlive/texmf-dist/metapost/base/plain.mp
Preloading the plain mem file, version 1.005) ) (./data.mp
{randomseed:=42}
 [4001] [4002] [4003] [4004] [4005] [4006] [4007] [4008] [4009] [4010] [4011] [
4012] [4013] [4014]
[1] [2] (./mptextmp.mp) [3] )
 
Here is how much of MetaPost's memory you used:
 1374 strings using 32072 characters
 4090056 bytes of node memory
 1657 symbolic tokens
 8i,81n,11p,312b,4f stack positions out of 16i,96n,12p,312b,6f
17 output files written: data.1 .. data.4014


#################### end of metapost log file ####################
converting scraps ... done
making map ... done
######################## pdftex log file #########################
This is pdfTeX, Version 3.14159265-2.6-1.40.18 (TeX Live 2017/Debian) (preloaded format=pdfetex 2019.12.12)  12 APR 2020 13:31
entering extended mode
 restricted \write18 enabled.
 %&-line parsing enabled.
**data.tex
(./data.tex (./th_enc.tex) (./th_texts.tex) (./th_resources.tex
(/usr/share/texlive/texmf-dist/tex/generic/pdftex/glyphtounicode.tex))
(./th_fontdef.tex{/var/lib/texmf/fonts/map/pdftex/updmap/pdftex.map})
(./th_formdef.tex) (./th_pagedef.tex) (./th_pages.tex)
 50 numeric registers used out of 32768
 [1] ) 
Here is how much of TeX's memory you used:
 247 strings out of 495042
 2540 string characters out of 6159509
 445151 words of memory out of 5000000
 1842 multiletter control sequences out of 15000+600000
 18931 words of font info for 60 fonts, out of 8000000 for 9000
 1141 hyphenation exceptions out of 8191
 9i,5n,8p,238b,58s stack positions out of 5000i,500n,10000p,200000b,80000s
</usr/share/texlive/texmf-dist/fonts/type1/public/amsfonts/cm/cmss10.pfb>
</usr/share/texlive/texmf-dist/fonts/type1/public/amsfonts/cm/cmssi10.pfb>
Output written on data.pdf (1 page, 112646 bytes).
PDF statistics:
 36 PDF objects out of 1000 (max. 8388607)
 22 compressed objects within 1 object stream
 0 named destinations out of 1000 (max. 500000)
 61 words of extra memory for PDF output out of 10000 (max. 10000000)


##################### end of pdftex log file #####################
done
compilation time: 1 sec


######################### loop errors ##########################
REL-ERR ABS-ERR TOTAL-L STS X-ERROR Y-ERROR Z-ERROR STATIONS
  2.86%    3.1m  107.5m  12    1.0m    0.9m   -2.8m [23@5.eureka - 28 - 6 - 7 - 8 - 9 - 10 - 11 - 19 - 20 - 21 - 22 - 23]
  1.81%    6.6m  362.2m  40   -0.3m    4.7m   -4.6m [67@7.eureka - 66 - 65 - 64 - 63 - 62 - 61 - 70 - 71 - 76 - 78 - 52 - 51 - 27 = 27@5.eureka - 26 - 25 - 24 - 23 - 28 - 6 - 3 - 2 - 0 = 21@1.eureka - 20 - 19 - 18 - 17 - 16 - 15 - 14 - 13 - 12 - 11 - 10 - 9 - 8 - 7 - 6 - 5 - 4 - 3 = 67@7.eureka]
  0.44%    0.0m    5.7m   2   -0.0m   -0.0m   -0.0m [1@10.eureka - 2 - 1]
  0.42%    0.1m   20.5m   2   -0.0m    0.0m   -0.1m [2@6.eureka - 3 - 2]
  0.37%    0.1m   29.3m   2    0.1m   -0.0m    0.0m [2@9.eureka - 1 - 2]
  0.35%    0.0m   11.4m   2    0.0m   -0.0m    0.0m [2@5.eureka - 0 - 2]
  0.29%    0.1m   30.9m   5    0.1m   -0.0m   -0.1m [63@7.eureka - 68 - 69 - 61 - 62 - 63]
  0.21%    0.6m  301.0m  19   -0.1m    0.6m   -0.0m [37@9.eureka - 36 - 35 - 34 - 33 - 32 - 24 - 17 - 16 - 12 - 11 - 10 - 3 - 2 - 1 = 8@1.eureka - 9 - 10 - 11 - 12 - 13 = 37@9.eureka]
  0.17%    0.4m  201.7m  13    0.3m    0.0m    0.2m [17@9.eureka - 18 - 19 - 20 - 7 - 6 - 5 - 4 - 3 - 10 - 11 - 12 - 16 - 17]
  0.12%    0.0m   11.5m   2   -0.0m   -0.0m    0.0m [32@5.eureka - 33 - 32]
  0.12%    0.1m   86.1m  11    0.0m   -0.1m   -0.1m [61@7.eureka - 70 - 71 - 76 - 78 - 52 - 53 - 54 - 58 - 59 - 60 - 61]
##################### end of loop errors #######################
