therion 5.4.4+4cb2921 (2020-04-05)
initialization file: /home/ben/.therion/therion.ini
reading ... done
checking optional fonts csr10 csti10 csbx10 csss10 csssi10 ... OK
checking optional fonts cmcyr10 cmcti10 cmcbx10 cmcss10 cmcssi10 ... OK
configuration file: thconfig
reading ... done
reading source files ... done
preprocessing database ... done
scanning centreline tree ... done
searching for centerline loops ... done
calculating station coordinates ... done
average loop error: 2.67%
processing survey data ... 
####################### cavern log file ########################
 1> Survex 1.2.43
 2> Copyright © 1990-2020 Olly Betts
 3> Survey has no fixed points. Therefore I’ve fixed 1 at (0,0,0)
 4> 
 5> Survey contains 52 survey stations, joined by 52 legs.
 6> There is 1 loop.
 7> Total length of survey legs = 1476.40m (1476.51m adjusted)
 8> Total plan length of survey legs = 1408.36m
 9> Total vertical length of survey legs =  292.16m
10> Vertical range = 70.79m (from 46 at 66.93m to 16 at -3.87m)
11> North-South range = 422.71m (from 31 at 394.17m to 52 at -28.54m)
12> East-West range = 453.28m (from 39 at 403.52m to 16 at -49.76m)
13>    7 1-nodes.
14>   39 2-nodes.
15>    5 3-nodes.
16>    1 4-node.
17> 
######################### transcription ########################
 3> 1 : c36@clearwater_6_7
 5> 52 : ta31@clearwater_6_7 -- 52 : ta31@clearwater_6_7
 6> 1 : c36@clearwater_6_7
10> 46 : a7@clearwater_6_7 -- 16 : sump@clearwater_6_7
11> 31 : 74@clearwater_6_7 -- 52 : ta31@clearwater_6_7
12> 39 : b11@clearwater_6_7 -- 16 : sump@clearwater_6_7
13> 7 : c42@clearwater_6_7
14> 39 : b11@clearwater_6_7
15> 5 : c40@clearwater_6_7
16> 1 : c36@clearwater_6_7
#################### end of cavern log file ####################
done
calculating basic statistics ... done
processing extended elevation ... done
processing references ... done
selecting export objects ... done
writing clearwater_6_7.3d ... done
writing clearwater_6_7.lox ...
processing projection plan ... done
average distortion: 1.35%
...
therion: warning -- clearwater_7_s1@clearwater_6_7 -- multiple scrap outer outlines not supported yet
 done


############### export maps & scraps selection #################
S    18.44  clearwater_7_s1@clearwater_6_7 ()
S    15.54  clearwater_6_s1@clearwater_6_7 ()
S    10.60  clearwater_6_s2@clearwater_6_7 ()
########## end of export maps & scraps selection ###############
writing clearwater_6_7.pdf ...
####################### metapost log file ########################
This is MetaPost, version 2.000 (TeX Live 2017/Debian) (kpathsea version 6.2.3)  13 APR 2020 01:20
**data.mp
(/usr/share/texlive/texmf-dist/metapost/base/mpost.mp
(/usr/share/texlive/texmf-dist/metapost/base/plain.mp
Preloading the plain mem file, version 1.005) ) (./data.mp
{randomseed:=42}
 [4001] [4002] [4003] [4004] [4005] [4006] [4007] [4008] [4009] [4010] [4011] [
4012] [4013] [4014]
[1]
[Warning: scrap outline intersects itself in scrap clearwater_6_s1@clearwater_6
_7] [2] [3] [4] (./mptextmp.mp) [5] )
 
Here is how much of MetaPost's memory you used:
 5371 strings using 112146 characters
 3246176 bytes of node memory
 1657 symbolic tokens
 8i,81n,11p,312b,4f stack positions out of 16i,96n,12p,312b,6f
19 output files written: data.1 .. data.4014


#################### end of metapost log file ####################
converting scraps ... done
making map ... done
######################## pdftex log file #########################
This is pdfTeX, Version 3.14159265-2.6-1.40.18 (TeX Live 2017/Debian) (preloaded format=pdfetex 2019.12.12)  13 APR 2020 01:20
entering extended mode
 restricted \write18 enabled.
 %&-line parsing enabled.
**data.tex
(./data.tex (./th_enc.tex) (./th_texts.tex) (./th_resources.tex
(/usr/share/texlive/texmf-dist/tex/generic/pdftex/glyphtounicode.tex))
(./th_fontdef.tex{/var/lib/texmf/fonts/map/pdftex/updmap/pdftex.map})
(./th_formdef.tex) (./th_pagedef.tex) (./th_pages.tex)
 55 numeric registers used out of 32768
 [1] ) 
Here is how much of TeX's memory you used:
 252 strings out of 495042
 2595 string characters out of 6159509
 20289 words of memory out of 5000000
 1847 multiletter control sequences out of 15000+600000
 20080 words of font info for 63 fonts, out of 8000000 for 9000
 1141 hyphenation exceptions out of 8191
 9i,5n,8p,238b,58s stack positions out of 5000i,500n,10000p,200000b,80000s
</usr/share/texlive/texmf-dist/fonts/type1/public/amsfonts/cm/cmss10.pfb>
</usr/share/texlive/texmf-dist/fonts/type1/public/amsfonts/cm/cmssi10.pfb>
Output written on data.pdf (1 page, 32906 bytes).
PDF statistics:
 50 PDF objects out of 1000 (max. 8388607)
 29 compressed objects within 1 object stream
 0 named destinations out of 1000 (max. 500000)
 103 words of extra memory for PDF output out of 10000 (max. 10000000)


##################### end of pdftex log file #####################
done
compilation time: 1 sec


######################### loop errors ##########################
REL-ERR ABS-ERR TOTAL-L STS X-ERROR Y-ERROR Z-ERROR STATIONS
  2.67%    8.3m  311.6m  10    3.6m    1.8m    7.3m [71@clearwater_6_7 - a8 - a7 - a6 - a5 - a4 - a3 - a2 - a1 - 72 - 71]
##################### end of loop errors #######################


###################### scrap distortions #######################
 PROJECTION: plan
 AVERAGE  MAXIMAL  SCRAP
   5.30%   44.52%  clearwater_6_s2@clearwater_6_7
   2.55%   31.50%  clearwater_6_s1@clearwater_6_7
   0.00%    0.05%  clearwater_7_s1@clearwater_6_7
################### end of scrap distortions ###################
