therion 5.4.4+4cb2921 (2020-04-05)
initialization file: /home/ben/.therion/therion.ini
reading ... done
checking optional fonts csr10 csti10 csbx10 csss10 csssi10 ... OK
checking optional fonts cmcyr10 cmcti10 cmcbx10 cmcss10 cmcssi10 ... OK
configuration file: thconfig
reading ... done
reading source files ... done
preprocessing database ... done
scanning centreline tree ... done
searching for centerline loops ... done
calculating station coordinates ... done
average loop error: 42.91%
processing survey data ... 
####################### cavern log file ########################
 1> Survex 1.2.43
 2> Copyright © 1990-2020 Olly Betts
 3> Survey has no fixed points. Therefore I’ve fixed 1 at (0,0,0)
 4> 
 5> Survey contains 199 survey stations, joined by 202 legs.
 6> There are 5 loops.
 7> Survey has 2 connected components.
 8> Total length of survey legs =  176.41m ( 176.41m adjusted)
 9> Total plan length of survey legs =  132.39m
10> Total vertical length of survey legs =   98.68m
11> Vertical range = 95.05m (from 160 at 81.25m to 59 at -13.81m)
12> North-South range = 42.21m (from 167 at 26.00m to 5 at -16.21m)
13> East-West range = 91.06m (from 143 at 80.70m to 7 at -10.36m)
14>  178 1-nodes.
15>    4 2-nodes.
16>    1 5-node.
17>    1 10-node.
18>    3 11-nodes.
19>    3 12-nodes.
20>    2 13-nodes.
21>    4 14-nodes.
22>    1 15-node.
23>    1 18-node.
24>    1 19-node.
25> 
######################### transcription ########################
 3> 1 : 1@chinashop
 5> 199 : 18@chinashop
 6> 5 : 1bb@chinashop
 7> 2 : 2@chinashop
11> 160 : 14bb@chinashop -- 59 : 5bh@chinashop
12> 167 : 14bi@chinashop -- 5 : 1bb@chinashop
13> 143 : 12bg@chinashop -- 7 : 1bd@chinashop
14> 178 : 15bg@chinashop
15> 4 : 1ba@chinashop
16> 1 : 1@chinashop
17> 1 : 1@chinashop
18> 3 : 1a@chinashop
19> 3 : 1a@chinashop
20> 2 : 2@chinashop
21> 4 : 1ba@chinashop
22> 1 : 1@chinashop
23> 1 : 1@chinashop
24> 1 : 1@chinashop
#################### end of cavern log file ####################
done
calculating basic statistics ... done
processing extended elevation ... done
processing references ... done
selecting export objects ... done
writing chinashop.3d ... done
writing chinashop.lox ...
processing projection plan ... done
average distortion: 0.38%
..
therion: warning -- ChinaShopSP1@chinashop -- multiple scrap outer outlines not supported yet
. done


############### export maps & scraps selection #################
S    44.02  ChinaShopSP2@chinashop ()
S     3.10  ChinaShopSP1@chinashop ()
S    -1.20  DuneChinashopSP1@chinashop ()
########## end of export maps & scraps selection ###############
writing chinashop.pdf ...
####################### metapost log file ########################
This is MetaPost, version 2.000 (TeX Live 2017/Debian) (kpathsea version 6.2.3)  13 APR 2020 01:07
**data.mp
(/usr/share/texlive/texmf-dist/metapost/base/mpost.mp
(/usr/share/texlive/texmf-dist/metapost/base/plain.mp
Preloading the plain mem file, version 1.005) ) (./data.mp
{randomseed:=42}
 [4001] [4002] [4003] [4004] [4005] [4006] [4007] [4008] [4009] [4010] [4011] [
4012] [4013] [4014]
[Error: area borders l4-350--538 and l6-1130--672 don't intersect in scrap Dune
ChinashopSP1@chinashop (file chinashop.th2 [42])]
[Error: area borders l5-782--668 and l4-350--538 don't intersect in scrap DuneC
hinashopSP1@chinashop (file chinashop.th2 [42])]
[Error: area borders l6-1130--672 and l5-782--668 don't intersect in scrap Dune
ChinashopSP1@chinashop (file chinashop.th2 [42])] [1] [2] [3] [4] [5] [6] [7]
[8] [9] [10] [11] [12] [13] (./mptextmp.mp) [14] )
 
Here is how much of MetaPost's memory you used:
 6007 strings using 143046 characters
 3972936 bytes of node memory
 1661 symbolic tokens
 10i,81n,16p,392b,5f stack positions out of 16i,96n,20p,487b,6f
28 output files written: data.1 .. data.4014


#################### end of metapost log file ####################
converting scraps ... done
making map ... done
######################## pdftex log file #########################
This is pdfTeX, Version 3.14159265-2.6-1.40.18 (TeX Live 2017/Debian) (preloaded format=pdfetex 2019.12.12)  13 APR 2020 01:07
entering extended mode
 restricted \write18 enabled.
 %&-line parsing enabled.
**data.tex
(./data.tex (./th_enc.tex) (./th_texts.tex) (./th_resources.tex
(/usr/share/texlive/texmf-dist/tex/generic/pdftex/glyphtounicode.tex))
(./th_fontdef.tex{/var/lib/texmf/fonts/map/pdftex/updmap/pdftex.map})
(./th_formdef.tex) (./th_pagedef.tex) (./th_pages.tex)
 65 numeric registers used out of 32768
 [1] ) 
Here is how much of TeX's memory you used:
 262 strings out of 495042
 2695 string characters out of 6159509
 116648 words of memory out of 5000000
 1857 multiletter control sequences out of 15000+600000
 20080 words of font info for 63 fonts, out of 8000000 for 9000
 1141 hyphenation exceptions out of 8191
 9i,5n,8p,238b,58s stack positions out of 5000i,500n,10000p,200000b,80000s
</usr/share/texlive/texmf-dist/fonts/type1/public/amsfonts/cm/cmss10.pfb>
</usr/share/texlive/texmf-dist/fonts/type1/public/amsfonts/cm/cmssi10.pfb>
Output written on data.pdf (1 page, 81228 bytes).
PDF statistics:
 69 PDF objects out of 1000 (max. 8388607)
 38 compressed objects within 1 object stream
 0 named destinations out of 1000 (max. 500000)
 161 words of extra memory for PDF output out of 10000 (max. 10000000)


##################### end of pdftex log file #####################
done
compilation time: 1 sec


######################### loop errors ##########################
REL-ERR ABS-ERR TOTAL-L STS X-ERROR Y-ERROR Z-ERROR STATIONS
 94.32%   13.6m   14.4m   2    6.4m   11.1m   -4.5m [6@chinashop - 6a - 6]
 32.89%    8.3m   25.2m   2    4.4m    2.9m    6.4m [10@chinashop - 10bj - 10]
 31.67%    8.0m   25.3m   2    5.3m    0.9m    6.0m [10@chinashop - 10bk - 10]
 12.75%    2.3m   17.9m   2    1.3m   -0.7m   -1.8m [6@chinashop - 6ba - 6]
##################### end of loop errors #######################


###################### scrap distortions #######################
 PROJECTION: plan
 AVERAGE  MAXIMAL  SCRAP
   0.10%    9.43%  DuneChinashopSP1@chinashop
   0.73%    7.69%  ChinaShopSP2@chinashop
   0.32%    3.96%  ChinaShopSP1@chinashop
################### end of scrap distortions ###################
