therion 5.4.4+19919fc (2020-10-19)
  - using Proj 6.3.1, compiled against 6.3.1
initialization file: /home/ben/.therion/therion.ini
reading ... done
checking optional fonts csr10 csti10 csbx10 csss10 csssi10 ... OK
checking optional fonts cmcyr10 cmcti10 cmcbx10 cmcss10 cmcssi10 ... OK
configuration file: thconfig
reading ... done
reading source files ... done
preprocessing database ... done
scanning centreline tree ... done
searching for centerline loops ... done
calculating station coordinates ... done
average loop error: 0.13%
processing survey data ... 
####################### cavern log file ########################
 1> Survex 1.2.42
 2> Copyright © 1990-2018 Olly Betts
 3> Survey has no fixed points. Therefore I’ve fixed 1 at (0,0,0)
 4> 
 5> Survey contains 342 survey stations, joined by 342 legs.
 6> There is 1 loop.
 7> Total length of survey legs =    0.00m (   0.00m adjusted)
 8> Total plan length of survey legs =    0.00m
 9> Total vertical length of survey legs =    0.00m
10> Vertical range = 109.75m (from 120 at 46.44m to 319 at -63.30m)
11> North-South range = 458.21m (from 339 at 449.05m to 3 at -9.15m)
12> East-West range = 118.80m (from 98 at 97.97m to 340 at -20.84m)
13>  293 1-nodes.
14>    6 2-nodes.
15>    1 3-node.
16>    5 5-nodes.
17>   16 6-nodes.
18>    5 7-nodes.
19>    4 8-nodes.
20>    2 9-nodes.
21>    7 10-nodes.
22>    1 25-node.
23>    1 34-node.
24>    1 41-node.
25> 
######################### transcription ########################
 3> 1 : 1@af_camp_to_clearwater
 5> 342 : 53@af_camp_to_clearwater -- 342 : 53@af_camp_to_clearwater
 6> 1 : 1@af_camp_to_clearwater
10> 120 : -@af_camp_to_clearwater -- 319 : -@af_camp_to_clearwater
11> 339 : 50@af_camp_to_clearwater -- 3 : -@af_camp_to_clearwater
12> 98 : -@af_camp_to_clearwater -- 340 : 51@af_camp_to_clearwater
13> 293 : -@af_camp_to_clearwater
14> 6 : -@af_camp_to_clearwater
15> 1 : 1@af_camp_to_clearwater
16> 5 : -@af_camp_to_clearwater
17> 16 : -@af_camp_to_clearwater
18> 5 : -@af_camp_to_clearwater
19> 4 : -@af_camp_to_clearwater
20> 2 : 2@af_camp_to_clearwater
21> 7 : 3@af_camp_to_clearwater
22> 1 : 1@af_camp_to_clearwater
23> 1 : 1@af_camp_to_clearwater
24> 1 : 1@af_camp_to_clearwater
#################### end of cavern log file ####################
done
calculating basic statistics ... done
processing extended elevation ... done
processing references ... 
therion: warning -- ../../../../../layouts/mulu_layouts.thc [30] -- source layout not found -- LayoutScale20000
done
selecting export objects ... done
writing af_camp_to_clearwater.3d ... done
writing af_camp_to_clearwater.lox ...
processing projection plan ... done
 done


############### export maps & scraps selection #################
S      nan  @ ()
########## end of export maps & scraps selection ###############
writing af_camp_to_clearwater.pdf ...
####################### metapost log file ########################
This is MetaPost, version 2.00 (TeX Live 2019/Debian) (kpathsea version 6.3.1)  24 DEC 2020 18:30
**data.mp
(/usr/share/texlive/texmf-dist/metapost/base/mpost.mp
(/usr/share/texlive/texmf-dist/metapost/base/plain.mp
Preloading the plain mem file, version 1.005) ) (./data.mp
{randomseed:=42}
 [4001] [4002] [4003] [4004] [4005] [4006] [4007] [4008] [4009] [4010] [4011] [
4012] [4013] [4014]
[1] [2] (./mptextmp.mp) [3] )
 
Here is how much of MetaPost's memory you used:
 1374 strings using 32072 characters
 3245776 bytes of node memory
 1658 symbolic tokens
 8i,82n,11p,312b,4f stack positions out of 16i,98n,12p,312b,6f
17 output files written: data.1 .. data.4014


#################### end of metapost log file ####################
converting scraps ... done
making map ... done
######################## pdftex log file #########################
This is pdfTeX, Version 3.14159265-2.6-1.40.20 (TeX Live 2019/Debian) (preloaded format=pdftex 2020.10.6)  24 DEC 2020 18:30
entering extended mode
 restricted \write18 enabled.
 %&-line parsing enabled.
**data.tex
(./data.tex (./th_enc.tex) (./th_texts.tex) (./th_resources.tex
(/usr/share/texlive/texmf-dist/tex/generic/pdftex/glyphtounicode.tex))
(./th_fontdef.tex{/var/lib/texmf/fonts/map/pdftex/updmap/pdftex.map})
(./th_formdef.tex) (./th_pagedef.tex) (./th_pages.tex)
 50 numeric registers used out of 32768
 [1] ) 
Here is how much of TeX's memory you used:
 247 strings out of 495031
 2540 string characters out of 6159437
 65023 words of memory out of 5000000
 1847 multiletter control sequences out of 15000+600000
 18931 words of font info for 60 fonts, out of 8000000 for 9000
 1141 hyphenation exceptions out of 8191
 9i,5n,8p,238b,58s stack positions out of 5000i,500n,10000p,200000b,80000s
</usr/share/texlive/texmf-dist/fonts/type1/public/amsfonts/cm/cmss10.pfb>
</usr/share/texlive/texmf-dist/fonts/type1/public/amsfonts/cm/cmssi10.pfb>
Output written on data.pdf (1 page, 31981 bytes).
PDF statistics:
 36 PDF objects out of 1000 (max. 8388607)
 22 compressed objects within 1 object stream
 0 named destinations out of 1000 (max. 500000)
 61 words of extra memory for PDF output out of 10000 (max. 10000000)


##################### end of pdftex log file #####################
done
compilation time: 1 sec


######################### loop errors ##########################
REL-ERR ABS-ERR TOTAL-L STS X-ERROR Y-ERROR Z-ERROR STATIONS
  0.13%    0.0m   34.6m   2   -0.0m    0.0m    0.0m [1@af_camp_to_clearwater - 2 - 1]
##################### end of loop errors #######################
