therion 5.4.4+19919fc (2020-10-19)
  - using Proj 6.3.1, compiled against 6.3.1
initialization file: /home/ben/.therion/therion.ini
reading ... done
checking optional fonts csr10 csti10 csbx10 csss10 csssi10 ... OK
checking optional fonts cmcyr10 cmcti10 cmcbx10 cmcss10 cmcssi10 ... OK
configuration file: thconfig
reading ... done
reading source files ... done
preprocessing database ... done
scanning centreline tree ... done
searching for centerline loops ... done
calculating station coordinates ... done
average loop error: 1.10%
processing survey data ... 
####################### cavern log file ########################
 1> Survex 1.2.42
 2> Copyright © 1990-2018 Olly Betts
 3> Survey has no fixed points. Therefore I’ve fixed 1 at (0,0,0)
 4> 
 5> Survey contains 176 survey stations, joined by 184 legs.
 6> There are 9 loops.
 7> Total length of survey legs = 1433.62m (1433.09m adjusted)
 8> Total plan length of survey legs = 1321.39m
 9> Total vertical length of survey legs =  418.61m
10> Vertical range = 88.77m (from 146 at 50.20m to 160 at -38.57m)
11> North-South range = 173.27m (from 50 at 54.12m to 160 at -119.15m)
12> East-West range = 248.81m (from 146 at 159.45m to 176 at -89.36m)
13>   24 1-nodes.
14>  116 2-nodes.
15>   32 3-nodes.
16>    4 4-nodes.
17> 
######################### transcription ########################
 3> 1 : 0@eureka_matt
 5> 176 : 119@eureka_matt
 6> 9 : 8@eureka_matt
10> 146 : 9930@eureka_matt -- 160 : 108@eureka_matt
11> 50 : 4412@eureka_matt -- 160 : 108@eureka_matt
12> 146 : 9930@eureka_matt -- 176 : 119@eureka_matt
13> 24 : 23@eureka_matt
14> 116 : 7778@eureka_matt
15> 32 : 223@eureka_matt
16> 4 : 3@eureka_matt
#################### end of cavern log file ####################
done
calculating basic statistics ... done
processing extended elevation ... done
processing references ... done
selecting export objects ... done
writing eureka_matt.3d ... done
writing eureka_matt.lox ...
processing projection plan ... done
average distortion: 1.96%
..
therion: warning -- ClayHallSP1@eureka_matt -- multiple scrap outer outlines not supported yet
therion: warning -- ClayHallSP1@eureka_matt -- invalid scrap outline
........
therion: warning -- EurekaHLSP2@eureka_matt -- multiple scrap outer outlines not supported yet
.
therion: warning -- EurekaHLSP3@eureka_matt -- multiple scrap outer outlines not supported yet
... done


############### export maps & scraps selection #################
M   -28.68 eureka_sump_map@eureka_matt ()
S   -19.77  EurekaSumpSP1@eureka_matt ()
S   -37.60  EurekaSumpSP2@eureka_matt ()
M    -0.61 clay_hall_map@eureka_matt (Clay Hall)
S    -0.61  ClayHallSP1@eureka_matt ()
M    -0.55 eureka_main_map_2017@eureka_matt (Eureka 2017)
S    23.88  EurekaNorthSP1@eureka_matt ()
S     6.92  EurekaSP2@eureka_matt ()
S     0.20  EurekaSP1@eureka_matt ()
S    12.39  EurekaSP3@eureka_matt ()
S     0.67  EurekaSouthStrikeSP1@eureka_matt ()
S     9.95  EurekaSouthStrikeSP2@eureka_matt ()
S    -1.61  EurekaSouthStrikeSP3@eureka_matt ()
S   -19.77  EurekaSumpSP1@eureka_matt ()
S   -37.60  EurekaSumpSP2@eureka_matt ()
M     7.49 eureka_main_map@eureka_matt (Eureka Main Passage)
S    23.88  EurekaNorthSP1@eureka_matt ()
S     6.92  EurekaSP2@eureka_matt ()
S     0.20  EurekaSP1@eureka_matt ()
S    12.39  EurekaSP3@eureka_matt ()
S     0.67  EurekaSouthStrikeSP1@eureka_matt ()
S     9.95  EurekaSouthStrikeSP2@eureka_matt ()
S    -1.61  EurekaSouthStrikeSP3@eureka_matt ()
M    15.86 eureka_hl_map@eureka_matt (Eureka High Level Series)
S    21.07  EurekaHLSP4@eureka_matt ()
S    17.22  EurekaHLSP3@eureka_matt ()
S    16.39  EurekaHLSP2@eureka_matt ()
S     8.75  EurekaHLSP1@eureka_matt ()
########## end of export maps & scraps selection ###############
writing eureka_matt.pdf ...
####################### metapost log file ########################
This is MetaPost, version 2.00 (TeX Live 2019/Debian) (kpathsea version 6.3.1)  18 DEC 2020 14:48
**data.mp
(/usr/share/texlive/texmf-dist/metapost/base/mpost.mp
(/usr/share/texlive/texmf-dist/metapost/base/plain.mp
Preloading the plain mem file, version 1.005) ) (./data.mp
{randomseed:=42}
 [4001] [4002] [4003] [4004] [4005] [4006] [4007] [4008] [4009] [4010] [4011] [
4012] [4013] [4014]
[Error: area borders l18-1503--653 and l17-1506--614 don't intersect in scrap E
urekaSumpSP2@eureka_matt (file eureka_sump.th2 [108])] [1] [2] [3] [4] [5]
[6] [7] [8]
[Warning: scrap outline intersects itself in scrap ClayHallSP1@eureka_matt]
[9] [10] [11]
[Error: area borders l18-1503--653 and l17-1506--614 don't intersect in scrap E
urekaSumpSP2@eureka_matt (file eureka_sump.th2 [108])] [12] [13] [14] [15]
[16] [17] [18] [19]
[Warning: scrap outline intersects itself in scrap EurekaSouthStrikeSP3@eureka_
matt] [20] [21] [22] [23] [24]
[Error: area borders l52-844--1804 and l12-186--2348 don't intersect in scrap E
urekaSouthStrikeSP1@eureka_matt (file eureka_south_strike.th2 [155])]
[Error: area borders l13-248--2082 and l14-446--1918 don't intersect in scrap E
urekaSouthStrikeSP1@eureka_matt (file eureka_south_strike.th2 [155])]
[Error: area borders l11-772--2504 and l55-590--2288 don't intersect in scrap E
urekaSouthStrikeSP1@eureka_matt (file eureka_south_strike.th2 [140])] [25]
[26] [27] [28] [29] [30] [31] [32] [33] [34] [35]
[Warning: scrap outline intersects itself in scrap EurekaSP2@eureka_matt] [36]
[37]
[Error: area borders l39-1940--1006 and l5-128--438 don't intersect in scrap Eu
rekaNorthSP1@eureka_matt (file eureka_north.th2 [105])]
[Error: area borders l41-2110--410 and l40-2234--418 don't intersect in scrap E
urekaNorthSP1@eureka_matt (file eureka_north.th2 [105])]
[Error: area borders l4-130--296 and l6-138--324 don't intersect in scrap Eurek
aNorthSP1@eureka_matt (file eureka_north.th2 [105])]
[Error: area borders l5-128--438 and l4-130--296 don't intersect in scrap Eurek
aNorthSP1@eureka_matt (file eureka_north.th2 [105])] [38]
[Warning: scrap outline intersects itself in scrap EurekaNorthSP1@eureka_matt]
[39] [40] [41]
[Warning: scrap outline intersects itself in scrap EurekaSouthStrikeSP3@eureka_
matt] [42] [43] [44] [45] [46]
[Error: area borders l52-844--1804 and l12-186--2348 don't intersect in scrap E
urekaSouthStrikeSP1@eureka_matt (file eureka_south_strike.th2 [155])]
[Error: area borders l13-248--2082 and l14-446--1918 don't intersect in scrap E
urekaSouthStrikeSP1@eureka_matt (file eureka_south_strike.th2 [155])]
[Error: area borders l11-772--2504 and l55-590--2288 don't intersect in scrap E
urekaSouthStrikeSP1@eureka_matt (file eureka_south_strike.th2 [140])] [47]
[48] [49] [50] [51] [52] [53] [54] [55] [56] [57]
[Warning: scrap outline intersects itself in scrap EurekaSP2@eureka_matt] [58]
[59]
[Error: area borders l39-1940--1006 and l5-128--438 don't intersect in scrap Eu
rekaNorthSP1@eureka_matt (file eureka_north.th2 [105])]
[Error: area borders l41-2110--410 and l40-2234--418 don't intersect in scrap E
urekaNorthSP1@eureka_matt (file eureka_north.th2 [105])]
[Error: area borders l4-130--296 and l6-138--324 don't intersect in scrap Eurek
aNorthSP1@eureka_matt (file eureka_north.th2 [105])]
[Error: area borders l5-128--438 and l4-130--296 don't intersect in scrap Eurek
aNorthSP1@eureka_matt (file eureka_north.th2 [105])] [60]
[Warning: scrap outline intersects itself in scrap EurekaNorthSP1@eureka_matt]
[61] [62] [63] [64] [65] [66] [67] [68] [69] [70] [71] [72] [73] [74] [75]
(./mptextmp.mp) [76] )
 
Here is how much of MetaPost's memory you used:
 16565 strings using 379223 characters
 5768104 bytes of node memory
 1663 symbolic tokens
 11i,82n,16p,312b,5f stack positions out of 16i,98n,20p,312b,6f
90 output files written: data.1 .. data.4014


#################### end of metapost log file ####################
converting scraps ... done
making map ... done
######################## pdftex log file #########################
This is pdfTeX, Version 3.14159265-2.6-1.40.20 (TeX Live 2019/Debian) (preloaded format=pdftex 2020.10.6)  18 DEC 2020 14:49
entering extended mode
 restricted \write18 enabled.
 %&-line parsing enabled.
**data.tex
(./data.tex (./th_enc.tex) (./th_texts.tex) (./th_resources.tex
(/usr/share/texlive/texmf-dist/tex/generic/pdftex/glyphtounicode.tex))
(./th_fontdef.tex{/var/lib/texmf/fonts/map/pdftex/updmap/pdftex.map})
(./th_formdef.tex) (./th_pagedef.tex) (./th_pages.tex)
 152 numeric registers used out of 32768
 [1] ) 
Here is how much of TeX's memory you used:
 349 strings out of 495031
 3593 string characters out of 6159437
 401872 words of memory out of 5000000
 1949 multiletter control sequences out of 15000+600000
 20080 words of font info for 63 fonts, out of 8000000 for 9000
 1141 hyphenation exceptions out of 8191
 9i,5n,8p,283b,58s stack positions out of 5000i,500n,10000p,200000b,80000s
</usr/share/texlive/texmf-dist/fonts/type1/public/amsfonts/cm/cmss10.pfb>
</usr/share/texlive/texmf-dist/fonts/type1/public/amsfonts/cm/cmssi10.pfb>
Output written on data.pdf (1 page, 341522 bytes).
PDF statistics:
 265 PDF objects out of 1000 (max. 8388607)
 137 compressed objects within 2 object streams
 0 named destinations out of 1000 (max. 500000)
 751 words of extra memory for PDF output out of 10000 (max. 10000000)


##################### end of pdftex log file #####################
done
compilation time: 3 sec


######################### loop errors ##########################
REL-ERR ABS-ERR TOTAL-L STS X-ERROR Y-ERROR Z-ERROR STATIONS
  2.86%    3.1m  107.5m  12    1.0m    0.9m   -2.8m [5523@eureka_matt - 5528 - 556 - 557 - 558 - 559 - 5510 - 5511 - 5519 - 5520 - 5521 - 5522 - 5523]
  1.81%    6.6m  362.2m  40   -0.3m    4.7m   -4.6m [3@eureka_matt - 7766 - 7765 - 7764 - 7763 - 7762 - 7761 - 7770 - 7771 - 7776 - 7778 - 7752 - 7751 - 5527 - 5526 - 5525 - 5524 - 5523 - 5528 - 556 - 553 - 552 - 21 - 20 - 19 - 18 - 17 - 16 - 15 - 14 - 13 - 12 - 11 - 10 - 9 - 8 - 7 - 6 - 5 - 4 - 3]
  0.44%    0.0m    5.7m   2   -0.0m   -0.0m   -0.0m [101@eureka_matt - 102 - 101]
  0.42%    0.1m   20.5m   2   -0.0m    0.0m   -0.1m [662@eureka_matt - 663 - 662]
  0.35%    0.0m   11.4m   2    0.0m   -0.0m    0.0m [552@eureka_matt - 21 - 552]
  0.29%    0.1m   30.9m   5    0.1m   -0.0m   -0.1m [7763@eureka_matt - 7768 - 7769 - 7761 - 7762 - 7763]
  0.23%    0.7m  301.0m  19   -0.2m    0.6m   -0.0m [13@eureka_matt - 9936 - 9935 - 9934 - 9933 - 9932 - 9924 - 9917 - 9916 - 9912 - 9911 - 9910 - 993 - 992 - 8 - 9 - 10 - 11 - 12 - 13]
  0.17%    0.4m  201.7m  13    0.3m    0.0m    0.2m [9917@eureka_matt - 9918 - 9919 - 9920 - 997 - 996 - 995 - 994 - 993 - 9910 - 9911 - 9912 - 9916 - 9917]
  0.12%    0.0m   11.5m   2   -0.0m   -0.0m    0.0m [5532@eureka_matt - 5533 - 5532]
  0.12%    0.1m   86.1m  11    0.0m   -0.1m   -0.1m [7761@eureka_matt - 7770 - 7771 - 7776 - 7778 - 7752 - 7753 - 7754 - 7758 - 7759 - 7760 - 7761]
##################### end of loop errors #######################


###################### scrap distortions #######################
 PROJECTION: plan
 AVERAGE  MAXIMAL  SCRAP
   9.38%   75.30%  EurekaSouthStrikeSP2@eureka_matt
   1.81%   69.72%  EurekaSP3@eureka_matt
   4.46%   68.72%  EurekaHLSP1@eureka_matt
   6.51%   58.96%  EurekaSP2@eureka_matt
   0.75%   57.73%  EurekaHLSP3@eureka_matt
   3.57%   55.64%  EurekaSouthStrikeSP3@eureka_matt
   2.38%   45.50%  EurekaHLSP2@eureka_matt
   1.26%   37.62%  EurekaNorthSP1@eureka_matt
   0.37%    7.62%  EurekaSouthStrikeSP1@eureka_matt
   0.98%    4.17%  EurekaSumpSP1@eureka_matt
   0.37%    2.76%  EurekaSumpSP2@eureka_matt
   0.13%    1.57%  EurekaHLSP4@eureka_matt
   0.11%    1.05%  EurekaSP1@eureka_matt
   0.02%    0.68%  ClayHallSP1@eureka_matt
################### end of scrap distortions ###################
