therion 5.4.4+4cb2921 (2020-04-05)
initialization file: /home/ben/.therion/therion.ini
reading ... done
checking optional fonts csr10 csti10 csbx10 csss10 csssi10 ... OK
checking optional fonts cmcyr10 cmcti10 cmcbx10 cmcss10 cmcssi10 ... OK
configuration file: thconfig
reading ... done
reading source files ... done
preprocessing database ... done
scanning centreline tree ... done
searching for centerline loops ... done
calculating station coordinates ... done
processing survey data ... 
####################### cavern log file ########################
 1> Survex 1.2.43
 2> Copyright © 1990-2020 Olly Betts
 3> Survey has no fixed points. Therefore I’ve fixed 1 at (0,0,0)
 4> 
 5> Survey contains 23 survey stations, joined by 22 legs.
 6> There are 0 loops.
 7> Total length of survey legs =  204.50m ( 204.50m adjusted)
 8> Total plan length of survey legs =  178.85m
 9> Total vertical length of survey legs =   69.64m
10> Vertical range = 40.27m (from 9 at 3.54m to 23 at -36.73m)
11> North-South range = 104.08m (from 2 at 2.90m to 9 at -101.19m)
12> East-West range = 54.21m (from 2 at 2.90m to 21 at -51.31m)
13>    3 1-nodes.
14>   19 2-nodes.
15>    1 3-node.
16> 
######################### transcription ########################
 3> 1 : 1@snakechimney
 5> 23 : 20@snakechimney -- 22 : 19@snakechimney
10> 9 : 6b@snakechimney -- 23 : 20@snakechimney
11> 2 : 1a@snakechimney -- 9 : 6b@snakechimney
12> 2 : 1a@snakechimney -- 21 : 18@snakechimney
13> 3 : 2@snakechimney
14> 19 : 16@snakechimney
15> 1 : 1@snakechimney
#################### end of cavern log file ####################
done
calculating basic statistics ... done
processing extended elevation ... done
processing references ... done
selecting export objects ... done
writing snakechimney.3d ... done
writing snakechimney.lox ...
processing projection plan ... done
average distortion: 14.20%
..
therion: warning -- SnakeChimneySP2@snakechimney -- multiple scrap outer outlines not supported yet
 done


############### export maps & scraps selection #################
S    -4.69  SnakeChimneySP2@snakechimney ()
S   -32.54  SnakeChimneySP1@snakechimney ()
########## end of export maps & scraps selection ###############
writing snakechimney.pdf ...
####################### metapost log file ########################
This is MetaPost, version 2.000 (TeX Live 2017/Debian) (kpathsea version 6.2.3)  13 APR 2020 14:25
**data.mp
(/usr/share/texlive/texmf-dist/metapost/base/mpost.mp
(/usr/share/texlive/texmf-dist/metapost/base/plain.mp
Preloading the plain mem file, version 1.005) ) (./data.mp
{randomseed:=42}
 [4001] [4002] [4003] [4004] [4005] [4006] [4007] [4008] [4009] [4010] [4011] [
4012] [4013] [4014]
[1] [2] [3] [4] [5] (./mptextmp.mp) [6] )
 
Here is how much of MetaPost's memory you used:
 3039 strings using 71056 characters
 3203976 bytes of node memory
 1657 symbolic tokens
 8i,81n,11p,312b,4f stack positions out of 16i,96n,12p,312b,6f
20 output files written: data.1 .. data.4014


#################### end of metapost log file ####################
converting scraps ... done
making map ... done
######################## pdftex log file #########################
This is pdfTeX, Version 3.14159265-2.6-1.40.18 (TeX Live 2017/Debian) (preloaded format=pdfetex 2019.12.12)  13 APR 2020 14:25
entering extended mode
 restricted \write18 enabled.
 %&-line parsing enabled.
**data.tex
(./data.tex (./th_enc.tex) (./th_texts.tex) (./th_resources.tex
(/usr/share/texlive/texmf-dist/tex/generic/pdftex/glyphtounicode.tex))
(./th_fontdef.tex{/var/lib/texmf/fonts/map/pdftex/updmap/pdftex.map})
(./th_formdef.tex) (./th_pagedef.tex) (./th_pages.tex)
 54 numeric registers used out of 32768
 [1] ) 
Here is how much of TeX's memory you used:
 251 strings out of 495042
 2583 string characters out of 6159509
 26379 words of memory out of 5000000
 1846 multiletter control sequences out of 15000+600000
 20080 words of font info for 63 fonts, out of 8000000 for 9000
 1141 hyphenation exceptions out of 8191
 9i,5n,8p,238b,58s stack positions out of 5000i,500n,10000p,200000b,80000s
</usr/share/texlive/texmf-dist/fonts/type1/public/amsfonts/cm/cmss10.pfb>
</usr/share/texlive/texmf-dist/fonts/type1/public/amsfonts/cm/cmssi10.pfb>
Output written on data.pdf (1 page, 36998 bytes).
PDF statistics:
 46 PDF objects out of 1000 (max. 8388607)
 27 compressed objects within 1 object stream
 0 named destinations out of 1000 (max. 500000)
 91 words of extra memory for PDF output out of 10000 (max. 10000000)


##################### end of pdftex log file #####################
done
writing xtherion file ... done
compilation time: 0 sec


###################### scrap distortions #######################
 PROJECTION: plan
 AVERAGE  MAXIMAL  SCRAP
  14.41%   69.86%  SnakeChimneySP2@snakechimney
   0.00%    0.00%  SnakeChimneySP1@snakechimney
################### end of scrap distortions ###################
