therion 5.4.4+4cb2921 (2020-04-05)
initialization file: /home/ben/.therion/therion.ini
reading ... done
checking optional fonts csr10 csti10 csbx10 csss10 csssi10 ... OK
checking optional fonts cmcyr10 cmcti10 cmcbx10 cmcss10 cmcssi10 ... OK
configuration file: thconfig
reading ... done
reading source files ... done
preprocessing database ... done
scanning centreline tree ... done
searching for centerline loops ... done
calculating station coordinates ... done
processing survey data ... 
####################### cavern log file ########################
 1> Survex 1.2.43
 2> Copyright © 1990-2020 Olly Betts
 3> Survey has no fixed points. Therefore I’ve fixed 1 at (0,0,0)
 4> 
 5> Survey contains 39 survey stations, joined by 38 legs.
 6> There are 0 loops.
 7> Total length of survey legs =  922.60m ( 922.60m adjusted)
 8> Total plan length of survey legs =  893.28m
 9> Total vertical length of survey legs =  154.09m
10> Vertical range = 66.36m (from 28 at 61.18m to 2 at -5.18m)
11> North-South range = 423.06m (from 37 at 419.16m to 2 at -3.89m)
12> East-West range = 268.09m (from 28 at 268.09m to 1 at 0.00m)
13>    7 1-nodes.
14>   28 2-nodes.
15>    3 3-nodes.
16>    1 4-node.
17> 
######################### transcription ########################
 3> 1 : 801@alans_clearwater_5
 5> 39 : c101@alans_clearwater_5 -- 38 : c100@alans_clearwater_5
10> 28 : c27@alans_clearwater_5 -- 2 : c1@alans_clearwater_5
11> 37 : c36@alans_clearwater_5 -- 2 : c1@alans_clearwater_5
12> 28 : c27@alans_clearwater_5 -- 1 : 801@alans_clearwater_5
13> 7 : c6@alans_clearwater_5
14> 28 : c27@alans_clearwater_5
15> 3 : c2@alans_clearwater_5
16> 1 : 801@alans_clearwater_5
#################### end of cavern log file ####################
done
calculating basic statistics ... done
processing extended elevation ... done
processing references ... done
selecting export objects ... done
writing alans_clearwater_5.3d ... done
processing projection plan ... done
average distortion: 0.00%


############### export maps & scraps selection #################
S     8.94  alans_clearwater_5_s1@alans_clearwater_5 ()
########## end of export maps & scraps selection ###############
writing alans_clearwater_5.pdf ...
####################### metapost log file ########################
This is MetaPost, version 2.000 (TeX Live 2017/Debian) (kpathsea version 6.2.3)  11 APR 2020 18:16
**data.mp
(/usr/share/texlive/texmf-dist/metapost/base/mpost.mp
(/usr/share/texlive/texmf-dist/metapost/base/plain.mp
Preloading the plain mem file, version 1.005) ) (./data.mp
{randomseed:=42}
 [4001] [4002] [4003] [4004] [4005] [4006] [4007] [4008] [4009] [4010] [4011] [
4012] [4013] [4014]
[1]
[Warning: scrap outline intersects itself in scrap alans_clearwater_5_s1@alans_
clearwater_5] [2] [3] [4] (./mptextmp.mp) [5] [6] [7] [8] )
 
Here is how much of MetaPost's memory you used:
 3261 strings using 64043 characters
 3369800 bytes of node memory
 1882 symbolic tokens
 8i,81n,11p,312b,4f stack positions out of 16i,96n,12p,312b,6f
22 output files written: data.1 .. data.4014


#################### end of metapost log file ####################
converting scraps ... done
making map ... done
######################## pdftex log file #########################
This is pdfTeX, Version 3.14159265-2.6-1.40.18 (TeX Live 2017/Debian) (preloaded format=pdfetex 2019.12.12)  11 APR 2020 18:16
entering extended mode
 restricted \write18 enabled.
 %&-line parsing enabled.
**data.tex
(./data.tex (./th_enc.tex) (./th_texts.tex) (./th_resources.tex
(/usr/share/texlive/texmf-dist/tex/generic/pdftex/glyphtounicode.tex))
(./th_fontdef.tex{/var/lib/texmf/fonts/map/pdftex/updmap/pdftex.map})
(./th_formdef.tex) (./th_pagedef.tex (./th_legend.tex)) (./th_pages.tex)
 55 numeric registers used out of 32768

[1] ) 
Here is how much of TeX's memory you used:
 254 strings out of 495042
 2552 string characters out of 6159509
 38326 words of memory out of 5000000
 1846 multiletter control sequences out of 15000+600000
 21229 words of font info for 66 fonts, out of 8000000 for 9000
 1141 hyphenation exceptions out of 8191
 10i,5n,7p,333b,72s stack positions out of 5000i,500n,10000p,200000b,80000s
</usr/share/texlive/texmf-dist/fonts/type1/public/amsfonts/cm/cmss10.pfb><
/usr/share/texlive/texmf-dist/fonts/type1/public/amsfonts/cm/cmssi10.pfb>
Output written on data.pdf (1 page, 37680 bytes).
PDF statistics:
 45 PDF objects out of 1000 (max. 8388607)
 26 compressed objects within 1 object stream
 0 named destinations out of 1000 (max. 500000)
 87 words of extra memory for PDF output out of 10000 (max. 10000000)


##################### end of pdftex log file #####################
done
compilation time: 1 sec


###################### scrap distortions #######################
 PROJECTION: plan
 AVERAGE  MAXIMAL  SCRAP
   0.00%    0.12%  alans_clearwater_5_s1@alans_clearwater_5
################### end of scrap distortions ###################
