therion 5.4.4+4cb2921 (2020-04-05)
initialization file: /home/ben/.therion/therion.ini
reading ... done
checking optional fonts csr10 csti10 csbx10 csss10 csssi10 ... OK
checking optional fonts cmcyr10 cmcti10 cmcbx10 cmcss10 cmcssi10 ... OK
configuration file: thconfig
reading ... done
reading source files ... done
preprocessing database ... done
scanning centreline tree ... done
searching for centerline loops ... done
calculating station coordinates ... done
average loop error: 1.25%
processing survey data ... 
####################### cavern log file ########################
 1> Survex 1.2.43
 2> Copyright © 1990-2020 Olly Betts
 3> Survey has no fixed points. Therefore I’ve fixed 1 at (0,0,0)
 4> 
 5> Survey contains 82 survey stations, joined by 82 legs.
 6> There is 1 loop.
 7> Total length of survey legs = 1089.20m (1089.22m adjusted)
 8> Total plan length of survey legs =  952.31m
 9> Total vertical length of survey legs =  449.78m
10> Vertical range = 187.14m (from 1 at 0.00m to 82 at -187.14m)
11> North-South range = 235.55m (from 77 at 235.55m to 1 at 0.00m)
12> East-West range = 291.21m (from 58 at 23.57m to 52 at -267.64m)
13>    8 1-nodes.
14>   66 2-nodes.
15>    8 3-nodes.
16> 
######################### transcription ########################
 3> 1 : 100@edwins_long_cut
 5> 82 : ta36@edwins_long_cut -- 82 : ta36@edwins_long_cut
 6> 1 : 100@edwins_long_cut
10> 1 : 100@edwins_long_cut -- 82 : ta36@edwins_long_cut
11> 77 : c27@edwins_long_cut -- 1 : 100@edwins_long_cut
12> 58 : 6@edwins_long_cut -- 52 : 39@edwins_long_cut
13> 8 : 1@edwins_long_cut
14> 66 : 110@edwins_long_cut
15> 8 : 1@edwins_long_cut
#################### end of cavern log file ####################
done
calculating basic statistics ... done
processing extended elevation ... done
processing references ... done
selecting export objects ... done
writing edwins_long_cut.3d ... done
writing edwins_long_cut.lox ...
processing projection plan ... done
average distortion: 0.84%
.
therion: warning -- edwins_long_cut_s1@edwins_long_cut -- multiple scrap outer outlines not supported yet
...
therion: warning -- edwins_long_cut_s4@edwins_long_cut -- multiple scrap outer outlines not supported yet
 done


############### export maps & scraps selection #################
M  -120.53 edwins_long_cut_m@edwins_long_cut (Edwins Long Cut)
S  -108.06  edwins_long_cut_s4@edwins_long_cut ()
S  -135.80  edwins_long_cut_s1@edwins_long_cut ()
S  -130.22  edwins_long_cut_s2@edwins_long_cut ()
S  -108.06  edwins_long_cut_s3@edwins_long_cut ()
########## end of export maps & scraps selection ###############
writing edwins_long_cut.pdf ...
####################### metapost log file ########################
This is MetaPost, version 2.000 (TeX Live 2017/Debian) (kpathsea version 6.2.3)  12 APR 2020 13:24
**data.mp
(/usr/share/texlive/texmf-dist/metapost/base/mpost.mp
(/usr/share/texlive/texmf-dist/metapost/base/plain.mp
Preloading the plain mem file, version 1.005) ) (./data.mp
{randomseed:=42}
 [4001] [4002] [4003] [4004] [4005] [4006] [4007] [4008] [4009] [4010] [4011] [
4012] [4013] [4014]
[1] [2] [3] [4] [5] [6] [7] [8] [9] [10] [11] [12] [13] [14] [15] [16] [17]
(./mptextmp.mp) [18] )
 
Here is how much of MetaPost's memory you used:
 16672 strings using 424869 characters
 6276448 bytes of node memory
 1665 symbolic tokens
 11i,81n,14p,422b,5f stack positions out of 16i,96n,17p,487b,6f
32 output files written: data.1 .. data.4014


#################### end of metapost log file ####################
converting scraps ... done
making map ... done
######################## pdftex log file #########################
This is pdfTeX, Version 3.14159265-2.6-1.40.18 (TeX Live 2017/Debian) (preloaded format=pdfetex 2019.12.12)  12 APR 2020 13:24
entering extended mode
 restricted \write18 enabled.
 %&-line parsing enabled.
**data.tex
(./data.tex (./th_enc.tex) (./th_texts.tex) (./th_resources.tex
(/usr/share/texlive/texmf-dist/tex/generic/pdftex/glyphtounicode.tex))
(./th_fontdef.tex{/var/lib/texmf/fonts/map/pdftex/updmap/pdftex.map})
(./th_formdef.tex) (./th_pagedef.tex) (./th_pages.tex)
 70 numeric registers used out of 32768
 [1] ) 
Here is how much of TeX's memory you used:
 267 strings out of 495042
 2749 string characters out of 6159509
 494619 words of memory out of 5000000
 1862 multiletter control sequences out of 15000+600000
 20080 words of font info for 63 fonts, out of 8000000 for 9000
 1141 hyphenation exceptions out of 8191
 9i,5n,8p,238b,58s stack positions out of 5000i,500n,10000p,200000b,80000s
</usr/share/texlive/texmf-dist/fonts/type1/public/amsfonts/cm/cmss10.pfb>
</usr/share/texlive/texmf-dist/fonts/type1/public/amsfonts/cm/cmssi10.pfb>
Output written on data.pdf (1 page, 252349 bytes).
PDF statistics:
 77 PDF objects out of 1000 (max. 8388607)
 42 compressed objects within 1 object stream
 0 named destinations out of 1000 (max. 500000)
 185 words of extra memory for PDF output out of 10000 (max. 10000000)


##################### end of pdftex log file #####################
done
compilation time: 2 sec


######################### loop errors ##########################
REL-ERR ABS-ERR TOTAL-L STS X-ERROR Y-ERROR Z-ERROR STATIONS
  1.25%    2.1m  168.9m  10    1.1m    0.0m   -1.8m [10@edwins_long_cut - 9 - 8 - 7 - 3 - 2 - 1 - 13 - 12 - 11 - 10]
##################### end of loop errors #######################


###################### scrap distortions #######################
 PROJECTION: plan
 AVERAGE  MAXIMAL  SCRAP
   1.01%    7.56%  edwins_long_cut_s2@edwins_long_cut
   1.77%    4.35%  edwins_long_cut_s3@edwins_long_cut
   0.56%    2.42%  edwins_long_cut_s4@edwins_long_cut
   0.31%    0.75%  edwins_long_cut_s1@edwins_long_cut
################### end of scrap distortions ###################
