therion 5.4.4+4cb2921 (2020-04-05)
initialization file: /home/ben/.therion/therion.ini
reading ... done
checking optional fonts csr10 csti10 csbx10 csss10 csssi10 ... OK
checking optional fonts cmcyr10 cmcti10 cmcbx10 cmcss10 cmcssi10 ... OK
configuration file: thconfig
reading ... done
reading source files ... done
preprocessing database ... done
scanning centreline tree ... done
searching for centerline loops ... done
calculating station coordinates ... done
processing survey data ... 
####################### cavern log file ########################
 1> Survex 1.2.43
 2> Copyright © 1990-2020 Olly Betts
 3> Survey has no fixed points. Therefore I’ve fixed 1 at (0,0,0)
 4> 
 5> Survey contains 56 survey stations, joined by 55 legs.
 6> There are 0 loops.
 7> Total length of survey legs = 1021.90m (1021.90m adjusted)
 8> Total plan length of survey legs =  925.60m
 9> Total vertical length of survey legs =  384.74m
10> Vertical range = 141.27m (from 6 at 23.85m to 46 at -117.42m)
11> North-South range = 306.47m (from 33 at 191.96m to 46 at -114.51m)
12> East-West range = 392.58m (from 1 at 0.00m to 46 at -392.58m)
13>    5 1-nodes.
14>   49 2-nodes.
15>    1 3-node.
16>    1 4-node.
17> 
######################### transcription ########################
 3> 1 : 408@far_from_home
 5> 56 : 234@far_from_home -- 55 : 233@far_from_home
10> 6 : 215@far_from_home -- 46 : 220@far_from_home
11> 33 : 180@far_from_home -- 46 : 220@far_from_home
12> 1 : 408@far_from_home -- 46 : 220@far_from_home
13> 5 : 216@far_from_home
14> 49 : 227@far_from_home
15> 1 : 408@far_from_home
16> 1 : 408@far_from_home
#################### end of cavern log file ####################
done
calculating basic statistics ... done
processing extended elevation ... done
processing references ... done
selecting export objects ... done
writing far_from_home.3d ... done
writing far_from_home.lox ...
processing projection plan ... done
average distortion: 0.00%
.
therion: warning -- far_from_home_s1@far_from_home -- multiple scrap outer outlines not supported yet
 done


############### export maps & scraps selection #################
S   -58.91  far_from_home_s1@far_from_home ()
########## end of export maps & scraps selection ###############
writing far_from_home.pdf ...
####################### metapost log file ########################
This is MetaPost, version 2.000 (TeX Live 2017/Debian) (kpathsea version 6.2.3)  12 APR 2020 13:41
**data.mp
(/usr/share/texlive/texmf-dist/metapost/base/mpost.mp
(/usr/share/texlive/texmf-dist/metapost/base/plain.mp
Preloading the plain mem file, version 1.005) ) (./data.mp
{randomseed:=42}
 [4001] [4002] [4003] [4004] [4005] [4006] [4007] [4008] [4009] [4010] [4011] [
4012] [4013] [4014]
[1] [2] [3] [4] [5] (./mptextmp.mp) [6] )
 
Here is how much of MetaPost's memory you used:
 7621 strings using 202489 characters
 3220592 bytes of node memory
 1659 symbolic tokens
 10i,81n,13p,333b,5f stack positions out of 16i,96n,16p,390b,6f
20 output files written: data.1 .. data.4014


#################### end of metapost log file ####################
converting scraps ... done
making map ... done
######################## pdftex log file #########################
This is pdfTeX, Version 3.14159265-2.6-1.40.18 (TeX Live 2017/Debian) (preloaded format=pdfetex 2019.12.12)  12 APR 2020 13:41
entering extended mode
 restricted \write18 enabled.
 %&-line parsing enabled.
**data.tex
(./data.tex (./th_enc.tex) (./th_texts.tex) (./th_resources.tex
(/usr/share/texlive/texmf-dist/tex/generic/pdftex/glyphtounicode.tex))
(./th_fontdef.tex{/var/lib/texmf/fonts/map/pdftex/updmap/pdftex.map})
(./th_formdef.tex) (./th_pagedef.tex) (./th_pages.tex)
 54 numeric registers used out of 32768
 [1] ) 
Here is how much of TeX's memory you used:
 251 strings out of 495042
 2583 string characters out of 6159509
 30255 words of memory out of 5000000
 1846 multiletter control sequences out of 15000+600000
 20080 words of font info for 63 fonts, out of 8000000 for 9000
 1141 hyphenation exceptions out of 8191
 9i,5n,8p,238b,58s stack positions out of 5000i,500n,10000p,200000b,80000s
</usr/share/texlive/texmf-dist/fonts/type1/public/amsfonts/cm/cmss10.pfb>
</usr/share/texlive/texmf-dist/fonts/type1/public/amsfonts/cm/cmssi10.pfb>
Output written on data.pdf (1 page, 42728 bytes).
PDF statistics:
 44 PDF objects out of 1000 (max. 8388607)
 26 compressed objects within 1 object stream
 0 named destinations out of 1000 (max. 500000)
 85 words of extra memory for PDF output out of 10000 (max. 10000000)


##################### end of pdftex log file #####################
done
compilation time: 1 sec


###################### scrap distortions #######################
 PROJECTION: plan
 AVERAGE  MAXIMAL  SCRAP
   0.00%    0.00%  far_from_home_s1@far_from_home
################### end of scrap distortions ###################
