therion 5.4.4+4cb2921 (2020-04-05)
initialization file: /home/ben/.therion/therion.ini
reading ... done
checking optional fonts csr10 csti10 csbx10 csss10 csssi10 ... OK
checking optional fonts cmcyr10 cmcti10 cmcbx10 cmcss10 cmcssi10 ... OK
configuration file: thconfig
reading ... done
reading source files ... done
preprocessing database ... done
scanning centreline tree ... done
searching for centerline loops ... done
calculating station coordinates ... done
processing survey data ... 
####################### cavern log file ########################
 1> Survex 1.2.43
 2> Copyright © 1990-2020 Olly Betts
 3> Survey has no fixed points. Therefore I’ve fixed 1 at (0,0,0)
 4> 
 5> Survey contains 492 survey stations, joined by 491 legs.
 6> There is 1 loop.
 7> Survey has 2 connected components.
 8> Total length of survey legs = 1255.97m (1255.97m adjusted)
 9> Total plan length of survey legs = 1166.10m
10> Total vertical length of survey legs =  330.05m
11> Vertical range = 111.57m (from 81 at 28.43m to 481 at -83.14m)
12> North-South range = 276.13m (from 275 at 275.83m to 4 at -0.30m)
13> East-West range = 348.78m (from 100 at 284.23m to 448 at -64.55m)
14>  412 1-nodes.
15>    1 4-node.
16>    6 5-nodes.
17>   55 6-nodes.
18>    8 7-nodes.
19>    3 11-nodes.
20>    1 12-node.
21>    1 13-node.
22>    1 15-node.
23>    1 17-node.
24>    1 18-node.
25>    1 20-node.
26>    1 22-node.
27> 
######################### transcription ########################
 3> 1 : 287@creedence
 5> 492 : 375@creedence -- 491 : -@creedence
 6> 1 : 287@creedence
 7> 2 : -@creedence
11> 81 : -@creedence -- 481 : -@creedence
12> 275 : -@creedence -- 4 : -@creedence
13> 100 : -@creedence -- 448 : 367@creedence
14> 412 : -@creedence
15> 1 : 287@creedence
16> 6 : 288@creedence
17> 55 : -@creedence
18> 8 : -@creedence
19> 3 : -@creedence
20> 1 : 287@creedence
21> 1 : 287@creedence
22> 1 : 287@creedence
23> 1 : 287@creedence
24> 1 : 287@creedence
25> 1 : 287@creedence
26> 1 : 287@creedence
#################### end of cavern log file ####################
done
calculating basic statistics ... done
processing extended elevation ... done
processing references ... done
selecting export objects ... 
therion: warning -- thconfig [6] -- object not found -- "creedencePlan"
done
writing creedence.lox ...
processing projection plan ... done
average distortion: 0.01%
....... done
writing creedence.3d ... done


############### export maps & scraps selection #################
M   -10.72 creedencePlan@creedence (Creedence, Clearwater Cave)
S     9.94  creedence_s1@creedence ()
S     0.33  creedence_s2@creedence ()
S    -4.17  creedence_s4@creedence ()
S   -44.08  creedence_s3@creedence ()
S    -3.20  creedence_s5@creedence ()
S   -27.59  creedence_s6@creedence ()
S    -6.26  creedence_s7@creedence ()
########## end of export maps & scraps selection ###############
writing creedence.pdf ...
####################### metapost log file ########################
This is MetaPost, version 2.000 (TeX Live 2017/Debian) (kpathsea version 6.2.3)  12 APR 2020 11:58
**data.mp
(/usr/share/texlive/texmf-dist/metapost/base/mpost.mp
(/usr/share/texlive/texmf-dist/metapost/base/plain.mp
Preloading the plain mem file, version 1.005) ) (./data.mp
{randomseed:=42}
 [4001] [4002] [4003] [4004] [4005] [4006] [4007] [4008] [4009] [4010] [4011] [
4012] [4013] [4014]
[1] [2] [3] [4] [5] [6] [7] [8] [9] [10] [11] [12] [13] [14] [15] [16] [17]
[18] [19] [20] [21] [22] [23] [24] [25] (./mptextmp.mp) [26] )
 
Here is how much of MetaPost's memory you used:
 14160 strings using 327187 characters
 4272464 bytes of node memory
 1659 symbolic tokens
 11i,81n,14p,312b,5f stack positions out of 16i,96n,17p,312b,6f
40 output files written: data.1 .. data.4014


#################### end of metapost log file ####################
converting scraps ... done
making map ... done
######################## pdftex log file #########################
This is pdfTeX, Version 3.14159265-2.6-1.40.18 (TeX Live 2017/Debian) (preloaded format=pdfetex 2019.12.12)  12 APR 2020 11:58
entering extended mode
 restricted \write18 enabled.
 %&-line parsing enabled.
**data.tex
(./data.tex (./th_enc.tex) (./th_texts.tex) (./th_resources.tex
(/usr/share/texlive/texmf-dist/tex/generic/pdftex/glyphtounicode.tex))
(./th_fontdef.tex{/var/lib/texmf/fonts/map/pdftex/updmap/pdftex.map})
(./th_formdef.tex) (./th_pagedef.tex) (./th_pages.tex)
 80 numeric registers used out of 32768
 [1] ) 
Here is how much of TeX's memory you used:
 277 strings out of 495042
 2863 string characters out of 6159509
 224874 words of memory out of 5000000
 1872 multiletter control sequences out of 15000+600000
 20080 words of font info for 63 fonts, out of 8000000 for 9000
 1141 hyphenation exceptions out of 8191
 9i,5n,8p,276b,58s stack positions out of 5000i,500n,10000p,200000b,80000s
</usr/share/texlive/texmf-dist/fonts/type1/public/amsfonts/cm/cmss10.pfb>
</usr/share/texlive/texmf-dist/fonts/type1/public/amsfonts/cm/cmssi10.pfb>
Output written on data.pdf (1 page, 188530 bytes).
PDF statistics:
 104 PDF objects out of 1000 (max. 8388607)
 56 compressed objects within 1 object stream
 0 named destinations out of 1000 (max. 500000)
 265 words of extra memory for PDF output out of 10000 (max. 10000000)


##################### end of pdftex log file #####################
done
compilation time: 3 sec


###################### scrap distortions #######################
 PROJECTION: plan
 AVERAGE  MAXIMAL  SCRAP
   0.01%    0.26%  creedence_s3@creedence
   0.01%    0.22%  creedence_s1@creedence
   0.03%    0.19%  creedence_s4@creedence
   0.01%    0.17%  creedence_s2@creedence
   0.03%    0.14%  creedence_s7@creedence
   0.03%    0.11%  creedence_s5@creedence
   0.00%    0.00%  creedence_s6@creedence
################### end of scrap distortions ###################
